[03.10 03:34:27] ┇ INFO    ┇           chrisbase.data ┇ =========================================================================================================================================
[03.10 03:34:27] ┇ INFO    ┇           chrisbase.data ┇ [INIT] python /raid/chrisjihee/proj/GNER/generate.py convert_to_qe_data --num_candidates 40
[03.10 03:34:27] ┇ INFO    ┇           chrisbase.data ┇ =========================================================================================================================================
[03.10 03:34:29] ┇ INFO    ┇                     gner ┇ Converting the generated predictions into QE data for 7 dataset (1400 samples)
[03.10 03:34:29] ┇ INFO    ┇                     gner ┇  - [01/07] (train) crossner_ai         :   1%|                    |   1/190 [0:00:00<0:01:12, 2.61Hz]
[03.10 03:34:39] ┇ INFO    ┇                     gner ┇  - [01/07] (train) crossner_ai         :   2%|▍                   |   4/190 [0:00:10<0:07:48, 0.40Hz]
[03.10 03:34:48] ┇ INFO    ┇                     gner ┇  - [01/07] (train) crossner_ai         :   3%|▌                   |   5/190 [0:00:19<0:11:55, 0.26Hz]
[03.10 03:34:58] ┇ INFO    ┇                     gner ┇  - [01/07] (train) crossner_ai         :   3%|▋                   |   6/190 [0:00:28<0:14:41, 0.21Hz]
[03.10 03:35:10] ┇ INFO    ┇                     gner ┇  - [01/07] (train) crossner_ai         :   4%|▊                   |   8/190 [0:00:41<0:15:33, 0.20Hz]
[03.10 03:35:15] ┇ INFO    ┇                     gner ┇  - [01/07] (train) crossner_ai         :   6%|█▏                  |  11/190 [0:00:46<0:12:29, 0.24Hz]
[03.10 03:35:27] ┇ INFO    ┇                     gner ┇  - [01/07] (train) crossner_ai         :   7%|█▍                  |  14/190 [0:00:58<0:12:10, 0.24Hz]
[03.10 03:35:37] ┇ INFO    ┇                     gner ┇  - [01/07] (train) crossner_ai         :   8%|█▋                  |  16/190 [0:01:07<0:12:15, 0.24Hz]
[03.10 03:35:53] ┇ INFO    ┇                     gner ┇  - [01/07] (train) crossner_ai         :   9%|█▉                  |  18/190 [0:01:23<0:13:21, 0.21Hz]
[03.10 03:36:03] ┇ INFO    ┇                     gner ┇  - [01/07] (train) crossner_ai         :  11%|██▏                 |  21/190 [0:01:33<0:12:34, 0.22Hz]
[03.10 03:36:14] ┇ INFO    ┇                     gner ┇  - [01/07] (train) crossner_ai         :  12%|██▎                 |  22/190 [0:01:44<0:13:20, 0.21Hz]
[03.10 03:36:19] ┇ INFO    ┇                     gner ┇  - [01/07] (train) crossner_ai         :  13%|██▌                 |  24/190 [0:01:50<0:12:43, 0.22Hz]
[03.10 03:36:33] ┇ INFO    ┇                     gner ┇  - [01/07] (train) crossner_ai         :  14%|██▋                 |  26/190 [0:02:03<0:13:00, 0.21Hz]
[03.10 03:36:39] ┇ INFO    ┇                     gner ┇  - [01/07] (train) crossner_ai         :  15%|██▉                 |  28/190 [0:02:09<0:12:32, 0.22Hz]
[03.10 03:36:50] ┇ INFO    ┇                     gner ┇  - [01/07] (train) crossner_ai         :  16%|███▎                |  31/190 [0:02:21<0:12:04, 0.22Hz]
[03.10 03:36:58] ┇ INFO    ┇                     gner ┇  - [01/07] (train) crossner_ai         :  18%|███▌                |  34/190 [0:02:29<0:11:24, 0.23Hz]
[03.10 03:37:05] ┇ INFO    ┇                     gner ┇  - [01/07] (train) crossner_ai         :  19%|███▉                |  37/190 [0:02:35<0:10:44, 0.24Hz]
[03.10 03:37:11] ┇ INFO    ┇                     gner ┇  - [01/07] (train) crossner_ai         :  21%|████▏               |  40/190 [0:02:42<0:10:07, 0.25Hz]
[03.10 03:37:17] ┇ INFO    ┇                     gner ┇  - [01/07] (train) crossner_ai         :  23%|████▌               |  43/190 [0:02:48<0:09:36, 0.26Hz]
[03.10 03:37:24] ┇ INFO    ┇                     gner ┇  - [01/07] (train) crossner_ai         :  24%|████▊               |  46/190 [0:02:55<0:09:09, 0.26Hz]
[03.10 03:37:38] ┇ INFO    ┇                     gner ┇  - [01/07] (train) crossner_ai         :  26%|█████▏              |  49/190 [0:03:09<0:09:05, 0.26Hz]
[03.10 03:37:44] ┇ INFO    ┇                     gner ┇  - [01/07] (train) crossner_ai         :  27%|█████▎              |  51/190 [0:03:15<0:08:52, 0.26Hz]
[03.10 03:37:58] ┇ INFO    ┇                     gner ┇  - [01/07] (train) crossner_ai         :  28%|█████▌              |  53/190 [0:03:28<0:08:59, 0.25Hz]
[03.10 03:38:04] ┇ INFO    ┇                     gner ┇  - [01/07] (train) crossner_ai         :  29%|█████▊              |  55/190 [0:03:35<0:08:48, 0.26Hz]
[03.10 03:38:11] ┇ INFO    ┇                     gner ┇  - [01/07] (train) crossner_ai         :  31%|██████              |  58/190 [0:03:42<0:08:25, 0.26Hz]
[03.10 03:38:20] ┇ INFO    ┇                     gner ┇  - [01/07] (train) crossner_ai         :  31%|██████▏             |  59/190 [0:03:51<0:08:32, 0.26Hz]
[03.10 03:38:37] ┇ INFO    ┇                     gner ┇  - [01/07] (train) crossner_ai         :  32%|██████▎             |  60/190 [0:04:08<0:08:58, 0.24Hz]
[03.10 03:38:43] ┇ INFO    ┇                     gner ┇  - [01/07] (train) crossner_ai         :  32%|██████▍             |  61/190 [0:04:14<0:08:57, 0.24Hz]
[03.10 03:39:01] ┇ INFO    ┇                     gner ┇  - [01/07] (train) crossner_ai         :  34%|██████▋             |  64/190 [0:04:32<0:09:04, 0.23Hz]
[03.10 03:39:15] ┇ INFO    ┇                     gner ┇  - [01/07] (train) crossner_ai         :  35%|███████             |  67/190 [0:04:45<0:08:58, 0.23Hz]
[03.10 03:39:21] ┇ INFO    ┇                     gner ┇  - [01/07] (train) crossner_ai         :  36%|███████▏            |  68/190 [0:04:52<0:08:48, 0.23Hz]
[03.10 03:39:31] ┇ INFO    ┇                     gner ┇  - [01/07] (train) crossner_ai         :  36%|███████▎            |  69/190 [0:05:02<0:08:45, 0.23Hz]
[03.10 03:39:45] ┇ INFO    ┇                     gner ┇  - [01/07] (train) crossner_ai         :  37%|███████▎            |  70/190 [0:05:15<0:09:00, 0.22Hz]
[03.10 03:39:53] ┇ INFO    ┇                     gner ┇  - [01/07] (train) crossner_ai         :  38%|███████▌            |  72/190 [0:05:24<0:08:48, 0.22Hz]
[03.10 03:39:59] ┇ INFO    ┇                     gner ┇  - [01/07] (train) crossner_ai         :  38%|███████▋            |  73/190 [0:05:29<0:08:53, 0.22Hz]
[03.10 03:40:05] ┇ INFO    ┇                     gner ┇  - [01/07] (train) crossner_ai         :  39%|███████▊            |  74/190 [0:05:36<0:08:54, 0.22Hz]
[03.10 03:40:15] ┇ INFO    ┇                     gner ┇  - [01/07] (train) crossner_ai         :  42%|████████▎           |  79/190 [0:05:45<0:08:10, 0.23Hz]
[03.10 03:40:21] ┇ INFO    ┇                     gner ┇  - [01/07] (train) crossner_ai         :  43%|████████▌           |  81/190 [0:05:52<0:07:44, 0.23Hz]
[03.10 03:40:26] ┇ INFO    ┇                     gner ┇  - [01/07] (train) crossner_ai         :  43%|████████▋           |  82/190 [0:05:57<0:07:44, 0.23Hz]
[03.10 03:40:32] ┇ INFO    ┇                     gner ┇  - [01/07] (train) crossner_ai         :  44%|████████▋           |  83/190 [0:06:02<0:07:47, 0.23Hz]
[03.10 03:40:43] ┇ INFO    ┇                     gner ┇  - [01/07] (train) crossner_ai         :  44%|████████▊           |  84/190 [0:06:13<0:07:51, 0.22Hz]
[03.10 03:40:51] ┇ INFO    ┇                     gner ┇  - [01/07] (train) crossner_ai         :  45%|████████▉           |  85/190 [0:06:21<0:07:41, 0.23Hz]
[03.10 03:40:56] ┇ INFO    ┇                     gner ┇  - [01/07] (train) crossner_ai         :  47%|█████████▎          |  89/190 [0:06:27<0:07:02, 0.24Hz]
[03.10 03:41:05] ┇ INFO    ┇                     gner ┇  - [01/07] (train) crossner_ai         :  48%|█████████▌          |  91/190 [0:06:36<0:06:58, 0.24Hz]
[03.10 03:41:12] ┇ INFO    ┇                     gner ┇  - [01/07] (train) crossner_ai         :  49%|█████████▊          |  93/190 [0:06:43<0:06:54, 0.23Hz]
[03.10 03:41:18] ┇ INFO    ┇                     gner ┇  - [01/07] (train) crossner_ai         :  49%|█████████▉          |  94/190 [0:06:49<0:06:48, 0.23Hz]
[03.10 03:41:32] ┇ INFO    ┇                     gner ┇  - [01/07] (train) crossner_ai         :  52%|██████████▎         |  98/190 [0:07:03<0:06:36, 0.23Hz]
[03.10 03:41:39] ┇ INFO    ┇                     gner ┇  - [01/07] (train) crossner_ai         :  53%|██████████▌         | 100/190 [0:07:10<0:06:32, 0.23Hz]
[03.10 03:41:51] ┇ INFO    ┇                     gner ┇  - [01/07] (train) crossner_ai         :  54%|██████████▊         | 103/190 [0:07:21<0:06:26, 0.23Hz]
[03.10 03:41:57] ┇ INFO    ┇                     gner ┇  - [01/07] (train) crossner_ai         :  55%|███████████         | 105/190 [0:07:27<0:06:20, 0.22Hz]
[03.10 03:42:10] ┇ INFO    ┇                     gner ┇  - [01/07] (train) crossner_ai         :  56%|███████████▎        | 107/190 [0:07:40<0:06:21, 0.22Hz]
[03.10 03:42:15] ┇ INFO    ┇                     gner ┇  - [01/07] (train) crossner_ai         :  58%|███████████▌        | 110/190 [0:07:45<0:06:08, 0.22Hz]
[03.10 03:42:21] ┇ INFO    ┇                     gner ┇  - [01/07] (train) crossner_ai         :  61%|████████████        | 115/190 [0:07:51<0:05:27, 0.23Hz]
[03.10 03:42:27] ┇ INFO    ┇                     gner ┇  - [01/07] (train) crossner_ai         :  62%|████████████▍       | 118/190 [0:07:58<0:05:00, 0.24Hz]
[03.10 03:42:33] ┇ INFO    ┇                     gner ┇  - [01/07] (train) crossner_ai         :  63%|████████████▌       | 119/190 [0:08:03<0:04:58, 0.24Hz]
[03.10 03:42:38] ┇ INFO    ┇                     gner ┇  - [01/07] (train) crossner_ai         :  65%|████████████▉       | 123/190 [0:08:09<0:04:16, 0.26Hz]
[03.10 03:42:45] ┇ INFO    ┇                     gner ┇  - [01/07] (train) crossner_ai         :  66%|█████████████▎      | 126/190 [0:08:15<0:04:04, 0.26Hz]
[03.10 03:42:51] ┇ INFO    ┇                     gner ┇  - [01/07] (train) crossner_ai         :  67%|█████████████▍      | 128/190 [0:08:21<0:03:44, 0.28Hz]
[03.10 03:42:57] ┇ INFO    ┇                     gner ┇  - [01/07] (train) crossner_ai         :  69%|█████████████▊      | 131/190 [0:08:28<0:03:22, 0.29Hz]
[03.10 03:43:03] ┇ INFO    ┇                     gner ┇  - [01/07] (train) crossner_ai         :  72%|██████████████▎     | 136/190 [0:08:34<0:02:37, 0.34Hz]
[03.10 03:43:14] ┇ INFO    ┇                     gner ┇  - [01/07] (train) crossner_ai         :  73%|██████████████▋     | 139/190 [0:08:45<0:02:31, 0.34Hz]
[03.10 03:43:23] ┇ INFO    ┇                     gner ┇  - [01/07] (train) crossner_ai         :  74%|██████████████▋     | 140/190 [0:08:54<0:02:34, 0.32Hz]
[03.10 03:43:30] ┇ INFO    ┇                     gner ┇  - [01/07] (train) crossner_ai         :  75%|██████████████▉     | 142/190 [0:09:00<0:02:28, 0.32Hz]
[03.10 03:43:38] ┇ INFO    ┇                     gner ┇  - [01/07] (train) crossner_ai         :  75%|███████████████     | 143/190 [0:09:09<0:02:31, 0.31Hz]
[03.10 03:43:45] ┇ INFO    ┇                     gner ┇  - [01/07] (train) crossner_ai         :  77%|███████████████▍    | 147/190 [0:09:16<0:02:04, 0.35Hz]
[03.10 03:44:06] ┇ INFO    ┇                     gner ┇  - [01/07] (train) crossner_ai         :  78%|███████████████▌    | 148/190 [0:09:37<0:02:10, 0.32Hz]
[03.10 03:44:25] ┇ INFO    ┇                     gner ┇  - [01/07] (train) crossner_ai         :  79%|███████████████▊    | 150/190 [0:09:55<0:02:13, 0.30Hz]
[03.10 03:44:31] ┇ INFO    ┇                     gner ┇  - [01/07] (train) crossner_ai         :  81%|████████████████▏   | 154/190 [0:10:02<0:01:57, 0.31Hz]
[03.10 03:44:39] ┇ INFO    ┇                     gner ┇  - [01/07] (train) crossner_ai         :  84%|████████████████▋   | 159/190 [0:10:09<0:01:37, 0.32Hz]
[03.10 03:44:45] ┇ INFO    ┇                     gner ┇  - [01/07] (train) crossner_ai         :  86%|█████████████████▏  | 163/190 [0:10:15<0:01:19, 0.34Hz]
[03.10 03:44:52] ┇ INFO    ┇                     gner ┇  - [01/07] (train) crossner_ai         :  88%|█████████████████▋  | 168/190 [0:10:22<0:01:01, 0.36Hz]
[03.10 03:45:02] ┇ INFO    ┇                     gner ┇  - [01/07] (train) crossner_ai         :  90%|██████████████████  | 171/190 [0:10:33<0:00:51, 0.37Hz]
[03.10 03:45:08] ┇ INFO    ┇                     gner ┇  - [01/07] (train) crossner_ai         :  91%|██████████████████▏ | 173/190 [0:10:39<0:00:46, 0.36Hz]
[03.10 03:45:22] ┇ INFO    ┇                     gner ┇  - [01/07] (train) crossner_ai         :  93%|██████████████████▋ | 177/190 [0:10:52<0:00:37, 0.35Hz]
[03.10 03:45:27] ┇ INFO    ┇                     gner ┇  - [01/07] (train) crossner_ai         :  95%|██████████████████▉ | 180/190 [0:10:58<0:00:29, 0.34Hz]
[03.10 03:45:33] ┇ INFO    ┇                     gner ┇  - [01/07] (train) crossner_ai         :  96%|███████████████████▎| 183/190 [0:11:04<0:00:19, 0.35Hz]
[03.10 03:45:46] ┇ INFO    ┇                     gner ┇  - [01/07] (train) crossner_ai         :  97%|███████████████████▍| 185/190 [0:11:16<0:00:14, 0.33Hz]
[03.10 03:45:53] ┇ INFO    ┇                     gner ┇  - [01/07] (train) crossner_ai         :  99%|███████████████████▊| 188/190 [0:11:23<0:00:06, 0.33Hz]
[03.10 03:45:59] ┇ INFO    ┇                     gner ┇  - [01/07] (train) crossner_ai         : 100%|████████████████████| 190/190 [0:11:30<0:00:00, 0.33Hz]
[03.10 03:46:01] ┇ INFO    ┇                     gner ┇  - [02/07] (train) crossner_literature :   1%|                    |   1/190 [0:00:02<0:07:17, 0.43Hz]
[03.10 03:46:07] ┇ INFO    ┇                     gner ┇  - [02/07] (train) crossner_literature :   1%|▏                   |   2/190 [0:00:08<0:13:01, 0.24Hz]
[03.10 03:46:19] ┇ INFO    ┇                     gner ┇  - [02/07] (train) crossner_literature :   3%|▌                   |   5/190 [0:00:19<0:12:07, 0.25Hz]
[03.10 03:46:24] ┇ INFO    ┇                     gner ┇  - [02/07] (train) crossner_literature :   4%|▋                   |   7/190 [0:00:25<0:10:58, 0.28Hz]
[03.10 03:46:40] ┇ INFO    ┇                     gner ┇  - [02/07] (train) crossner_literature :   4%|▊                   |   8/190 [0:00:40<0:15:28, 0.20Hz]
[03.10 03:46:46] ┇ INFO    ┇                     gner ┇  - [02/07] (train) crossner_literature :   5%|▉                   |   9/190 [0:00:46<0:15:42, 0.19Hz]
[03.10 03:46:53] ┇ INFO    ┇                     gner ┇  - [02/07] (train) crossner_literature :   6%|█▏                  |  11/190 [0:00:54<0:14:40, 0.20Hz]
[03.10 03:47:07] ┇ INFO    ┇                     gner ┇  - [02/07] (train) crossner_literature :   6%|█▎                  |  12/190 [0:01:08<0:16:48, 0.18Hz]
[03.10 03:47:15] ┇ INFO    ┇                     gner ┇  - [02/07] (train) crossner_literature :   7%|█▎                  |  13/190 [0:01:16<0:17:17, 0.17Hz]
[03.10 03:47:25] ┇ INFO    ┇                     gner ┇  - [02/07] (train) crossner_literature :   9%|█▊                  |  17/190 [0:01:25<0:14:32, 0.20Hz]
[03.10 03:47:31] ┇ INFO    ┇                     gner ┇  - [02/07] (train) crossner_literature :   9%|█▉                  |  18/190 [0:01:31<0:14:38, 0.20Hz]
[03.10 03:47:44] ┇ INFO    ┇                     gner ┇  - [02/07] (train) crossner_literature :  11%|██▏                 |  21/190 [0:01:45<0:14:07, 0.20Hz]
[03.10 03:47:53] ┇ INFO    ┇                     gner ┇  - [02/07] (train) crossner_literature :  13%|██▌                 |  24/190 [0:01:54<0:13:10, 0.21Hz]
[03.10 03:48:03] ┇ INFO    ┇                     gner ┇  - [02/07] (train) crossner_literature :  13%|██▋                 |  25/190 [0:02:04<0:13:39, 0.20Hz]
[03.10 03:48:35] ┇ INFO    ┇                     gner ┇  - [02/07] (train) crossner_literature :  15%|██▉                 |  28/190 [0:02:35<0:15:01, 0.18Hz]
[03.10 03:48:40] ┇ INFO    ┇                     gner ┇  - [02/07] (train) crossner_literature :  16%|███▎                |  31/190 [0:02:41<0:13:46, 0.19Hz]
[03.10 03:48:49] ┇ INFO    ┇                     gner ┇  - [02/07] (train) crossner_literature :  18%|███▋                |  35/190 [0:02:50<0:12:33, 0.21Hz]
[03.10 03:48:55] ┇ INFO    ┇                     gner ┇  - [02/07] (train) crossner_literature :  20%|████                |  38/190 [0:02:56<0:11:45, 0.22Hz]
[03.10 03:49:04] ┇ INFO    ┇                     gner ┇  - [02/07] (train) crossner_literature :  22%|████▎               |  41/190 [0:03:05<0:11:12, 0.22Hz]
[03.10 03:49:09] ┇ INFO    ┇                     gner ┇  - [02/07] (train) crossner_literature :  23%|████▋               |  44/190 [0:03:10<0:10:31, 0.23Hz]
[03.10 03:49:17] ┇ INFO    ┇                     gner ┇  - [02/07] (train) crossner_literature :  25%|█████               |  48/190 [0:03:18<0:09:46, 0.24Hz]
[03.10 03:49:29] ┇ INFO    ┇                     gner ┇  - [02/07] (train) crossner_literature :  26%|█████▎              |  50/190 [0:03:30<0:09:48, 0.24Hz]
[03.10 03:49:38] ┇ INFO    ┇                     gner ┇  - [02/07] (train) crossner_literature :  28%|█████▋              |  54/190 [0:03:39<0:09:12, 0.25Hz]
[03.10 03:49:48] ┇ INFO    ┇                     gner ┇  - [02/07] (train) crossner_literature :  29%|█████▊              |  55/190 [0:03:48<0:09:21, 0.24Hz]
[03.10 03:49:54] ┇ INFO    ┇                     gner ┇  - [02/07] (train) crossner_literature :  29%|█████▉              |  56/190 [0:03:54<0:09:22, 0.24Hz]
[03.10 03:50:00] ┇ INFO    ┇                     gner ┇  - [02/07] (train) crossner_literature :  31%|██████▏             |  59/190 [0:04:00<0:08:54, 0.25Hz]
[03.10 03:50:08] ┇ INFO    ┇                     gner ┇  - [02/07] (train) crossner_literature :  33%|██████▌             |  62/190 [0:04:08<0:08:33, 0.25Hz]
[03.10 03:50:16] ┇ INFO    ┇                     gner ┇  - [02/07] (train) crossner_literature :  34%|██████▋             |  64/190 [0:04:17<0:08:30, 0.25Hz]
[03.10 03:50:29] ┇ INFO    ┇                     gner ┇  - [02/07] (train) crossner_literature :  35%|██████▉             |  66/190 [0:04:29<0:08:30, 0.24Hz]
[03.10 03:50:37] ┇ INFO    ┇                     gner ┇  - [02/07] (train) crossner_literature :  36%|███████▏            |  68/190 [0:04:38<0:08:20, 0.24Hz]
[03.10 03:50:43] ┇ INFO    ┇                     gner ┇  - [02/07] (train) crossner_literature :  36%|███████▎            |  69/190 [0:04:44<0:08:20, 0.24Hz]
[03.10 03:50:49] ┇ INFO    ┇                     gner ┇  - [02/07] (train) crossner_literature :  38%|███████▌            |  72/190 [0:04:49<0:07:34, 0.26Hz]
[03.10 03:50:58] ┇ INFO    ┇                     gner ┇  - [02/07] (train) crossner_literature :  39%|███████▊            |  74/190 [0:04:59<0:07:31, 0.26Hz]
[03.10 03:51:05] ┇ INFO    ┇                     gner ┇  - [02/07] (train) crossner_literature :  41%|████████            |  77/190 [0:05:06<0:06:50, 0.28Hz]
[03.10 03:51:16] ┇ INFO    ┇                     gner ┇  - [02/07] (train) crossner_literature :  42%|████████▍           |  80/190 [0:05:17<0:06:44, 0.27Hz]
[03.10 03:51:23] ┇ INFO    ┇                     gner ┇  - [02/07] (train) crossner_literature :  43%|████████▌           |  81/190 [0:05:23<0:06:41, 0.27Hz]
[03.10 03:51:29] ┇ INFO    ┇                     gner ┇  - [02/07] (train) crossner_literature :  45%|████████▉           |  85/190 [0:05:29<0:06:12, 0.28Hz]
[03.10 03:51:42] ┇ INFO    ┇                     gner ┇  - [02/07] (train) crossner_literature :  45%|█████████           |  86/190 [0:05:43<0:06:30, 0.27Hz]
[03.10 03:51:51] ┇ INFO    ┇                     gner ┇  - [02/07] (train) crossner_literature :  46%|█████████▎          |  88/190 [0:05:52<0:06:09, 0.28Hz]
[03.10 03:51:56] ┇ INFO    ┇                     gner ┇  - [02/07] (train) crossner_literature :  47%|█████████▍          |  90/190 [0:05:57<0:06:06, 0.27Hz]
[03.10 03:52:07] ┇ INFO    ┇                     gner ┇  - [02/07] (train) crossner_literature :  48%|█████████▋          |  92/190 [0:06:08<0:05:27, 0.30Hz]
[03.10 03:52:13] ┇ INFO    ┇                     gner ┇  - [02/07] (train) crossner_literature :  51%|██████████          |  96/190 [0:06:14<0:05:14, 0.30Hz]
[03.10 03:52:23] ┇ INFO    ┇                     gner ┇  - [02/07] (train) crossner_literature :  53%|██████████▌         | 100/190 [0:06:23<0:04:59, 0.30Hz]
[03.10 03:52:28] ┇ INFO    ┇                     gner ┇  - [02/07] (train) crossner_literature :  54%|██████████▋         | 102/190 [0:06:29<0:04:55, 0.30Hz]
[03.10 03:52:39] ┇ INFO    ┇                     gner ┇  - [02/07] (train) crossner_literature :  55%|███████████         | 105/190 [0:06:39<0:04:47, 0.30Hz]
[03.10 03:52:47] ┇ INFO    ┇                     gner ┇  - [02/07] (train) crossner_literature :  56%|███████████▎        | 107/190 [0:06:48<0:04:47, 0.29Hz]
[03.10 03:52:54] ┇ INFO    ┇                     gner ┇  - [02/07] (train) crossner_literature :  58%|███████████▌        | 110/190 [0:06:54<0:04:38, 0.29Hz]
[03.10 03:52:59] ┇ INFO    ┇                     gner ┇  - [02/07] (train) crossner_literature :  59%|███████████▊        | 112/190 [0:07:00<0:04:33, 0.29Hz]
[03.10 03:53:16] ┇ INFO    ┇                     gner ┇  - [02/07] (train) crossner_literature :  61%|████████████        | 115/190 [0:07:16<0:04:24, 0.28Hz]
[03.10 03:53:24] ┇ INFO    ┇                     gner ┇  - [02/07] (train) crossner_literature :  61%|████████████▏       | 116/190 [0:07:24<0:04:29, 0.27Hz]
[03.10 03:53:31] ┇ INFO    ┇                     gner ┇  - [02/07] (train) crossner_literature :  62%|████████████▎       | 117/190 [0:07:31<0:04:29, 0.27Hz]
[03.10 03:53:37] ┇ INFO    ┇                     gner ┇  - [02/07] (train) crossner_literature :  63%|████████████▌       | 119/190 [0:07:37<0:04:11, 0.28Hz]
[03.10 03:53:42] ┇ INFO    ┇                     gner ┇  - [02/07] (train) crossner_literature :  64%|████████████▋       | 121/190 [0:07:43<0:04:05, 0.28Hz]
[03.10 03:53:55] ┇ INFO    ┇                     gner ┇  - [02/07] (train) crossner_literature :  65%|████████████▉       | 123/190 [0:07:55<0:04:09, 0.27Hz]
[03.10 03:54:05] ┇ INFO    ┇                     gner ┇  - [02/07] (train) crossner_literature :  65%|█████████████       | 124/190 [0:08:06<0:04:14, 0.26Hz]
[03.10 03:54:22] ┇ INFO    ┇                     gner ┇  - [02/07] (train) crossner_literature :  66%|█████████████▏      | 125/190 [0:08:23<0:04:22, 0.25Hz]
[03.10 03:54:29] ┇ INFO    ┇                     gner ┇  - [02/07] (train) crossner_literature :  67%|█████████████▎      | 127/190 [0:08:29<0:04:12, 0.25Hz]
[03.10 03:54:53] ┇ INFO    ┇                     gner ┇  - [02/07] (train) crossner_literature :  68%|█████████████▋      | 130/190 [0:08:53<0:04:10, 0.24Hz]
[03.10 03:55:05] ┇ INFO    ┇                     gner ┇  - [02/07] (train) crossner_literature :  69%|█████████████▊      | 131/190 [0:09:06<0:04:10, 0.24Hz]
[03.10 03:55:14] ┇ INFO    ┇                     gner ┇  - [02/07] (train) crossner_literature :  70%|██████████████      | 133/190 [0:09:14<0:04:03, 0.23Hz]
[03.10 03:55:19] ┇ INFO    ┇                     gner ┇  - [02/07] (train) crossner_literature :  71%|██████████████▏     | 135/190 [0:09:20<0:03:56, 0.23Hz]
[03.10 03:55:27] ┇ INFO    ┇                     gner ┇  - [02/07] (train) crossner_literature :  72%|██████████████▍     | 137/190 [0:09:28<0:03:46, 0.23Hz]
[03.10 03:55:35] ┇ INFO    ┇                     gner ┇  - [02/07] (train) crossner_literature :  73%|██████████████▋     | 139/190 [0:09:35<0:03:42, 0.23Hz]
[03.10 03:55:45] ┇ INFO    ┇                     gner ┇  - [02/07] (train) crossner_literature :  74%|██████████████▊     | 141/190 [0:09:45<0:03:35, 0.23Hz]
[03.10 03:55:51] ┇ INFO    ┇                     gner ┇  - [02/07] (train) crossner_literature :  75%|██████████████▉     | 142/190 [0:09:51<0:03:34, 0.22Hz]
[03.10 03:55:56] ┇ INFO    ┇                     gner ┇  - [02/07] (train) crossner_literature :  75%|███████████████     | 143/190 [0:09:57<0:03:29, 0.22Hz]
[03.10 03:56:03] ┇ INFO    ┇                     gner ┇  - [02/07] (train) crossner_literature :  76%|███████████████▎    | 145/190 [0:10:03<0:03:18, 0.23Hz]
[03.10 03:56:13] ┇ INFO    ┇                     gner ┇  - [02/07] (train) crossner_literature :  77%|███████████████▎    | 146/190 [0:10:13<0:03:19, 0.22Hz]
[03.10 03:56:18] ┇ INFO    ┇                     gner ┇  - [02/07] (train) crossner_literature :  77%|███████████████▍    | 147/190 [0:10:18<0:03:18, 0.22Hz]
[03.10 03:56:24] ┇ INFO    ┇                     gner ┇  - [02/07] (train) crossner_literature :  78%|███████████████▋    | 149/190 [0:10:25<0:03:03, 0.22Hz]
[03.10 03:56:43] ┇ INFO    ┇                     gner ┇  - [02/07] (train) crossner_literature :  79%|███████████████▉    | 151/190 [0:10:43<0:03:00, 0.22Hz]
[03.10 03:56:49] ┇ INFO    ┇                     gner ┇  - [02/07] (train) crossner_literature :  80%|████████████████    | 152/190 [0:10:50<0:02:58, 0.21Hz]
[03.10 03:56:58] ┇ INFO    ┇                     gner ┇  - [02/07] (train) crossner_literature :  81%|████████████████    | 153/190 [0:10:58<0:02:56, 0.21Hz]
[03.10 03:57:03] ┇ INFO    ┇                     gner ┇  - [02/07] (train) crossner_literature :  82%|████████████████▍   | 156/190 [0:11:03<0:02:38, 0.21Hz]
[03.10 03:57:08] ┇ INFO    ┇                     gner ┇  - [02/07] (train) crossner_literature :  83%|████████████████▋   | 158/190 [0:11:09<0:02:30, 0.21Hz]
[03.10 03:57:14] ┇ INFO    ┇                     gner ┇  - [02/07] (train) crossner_literature :  85%|████████████████▉   | 161/190 [0:11:15<0:02:16, 0.21Hz]
[03.10 03:57:20] ┇ INFO    ┇                     gner ┇  - [02/07] (train) crossner_literature :  85%|█████████████████   | 162/190 [0:11:21<0:02:14, 0.21Hz]
[03.10 03:57:26] ┇ INFO    ┇                     gner ┇  - [02/07] (train) crossner_literature :  87%|█████████████████▍  | 166/190 [0:11:26<0:01:52, 0.21Hz]
[03.10 03:57:32] ┇ INFO    ┇                     gner ┇  - [02/07] (train) crossner_literature :  88%|█████████████████▌  | 167/190 [0:11:33<0:01:49, 0.21Hz]
[03.10 03:57:38] ┇ INFO    ┇                     gner ┇  - [02/07] (train) crossner_literature :  90%|██████████████████  | 171/190 [0:11:39<0:01:27, 0.22Hz]
[03.10 03:57:44] ┇ INFO    ┇                     gner ┇  - [02/07] (train) crossner_literature :  91%|██████████████████▏ | 173/190 [0:11:44<0:01:18, 0.22Hz]
[03.10 03:57:49] ┇ INFO    ┇                     gner ┇  - [02/07] (train) crossner_literature :  92%|██████████████████▍ | 175/190 [0:11:49<0:01:08, 0.22Hz]
[03.10 03:57:56] ┇ INFO    ┇                     gner ┇  - [02/07] (train) crossner_literature :  93%|██████████████████▌ | 176/190 [0:11:57<0:01:05, 0.21Hz]
[03.10 03:58:02] ┇ INFO    ┇                     gner ┇  - [02/07] (train) crossner_literature :  94%|██████████████████▋ | 178/190 [0:12:02<0:00:54, 0.22Hz]
[03.10 03:58:07] ┇ INFO    ┇                     gner ┇  - [02/07] (train) crossner_literature :  94%|██████████████████▊ | 179/190 [0:12:07<0:00:49, 0.22Hz]
[03.10 03:58:12] ┇ INFO    ┇                     gner ┇  - [02/07] (train) crossner_literature :  95%|███████████████████ | 181/190 [0:12:13<0:00:39, 0.23Hz]
[03.10 03:58:21] ┇ INFO    ┇                     gner ┇  - [02/07] (train) crossner_literature :  96%|███████████████████▎| 183/190 [0:12:22<0:00:31, 0.22Hz]
[03.10 03:58:33] ┇ INFO    ┇                     gner ┇  - [02/07] (train) crossner_literature :  97%|███████████████████▍| 185/190 [0:12:33<0:00:22, 0.22Hz]
[03.10 03:58:44] ┇ INFO    ┇                     gner ┇  - [02/07] (train) crossner_literature :  98%|███████████████████▌| 186/190 [0:12:45<0:00:18, 0.22Hz]
[03.10 03:58:51] ┇ INFO    ┇                     gner ┇  - [02/07] (train) crossner_literature :  98%|███████████████████▋| 187/190 [0:12:52<0:00:13, 0.22Hz]
[03.10 03:59:00] ┇ INFO    ┇                     gner ┇  - [02/07] (train) crossner_literature :  99%|███████████████████▉| 189/190 [0:13:00<0:00:04, 0.23Hz]
[03.10 03:59:03] ┇ INFO    ┇                     gner ┇  - [02/07] (train) crossner_literature : 100%|████████████████████| 190/190 [0:13:03<0:00:00, 0.23Hz]
[03.10 03:59:08] ┇ INFO    ┇                     gner ┇  - [03/07] (train) crossner_music      :   1%|                    |   1/190 [0:00:04<0:15:32, 0.20Hz]
[03.10 03:59:19] ┇ INFO    ┇                     gner ┇  - [03/07] (train) crossner_music      :   1%|▏                   |   2/190 [0:00:15<0:24:52, 0.13Hz]
[03.10 03:59:35] ┇ INFO    ┇                     gner ┇  - [03/07] (train) crossner_music      :   2%|▍                   |   4/190 [0:00:31<0:24:37, 0.13Hz]
[03.10 03:59:41] ┇ INFO    ┇                     gner ┇  - [03/07] (train) crossner_music      :   3%|▌                   |   5/190 [0:00:37<0:23:20, 0.13Hz]
[03.10 03:59:48] ┇ INFO    ┇                     gner ┇  - [03/07] (train) crossner_music      :   3%|▋                   |   6/190 [0:00:45<0:23:00, 0.13Hz]
[03.10 03:59:53] ┇ INFO    ┇                     gner ┇  - [03/07] (train) crossner_music      :   4%|▋                   |   7/190 [0:00:50<0:21:50, 0.14Hz]
[03.10 04:00:03] ┇ INFO    ┇                     gner ┇  - [03/07] (train) crossner_music      :   4%|▊                   |   8/190 [0:00:59<0:22:39, 0.13Hz]
[03.10 04:00:09] ┇ INFO    ┇                     gner ┇  - [03/07] (train) crossner_music      :   5%|▉                   |   9/190 [0:01:06<0:22:12, 0.14Hz]
[03.10 04:00:18] ┇ INFO    ┇                     gner ┇  - [03/07] (train) crossner_music      :   5%|█                   |  10/190 [0:01:15<0:22:33, 0.13Hz]
[03.10 04:00:26] ┇ INFO    ┇                     gner ┇  - [03/07] (train) crossner_music      :   6%|█▏                  |  11/190 [0:01:23<0:22:31, 0.13Hz]
[03.10 04:00:32] ┇ INFO    ┇                     gner ┇  - [03/07] (train) crossner_music      :   6%|█▎                  |  12/190 [0:01:29<0:22:01, 0.13Hz]
[03.10 04:00:40] ┇ INFO    ┇                     gner ┇  - [03/07] (train) crossner_music      :   7%|█▎                  |  13/190 [0:01:37<0:22:05, 0.13Hz]
[03.10 04:00:52] ┇ INFO    ┇                     gner ┇  - [03/07] (train) crossner_music      :   8%|█▌                  |  15/190 [0:01:48<0:21:10, 0.14Hz]
[03.10 04:00:59] ┇ INFO    ┇                     gner ┇  - [03/07] (train) crossner_music      :   8%|█▋                  |  16/190 [0:01:56<0:21:06, 0.14Hz]
[03.10 04:01:06] ┇ INFO    ┇                     gner ┇  - [03/07] (train) crossner_music      :   9%|█▊                  |  17/190 [0:02:03<0:20:57, 0.14Hz]
[03.10 04:01:20] ┇ INFO    ┇                     gner ┇  - [03/07] (train) crossner_music      :   9%|█▉                  |  18/190 [0:02:16<0:21:48, 0.13Hz]
[03.10 04:01:37] ┇ INFO    ┇                     gner ┇  - [03/07] (train) crossner_music      :  10%|██                  |  19/190 [0:02:33<0:23:04, 0.12Hz]
[03.10 04:01:45] ┇ INFO    ┇                     gner ┇  - [03/07] (train) crossner_music      :  11%|██                  |  20/190 [0:02:42<0:22:58, 0.12Hz]
[03.10 04:01:50] ┇ INFO    ┇                     gner ┇  - [03/07] (train) crossner_music      :  11%|██▏                 |  21/190 [0:02:47<0:22:25, 0.13Hz]
[03.10 04:02:00] ┇ INFO    ┇                     gner ┇  - [03/07] (train) crossner_music      :  12%|██▎                 |  22/190 [0:02:56<0:22:30, 0.12Hz]
[03.10 04:02:12] ┇ INFO    ┇                     gner ┇  - [03/07] (train) crossner_music      :  12%|██▍                 |  23/190 [0:03:09<0:22:56, 0.12Hz]
[03.10 04:02:23] ┇ INFO    ┇                     gner ┇  - [03/07] (train) crossner_music      :  13%|██▋                 |  25/190 [0:03:20<0:22:02, 0.12Hz]
[03.10 04:02:29] ┇ INFO    ┇                     gner ┇  - [03/07] (train) crossner_music      :  14%|██▋                 |  26/190 [0:03:26<0:21:40, 0.13Hz]
[03.10 04:02:39] ┇ INFO    ┇                     gner ┇  - [03/07] (train) crossner_music      :  15%|██▉                 |  28/190 [0:03:36<0:20:50, 0.13Hz]
[03.10 04:02:46] ┇ INFO    ┇                     gner ┇  - [03/07] (train) crossner_music      :  16%|███▏                |  30/190 [0:03:42<0:19:48, 0.13Hz]
[03.10 04:02:58] ┇ INFO    ┇                     gner ┇  - [03/07] (train) crossner_music      :  16%|███▎                |  31/190 [0:03:54<0:20:04, 0.13Hz]
[03.10 04:03:03] ┇ INFO    ┇                     gner ┇  - [03/07] (train) crossner_music      :  17%|███▍                |  33/190 [0:04:00<0:19:03, 0.14Hz]
[03.10 04:03:14] ┇ INFO    ┇                     gner ┇  - [03/07] (train) crossner_music      :  18%|███▋                |  35/190 [0:04:11<0:18:32, 0.14Hz]
[03.10 04:03:37] ┇ INFO    ┇                     gner ┇  - [03/07] (train) crossner_music      :  19%|███▉                |  37/190 [0:04:33<0:18:52, 0.14Hz]
[03.10 04:03:50] ┇ INFO    ┇                     gner ┇  - [03/07] (train) crossner_music      :  20%|████                |  38/190 [0:04:47<0:19:09, 0.13Hz]
[03.10 04:04:02] ┇ INFO    ┇                     gner ┇  - [03/07] (train) crossner_music      :  21%|████                |  39/190 [0:04:58<0:19:17, 0.13Hz]
[03.10 04:04:16] ┇ INFO    ┇                     gner ┇  - [03/07] (train) crossner_music      :  22%|████▍               |  42/190 [0:05:13<0:18:24, 0.13Hz]
[03.10 04:04:22] ┇ INFO    ┇                     gner ┇  - [03/07] (train) crossner_music      :  23%|████▋               |  44/190 [0:05:19<0:17:40, 0.14Hz]
[03.10 04:04:31] ┇ INFO    ┇                     gner ┇  - [03/07] (train) crossner_music      :  24%|████▊               |  46/190 [0:05:28<0:17:08, 0.14Hz]
[03.10 04:04:54] ┇ INFO    ┇                     gner ┇  - [03/07] (train) crossner_music      :  25%|█████               |  48/190 [0:05:50<0:17:17, 0.14Hz]
[03.10 04:05:00] ┇ INFO    ┇                     gner ┇  - [03/07] (train) crossner_music      :  26%|█████▎              |  50/190 [0:05:57<0:16:41, 0.14Hz]
[03.10 04:05:07] ┇ INFO    ┇                     gner ┇  - [03/07] (train) crossner_music      :  27%|█████▍              |  52/190 [0:06:04<0:16:07, 0.14Hz]
[03.10 04:05:14] ┇ INFO    ┇                     gner ┇  - [03/07] (train) crossner_music      :  28%|█████▋              |  54/190 [0:06:11<0:15:35, 0.15Hz]
[03.10 04:05:23] ┇ INFO    ┇                     gner ┇  - [03/07] (train) crossner_music      :  29%|█████▉              |  56/190 [0:06:20<0:15:10, 0.15Hz]
[03.10 04:05:31] ┇ INFO    ┇                     gner ┇  - [03/07] (train) crossner_music      :  30%|██████              |  57/190 [0:06:28<0:15:05, 0.15Hz]
[03.10 04:05:42] ┇ INFO    ┇                     gner ┇  - [03/07] (train) crossner_music      :  31%|██████              |  58/190 [0:06:39<0:15:08, 0.15Hz]
[03.10 04:05:49] ┇ INFO    ┇                     gner ┇  - [03/07] (train) crossner_music      :  31%|██████▏             |  59/190 [0:06:46<0:15:01, 0.15Hz]
[03.10 04:06:01] ┇ INFO    ┇                     gner ┇  - [03/07] (train) crossner_music      :  32%|██████▎             |  60/190 [0:06:58<0:15:06, 0.14Hz]
[03.10 04:06:06] ┇ INFO    ┇                     gner ┇  - [03/07] (train) crossner_music      :  32%|██████▍             |  61/190 [0:07:03<0:14:55, 0.14Hz]
[03.10 04:06:13] ┇ INFO    ┇                     gner ┇  - [03/07] (train) crossner_music      :  33%|██████▌             |  62/190 [0:07:10<0:14:48, 0.14Hz]
[03.10 04:06:18] ┇ INFO    ┇                     gner ┇  - [03/07] (train) crossner_music      :  33%|██████▋             |  63/190 [0:07:15<0:14:37, 0.14Hz]
[03.10 04:06:35] ┇ INFO    ┇                     gner ┇  - [03/07] (train) crossner_music      :  34%|██████▊             |  65/190 [0:07:31<0:14:25, 0.14Hz]
[03.10 04:06:42] ┇ INFO    ┇                     gner ┇  - [03/07] (train) crossner_music      :  35%|██████▉             |  66/190 [0:07:38<0:14:23, 0.14Hz]
[03.10 04:06:54] ┇ INFO    ┇                     gner ┇  - [03/07] (train) crossner_music      :  36%|███████▏            |  68/190 [0:07:51<0:14:00, 0.15Hz]
[03.10 04:07:07] ┇ INFO    ┇                     gner ┇  - [03/07] (train) crossner_music      :  37%|███████▎            |  70/190 [0:08:03<0:13:46, 0.15Hz]
[03.10 04:07:20] ┇ INFO    ┇                     gner ┇  - [03/07] (train) crossner_music      :  38%|███████▌            |  72/190 [0:08:16<0:13:26, 0.15Hz]
[03.10 04:07:28] ┇ INFO    ┇                     gner ┇  - [03/07] (train) crossner_music      :  39%|███████▊            |  74/190 [0:08:24<0:12:56, 0.15Hz]
[03.10 04:07:33] ┇ INFO    ┇                     gner ┇  - [03/07] (train) crossner_music      :  40%|████████            |  76/190 [0:08:29<0:12:26, 0.15Hz]
[03.10 04:07:45] ┇ INFO    ┇                     gner ┇  - [03/07] (train) crossner_music      :  41%|████████▏           |  78/190 [0:08:42<0:12:15, 0.15Hz]
[03.10 04:07:51] ┇ INFO    ┇                     gner ┇  - [03/07] (train) crossner_music      :  42%|████████▎           |  79/190 [0:08:48<0:12:05, 0.15Hz]
[03.10 04:08:05] ┇ INFO    ┇                     gner ┇  - [03/07] (train) crossner_music      :  42%|████████▍           |  80/190 [0:09:02<0:12:10, 0.15Hz]
[03.10 04:08:13] ┇ INFO    ┇                     gner ┇  - [03/07] (train) crossner_music      :  43%|████████▌           |  81/190 [0:09:10<0:11:55, 0.15Hz]
[03.10 04:08:27] ┇ INFO    ┇                     gner ┇  - [03/07] (train) crossner_music      :  44%|████████▊           |  84/190 [0:09:24<0:11:08, 0.16Hz]
[03.10 04:08:33] ┇ INFO    ┇                     gner ┇  - [03/07] (train) crossner_music      :  45%|████████▉           |  85/190 [0:09:30<0:10:56, 0.16Hz]
[03.10 04:08:40] ┇ INFO    ┇                     gner ┇  - [03/07] (train) crossner_music      :  45%|█████████           |  86/190 [0:09:36<0:10:39, 0.16Hz]
[03.10 04:08:46] ┇ INFO    ┇                     gner ┇  - [03/07] (train) crossner_music      :  46%|█████████▏          |  87/190 [0:09:43<0:10:42, 0.16Hz]
[03.10 04:08:54] ┇ INFO    ┇                     gner ┇  - [03/07] (train) crossner_music      :  46%|█████████▎          |  88/190 [0:09:50<0:10:32, 0.16Hz]
[03.10 04:09:14] ┇ INFO    ┇                     gner ┇  - [03/07] (train) crossner_music      :  48%|█████████▌          |  91/190 [0:10:10<0:10:20, 0.16Hz]
[03.10 04:09:19] ┇ INFO    ┇                     gner ┇  - [03/07] (train) crossner_music      :  48%|█████████▋          |  92/190 [0:10:16<0:10:15, 0.16Hz]
[03.10 04:09:31] ┇ INFO    ┇                     gner ┇  - [03/07] (train) crossner_music      :  49%|█████████▉          |  94/190 [0:10:28<0:09:59, 0.16Hz]
[03.10 04:09:37] ┇ INFO    ┇                     gner ┇  - [03/07] (train) crossner_music      :  50%|██████████          |  95/190 [0:10:34<0:09:57, 0.16Hz]
[03.10 04:09:59] ┇ INFO    ┇                     gner ┇  - [03/07] (train) crossner_music      :  51%|██████████          |  96/190 [0:10:55<0:10:19, 0.15Hz]
[03.10 04:10:10] ┇ INFO    ┇                     gner ┇  - [03/07] (train) crossner_music      :  52%|██████████▎         |  98/190 [0:11:07<0:10:07, 0.15Hz]
[03.10 04:10:15] ┇ INFO    ┇                     gner ┇  - [03/07] (train) crossner_music      :  53%|██████████▌         | 100/190 [0:11:12<0:09:28, 0.16Hz]
[03.10 04:10:24] ┇ INFO    ┇                     gner ┇  - [03/07] (train) crossner_music      :  54%|██████████▋         | 102/190 [0:11:21<0:08:54, 0.16Hz]
[03.10 04:10:35] ┇ INFO    ┇                     gner ┇  - [03/07] (train) crossner_music      :  54%|██████████▊         | 103/190 [0:11:32<0:08:57, 0.16Hz]
[03.10 04:10:47] ┇ INFO    ┇                     gner ┇  - [03/07] (train) crossner_music      :  55%|██████████▉         | 104/190 [0:11:44<0:09:07, 0.16Hz]
[03.10 04:10:53] ┇ INFO    ┇                     gner ┇  - [03/07] (train) crossner_music      :  56%|███████████▎        | 107/190 [0:11:50<0:08:34, 0.16Hz]
[03.10 04:11:01] ┇ INFO    ┇                     gner ┇  - [03/07] (train) crossner_music      :  57%|███████████▍        | 109/190 [0:11:58<0:08:21, 0.16Hz]
[03.10 04:11:07] ┇ INFO    ┇                     gner ┇  - [03/07] (train) crossner_music      :  58%|███████████▌        | 110/190 [0:12:04<0:08:18, 0.16Hz]
[03.10 04:11:18] ┇ INFO    ┇                     gner ┇  - [03/07] (train) crossner_music      :  59%|███████████▉        | 113/190 [0:12:15<0:07:41, 0.17Hz]
[03.10 04:11:24] ┇ INFO    ┇                     gner ┇  - [03/07] (train) crossner_music      :  60%|████████████        | 114/190 [0:12:20<0:07:36, 0.17Hz]
[03.10 04:11:29] ┇ INFO    ┇                     gner ┇  - [03/07] (train) crossner_music      :  61%|████████████▏       | 116/190 [0:12:26<0:07:23, 0.17Hz]
[03.10 04:11:35] ┇ INFO    ┇                     gner ┇  - [03/07] (train) crossner_music      :  62%|████████████▎       | 117/190 [0:12:31<0:07:21, 0.17Hz]
[03.10 04:11:41] ┇ INFO    ┇                     gner ┇  - [03/07] (train) crossner_music      :  62%|████████████▍       | 118/190 [0:12:38<0:07:21, 0.16Hz]
[03.10 04:11:52] ┇ INFO    ┇                     gner ┇  - [03/07] (train) crossner_music      :  63%|████████████▋       | 120/190 [0:12:48<0:07:03, 0.17Hz]
[03.10 04:12:00] ┇ INFO    ┇                     gner ┇  - [03/07] (train) crossner_music      :  64%|████████████▊       | 122/190 [0:12:57<0:06:40, 0.17Hz]
[03.10 04:12:10] ┇ INFO    ┇                     gner ┇  - [03/07] (train) crossner_music      :  65%|█████████████       | 124/190 [0:13:06<0:06:20, 0.17Hz]
[03.10 04:12:20] ┇ INFO    ┇                     gner ┇  - [03/07] (train) crossner_music      :  67%|█████████████▎      | 127/190 [0:13:17<0:06:00, 0.17Hz]
[03.10 04:12:31] ┇ INFO    ┇                     gner ┇  - [03/07] (train) crossner_music      :  68%|█████████████▌      | 129/190 [0:13:28<0:05:38, 0.18Hz]
[03.10 04:12:41] ┇ INFO    ┇                     gner ┇  - [03/07] (train) crossner_music      :  68%|█████████████▋      | 130/190 [0:13:38<0:05:39, 0.18Hz]
[03.10 04:12:57] ┇ INFO    ┇                     gner ┇  - [03/07] (train) crossner_music      :  69%|█████████████▉      | 132/190 [0:13:54<0:05:32, 0.17Hz]
[03.10 04:13:08] ┇ INFO    ┇                     gner ┇  - [03/07] (train) crossner_music      :  71%|██████████████      | 134/190 [0:14:04<0:05:18, 0.18Hz]
[03.10 04:13:13] ┇ INFO    ┇                     gner ┇  - [03/07] (train) crossner_music      :  71%|██████████████▏     | 135/190 [0:14:10<0:05:08, 0.18Hz]
[03.10 04:13:23] ┇ INFO    ┇                     gner ┇  - [03/07] (train) crossner_music      :  72%|██████████████▍     | 137/190 [0:14:20<0:04:59, 0.18Hz]
[03.10 04:13:30] ┇ INFO    ┇                     gner ┇  - [03/07] (train) crossner_music      :  73%|██████████████▌     | 138/190 [0:14:27<0:04:59, 0.17Hz]
[03.10 04:13:42] ┇ INFO    ┇                     gner ┇  - [03/07] (train) crossner_music      :  73%|██████████████▋     | 139/190 [0:14:39<0:04:58, 0.17Hz]
[03.10 04:14:00] ┇ INFO    ┇                     gner ┇  - [03/07] (train) crossner_music      :  74%|██████████████▋     | 140/190 [0:14:57<0:05:03, 0.16Hz]
[03.10 04:14:09] ┇ INFO    ┇                     gner ┇  - [03/07] (train) crossner_music      :  74%|██████████████▊     | 141/190 [0:15:05<0:04:57, 0.16Hz]
[03.10 04:14:16] ┇ INFO    ┇                     gner ┇  - [03/07] (train) crossner_music      :  75%|██████████████▉     | 142/190 [0:15:13<0:04:53, 0.16Hz]
[03.10 04:14:23] ┇ INFO    ┇                     gner ┇  - [03/07] (train) crossner_music      :  75%|███████████████     | 143/190 [0:15:20<0:04:42, 0.17Hz]
[03.10 04:14:29] ┇ INFO    ┇                     gner ┇  - [03/07] (train) crossner_music      :  76%|███████████████▏    | 144/190 [0:15:25<0:04:34, 0.17Hz]
[03.10 04:14:35] ┇ INFO    ┇                     gner ┇  - [03/07] (train) crossner_music      :  77%|███████████████▎    | 146/190 [0:15:32<0:04:23, 0.17Hz]
[03.10 04:14:44] ┇ INFO    ┇                     gner ┇  - [03/07] (train) crossner_music      :  78%|███████████████▌    | 148/190 [0:15:41<0:04:07, 0.17Hz]
[03.10 04:14:51] ┇ INFO    ┇                     gner ┇  - [03/07] (train) crossner_music      :  78%|███████████████▋    | 149/190 [0:15:48<0:04:01, 0.17Hz]
[03.10 04:15:00] ┇ INFO    ┇                     gner ┇  - [03/07] (train) crossner_music      :  79%|███████████████▊    | 150/190 [0:15:57<0:03:57, 0.17Hz]
[03.10 04:15:06] ┇ INFO    ┇                     gner ┇  - [03/07] (train) crossner_music      :  79%|███████████████▉    | 151/190 [0:16:03<0:03:50, 0.17Hz]
[03.10 04:15:12] ┇ INFO    ┇                     gner ┇  - [03/07] (train) crossner_music      :  81%|████████████████    | 153/190 [0:16:08<0:03:39, 0.17Hz]
[03.10 04:15:19] ┇ INFO    ┇                     gner ┇  - [03/07] (train) crossner_music      :  82%|████████████████▎   | 155/190 [0:16:16<0:03:19, 0.18Hz]
[03.10 04:15:25] ┇ INFO    ┇                     gner ┇  - [03/07] (train) crossner_music      :  83%|████████████████▌   | 157/190 [0:16:21<0:03:05, 0.18Hz]
[03.10 04:15:35] ┇ INFO    ┇                     gner ┇  - [03/07] (train) crossner_music      :  83%|████████████████▋   | 158/190 [0:16:31<0:03:01, 0.18Hz]
[03.10 04:15:40] ┇ INFO    ┇                     gner ┇  - [03/07] (train) crossner_music      :  84%|████████████████▋   | 159/190 [0:16:37<0:02:48, 0.18Hz]
[03.10 04:15:47] ┇ INFO    ┇                     gner ┇  - [03/07] (train) crossner_music      :  85%|████████████████▉   | 161/190 [0:16:43<0:02:34, 0.19Hz]
[03.10 04:15:52] ┇ INFO    ┇                     gner ┇  - [03/07] (train) crossner_music      :  86%|█████████████████▏  | 163/190 [0:16:48<0:02:24, 0.19Hz]
[03.10 04:15:58] ┇ INFO    ┇                     gner ┇  - [03/07] (train) crossner_music      :  86%|█████████████████▎  | 164/190 [0:16:55<0:02:19, 0.19Hz]
[03.10 04:16:12] ┇ INFO    ┇                     gner ┇  - [03/07] (train) crossner_music      :  87%|█████████████████▍  | 166/190 [0:17:09<0:02:08, 0.19Hz]
[03.10 04:16:19] ┇ INFO    ┇                     gner ┇  - [03/07] (train) crossner_music      :  88%|█████████████████▋  | 168/190 [0:17:16<0:01:55, 0.19Hz]
[03.10 04:16:31] ┇ INFO    ┇                     gner ┇  - [03/07] (train) crossner_music      :  89%|█████████████████▊  | 169/190 [0:17:28<0:01:53, 0.18Hz]
[03.10 04:16:42] ┇ INFO    ┇                     gner ┇  - [03/07] (train) crossner_music      :  89%|█████████████████▉  | 170/190 [0:17:38<0:01:50, 0.18Hz]
[03.10 04:16:54] ┇ INFO    ┇                     gner ┇  - [03/07] (train) crossner_music      :  91%|██████████████████  | 172/190 [0:17:51<0:01:40, 0.18Hz]
[03.10 04:17:00] ┇ INFO    ┇                     gner ┇  - [03/07] (train) crossner_music      :  92%|██████████████████▍ | 175/190 [0:17:57<0:01:23, 0.18Hz]
[03.10 04:17:09] ┇ INFO    ┇                     gner ┇  - [03/07] (train) crossner_music      :  93%|██████████████████▋ | 177/190 [0:18:06<0:01:11, 0.18Hz]
[03.10 04:17:19] ┇ INFO    ┇                     gner ┇  - [03/07] (train) crossner_music      :  94%|██████████████████▋ | 178/190 [0:18:16<0:01:07, 0.18Hz]
[03.10 04:17:24] ┇ INFO    ┇                     gner ┇  - [03/07] (train) crossner_music      :  94%|██████████████████▊ | 179/190 [0:18:21<0:01:01, 0.18Hz]
[03.10 04:17:30] ┇ INFO    ┇                     gner ┇  - [03/07] (train) crossner_music      :  95%|███████████████████ | 181/190 [0:18:27<0:00:49, 0.18Hz]
[03.10 04:17:38] ┇ INFO    ┇                     gner ┇  - [03/07] (train) crossner_music      :  96%|███████████████████▎| 183/190 [0:18:34<0:00:38, 0.18Hz]
[03.10 04:17:45] ┇ INFO    ┇                     gner ┇  - [03/07] (train) crossner_music      :  97%|███████████████████▍| 185/190 [0:18:42<0:00:27, 0.18Hz]
[03.10 04:17:51] ┇ INFO    ┇                     gner ┇  - [03/07] (train) crossner_music      :  99%|███████████████████▊| 188/190 [0:18:47<0:00:10, 0.19Hz]
[03.10 04:17:56] ┇ INFO    ┇                     gner ┇  - [03/07] (train) crossner_music      : 100%|████████████████████| 190/190 [0:18:53<0:00:00, 0.19Hz]
[03.10 04:17:59] ┇ INFO    ┇                     gner ┇  - [04/07] (train) crossner_politics   :   1%|                    |   1/190 [0:00:02<0:07:41, 0.41Hz]
[03.10 04:18:15] ┇ INFO    ┇                     gner ┇  - [04/07] (train) crossner_politics   :   1%|▏                   |   2/190 [0:00:18<0:28:45, 0.11Hz]
[03.10 04:18:25] ┇ INFO    ┇                     gner ┇  - [04/07] (train) crossner_politics   :   2%|▎                   |   3/190 [0:00:28<0:29:57, 0.10Hz]
[03.10 04:19:07] ┇ INFO    ┇                     gner ┇  - [04/07] (train) crossner_politics   :   2%|▍                   |   4/190 [0:01:10<0:54:59, 0.06Hz]
[03.10 04:19:25] ┇ INFO    ┇                     gner ┇  - [04/07] (train) crossner_politics   :   3%|▋                   |   6/190 [0:01:29<0:45:33, 0.07Hz]
[03.10 04:19:40] ┇ INFO    ┇                     gner ┇  - [04/07] (train) crossner_politics   :   4%|▋                   |   7/190 [0:01:43<0:44:58, 0.07Hz]
[03.10 04:19:49] ┇ INFO    ┇                     gner ┇  - [04/07] (train) crossner_politics   :   4%|▊                   |   8/190 [0:01:52<0:42:41, 0.07Hz]
[03.10 04:19:55] ┇ INFO    ┇                     gner ┇  - [04/07] (train) crossner_politics   :   5%|▉                   |   9/190 [0:01:58<0:39:44, 0.08Hz]
[03.10 04:20:01] ┇ INFO    ┇                     gner ┇  - [04/07] (train) crossner_politics   :   5%|█                   |  10/190 [0:02:04<0:37:26, 0.08Hz]
[03.10 04:20:13] ┇ INFO    ┇                     gner ┇  - [04/07] (train) crossner_politics   :   6%|█▎                  |  12/190 [0:02:16<0:33:42, 0.09Hz]
[03.10 04:20:24] ┇ INFO    ┇                     gner ┇  - [04/07] (train) crossner_politics   :   7%|█▎                  |  13/190 [0:02:27<0:33:24, 0.09Hz]
[03.10 04:20:33] ┇ INFO    ┇                     gner ┇  - [04/07] (train) crossner_politics   :   7%|█▍                  |  14/190 [0:02:36<0:32:49, 0.09Hz]
[03.10 04:20:38] ┇ INFO    ┇                     gner ┇  - [04/07] (train) crossner_politics   :   8%|█▌                  |  15/190 [0:02:41<0:31:28, 0.09Hz]
[03.10 04:20:52] ┇ INFO    ┇                     gner ┇  - [04/07] (train) crossner_politics   :   9%|█▉                  |  18/190 [0:02:55<0:28:00, 0.10Hz]
[03.10 04:21:00] ┇ INFO    ┇                     gner ┇  - [04/07] (train) crossner_politics   :  10%|██                  |  19/190 [0:03:04<0:27:36, 0.10Hz]
[03.10 04:21:18] ┇ INFO    ┇                     gner ┇  - [04/07] (train) crossner_politics   :  11%|██                  |  20/190 [0:03:21<0:28:31, 0.10Hz]
[03.10 04:21:31] ┇ INFO    ┇                     gner ┇  - [04/07] (train) crossner_politics   :  11%|██▏                 |  21/190 [0:03:34<0:28:49, 0.10Hz]
[03.10 04:21:46] ┇ INFO    ┇                     gner ┇  - [04/07] (train) crossner_politics   :  12%|██▎                 |  22/190 [0:03:49<0:29:16, 0.10Hz]
[03.10 04:21:55] ┇ INFO    ┇                     gner ┇  - [04/07] (train) crossner_politics   :  12%|██▍                 |  23/190 [0:03:58<0:28:51, 0.10Hz]
[03.10 04:22:06] ┇ INFO    ┇                     gner ┇  - [04/07] (train) crossner_politics   :  13%|██▋                 |  25/190 [0:04:10<0:27:31, 0.10Hz]
[03.10 04:22:12] ┇ INFO    ┇                     gner ┇  - [04/07] (train) crossner_politics   :  14%|██▋                 |  26/190 [0:04:15<0:26:53, 0.10Hz]
[03.10 04:22:18] ┇ INFO    ┇                     gner ┇  - [04/07] (train) crossner_politics   :  14%|██▊                 |  27/190 [0:04:22<0:26:22, 0.10Hz]
[03.10 04:22:28] ┇ INFO    ┇                     gner ┇  - [04/07] (train) crossner_politics   :  15%|██▉                 |  28/190 [0:04:31<0:26:12, 0.10Hz]
[03.10 04:22:35] ┇ INFO    ┇                     gner ┇  - [04/07] (train) crossner_politics   :  15%|███                 |  29/190 [0:04:38<0:25:45, 0.10Hz]
[03.10 04:22:46] ┇ INFO    ┇                     gner ┇  - [04/07] (train) crossner_politics   :  16%|███▏                |  30/190 [0:04:49<0:25:45, 0.10Hz]
[03.10 04:22:56] ┇ INFO    ┇                     gner ┇  - [04/07] (train) crossner_politics   :  16%|███▎                |  31/190 [0:04:59<0:25:37, 0.10Hz]
[03.10 04:23:17] ┇ INFO    ┇                     gner ┇  - [04/07] (train) crossner_politics   :  17%|███▎                |  32/190 [0:05:20<0:26:22, 0.10Hz]
[03.10 04:23:28] ┇ INFO    ┇                     gner ┇  - [04/07] (train) crossner_politics   :  18%|███▌                |  34/190 [0:05:31<0:25:20, 0.10Hz]
[03.10 04:23:45] ┇ INFO    ┇                     gner ┇  - [04/07] (train) crossner_politics   :  18%|███▋                |  35/190 [0:05:48<0:25:45, 0.10Hz]
[03.10 04:23:53] ┇ INFO    ┇                     gner ┇  - [04/07] (train) crossner_politics   :  19%|███▊                |  36/190 [0:05:57<0:25:27, 0.10Hz]
[03.10 04:23:59] ┇ INFO    ┇                     gner ┇  - [04/07] (train) crossner_politics   :  19%|███▉                |  37/190 [0:06:02<0:24:59, 0.10Hz]
[03.10 04:24:14] ┇ INFO    ┇                     gner ┇  - [04/07] (train) crossner_politics   :  20%|████                |  38/190 [0:06:17<0:25:11, 0.10Hz]
[03.10 04:24:27] ┇ INFO    ┇                     gner ┇  - [04/07] (train) crossner_politics   :  21%|████                |  39/190 [0:06:31<0:25:14, 0.10Hz]
[03.10 04:24:41] ┇ INFO    ┇                     gner ┇  - [04/07] (train) crossner_politics   :  21%|████▏               |  40/190 [0:06:44<0:25:17, 0.10Hz]
[03.10 04:24:58] ┇ INFO    ┇                     gner ┇  - [04/07] (train) crossner_politics   :  22%|████▍               |  42/190 [0:07:02<0:24:47, 0.10Hz]
[03.10 04:25:10] ┇ INFO    ┇                     gner ┇  - [04/07] (train) crossner_politics   :  23%|████▋               |  44/190 [0:07:13<0:23:58, 0.10Hz]
[03.10 04:25:25] ┇ INFO    ┇                     gner ┇  - [04/07] (train) crossner_politics   :  24%|████▋               |  45/190 [0:07:28<0:24:06, 0.10Hz]
[03.10 04:25:35] ┇ INFO    ┇                     gner ┇  - [04/07] (train) crossner_politics   :  24%|████▊               |  46/190 [0:07:38<0:23:56, 0.10Hz]
[03.10 04:25:56] ┇ INFO    ┇                     gner ┇  - [04/07] (train) crossner_politics   :  25%|████▉               |  47/190 [0:07:59<0:24:18, 0.10Hz]
[03.10 04:26:03] ┇ INFO    ┇                     gner ┇  - [04/07] (train) crossner_politics   :  25%|█████               |  48/190 [0:08:06<0:23:59, 0.10Hz]
[03.10 04:26:16] ┇ INFO    ┇                     gner ┇  - [04/07] (train) crossner_politics   :  26%|█████▎              |  50/190 [0:08:19<0:23:18, 0.10Hz]
[03.10 04:26:24] ┇ INFO    ┇                     gner ┇  - [04/07] (train) crossner_politics   :  27%|█████▎              |  51/190 [0:08:27<0:23:03, 0.10Hz]
[03.10 04:26:30] ┇ INFO    ┇                     gner ┇  - [04/07] (train) crossner_politics   :  27%|█████▍              |  52/190 [0:08:33<0:22:43, 0.10Hz]
[03.10 04:26:39] ┇ INFO    ┇                     gner ┇  - [04/07] (train) crossner_politics   :  28%|█████▌              |  53/190 [0:08:42<0:22:31, 0.10Hz]
[03.10 04:26:48] ┇ INFO    ┇                     gner ┇  - [04/07] (train) crossner_politics   :  28%|█████▋              |  54/190 [0:08:52<0:22:20, 0.10Hz]
[03.10 04:26:55] ┇ INFO    ┇                     gner ┇  - [04/07] (train) crossner_politics   :  29%|█████▊              |  55/190 [0:08:59<0:22:03, 0.10Hz]
[03.10 04:27:02] ┇ INFO    ┇                     gner ┇  - [04/07] (train) crossner_politics   :  29%|█████▉              |  56/190 [0:09:05<0:21:45, 0.10Hz]
[03.10 04:27:18] ┇ INFO    ┇                     gner ┇  - [04/07] (train) crossner_politics   :  30%|██████              |  57/190 [0:09:22<0:21:51, 0.10Hz]
[03.10 04:27:25] ┇ INFO    ┇                     gner ┇  - [04/07] (train) crossner_politics   :  31%|██████              |  58/190 [0:09:28<0:21:33, 0.10Hz]
[03.10 04:27:30] ┇ INFO    ┇                     gner ┇  - [04/07] (train) crossner_politics   :  31%|██████▏             |  59/190 [0:09:34<0:21:14, 0.10Hz]
[03.10 04:27:36] ┇ INFO    ┇                     gner ┇  - [04/07] (train) crossner_politics   :  32%|██████▎             |  60/190 [0:09:39<0:20:55, 0.10Hz]
[03.10 04:27:52] ┇ INFO    ┇                     gner ┇  - [04/07] (train) crossner_politics   :  32%|██████▍             |  61/190 [0:09:55<0:20:59, 0.10Hz]
[03.10 04:28:19] ┇ INFO    ┇                     gner ┇  - [04/07] (train) crossner_politics   :  33%|██████▌             |  62/190 [0:10:23<0:21:26, 0.10Hz]
[03.10 04:28:40] ┇ INFO    ┇                     gner ┇  - [04/07] (train) crossner_politics   :  33%|██████▋             |  63/190 [0:10:43<0:21:37, 0.10Hz]
[03.10 04:28:49] ┇ INFO    ┇                     gner ┇  - [04/07] (train) crossner_politics   :  34%|██████▋             |  64/190 [0:10:53<0:21:41, 0.10Hz]
[03.10 04:28:58] ┇ INFO    ┇                     gner ┇  - [04/07] (train) crossner_politics   :  34%|██████▊             |  65/190 [0:11:01<0:21:16, 0.10Hz]
[03.10 04:29:13] ┇ INFO    ┇                     gner ┇  - [04/07] (train) crossner_politics   :  35%|██████▉             |  66/190 [0:11:16<0:21:15, 0.10Hz]
[03.10 04:29:23] ┇ INFO    ┇                     gner ┇  - [04/07] (train) crossner_politics   :  35%|███████             |  67/190 [0:11:26<0:20:02, 0.10Hz]
[03.10 04:29:54] ┇ INFO    ┇                     gner ┇  - [04/07] (train) crossner_politics   :  36%|███████▏            |  68/190 [0:11:57<0:20:47, 0.10Hz]
[03.10 04:30:35] ┇ INFO    ┇                     gner ┇  - [04/07] (train) crossner_politics   :  36%|███████▎            |  69/190 [0:12:38<0:21:25, 0.09Hz]
[03.10 04:30:48] ┇ INFO    ┇                     gner ┇  - [04/07] (train) crossner_politics   :  37%|███████▍            |  71/190 [0:12:51<0:20:44, 0.10Hz]
[03.10 04:31:03] ┇ INFO    ┇                     gner ┇  - [04/07] (train) crossner_politics   :  38%|███████▋            |  73/190 [0:13:07<0:20:29, 0.10Hz]
[03.10 04:31:29] ┇ INFO    ┇                     gner ┇  - [04/07] (train) crossner_politics   :  39%|███████▊            |  74/190 [0:13:33<0:21:01, 0.09Hz]
[03.10 04:31:35] ┇ INFO    ┇                     gner ┇  - [04/07] (train) crossner_politics   :  39%|███████▉            |  75/190 [0:13:38<0:20:45, 0.09Hz]
[03.10 04:31:53] ┇ INFO    ┇                     gner ┇  - [04/07] (train) crossner_politics   :  40%|████████            |  76/190 [0:13:56<0:20:47, 0.09Hz]
[03.10 04:31:59] ┇ INFO    ┇                     gner ┇  - [04/07] (train) crossner_politics   :  41%|████████            |  77/190 [0:14:02<0:20:30, 0.09Hz]
[03.10 04:32:13] ┇ INFO    ┇                     gner ┇  - [04/07] (train) crossner_politics   :  41%|████████▏           |  78/190 [0:14:16<0:20:35, 0.09Hz]
[03.10 04:32:24] ┇ INFO    ┇                     gner ┇  - [04/07] (train) crossner_politics   :  42%|████████▎           |  79/190 [0:14:28<0:20:39, 0.09Hz]
[03.10 04:32:49] ┇ INFO    ┇                     gner ┇  - [04/07] (train) crossner_politics   :  42%|████████▍           |  80/190 [0:14:52<0:21:08, 0.09Hz]
[03.10 04:32:54] ┇ INFO    ┇                     gner ┇  - [04/07] (train) crossner_politics   :  43%|████████▌           |  81/190 [0:14:58<0:20:49, 0.09Hz]
[03.10 04:33:04] ┇ INFO    ┇                     gner ┇  - [04/07] (train) crossner_politics   :  44%|████████▋           |  83/190 [0:15:08<0:20:00, 0.09Hz]
[03.10 04:33:12] ┇ INFO    ┇                     gner ┇  - [04/07] (train) crossner_politics   :  45%|████████▉           |  85/190 [0:15:15<0:19:02, 0.09Hz]
[03.10 04:33:25] ┇ INFO    ┇                     gner ┇  - [04/07] (train) crossner_politics   :  45%|█████████           |  86/190 [0:15:29<0:19:00, 0.09Hz]
[03.10 04:33:40] ┇ INFO    ┇                     gner ┇  - [04/07] (train) crossner_politics   :  46%|█████████▏          |  87/190 [0:15:44<0:19:05, 0.09Hz]
[03.10 04:34:09] ┇ INFO    ┇                     gner ┇  - [04/07] (train) crossner_politics   :  46%|█████████▎          |  88/190 [0:16:12<0:19:29, 0.09Hz]
[03.10 04:34:19] ┇ INFO    ┇                     gner ┇  - [04/07] (train) crossner_politics   :  47%|█████████▎          |  89/190 [0:16:22<0:19:24, 0.09Hz]
[03.10 04:34:30] ┇ INFO    ┇                     gner ┇  - [04/07] (train) crossner_politics   :  47%|█████████▍          |  90/190 [0:16:33<0:19:20, 0.09Hz]
[03.10 04:34:45] ┇ INFO    ┇                     gner ┇  - [04/07] (train) crossner_politics   :  48%|█████████▋          |  92/190 [0:16:48<0:18:56, 0.09Hz]
[03.10 04:34:58] ┇ INFO    ┇                     gner ┇  - [04/07] (train) crossner_politics   :  49%|█████████▊          |  93/190 [0:17:01<0:18:46, 0.09Hz]
[03.10 04:35:11] ┇ INFO    ┇                     gner ┇  - [04/07] (train) crossner_politics   :  49%|█████████▉          |  94/190 [0:17:14<0:18:39, 0.09Hz]
[03.10 04:35:28] ┇ INFO    ┇                     gner ┇  - [04/07] (train) crossner_politics   :  50%|██████████          |  95/190 [0:17:31<0:18:22, 0.09Hz]
[03.10 04:35:34] ┇ INFO    ┇                     gner ┇  - [04/07] (train) crossner_politics   :  51%|██████████          |  96/190 [0:17:37<0:18:15, 0.09Hz]
[03.10 04:35:40] ┇ INFO    ┇                     gner ┇  - [04/07] (train) crossner_politics   :  51%|██████████▏         |  97/190 [0:17:43<0:18:00, 0.09Hz]
[03.10 04:35:53] ┇ INFO    ┇                     gner ┇  - [04/07] (train) crossner_politics   :  52%|██████████▎         |  98/190 [0:17:57<0:17:43, 0.09Hz]
[03.10 04:36:28] ┇ INFO    ┇                     gner ┇  - [04/07] (train) crossner_politics   :  52%|██████████▍         |  99/190 [0:18:31<0:18:09, 0.08Hz]
[03.10 04:36:49] ┇ INFO    ┇                     gner ┇  - [04/07] (train) crossner_politics   :  53%|██████████▌         | 100/190 [0:18:52<0:18:20, 0.08Hz]
[03.10 04:37:26] ┇ INFO    ┇                     gner ┇  - [04/07] (train) crossner_politics   :  53%|██████████▋         | 101/190 [0:19:29<0:18:38, 0.08Hz]
[03.10 04:37:44] ┇ INFO    ┇                     gner ┇  - [04/07] (train) crossner_politics   :  54%|██████████▊         | 103/190 [0:19:47<0:18:01, 0.08Hz]
[03.10 04:37:57] ┇ INFO    ┇                     gner ┇  - [04/07] (train) crossner_politics   :  55%|██████████▉         | 104/190 [0:20:00<0:18:01, 0.08Hz]
[03.10 04:38:08] ┇ INFO    ┇                     gner ┇  - [04/07] (train) crossner_politics   :  56%|███████████▏        | 106/190 [0:20:12<0:17:29, 0.08Hz]
[03.10 04:38:18] ┇ INFO    ┇                     gner ┇  - [04/07] (train) crossner_politics   :  56%|███████████▎        | 107/190 [0:20:21<0:17:17, 0.08Hz]
[03.10 04:38:32] ┇ INFO    ┇                     gner ┇  - [04/07] (train) crossner_politics   :  57%|███████████▎        | 108/190 [0:20:35<0:17:04, 0.08Hz]
[03.10 04:39:06] ┇ INFO    ┇                     gner ┇  - [04/07] (train) crossner_politics   :  58%|███████████▌        | 110/190 [0:21:09<0:16:44, 0.08Hz]
[03.10 04:39:29] ┇ INFO    ┇                     gner ┇  - [04/07] (train) crossner_politics   :  58%|███████████▋        | 111/190 [0:21:32<0:16:50, 0.08Hz]
[03.10 04:39:35] ┇ INFO    ┇                     gner ┇  - [04/07] (train) crossner_politics   :  59%|███████████▉        | 113/190 [0:21:38<0:16:16, 0.08Hz]
[03.10 04:39:42] ┇ INFO    ┇                     gner ┇  - [04/07] (train) crossner_politics   :  60%|████████████        | 114/190 [0:21:45<0:16:02, 0.08Hz]
[03.10 04:39:52] ┇ INFO    ┇                     gner ┇  - [04/07] (train) crossner_politics   :  61%|████████████        | 115/190 [0:21:55<0:15:54, 0.08Hz]
[03.10 04:40:01] ┇ INFO    ┇                     gner ┇  - [04/07] (train) crossner_politics   :  61%|████████████▏       | 116/190 [0:22:05<0:15:42, 0.08Hz]
[03.10 04:40:13] ┇ INFO    ┇                     gner ┇  - [04/07] (train) crossner_politics   :  62%|████████████▎       | 117/190 [0:22:16<0:15:32, 0.08Hz]
[03.10 04:40:21] ┇ INFO    ┇                     gner ┇  - [04/07] (train) crossner_politics   :  62%|████████████▍       | 118/190 [0:22:24<0:15:20, 0.08Hz]
[03.10 04:40:41] ┇ INFO    ┇                     gner ┇  - [04/07] (train) crossner_politics   :  63%|████████████▋       | 120/190 [0:22:44<0:14:51, 0.08Hz]
[03.10 04:40:47] ┇ INFO    ┇                     gner ┇  - [04/07] (train) crossner_politics   :  64%|████████████▋       | 121/190 [0:22:50<0:14:38, 0.08Hz]
[03.10 04:40:59] ┇ INFO    ┇                     gner ┇  - [04/07] (train) crossner_politics   :  64%|████████████▊       | 122/190 [0:23:02<0:14:32, 0.08Hz]
[03.10 04:41:05] ┇ INFO    ┇                     gner ┇  - [04/07] (train) crossner_politics   :  65%|████████████▉       | 123/190 [0:23:08<0:14:20, 0.08Hz]
[03.10 04:41:11] ┇ INFO    ┇                     gner ┇  - [04/07] (train) crossner_politics   :  65%|█████████████       | 124/190 [0:23:14<0:13:56, 0.08Hz]
[03.10 04:41:38] ┇ INFO    ┇                     gner ┇  - [04/07] (train) crossner_politics   :  66%|█████████████▏      | 125/190 [0:23:41<0:13:43, 0.08Hz]
[03.10 04:41:52] ┇ INFO    ┇                     gner ┇  - [04/07] (train) crossner_politics   :  66%|█████████████▎      | 126/190 [0:23:55<0:13:24, 0.08Hz]
[03.10 04:42:21] ┇ INFO    ┇                     gner ┇  - [04/07] (train) crossner_politics   :  67%|█████████████▎      | 127/190 [0:24:25<0:13:32, 0.08Hz]
[03.10 04:42:29] ┇ INFO    ┇                     gner ┇  - [04/07] (train) crossner_politics   :  67%|█████████████▍      | 128/190 [0:24:32<0:13:18, 0.08Hz]
[03.10 04:42:38] ┇ INFO    ┇                     gner ┇  - [04/07] (train) crossner_politics   :  68%|█████████████▌      | 129/190 [0:24:41<0:12:59, 0.08Hz]
[03.10 04:42:54] ┇ INFO    ┇                     gner ┇  - [04/07] (train) crossner_politics   :  68%|█████████████▋      | 130/190 [0:24:57<0:12:51, 0.08Hz]
[03.10 04:43:05] ┇ INFO    ┇                     gner ┇  - [04/07] (train) crossner_politics   :  69%|█████████████▉      | 132/190 [0:25:08<0:11:30, 0.08Hz]
[03.10 04:43:14] ┇ INFO    ┇                     gner ┇  - [04/07] (train) crossner_politics   :  70%|██████████████      | 133/190 [0:25:17<0:11:22, 0.08Hz]
[03.10 04:43:25] ┇ INFO    ┇                     gner ┇  - [04/07] (train) crossner_politics   :  71%|██████████████      | 134/190 [0:25:28<0:11:12, 0.08Hz]
[03.10 04:43:32] ┇ INFO    ┇                     gner ┇  - [04/07] (train) crossner_politics   :  71%|██████████████▏     | 135/190 [0:25:35<0:11:03, 0.08Hz]
[03.10 04:43:39] ┇ INFO    ┇                     gner ┇  - [04/07] (train) crossner_politics   :  72%|██████████████▎     | 136/190 [0:25:42<0:10:47, 0.08Hz]
[03.10 04:43:51] ┇ INFO    ┇                     gner ┇  - [04/07] (train) crossner_politics   :  72%|██████████████▍     | 137/190 [0:25:54<0:10:23, 0.08Hz]
[03.10 04:44:10] ┇ INFO    ┇                     gner ┇  - [04/07] (train) crossner_politics   :  73%|██████████████▌     | 138/190 [0:26:13<0:10:23, 0.08Hz]
[03.10 04:44:16] ┇ INFO    ┇                     gner ┇  - [04/07] (train) crossner_politics   :  73%|██████████████▋     | 139/190 [0:26:19<0:10:01, 0.08Hz]
[03.10 04:44:30] ┇ INFO    ┇                     gner ┇  - [04/07] (train) crossner_politics   :  74%|██████████████▋     | 140/190 [0:26:33<0:09:55, 0.08Hz]
[03.10 04:44:49] ┇ INFO    ┇                     gner ┇  - [04/07] (train) crossner_politics   :  74%|██████████████▊     | 141/190 [0:26:52<0:09:47, 0.08Hz]
[03.10 04:44:55] ┇ INFO    ┇                     gner ┇  - [04/07] (train) crossner_politics   :  75%|██████████████▉     | 142/190 [0:26:58<0:09:31, 0.08Hz]
[03.10 04:45:04] ┇ INFO    ┇                     gner ┇  - [04/07] (train) crossner_politics   :  75%|███████████████     | 143/190 [0:27:08<0:09:08, 0.09Hz]
[03.10 04:45:14] ┇ INFO    ┇                     gner ┇  - [04/07] (train) crossner_politics   :  76%|███████████████▏    | 144/190 [0:27:17<0:08:59, 0.09Hz]
[03.10 04:45:39] ┇ INFO    ┇                     gner ┇  - [04/07] (train) crossner_politics   :  76%|███████████████▎    | 145/190 [0:27:42<0:09:04, 0.08Hz]
[03.10 04:45:51] ┇ INFO    ┇                     gner ┇  - [04/07] (train) crossner_politics   :  77%|███████████████▎    | 146/190 [0:27:54<0:08:55, 0.08Hz]
[03.10 04:45:56] ┇ INFO    ┇                     gner ┇  - [04/07] (train) crossner_politics   :  77%|███████████████▍    | 147/190 [0:27:59<0:08:44, 0.08Hz]
[03.10 04:46:14] ┇ INFO    ┇                     gner ┇  - [04/07] (train) crossner_politics   :  78%|███████████████▌    | 148/190 [0:28:17<0:08:41, 0.08Hz]
[03.10 04:46:26] ┇ INFO    ┇                     gner ┇  - [04/07] (train) crossner_politics   :  78%|███████████████▋    | 149/190 [0:28:29<0:08:28, 0.08Hz]
[03.10 04:46:41] ┇ INFO    ┇                     gner ┇  - [04/07] (train) crossner_politics   :  79%|███████████████▊    | 150/190 [0:28:44<0:08:15, 0.08Hz]
[03.10 04:46:47] ┇ INFO    ┇                     gner ┇  - [04/07] (train) crossner_politics   :  79%|███████████████▉    | 151/190 [0:28:50<0:07:49, 0.08Hz]
[03.10 04:46:55] ┇ INFO    ┇                     gner ┇  - [04/07] (train) crossner_politics   :  80%|████████████████    | 152/190 [0:28:58<0:07:36, 0.08Hz]
[03.10 04:47:10] ┇ INFO    ┇                     gner ┇  - [04/07] (train) crossner_politics   :  81%|████████████████▏   | 154/190 [0:29:13<0:07:11, 0.08Hz]
[03.10 04:47:20] ┇ INFO    ┇                     gner ┇  - [04/07] (train) crossner_politics   :  82%|████████████████▎   | 155/190 [0:29:24<0:06:59, 0.08Hz]
[03.10 04:47:40] ┇ INFO    ┇                     gner ┇  - [04/07] (train) crossner_politics   :  82%|████████████████▍   | 156/190 [0:29:44<0:06:51, 0.08Hz]
[03.10 04:47:48] ┇ INFO    ┇                     gner ┇  - [04/07] (train) crossner_politics   :  83%|████████████████▌   | 157/190 [0:29:51<0:06:36, 0.08Hz]
[03.10 04:47:53] ┇ INFO    ┇                     gner ┇  - [04/07] (train) crossner_politics   :  83%|████████████████▋   | 158/190 [0:29:57<0:06:18, 0.08Hz]
[03.10 04:48:02] ┇ INFO    ┇                     gner ┇  - [04/07] (train) crossner_politics   :  84%|████████████████▋   | 159/190 [0:30:05<0:06:07, 0.08Hz]
[03.10 04:48:09] ┇ INFO    ┇                     gner ┇  - [04/07] (train) crossner_politics   :  84%|████████████████▊   | 160/190 [0:30:12<0:05:56, 0.08Hz]
[03.10 04:48:16] ┇ INFO    ┇                     gner ┇  - [04/07] (train) crossner_politics   :  85%|████████████████▉   | 161/190 [0:30:19<0:05:41, 0.08Hz]
[03.10 04:48:22] ┇ INFO    ┇                     gner ┇  - [04/07] (train) crossner_politics   :  85%|█████████████████   | 162/190 [0:30:26<0:05:17, 0.09Hz]
[03.10 04:48:32] ┇ INFO    ┇                     gner ┇  - [04/07] (train) crossner_politics   :  86%|█████████████████▏  | 163/190 [0:30:35<0:05:01, 0.09Hz]
[03.10 04:48:43] ┇ INFO    ┇                     gner ┇  - [04/07] (train) crossner_politics   :  86%|█████████████████▎  | 164/190 [0:30:46<0:04:39, 0.09Hz]
[03.10 04:49:17] ┇ INFO    ┇                     gner ┇  - [04/07] (train) crossner_politics   :  87%|█████████████████▎  | 165/190 [0:31:20<0:04:41, 0.09Hz]
[03.10 04:49:34] ┇ INFO    ┇                     gner ┇  - [04/07] (train) crossner_politics   :  87%|█████████████████▍  | 166/190 [0:31:37<0:04:30, 0.09Hz]
[03.10 04:49:45] ┇ INFO    ┇                     gner ┇  - [04/07] (train) crossner_politics   :  88%|█████████████████▋  | 168/190 [0:31:48<0:04:05, 0.09Hz]
[03.10 04:50:09] ┇ INFO    ┇                     gner ┇  - [04/07] (train) crossner_politics   :  89%|█████████████████▉  | 170/190 [0:32:12<0:03:45, 0.09Hz]
[03.10 04:50:22] ┇ INFO    ┇                     gner ┇  - [04/07] (train) crossner_politics   :  90%|██████████████████  | 171/190 [0:32:26<0:03:34, 0.09Hz]
[03.10 04:50:43] ┇ INFO    ┇                     gner ┇  - [04/07] (train) crossner_politics   :  91%|██████████████████▏ | 173/190 [0:32:46<0:03:08, 0.09Hz]
[03.10 04:50:55] ┇ INFO    ┇                     gner ┇  - [04/07] (train) crossner_politics   :  92%|██████████████████▎ | 174/190 [0:32:58<0:02:54, 0.09Hz]
[03.10 04:51:00] ┇ INFO    ┇                     gner ┇  - [04/07] (train) crossner_politics   :  92%|██████████████████▍ | 175/190 [0:33:03<0:02:43, 0.09Hz]
[03.10 04:51:11] ┇ INFO    ┇                     gner ┇  - [04/07] (train) crossner_politics   :  93%|██████████████████▌ | 176/190 [0:33:14<0:02:34, 0.09Hz]
[03.10 04:51:23] ┇ INFO    ┇                     gner ┇  - [04/07] (train) crossner_politics   :  93%|██████████████████▋ | 177/190 [0:33:26<0:02:24, 0.09Hz]
[03.10 04:51:36] ┇ INFO    ┇                     gner ┇  - [04/07] (train) crossner_politics   :  94%|██████████████████▋ | 178/190 [0:33:39<0:02:13, 0.09Hz]
[03.10 04:51:42] ┇ INFO    ┇                     gner ┇  - [04/07] (train) crossner_politics   :  94%|██████████████████▊ | 179/190 [0:33:45<0:02:02, 0.09Hz]
[03.10 04:51:48] ┇ INFO    ┇                     gner ┇  - [04/07] (train) crossner_politics   :  95%|██████████████████▉ | 180/190 [0:33:51<0:01:50, 0.09Hz]
[03.10 04:52:02] ┇ INFO    ┇                     gner ┇  - [04/07] (train) crossner_politics   :  95%|███████████████████ | 181/190 [0:34:05<0:01:40, 0.09Hz]
[03.10 04:52:17] ┇ INFO    ┇                     gner ┇  - [04/07] (train) crossner_politics   :  96%|███████████████████▎| 183/190 [0:34:21<0:01:17, 0.09Hz]
[03.10 04:52:27] ┇ INFO    ┇                     gner ┇  - [04/07] (train) crossner_politics   :  97%|███████████████████▎| 184/190 [0:34:30<0:01:06, 0.09Hz]
[03.10 04:52:35] ┇ INFO    ┇                     gner ┇  - [04/07] (train) crossner_politics   :  97%|███████████████████▍| 185/190 [0:34:38<0:00:55, 0.09Hz]
[03.10 04:53:12] ┇ INFO    ┇                     gner ┇  - [04/07] (train) crossner_politics   :  98%|███████████████████▌| 186/190 [0:35:15<0:00:46, 0.09Hz]
[03.10 04:53:27] ┇ INFO    ┇                     gner ┇  - [04/07] (train) crossner_politics   :  98%|███████████████████▋| 187/190 [0:35:30<0:00:35, 0.09Hz]
[03.10 04:53:44] ┇ INFO    ┇                     gner ┇  - [04/07] (train) crossner_politics   :  99%|███████████████████▊| 188/190 [0:35:47<0:00:23, 0.09Hz]
[03.10 04:53:58] ┇ INFO    ┇                     gner ┇  - [04/07] (train) crossner_politics   :  99%|███████████████████▉| 189/190 [0:36:01<0:00:11, 0.09Hz]
[03.10 04:54:14] ┇ INFO    ┇                     gner ┇  - [04/07] (train) crossner_politics   : 100%|████████████████████| 190/190 [0:36:17<0:00:00, 0.09Hz]
[03.10 04:54:18] ┇ INFO    ┇                     gner ┇  - [05/07] (train) crossner_science    :   1%|                    |   1/190 [0:00:04<0:12:47, 0.25Hz]
[03.10 04:54:34] ┇ INFO    ┇                     gner ┇  - [05/07] (train) crossner_science    :   1%|▏                   |   2/190 [0:00:19<0:31:15, 0.10Hz]
[03.10 04:54:43] ┇ INFO    ┇                     gner ┇  - [05/07] (train) crossner_science    :   2%|▎                   |   3/190 [0:00:28<0:29:56, 0.10Hz]
[03.10 04:54:52] ┇ INFO    ┇                     gner ┇  - [05/07] (train) crossner_science    :   3%|▌                   |   5/190 [0:00:37<0:23:19, 0.13Hz]
[03.10 04:54:57] ┇ INFO    ┇                     gner ┇  - [05/07] (train) crossner_science    :   4%|▊                   |   8/190 [0:00:42<0:16:16, 0.19Hz]
[03.10 04:55:06] ┇ INFO    ┇                     gner ┇  - [05/07] (train) crossner_science    :   5%|█                   |  10/190 [0:00:51<0:15:28, 0.19Hz]
[03.10 04:55:18] ┇ INFO    ┇                     gner ┇  - [05/07] (train) crossner_science    :   6%|█▎                  |  12/190 [0:01:03<0:15:48, 0.19Hz]
[03.10 04:55:24] ┇ INFO    ┇                     gner ┇  - [05/07] (train) crossner_science    :   8%|█▌                  |  15/190 [0:01:09<0:13:34, 0.21Hz]
[03.10 04:55:38] ┇ INFO    ┇                     gner ┇  - [05/07] (train) crossner_science    :   9%|█▊                  |  17/190 [0:01:23<0:14:11, 0.20Hz]
[03.10 04:55:43] ┇ INFO    ┇                     gner ┇  - [05/07] (train) crossner_science    :  11%|██                  |  20/190 [0:01:29<0:12:38, 0.22Hz]
[03.10 04:55:53] ┇ INFO    ┇                     gner ┇  - [05/07] (train) crossner_science    :  11%|██▏                 |  21/190 [0:01:38<0:13:14, 0.21Hz]
[03.10 04:56:08] ┇ INFO    ┇                     gner ┇  - [05/07] (train) crossner_science    :  13%|██▌                 |  24/190 [0:01:53<0:13:07, 0.21Hz]
[03.10 04:56:21] ┇ INFO    ┇                     gner ┇  - [05/07] (train) crossner_science    :  14%|██▋                 |  26/190 [0:02:07<0:13:21, 0.20Hz]
[03.10 04:56:28] ┇ INFO    ┇                     gner ┇  - [05/07] (train) crossner_science    :  14%|██▊                 |  27/190 [0:02:14<0:13:31, 0.20Hz]
[03.10 04:56:36] ┇ INFO    ┇                     gner ┇  - [05/07] (train) crossner_science    :  16%|███▏                |  30/190 [0:02:21<0:12:35, 0.21Hz]
[03.10 04:56:42] ┇ INFO    ┇                     gner ┇  - [05/07] (train) crossner_science    :  18%|███▌                |  34/190 [0:02:28<0:11:19, 0.23Hz]
[03.10 04:57:01] ┇ INFO    ┇                     gner ┇  - [05/07] (train) crossner_science    :  19%|███▊                |  36/190 [0:02:46<0:11:53, 0.22Hz]
[03.10 04:57:19] ┇ INFO    ┇                     gner ┇  - [05/07] (train) crossner_science    :  20%|████                |  38/190 [0:03:04<0:12:19, 0.21Hz]
[03.10 04:57:25] ┇ INFO    ┇                     gner ┇  - [05/07] (train) crossner_science    :  21%|████                |  39/190 [0:03:10<0:12:17, 0.20Hz]
[03.10 04:57:30] ┇ INFO    ┇                     gner ┇  - [05/07] (train) crossner_science    :  21%|████▏               |  40/190 [0:03:15<0:12:13, 0.20Hz]
[03.10 04:57:38] ┇ INFO    ┇                     gner ┇  - [05/07] (train) crossner_science    :  23%|████▌               |  43/190 [0:03:23<0:11:35, 0.21Hz]
[03.10 04:57:47] ┇ INFO    ┇                     gner ┇  - [05/07] (train) crossner_science    :  24%|████▊               |  46/190 [0:03:33<0:11:07, 0.22Hz]
[03.10 04:57:56] ┇ INFO    ┇                     gner ┇  - [05/07] (train) crossner_science    :  25%|█████               |  48/190 [0:03:41<0:10:56, 0.22Hz]
[03.10 04:58:02] ┇ INFO    ┇                     gner ┇  - [05/07] (train) crossner_science    :  26%|█████▎              |  50/190 [0:03:47<0:10:37, 0.22Hz]
[03.10 04:58:07] ┇ INFO    ┇                     gner ┇  - [05/07] (train) crossner_science    :  27%|█████▍              |  52/190 [0:03:52<0:10:17, 0.22Hz]
[03.10 04:58:29] ┇ INFO    ┇                     gner ┇  - [05/07] (train) crossner_science    :  28%|█████▋              |  54/190 [0:04:14<0:10:41, 0.21Hz]
[03.10 04:58:35] ┇ INFO    ┇                     gner ┇  - [05/07] (train) crossner_science    :  29%|█████▉              |  56/190 [0:04:21<0:10:24, 0.21Hz]
[03.10 04:58:41] ┇ INFO    ┇                     gner ┇  - [05/07] (train) crossner_science    :  30%|██████              |  57/190 [0:04:26<0:10:21, 0.21Hz]
[03.10 04:58:48] ┇ INFO    ┇                     gner ┇  - [05/07] (train) crossner_science    :  31%|██████▏             |  59/190 [0:04:34<0:10:08, 0.22Hz]
[03.10 04:59:15] ┇ INFO    ┇                     gner ┇  - [05/07] (train) crossner_science    :  32%|██████▎             |  60/190 [0:05:00<0:10:52, 0.20Hz]
[03.10 04:59:20] ┇ INFO    ┇                     gner ┇  - [05/07] (train) crossner_science    :  33%|██████▌             |  62/190 [0:05:06<0:10:32, 0.20Hz]
[03.10 04:59:26] ┇ INFO    ┇                     gner ┇  - [05/07] (train) crossner_science    :  33%|██████▋             |  63/190 [0:05:12<0:10:29, 0.20Hz]
[03.10 04:59:32] ┇ INFO    ┇                     gner ┇  - [05/07] (train) crossner_science    :  34%|██████▊             |  65/190 [0:05:17<0:09:51, 0.21Hz]
[03.10 04:59:38] ┇ INFO    ┇                     gner ┇  - [05/07] (train) crossner_science    :  35%|██████▉             |  66/190 [0:05:24<0:09:41, 0.21Hz]
[03.10 04:59:43] ┇ INFO    ┇                     gner ┇  - [05/07] (train) crossner_science    :  36%|███████▏            |  68/190 [0:05:29<0:09:24, 0.22Hz]
[03.10 05:00:25] ┇ INFO    ┇                     gner ┇  - [05/07] (train) crossner_science    :  36%|███████▎            |  69/190 [0:06:11<0:10:34, 0.19Hz]
[03.10 05:00:34] ┇ INFO    ┇                     gner ┇  - [05/07] (train) crossner_science    :  37%|███████▎            |  70/190 [0:06:20<0:10:44, 0.19Hz]
[03.10 05:00:43] ┇ INFO    ┇                     gner ┇  - [05/07] (train) crossner_science    :  38%|███████▌            |  72/190 [0:06:28<0:10:41, 0.18Hz]
[03.10 05:01:07] ┇ INFO    ┇                     gner ┇  - [05/07] (train) crossner_science    :  38%|███████▋            |  73/190 [0:06:53<0:11:11, 0.17Hz]
[03.10 05:01:44] ┇ INFO    ┇                     gner ┇  - [05/07] (train) crossner_science    :  39%|███████▊            |  74/190 [0:07:30<0:12:07, 0.16Hz]
[03.10 05:01:51] ┇ INFO    ┇                     gner ┇  - [05/07] (train) crossner_science    :  39%|███████▉            |  75/190 [0:07:36<0:11:57, 0.16Hz]
[03.10 05:02:09] ┇ INFO    ┇                     gner ┇  - [05/07] (train) crossner_science    :  40%|████████            |  76/190 [0:07:55<0:12:20, 0.15Hz]
[03.10 05:02:16] ┇ INFO    ┇                     gner ┇  - [05/07] (train) crossner_science    :  41%|████████▏           |  78/190 [0:08:01<0:12:12, 0.15Hz]
[03.10 05:02:24] ┇ INFO    ┇                     gner ┇  - [05/07] (train) crossner_science    :  42%|████████▎           |  79/190 [0:08:10<0:12:15, 0.15Hz]
[03.10 05:02:32] ┇ INFO    ┇                     gner ┇  - [05/07] (train) crossner_science    :  42%|████████▍           |  80/190 [0:08:18<0:12:04, 0.15Hz]
[03.10 05:02:49] ┇ INFO    ┇                     gner ┇  - [05/07] (train) crossner_science    :  44%|████████▋           |  83/190 [0:08:34<0:12:02, 0.15Hz]
[03.10 05:02:59] ┇ INFO    ┇                     gner ┇  - [05/07] (train) crossner_science    :  44%|████████▊           |  84/190 [0:08:44<0:11:56, 0.15Hz]
[03.10 05:03:04] ┇ INFO    ┇                     gner ┇  - [05/07] (train) crossner_science    :  45%|████████▉           |  85/190 [0:08:49<0:11:54, 0.15Hz]
[03.10 05:03:13] ┇ INFO    ┇                     gner ┇  - [05/07] (train) crossner_science    :  46%|█████████▏          |  87/190 [0:08:58<0:11:34, 0.15Hz]
[03.10 05:03:26] ┇ INFO    ┇                     gner ┇  - [05/07] (train) crossner_science    :  47%|█████████▎          |  89/190 [0:09:12<0:11:21, 0.15Hz]
[03.10 05:03:31] ┇ INFO    ┇                     gner ┇  - [05/07] (train) crossner_science    :  48%|█████████▌          |  91/190 [0:09:17<0:11:01, 0.15Hz]
[03.10 05:03:39] ┇ INFO    ┇                     gner ┇  - [05/07] (train) crossner_science    :  49%|█████████▊          |  93/190 [0:09:24<0:10:51, 0.15Hz]
[03.10 05:03:49] ┇ INFO    ┇                     gner ┇  - [05/07] (train) crossner_science    :  50%|██████████          |  95/190 [0:09:34<0:10:48, 0.15Hz]
[03.10 05:03:54] ┇ INFO    ┇                     gner ┇  - [05/07] (train) crossner_science    :  51%|██████████▏         |  97/190 [0:09:39<0:10:37, 0.15Hz]
[03.10 05:03:59] ┇ INFO    ┇                     gner ┇  - [05/07] (train) crossner_science    :  52%|██████████▍         |  99/190 [0:09:45<0:10:04, 0.15Hz]
[03.10 05:04:05] ┇ INFO    ┇                     gner ┇  - [05/07] (train) crossner_science    :  53%|██████████▋         | 101/190 [0:09:50<0:09:33, 0.16Hz]
[03.10 05:04:13] ┇ INFO    ┇                     gner ┇  - [05/07] (train) crossner_science    :  54%|██████████▋         | 102/190 [0:09:59<0:09:30, 0.15Hz]
[03.10 05:04:21] ┇ INFO    ┇                     gner ┇  - [05/07] (train) crossner_science    :  55%|███████████         | 105/190 [0:10:06<0:09:09, 0.15Hz]
[03.10 05:04:33] ┇ INFO    ┇                     gner ┇  - [05/07] (train) crossner_science    :  56%|███████████▎        | 107/190 [0:10:19<0:09:05, 0.15Hz]
[03.10 05:04:45] ┇ INFO    ┇                     gner ┇  - [05/07] (train) crossner_science    :  58%|███████████▌        | 110/190 [0:10:31<0:08:44, 0.15Hz]
[03.10 05:04:52] ┇ INFO    ┇                     gner ┇  - [05/07] (train) crossner_science    :  58%|███████████▋        | 111/190 [0:10:38<0:08:42, 0.15Hz]
[03.10 05:04:59] ┇ INFO    ┇                     gner ┇  - [05/07] (train) crossner_science    :  59%|███████████▉        | 113/190 [0:10:45<0:08:30, 0.15Hz]
[03.10 05:05:06] ┇ INFO    ┇                     gner ┇  - [05/07] (train) crossner_science    :  60%|████████████        | 114/190 [0:10:51<0:08:28, 0.15Hz]
[03.10 05:05:11] ┇ INFO    ┇                     gner ┇  - [05/07] (train) crossner_science    :  61%|████████████        | 115/190 [0:10:56<0:08:25, 0.15Hz]
[03.10 05:05:37] ┇ INFO    ┇                     gner ┇  - [05/07] (train) crossner_science    :  61%|████████████▏       | 116/190 [0:11:23<0:08:44, 0.14Hz]
[03.10 05:05:46] ┇ INFO    ┇                     gner ┇  - [05/07] (train) crossner_science    :  62%|████████████▍       | 118/190 [0:11:31<0:08:15, 0.15Hz]
[03.10 05:06:00] ┇ INFO    ┇                     gner ┇  - [05/07] (train) crossner_science    :  63%|████████████▋       | 120/190 [0:11:46<0:08:08, 0.14Hz]
[03.10 05:06:23] ┇ INFO    ┇                     gner ┇  - [05/07] (train) crossner_science    :  64%|████████████▊       | 122/190 [0:12:08<0:08:10, 0.14Hz]
[03.10 05:06:32] ┇ INFO    ┇                     gner ┇  - [05/07] (train) crossner_science    :  66%|█████████████▏      | 125/190 [0:12:18<0:07:25, 0.15Hz]
[03.10 05:06:41] ┇ INFO    ┇                     gner ┇  - [05/07] (train) crossner_science    :  66%|█████████████▎      | 126/190 [0:12:27<0:07:21, 0.14Hz]
[03.10 05:06:55] ┇ INFO    ┇                     gner ┇  - [05/07] (train) crossner_science    :  68%|█████████████▌      | 129/190 [0:12:40<0:07:02, 0.14Hz]
[03.10 05:07:01] ┇ INFO    ┇                     gner ┇  - [05/07] (train) crossner_science    :  69%|█████████████▉      | 132/190 [0:12:46<0:06:04, 0.16Hz]
[03.10 05:07:09] ┇ INFO    ┇                     gner ┇  - [05/07] (train) crossner_science    :  70%|██████████████      | 133/190 [0:12:54<0:05:57, 0.16Hz]
[03.10 05:07:16] ┇ INFO    ┇                     gner ┇  - [05/07] (train) crossner_science    :  71%|██████████████▏     | 135/190 [0:13:01<0:05:43, 0.16Hz]
[03.10 05:07:27] ┇ INFO    ┇                     gner ┇  - [05/07] (train) crossner_science    :  72%|██████████████▍     | 137/190 [0:13:12<0:04:48, 0.18Hz]
[03.10 05:07:34] ┇ INFO    ┇                     gner ┇  - [05/07] (train) crossner_science    :  73%|██████████████▋     | 139/190 [0:13:20<0:04:23, 0.19Hz]
[03.10 05:07:48] ┇ INFO    ┇                     gner ┇  - [05/07] (train) crossner_science    :  74%|██████████████▋     | 140/190 [0:13:33<0:04:27, 0.19Hz]
[03.10 05:08:03] ┇ INFO    ┇                     gner ┇  - [05/07] (train) crossner_science    :  74%|██████████████▊     | 141/190 [0:13:48<0:04:30, 0.18Hz]
[03.10 05:08:08] ┇ INFO    ┇                     gner ┇  - [05/07] (train) crossner_science    :  75%|██████████████▉     | 142/190 [0:13:53<0:04:22, 0.18Hz]
[03.10 05:08:19] ┇ INFO    ┇                     gner ┇  - [05/07] (train) crossner_science    :  76%|███████████████▏    | 144/190 [0:14:05<0:04:13, 0.18Hz]
[03.10 05:08:30] ┇ INFO    ┇                     gner ┇  - [05/07] (train) crossner_science    :  77%|███████████████▎    | 146/190 [0:14:15<0:03:58, 0.18Hz]
[03.10 05:08:38] ┇ INFO    ┇                     gner ┇  - [05/07] (train) crossner_science    :  78%|███████████████▌    | 148/190 [0:14:24<0:03:43, 0.19Hz]
[03.10 05:08:52] ┇ INFO    ┇                     gner ┇  - [05/07] (train) crossner_science    :  79%|███████████████▉    | 151/190 [0:14:38<0:03:28, 0.19Hz]
[03.10 05:09:02] ┇ INFO    ┇                     gner ┇  - [05/07] (train) crossner_science    :  80%|████████████████    | 152/190 [0:14:48<0:03:22, 0.19Hz]
[03.10 05:09:07] ┇ INFO    ┇                     gner ┇  - [05/07] (train) crossner_science    :  81%|████████████████▏   | 154/190 [0:14:53<0:03:12, 0.19Hz]
[03.10 05:09:13] ┇ INFO    ┇                     gner ┇  - [05/07] (train) crossner_science    :  83%|████████████████▌   | 157/190 [0:14:59<0:02:53, 0.19Hz]
[03.10 05:09:31] ┇ INFO    ┇                     gner ┇  - [05/07] (train) crossner_science    :  83%|████████████████▋   | 158/190 [0:15:17<0:02:53, 0.18Hz]
[03.10 05:09:37] ┇ INFO    ┇                     gner ┇  - [05/07] (train) crossner_science    :  84%|████████████████▊   | 160/190 [0:15:22<0:02:43, 0.18Hz]
[03.10 05:09:46] ┇ INFO    ┇                     gner ┇  - [05/07] (train) crossner_science    :  86%|█████████████████▎  | 164/190 [0:15:32<0:02:20, 0.18Hz]
[03.10 05:09:55] ┇ INFO    ┇                     gner ┇  - [05/07] (train) crossner_science    :  87%|█████████████████▍  | 166/190 [0:15:41<0:02:09, 0.19Hz]
[03.10 05:10:14] ┇ INFO    ┇                     gner ┇  - [05/07] (train) crossner_science    :  88%|█████████████████▌  | 167/190 [0:16:00<0:02:10, 0.18Hz]
[03.10 05:10:21] ┇ INFO    ┇                     gner ┇  - [05/07] (train) crossner_science    :  88%|█████████████████▋  | 168/190 [0:16:07<0:02:05, 0.17Hz]
[03.10 05:10:27] ┇ INFO    ┇                     gner ┇  - [05/07] (train) crossner_science    :  89%|█████████████████▊  | 169/190 [0:16:12<0:02:01, 0.17Hz]
[03.10 05:10:32] ┇ INFO    ┇                     gner ┇  - [05/07] (train) crossner_science    :  90%|██████████████████  | 171/190 [0:16:17<0:01:47, 0.18Hz]
[03.10 05:10:37] ┇ INFO    ┇                     gner ┇  - [05/07] (train) crossner_science    :  91%|██████████████████  | 172/190 [0:16:23<0:01:42, 0.18Hz]
[03.10 05:10:51] ┇ INFO    ┇                     gner ┇  - [05/07] (train) crossner_science    :  92%|██████████████████▍ | 175/190 [0:16:37<0:01:25, 0.18Hz]
[03.10 05:11:04] ┇ INFO    ┇                     gner ┇  - [05/07] (train) crossner_science    :  93%|██████████████████▌ | 176/190 [0:16:50<0:01:21, 0.17Hz]
[03.10 05:11:11] ┇ INFO    ┇                     gner ┇  - [05/07] (train) crossner_science    :  94%|██████████████████▊ | 179/190 [0:16:56<0:00:58, 0.19Hz]
[03.10 05:11:17] ┇ INFO    ┇                     gner ┇  - [05/07] (train) crossner_science    :  95%|██████████████████▉ | 180/190 [0:17:02<0:00:53, 0.19Hz]
[03.10 05:11:29] ┇ INFO    ┇                     gner ┇  - [05/07] (train) crossner_science    :  95%|███████████████████ | 181/190 [0:17:15<0:00:49, 0.18Hz]
[03.10 05:11:35] ┇ INFO    ┇                     gner ┇  - [05/07] (train) crossner_science    :  97%|███████████████████▎| 184/190 [0:17:20<0:00:31, 0.19Hz]
[03.10 05:11:47] ┇ INFO    ┇                     gner ┇  - [05/07] (train) crossner_science    :  97%|███████████████████▍| 185/190 [0:17:33<0:00:25, 0.19Hz]
[03.10 05:11:54] ┇ INFO    ┇                     gner ┇  - [05/07] (train) crossner_science    :  98%|███████████████████▋| 187/190 [0:17:40<0:00:15, 0.19Hz]
[03.10 05:12:02] ┇ INFO    ┇                     gner ┇  - [05/07] (train) crossner_science    :  99%|███████████████████▊| 188/190 [0:17:47<0:00:10, 0.19Hz]
[03.10 05:12:09] ┇ INFO    ┇                     gner ┇  - [05/07] (train) crossner_science    :  99%|███████████████████▉| 189/190 [0:17:54<0:00:05, 0.19Hz]
[03.10 05:12:10] ┇ INFO    ┇                     gner ┇  - [05/07] (train) crossner_science    : 100%|████████████████████| 190/190 [0:17:56<0:00:00, 0.19Hz]
[03.10 05:12:10] ┇ INFO    ┇                     gner ┇  - [06/07] (train) mit-movie           :   1%|                    |   1/190 [0:00:00<0:00:40, 4.67Hz]
[03.10 05:12:15] ┇ INFO    ┇                     gner ┇  - [06/07] (train) mit-movie           :  13%|██▌                 |  24/190 [0:00:05<0:00:36, 4.53Hz]
[03.10 05:12:21] ┇ INFO    ┇                     gner ┇  - [06/07] (train) mit-movie           :  27%|█████▍              |  52/190 [0:00:10<0:00:28, 4.86Hz]
[03.10 05:12:26] ┇ INFO    ┇                     gner ┇  - [06/07] (train) mit-movie           :  41%|████████            |  77/190 [0:00:15<0:00:24, 4.69Hz]
[03.10 05:12:31] ┇ INFO    ┇                     gner ┇  - [06/07] (train) mit-movie           :  54%|██████████▊         | 103/190 [0:00:20<0:00:18, 4.78Hz]
[03.10 05:12:36] ┇ INFO    ┇                     gner ┇  - [06/07] (train) mit-movie           :  68%|█████████████▌      | 129/190 [0:00:26<0:00:11, 5.09Hz]
[03.10 05:12:41] ┇ INFO    ┇                     gner ┇  - [06/07] (train) mit-movie           :  82%|████████████████▎   | 155/190 [0:00:31<0:00:07, 4.98Hz]
[03.10 05:12:46] ┇ INFO    ┇                     gner ┇  - [06/07] (train) mit-movie           :  97%|███████████████████▍| 185/190 [0:00:36<0:00:00, 5.37Hz]
[03.10 05:12:47] ┇ INFO    ┇                     gner ┇  - [06/07] (train) mit-movie           : 100%|████████████████████| 190/190 [0:00:37<0:00:00, 5.51Hz]
[03.10 05:12:47] ┇ INFO    ┇                     gner ┇  - [07/07] (train) mit-restaurant      :   1%|                    |   1/190 [0:00:00<0:00:28, 6.64Hz]
[03.10 05:12:53] ┇ INFO    ┇                     gner ┇  - [07/07] (train) mit-restaurant      :  13%|██▋                 |  25/190 [0:00:05<0:00:36, 4.51Hz]
[03.10 05:12:58] ┇ INFO    ┇                     gner ┇  - [07/07] (train) mit-restaurant      :  22%|████▎               |  41/190 [0:00:10<0:00:38, 3.88Hz]
[03.10 05:13:03] ┇ INFO    ┇                     gner ┇  - [07/07] (train) mit-restaurant      :  31%|██████              |  58/190 [0:00:15<0:00:36, 3.64Hz]
[03.10 05:13:08] ┇ INFO    ┇                     gner ┇  - [07/07] (train) mit-restaurant      :  38%|███████▋            |  73/190 [0:00:21<0:00:35, 3.25Hz]
[03.10 05:13:14] ┇ INFO    ┇                     gner ┇  - [07/07] (train) mit-restaurant      :  47%|█████████▍          |  90/190 [0:00:26<0:00:32, 3.09Hz]
[03.10 05:13:19] ┇ INFO    ┇                     gner ┇  - [07/07] (train) mit-restaurant      :  60%|████████████        | 114/190 [0:00:31<0:00:22, 3.45Hz]
[03.10 05:13:24] ┇ INFO    ┇                     gner ┇  - [07/07] (train) mit-restaurant      :  69%|█████████████▉      | 132/190 [0:00:37<0:00:16, 3.57Hz]
[03.10 05:13:30] ┇ INFO    ┇                     gner ┇  - [07/07] (train) mit-restaurant      :  80%|████████████████    | 152/190 [0:00:42<0:00:09, 3.92Hz]
[03.10 05:13:35] ┇ INFO    ┇                     gner ┇  - [07/07] (train) mit-restaurant      :  88%|█████████████████▋  | 168/190 [0:00:47<0:00:06, 3.44Hz]
[03.10 05:13:40] ┇ INFO    ┇                     gner ┇  - [07/07] (train) mit-restaurant      :  95%|██████████████████▉ | 180/190 [0:00:52<0:00:03, 3.12Hz]
[03.10 05:13:44] ┇ INFO    ┇                     gner ┇  - [07/07] (train) mit-restaurant      : 100%|████████████████████| 190/190 [0:00:56<0:00:00, 2.96Hz]
[03.10 05:13:45] ┇ INFO    ┇                     gner ┇  - [01/07] (val  ) crossner_ai         :  10%|██                  |  1/10 [0:00:01<0:00:12, 0.75Hz]
[03.10 05:13:50] ┇ INFO    ┇                     gner ┇  - [01/07] (val  ) crossner_ai         :  60%|████████████        |  6/10 [0:00:06<0:00:04, 0.94Hz]
[03.10 05:13:56] ┇ INFO    ┇                     gner ┇  - [01/07] (val  ) crossner_ai         :  70%|██████████████      |  7/10 [0:00:11<0:00:05, 0.59Hz]
[03.10 05:14:01] ┇ INFO    ┇                     gner ┇  - [01/07] (val  ) crossner_ai         :  80%|████████████████    |  8/10 [0:00:17<0:00:04, 0.46Hz]
[03.10 05:14:06] ┇ INFO    ┇                     gner ┇  - [01/07] (val  ) crossner_ai         : 100%|████████████████████| 10/10 [0:00:21<0:00:00, 0.46Hz]
[03.10 05:14:07] ┇ INFO    ┇                     gner ┇  - [02/07] (val  ) crossner_literature :  10%|██                  |  1/10 [0:00:01<0:00:11, 0.82Hz]
[03.10 05:14:16] ┇ INFO    ┇                     gner ┇  - [02/07] (val  ) crossner_literature :  20%|████                |  2/10 [0:00:10<0:00:41, 0.19Hz]
[03.10 05:14:22] ┇ INFO    ┇                     gner ┇  - [02/07] (val  ) crossner_literature :  50%|██████████          |  5/10 [0:00:15<0:00:15, 0.31Hz]
[03.10 05:14:29] ┇ INFO    ┇                     gner ┇  - [02/07] (val  ) crossner_literature :  60%|████████████        |  6/10 [0:00:23<0:00:15, 0.26Hz]
[03.10 05:14:34] ┇ INFO    ┇                     gner ┇  - [02/07] (val  ) crossner_literature : 100%|████████████████████| 10/10 [0:00:28<0:00:00, 0.35Hz]
[03.10 05:14:48] ┇ INFO    ┇                     gner ┇  - [03/07] (val  ) crossner_music      :  10%|██                  |  1/10 [0:00:13<0:02:02, 0.07Hz]
[03.10 05:14:54] ┇ INFO    ┇                     gner ┇  - [03/07] (val  ) crossner_music      :  20%|████                |  2/10 [0:00:19<0:01:17, 0.10Hz]
[03.10 05:15:01] ┇ INFO    ┇                     gner ┇  - [03/07] (val  ) crossner_music      :  40%|████████            |  4/10 [0:00:26<0:00:39, 0.15Hz]
[03.10 05:15:12] ┇ INFO    ┇                     gner ┇  - [03/07] (val  ) crossner_music      :  60%|████████████        |  6/10 [0:00:37<0:00:24, 0.16Hz]
[03.10 05:15:24] ┇ INFO    ┇                     gner ┇  - [03/07] (val  ) crossner_music      :  70%|██████████████      |  7/10 [0:00:49<0:00:21, 0.14Hz]
[03.10 05:15:40] ┇ INFO    ┇                     gner ┇  - [03/07] (val  ) crossner_music      :  80%|████████████████    |  8/10 [0:01:05<0:00:16, 0.12Hz]
[03.10 05:15:44] ┇ INFO    ┇                     gner ┇  - [03/07] (val  ) crossner_music      : 100%|████████████████████| 10/10 [0:01:09<0:00:00, 0.14Hz]
[03.10 05:15:53] ┇ INFO    ┇                     gner ┇  - [04/07] (val  ) crossner_politics   :  10%|██                  |  1/10 [0:00:09<0:01:24, 0.11Hz]
[03.10 05:16:03] ┇ INFO    ┇                     gner ┇  - [04/07] (val  ) crossner_politics   :  20%|████                |  2/10 [0:00:19<0:01:16, 0.10Hz]
[03.10 05:16:29] ┇ INFO    ┇                     gner ┇  - [04/07] (val  ) crossner_politics   :  30%|██████              |  3/10 [0:00:44<0:01:44, 0.07Hz]
[03.10 05:16:37] ┇ INFO    ┇                     gner ┇  - [04/07] (val  ) crossner_politics   :  40%|████████            |  4/10 [0:00:53<0:01:19, 0.08Hz]
[03.10 05:16:50] ┇ INFO    ┇                     gner ┇  - [04/07] (val  ) crossner_politics   :  50%|██████████          |  5/10 [0:01:05<0:01:05, 0.08Hz]
[03.10 05:17:00] ┇ INFO    ┇                     gner ┇  - [04/07] (val  ) crossner_politics   :  70%|██████████████      |  7/10 [0:01:16<0:00:32, 0.09Hz]
[03.10 05:17:08] ┇ INFO    ┇                     gner ┇  - [04/07] (val  ) crossner_politics   :  90%|██████████████████  |  9/10 [0:01:23<0:00:09, 0.11Hz]
[03.10 05:17:19] ┇ INFO    ┇                     gner ┇  - [04/07] (val  ) crossner_politics   : 100%|████████████████████| 10/10 [0:01:35<0:00:00, 0.10Hz]
[03.10 05:17:20] ┇ INFO    ┇                     gner ┇  - [05/07] (val  ) crossner_science    :  10%|██                  |  1/10 [0:00:00<0:00:05, 1.74Hz]
[03.10 05:17:30] ┇ INFO    ┇                     gner ┇  - [05/07] (val  ) crossner_science    :  20%|████                |  2/10 [0:00:10<0:00:40, 0.20Hz]
[03.10 05:17:36] ┇ INFO    ┇                     gner ┇  - [05/07] (val  ) crossner_science    :  40%|████████            |  4/10 [0:00:16<0:00:24, 0.25Hz]
[03.10 05:17:45] ┇ INFO    ┇                     gner ┇  - [05/07] (val  ) crossner_science    :  60%|████████████        |  6/10 [0:00:25<0:00:17, 0.23Hz]
[03.10 05:17:50] ┇ INFO    ┇                     gner ┇  - [05/07] (val  ) crossner_science    :  80%|████████████████    |  8/10 [0:00:31<0:00:07, 0.26Hz]
[03.10 05:17:54] ┇ INFO    ┇                     gner ┇  - [05/07] (val  ) crossner_science    : 100%|████████████████████| 10/10 [0:00:34<0:00:00, 0.29Hz]
[03.10 05:17:54] ┇ INFO    ┇                     gner ┇  - [06/07] (val  ) mit-movie           :  10%|██                  |  1/10 [0:00:00<0:00:02, 3.92Hz]
[03.10 05:17:56] ┇ INFO    ┇                     gner ┇  - [06/07] (val  ) mit-movie           : 100%|████████████████████| 10/10 [0:00:02<0:00:00, 4.62Hz]
[03.10 05:17:56] ┇ INFO    ┇                     gner ┇  - [07/07] (val  ) mit-restaurant      :  10%|██                  |  1/10 [0:00:00<0:00:03, 2.50Hz]
[03.10 05:17:59] ┇ INFO    ┇                     gner ┇  - [07/07] (val  ) mit-restaurant      : 100%|████████████████████| 10/10 [0:00:02<0:00:00, 3.37Hz]
[03.10 05:17:59] ┇ INFO    ┇                     gner ┇ QE data[train] saved to data/GNER-QE/ZSE-validation-pred-by_beam-num=40-train.json
[03.10 05:17:59] ┇ INFO    ┇                     gner ┇ QE data[val] saved to data/GNER-QE/ZSE-validation-pred-by_beam-num=40-val.json
[03.10 05:17:59] ┇ INFO    ┇           chrisbase.data ┇ =========================================================================================================================================
[03.10 05:17:59] ┇ INFO    ┇           chrisbase.data ┇ [EXIT] python /raid/chrisjihee/proj/GNER/generate.py convert_to_qe_data --num_candidates 40 ($=01:43:31.536)
[03.10 05:17:59] ┇ INFO    ┇           chrisbase.data ┇ =========================================================================================================================================
