[03.12 02:09:08] ┇ INFO    ┇           chrisbase.data ┇ =========================================================================================================================================
[03.12 02:09:08] ┇ INFO    ┇           chrisbase.data ┇ [INIT] python /raid/chrisjihee/proj/GNER/generate.py convert_to_qe_data --test_count 200 --num_candidates 20
[03.12 02:09:08] ┇ INFO    ┇           chrisbase.data ┇ =========================================================================================================================================
[03.12 02:09:11] ┇ INFO    ┇                     gner ┇ Converting the generated predictions into QE data for 7 dataset (6470 samples = 0 + 1400)
[03.12 02:09:12] ┇ INFO    ┇                     gner ┇  - [01/07] (test ) crossner_ai         :   0%|                    |   1/200 [0:00:00<0:01:53, 1.76Hz]
[03.12 02:09:19] ┇ INFO    ┇                     gner ┇  - [01/07] (test ) crossner_ai         :   2%|▌                   |   5/200 [0:00:07<0:05:04, 0.64Hz]
[03.12 02:09:24] ┇ INFO    ┇                     gner ┇  - [01/07] (test ) crossner_ai         :   6%|█                   |  11/200 [0:00:12<0:03:40, 0.86Hz]
[03.12 02:09:34] ┇ INFO    ┇                     gner ┇  - [01/07] (test ) crossner_ai         :   8%|█▌                  |  16/200 [0:00:23<0:04:24, 0.69Hz]
[03.12 02:09:42] ┇ INFO    ┇                     gner ┇  - [01/07] (test ) crossner_ai         :  10%|██                  |  21/200 [0:00:31<0:04:25, 0.67Hz]
[03.12 02:09:48] ┇ INFO    ┇                     gner ┇  - [01/07] (test ) crossner_ai         :  14%|██▊                 |  28/200 [0:00:36<0:03:45, 0.76Hz]
[03.12 02:09:53] ┇ INFO    ┇                     gner ┇  - [01/07] (test ) crossner_ai         :  16%|███▎                |  33/200 [0:00:42<0:03:33, 0.78Hz]
[03.12 02:09:59] ┇ INFO    ┇                     gner ┇  - [01/07] (test ) crossner_ai         :  20%|███▉                |  39/200 [0:00:47<0:03:17, 0.82Hz]
[03.12 02:10:05] ┇ INFO    ┇                     gner ┇  - [01/07] (test ) crossner_ai         :  22%|████▎               |  43/200 [0:00:53<0:03:16, 0.80Hz]
[03.12 02:10:15] ┇ INFO    ┇                     gner ┇  - [01/07] (test ) crossner_ai         :  25%|█████               |  50/200 [0:01:03<0:03:11, 0.78Hz]
[03.12 02:10:20] ┇ INFO    ┇                     gner ┇  - [01/07] (test ) crossner_ai         :  26%|█████▎              |  53/200 [0:01:09<0:03:11, 0.77Hz]
[03.12 02:10:27] ┇ INFO    ┇                     gner ┇  - [01/07] (test ) crossner_ai         :  30%|█████▉              |  59/200 [0:01:15<0:03:00, 0.78Hz]
[03.12 02:10:32] ┇ INFO    ┇                     gner ┇  - [01/07] (test ) crossner_ai         :  31%|██████▏             |  62/200 [0:01:21<0:03:00, 0.76Hz]
[03.12 02:10:37] ┇ INFO    ┇                     gner ┇  - [01/07] (test ) crossner_ai         :  33%|██████▌             |  66/200 [0:01:26<0:02:54, 0.77Hz]
[03.12 02:10:46] ┇ INFO    ┇                     gner ┇  - [01/07] (test ) crossner_ai         :  36%|███████             |  71/200 [0:01:34<0:02:52, 0.75Hz]
[03.12 02:10:52] ┇ INFO    ┇                     gner ┇  - [01/07] (test ) crossner_ai         :  36%|███████▎            |  73/200 [0:01:40<0:02:57, 0.71Hz]
[03.12 02:11:03] ┇ INFO    ┇                     gner ┇  - [01/07] (test ) crossner_ai         :  39%|███████▊            |  78/200 [0:01:51<0:03:03, 0.66Hz]
[03.12 02:11:09] ┇ INFO    ┇                     gner ┇  - [01/07] (test ) crossner_ai         :  42%|████████▌           |  85/200 [0:01:58<0:02:38, 0.72Hz]
[03.12 02:11:15] ┇ INFO    ┇                     gner ┇  - [01/07] (test ) crossner_ai         :  44%|████████▉           |  89/200 [0:02:04<0:02:36, 0.71Hz]
[03.12 02:11:24] ┇ INFO    ┇                     gner ┇  - [01/07] (test ) crossner_ai         :  46%|█████████           |  91/200 [0:02:12<0:02:46, 0.66Hz]
[03.12 02:11:35] ┇ INFO    ┇                     gner ┇  - [01/07] (test ) crossner_ai         :  48%|█████████▌          |  96/200 [0:02:23<0:02:47, 0.62Hz]
[03.12 02:11:40] ┇ INFO    ┇                     gner ┇  - [01/07] (test ) crossner_ai         :  50%|█████████▉          |  99/200 [0:02:29<0:02:45, 0.61Hz]
[03.12 02:11:46] ┇ INFO    ┇                     gner ┇  - [01/07] (test ) crossner_ai         :  51%|██████████▏         | 102/200 [0:02:35<0:02:47, 0.59Hz]
[03.12 02:11:53] ┇ INFO    ┇                     gner ┇  - [01/07] (test ) crossner_ai         :  54%|██████████▋         | 107/200 [0:02:41<0:02:38, 0.59Hz]
[03.12 02:11:58] ┇ INFO    ┇                     gner ┇  - [01/07] (test ) crossner_ai         :  55%|███████████         | 110/200 [0:02:46<0:02:37, 0.57Hz]
[03.12 02:12:04] ┇ INFO    ┇                     gner ┇  - [01/07] (test ) crossner_ai         :  57%|███████████▌        | 115/200 [0:02:52<0:02:22, 0.59Hz]
[03.12 02:12:09] ┇ INFO    ┇                     gner ┇  - [01/07] (test ) crossner_ai         :  59%|███████████▊        | 118/200 [0:02:58<0:02:18, 0.59Hz]
[03.12 02:12:15] ┇ INFO    ┇                     gner ┇  - [01/07] (test ) crossner_ai         :  61%|████████████▏       | 122/200 [0:03:04<0:02:14, 0.58Hz]
[03.12 02:12:21] ┇ INFO    ┇                     gner ┇  - [01/07] (test ) crossner_ai         :  64%|████████████▉       | 129/200 [0:03:09<0:01:56, 0.61Hz]
[03.12 02:12:27] ┇ INFO    ┇                     gner ┇  - [01/07] (test ) crossner_ai         :  66%|█████████████▎      | 133/200 [0:03:15<0:01:53, 0.59Hz]
[03.12 02:12:32] ┇ INFO    ┇                     gner ┇  - [01/07] (test ) crossner_ai         :  70%|█████████████▉      | 139/200 [0:03:21<0:01:36, 0.63Hz]
[03.12 02:12:39] ┇ INFO    ┇                     gner ┇  - [01/07] (test ) crossner_ai         :  71%|██████████████▏     | 142/200 [0:03:27<0:01:27, 0.66Hz]
[03.12 02:12:45] ┇ INFO    ┇                     gner ┇  - [01/07] (test ) crossner_ai         :  73%|██████████████▌     | 146/200 [0:03:33<0:01:25, 0.63Hz]
[03.12 02:12:51] ┇ INFO    ┇                     gner ┇  - [01/07] (test ) crossner_ai         :  74%|██████████████▋     | 147/200 [0:03:39<0:01:27, 0.60Hz]
[03.12 02:12:57] ┇ INFO    ┇                     gner ┇  - [01/07] (test ) crossner_ai         :  76%|███████████████▎    | 153/200 [0:03:45<0:01:14, 0.63Hz]
[03.12 02:13:02] ┇ INFO    ┇                     gner ┇  - [01/07] (test ) crossner_ai         :  80%|████████████████    | 160/200 [0:03:51<0:00:53, 0.75Hz]
[03.12 02:13:08] ┇ INFO    ┇                     gner ┇  - [01/07] (test ) crossner_ai         :  81%|████████████████▏   | 162/200 [0:03:56<0:00:52, 0.72Hz]
[03.12 02:13:13] ┇ INFO    ┇                     gner ┇  - [01/07] (test ) crossner_ai         :  83%|████████████████▌   | 166/200 [0:04:02<0:00:46, 0.73Hz]
[03.12 02:13:19] ┇ INFO    ┇                     gner ┇  - [01/07] (test ) crossner_ai         :  84%|████████████████▉   | 169/200 [0:04:07<0:00:43, 0.72Hz]
[03.12 02:13:24] ┇ INFO    ┇                     gner ┇  - [01/07] (test ) crossner_ai         :  86%|█████████████████   | 171/200 [0:04:13<0:00:41, 0.69Hz]
[03.12 02:13:31] ┇ INFO    ┇                     gner ┇  - [01/07] (test ) crossner_ai         :  87%|█████████████████▍  | 174/200 [0:04:19<0:00:37, 0.69Hz]
[03.12 02:13:36] ┇ INFO    ┇                     gner ┇  - [01/07] (test ) crossner_ai         :  88%|█████████████████▌  | 175/200 [0:04:24<0:00:37, 0.66Hz]
[03.12 02:13:41] ┇ INFO    ┇                     gner ┇  - [01/07] (test ) crossner_ai         :  90%|██████████████████  | 180/200 [0:04:30<0:00:30, 0.66Hz]
[03.12 02:13:46] ┇ INFO    ┇                     gner ┇  - [01/07] (test ) crossner_ai         :  92%|██████████████████▍ | 184/200 [0:04:35<0:00:23, 0.67Hz]
[03.12 02:14:00] ┇ INFO    ┇                     gner ┇  - [01/07] (test ) crossner_ai         :  93%|██████████████████▌ | 186/200 [0:04:48<0:00:23, 0.60Hz]
[03.12 02:14:07] ┇ INFO    ┇                     gner ┇  - [01/07] (test ) crossner_ai         :  95%|███████████████████ | 190/200 [0:04:55<0:00:17, 0.58Hz]
[03.12 02:14:12] ┇ INFO    ┇                     gner ┇  - [01/07] (test ) crossner_ai         :  96%|███████████████████▎| 193/200 [0:05:01<0:00:12, 0.57Hz]
[03.12 02:14:17] ┇ INFO    ┇                     gner ┇  - [01/07] (test ) crossner_ai         :  98%|███████████████████▌| 196/200 [0:05:06<0:00:07, 0.57Hz]
[03.12 02:14:22] ┇ INFO    ┇                     gner ┇  - [01/07] (test ) crossner_ai         : 100%|████████████████████| 200/200 [0:05:11<0:00:00, 0.56Hz]
[03.12 02:14:24] ┇ INFO    ┇                     gner ┇  - [02/07] (test ) crossner_literature :   0%|                    |   1/200 [0:00:02<0:07:14, 0.46Hz]
[03.12 02:14:30] ┇ INFO    ┇                     gner ┇  - [02/07] (test ) crossner_literature :   2%|▎                   |   3/200 [0:00:07<0:08:25, 0.39Hz]
[03.12 02:14:39] ┇ INFO    ┇                     gner ┇  - [02/07] (test ) crossner_literature :   3%|▌                   |   6/200 [0:00:16<0:09:02, 0.36Hz]
[03.12 02:14:46] ┇ INFO    ┇                     gner ┇  - [02/07] (test ) crossner_literature :   4%|▊                   |   8/200 [0:00:23<0:09:35, 0.33Hz]
[03.12 02:14:51] ┇ INFO    ┇                     gner ┇  - [02/07] (test ) crossner_literature :   6%|█                   |  11/200 [0:00:29<0:08:22, 0.38Hz]
[03.12 02:14:58] ┇ INFO    ┇                     gner ┇  - [02/07] (test ) crossner_literature :   8%|█▌                  |  15/200 [0:00:36<0:07:26, 0.41Hz]
[03.12 02:15:04] ┇ INFO    ┇                     gner ┇  - [02/07] (test ) crossner_literature :   8%|█▌                  |  16/200 [0:00:41<0:08:00, 0.38Hz]
[03.12 02:15:09] ┇ INFO    ┇                     gner ┇  - [02/07] (test ) crossner_literature :  10%|█▉                  |  19/200 [0:00:47<0:07:29, 0.40Hz]
[03.12 02:15:15] ┇ INFO    ┇                     gner ┇  - [02/07] (test ) crossner_literature :  10%|██                  |  21/200 [0:00:53<0:07:32, 0.40Hz]
[03.12 02:15:21] ┇ INFO    ┇                     gner ┇  - [02/07] (test ) crossner_literature :  11%|██▏                 |  22/200 [0:00:58<0:07:56, 0.37Hz]
[03.12 02:15:27] ┇ INFO    ┇                     gner ┇  - [02/07] (test ) crossner_literature :  12%|██▍                 |  24/200 [0:01:05<0:07:58, 0.37Hz]
[03.12 02:15:34] ┇ INFO    ┇                     gner ┇  - [02/07] (test ) crossner_literature :  14%|██▋                 |  27/200 [0:01:11<0:07:37, 0.38Hz]
[03.12 02:15:39] ┇ INFO    ┇                     gner ┇  - [02/07] (test ) crossner_literature :  16%|███▏                |  32/200 [0:01:16<0:06:42, 0.42Hz]
[03.12 02:15:45] ┇ INFO    ┇                     gner ┇  - [02/07] (test ) crossner_literature :  17%|███▍                |  34/200 [0:01:22<0:06:45, 0.41Hz]
[03.12 02:15:52] ┇ INFO    ┇                     gner ┇  - [02/07] (test ) crossner_literature :  18%|███▋                |  37/200 [0:01:29<0:06:35, 0.41Hz]
[03.12 02:15:57] ┇ INFO    ┇                     gner ┇  - [02/07] (test ) crossner_literature :  19%|███▊                |  38/200 [0:01:35<0:06:45, 0.40Hz]
[03.12 02:16:04] ┇ INFO    ┇                     gner ┇  - [02/07] (test ) crossner_literature :  22%|████▎               |  43/200 [0:01:41<0:06:11, 0.42Hz]
[03.12 02:16:10] ┇ INFO    ┇                     gner ┇  - [02/07] (test ) crossner_literature :  22%|████▍               |  44/200 [0:01:47<0:06:21, 0.41Hz]
[03.12 02:16:18] ┇ INFO    ┇                     gner ┇  - [02/07] (test ) crossner_literature :  22%|████▌               |  45/200 [0:01:56<0:06:39, 0.39Hz]
[03.12 02:16:27] ┇ INFO    ┇                     gner ┇  - [02/07] (test ) crossner_literature :  25%|█████               |  50/200 [0:02:05<0:06:15, 0.40Hz]
[03.12 02:16:36] ┇ INFO    ┇                     gner ┇  - [02/07] (test ) crossner_literature :  26%|█████▎              |  53/200 [0:02:14<0:06:11, 0.40Hz]
[03.12 02:16:41] ┇ INFO    ┇                     gner ┇  - [02/07] (test ) crossner_literature :  28%|█████▌              |  55/200 [0:02:19<0:06:06, 0.40Hz]
[03.12 02:16:51] ┇ INFO    ┇                     gner ┇  - [02/07] (test ) crossner_literature :  29%|█████▊              |  58/200 [0:02:28<0:06:04, 0.39Hz]
[03.12 02:16:57] ┇ INFO    ┇                     gner ┇  - [02/07] (test ) crossner_literature :  30%|██████              |  60/200 [0:02:34<0:06:00, 0.39Hz]
[03.12 02:17:04] ┇ INFO    ┇                     gner ┇  - [02/07] (test ) crossner_literature :  31%|██████▏             |  62/200 [0:02:41<0:05:59, 0.38Hz]
[03.12 02:17:09] ┇ INFO    ┇                     gner ┇  - [02/07] (test ) crossner_literature :  34%|██████▋             |  67/200 [0:02:46<0:05:33, 0.40Hz]
[03.12 02:17:15] ┇ INFO    ┇                     gner ┇  - [02/07] (test ) crossner_literature :  36%|███████             |  71/200 [0:02:52<0:05:04, 0.42Hz]
[03.12 02:17:20] ┇ INFO    ┇                     gner ┇  - [02/07] (test ) crossner_literature :  37%|███████▍            |  74/200 [0:02:57<0:04:57, 0.42Hz]
[03.12 02:17:27] ┇ INFO    ┇                     gner ┇  - [02/07] (test ) crossner_literature :  38%|███████▋            |  77/200 [0:03:04<0:04:55, 0.42Hz]
[03.12 02:17:32] ┇ INFO    ┇                     gner ┇  - [02/07] (test ) crossner_literature :  40%|████████            |  80/200 [0:03:10<0:04:39, 0.43Hz]
[03.12 02:17:39] ┇ INFO    ┇                     gner ┇  - [02/07] (test ) crossner_literature :  42%|████████▎           |  83/200 [0:03:17<0:04:29, 0.43Hz]
[03.12 02:17:45] ┇ INFO    ┇                     gner ┇  - [02/07] (test ) crossner_literature :  42%|████████▌           |  85/200 [0:03:22<0:04:22, 0.44Hz]
[03.12 02:17:55] ┇ INFO    ┇                     gner ┇  - [02/07] (test ) crossner_literature :  45%|█████████           |  90/200 [0:03:33<0:04:07, 0.44Hz]
[03.12 02:18:01] ┇ INFO    ┇                     gner ┇  - [02/07] (test ) crossner_literature :  46%|█████████▏          |  92/200 [0:03:38<0:04:11, 0.43Hz]
[03.12 02:18:08] ┇ INFO    ┇                     gner ┇  - [02/07] (test ) crossner_literature :  48%|█████████▌          |  96/200 [0:03:45<0:04:02, 0.43Hz]
[03.12 02:18:14] ┇ INFO    ┇                     gner ┇  - [02/07] (test ) crossner_literature :  48%|█████████▋          |  97/200 [0:03:51<0:04:03, 0.42Hz]
[03.12 02:18:19] ┇ INFO    ┇                     gner ┇  - [02/07] (test ) crossner_literature :  49%|█████████▊          |  98/200 [0:03:57<0:04:04, 0.42Hz]
[03.12 02:18:26] ┇ INFO    ┇                     gner ┇  - [02/07] (test ) crossner_literature :  51%|██████████▏         | 102/200 [0:04:03<0:03:47, 0.43Hz]
[03.12 02:18:33] ┇ INFO    ┇                     gner ┇  - [02/07] (test ) crossner_literature :  52%|██████████▌         | 105/200 [0:04:10<0:03:46, 0.42Hz]
[03.12 02:18:38] ┇ INFO    ┇                     gner ┇  - [02/07] (test ) crossner_literature :  53%|██████████▌         | 106/200 [0:04:15<0:03:50, 0.41Hz]
[03.12 02:18:47] ┇ INFO    ┇                     gner ┇  - [02/07] (test ) crossner_literature :  54%|██████████▋         | 107/200 [0:04:24<0:03:51, 0.40Hz]
[03.12 02:18:59] ┇ INFO    ┇                     gner ┇  - [02/07] (test ) crossner_literature :  55%|███████████         | 110/200 [0:04:37<0:03:46, 0.40Hz]
[03.12 02:19:05] ┇ INFO    ┇                     gner ┇  - [02/07] (test ) crossner_literature :  57%|███████████▌        | 115/200 [0:04:42<0:03:27, 0.41Hz]
[03.12 02:19:10] ┇ INFO    ┇                     gner ┇  - [02/07] (test ) crossner_literature :  58%|███████████▋        | 117/200 [0:04:47<0:03:18, 0.42Hz]
[03.12 02:19:17] ┇ INFO    ┇                     gner ┇  - [02/07] (test ) crossner_literature :  60%|███████████▉        | 119/200 [0:04:54<0:03:18, 0.41Hz]
[03.12 02:19:23] ┇ INFO    ┇                     gner ┇  - [02/07] (test ) crossner_literature :  60%|████████████        | 121/200 [0:05:00<0:03:10, 0.42Hz]
[03.12 02:19:30] ┇ INFO    ┇                     gner ┇  - [02/07] (test ) crossner_literature :  62%|████████████▌       | 125/200 [0:05:07<0:02:54, 0.43Hz]
[03.12 02:19:36] ┇ INFO    ┇                     gner ┇  - [02/07] (test ) crossner_literature :  66%|█████████████▏      | 132/200 [0:05:13<0:02:36, 0.43Hz]
[03.12 02:19:43] ┇ INFO    ┇                     gner ┇  - [02/07] (test ) crossner_literature :  67%|█████████████▍      | 134/200 [0:05:20<0:02:35, 0.43Hz]
[03.12 02:19:48] ┇ INFO    ┇                     gner ┇  - [02/07] (test ) crossner_literature :  68%|█████████████▌      | 135/200 [0:05:25<0:02:35, 0.42Hz]
[03.12 02:19:57] ┇ INFO    ┇                     gner ┇  - [02/07] (test ) crossner_literature :  68%|█████████████▋      | 137/200 [0:05:34<0:02:36, 0.40Hz]
[03.12 02:20:02] ┇ INFO    ┇                     gner ┇  - [02/07] (test ) crossner_literature :  70%|█████████████▉      | 139/200 [0:05:40<0:02:32, 0.40Hz]
[03.12 02:20:10] ┇ INFO    ┇                     gner ┇  - [02/07] (test ) crossner_literature :  71%|██████████████▏     | 142/200 [0:05:47<0:02:26, 0.40Hz]
[03.12 02:20:15] ┇ INFO    ┇                     gner ┇  - [02/07] (test ) crossner_literature :  73%|██████████████▌     | 146/200 [0:05:52<0:02:13, 0.40Hz]
[03.12 02:20:21] ┇ INFO    ┇                     gner ┇  - [02/07] (test ) crossner_literature :  74%|██████████████▋     | 147/200 [0:05:58<0:02:12, 0.40Hz]
[03.12 02:20:29] ┇ INFO    ┇                     gner ┇  - [02/07] (test ) crossner_literature :  75%|███████████████     | 150/200 [0:06:06<0:02:08, 0.39Hz]
[03.12 02:20:37] ┇ INFO    ┇                     gner ┇  - [02/07] (test ) crossner_literature :  76%|███████████████▏    | 152/200 [0:06:15<0:02:07, 0.38Hz]
[03.12 02:20:44] ┇ INFO    ┇                     gner ┇  - [02/07] (test ) crossner_literature :  78%|███████████████▌    | 156/200 [0:06:21<0:01:52, 0.39Hz]
[03.12 02:20:49] ┇ INFO    ┇                     gner ┇  - [02/07] (test ) crossner_literature :  80%|████████████████    | 160/200 [0:06:27<0:01:38, 0.41Hz]
[03.12 02:20:54] ┇ INFO    ┇                     gner ┇  - [02/07] (test ) crossner_literature :  81%|████████████████▏   | 162/200 [0:06:32<0:01:32, 0.41Hz]
[03.12 02:21:00] ┇ INFO    ┇                     gner ┇  - [02/07] (test ) crossner_literature :  82%|████████████████▌   | 165/200 [0:06:37<0:01:25, 0.41Hz]
[03.12 02:21:07] ┇ INFO    ┇                     gner ┇  - [02/07] (test ) crossner_literature :  83%|████████████████▌   | 166/200 [0:06:44<0:01:25, 0.40Hz]
[03.12 02:21:14] ┇ INFO    ┇                     gner ┇  - [02/07] (test ) crossner_literature :  84%|████████████████▊   | 168/200 [0:06:51<0:01:21, 0.39Hz]
[03.12 02:21:19] ┇ INFO    ┇                     gner ┇  - [02/07] (test ) crossner_literature :  85%|█████████████████   | 170/200 [0:06:57<0:01:12, 0.41Hz]
[03.12 02:21:30] ┇ INFO    ┇                     gner ┇  - [02/07] (test ) crossner_literature :  87%|█████████████████▍  | 174/200 [0:07:07<0:01:01, 0.42Hz]
[03.12 02:21:35] ┇ INFO    ┇                     gner ┇  - [02/07] (test ) crossner_literature :  88%|█████████████████▌  | 176/200 [0:07:13<0:00:58, 0.41Hz]
[03.12 02:21:47] ┇ INFO    ┇                     gner ┇  - [02/07] (test ) crossner_literature :  88%|█████████████████▋  | 177/200 [0:07:24<0:00:59, 0.39Hz]
[03.12 02:21:56] ┇ INFO    ┇                     gner ┇  - [02/07] (test ) crossner_literature :  90%|█████████████████▉  | 179/200 [0:07:33<0:00:55, 0.38Hz]
[03.12 02:22:01] ┇ INFO    ┇                     gner ┇  - [02/07] (test ) crossner_literature :  92%|██████████████████▎ | 183/200 [0:07:39<0:00:43, 0.39Hz]
[03.12 02:22:09] ┇ INFO    ┇                     gner ┇  - [02/07] (test ) crossner_literature :  93%|██████████████████▌ | 186/200 [0:07:46<0:00:36, 0.38Hz]
[03.12 02:22:15] ┇ INFO    ┇                     gner ┇  - [02/07] (test ) crossner_literature :  96%|███████████████████ | 191/200 [0:07:52<0:00:23, 0.39Hz]
[03.12 02:22:22] ┇ INFO    ┇                     gner ┇  - [02/07] (test ) crossner_literature :  96%|███████████████████▏| 192/200 [0:07:59<0:00:21, 0.37Hz]
[03.12 02:22:29] ┇ INFO    ┇                     gner ┇  - [02/07] (test ) crossner_literature :  98%|███████████████████▌| 196/200 [0:08:07<0:00:10, 0.36Hz]
[03.12 02:22:43] ┇ INFO    ┇                     gner ┇  - [02/07] (test ) crossner_literature : 100%|███████████████████▉| 199/200 [0:08:21<0:00:02, 0.37Hz]
[03.12 02:22:48] ┇ INFO    ┇                     gner ┇  - [02/07] (test ) crossner_literature : 100%|████████████████████| 200/200 [0:08:26<0:00:00, 0.37Hz]
[03.12 02:22:53] ┇ INFO    ┇                     gner ┇  - [03/07] (test ) crossner_music      :   0%|                    |   1/200 [0:00:04<0:15:18, 0.22Hz]
[03.12 02:22:59] ┇ INFO    ┇                     gner ┇  - [03/07] (test ) crossner_music      :   1%|▏                   |   2/200 [0:00:10<0:16:39, 0.20Hz]
[03.12 02:23:08] ┇ INFO    ┇                     gner ┇  - [03/07] (test ) crossner_music      :   2%|▍                   |   4/200 [0:00:20<0:16:20, 0.20Hz]
[03.12 02:23:15] ┇ INFO    ┇                     gner ┇  - [03/07] (test ) crossner_music      :   4%|▋                   |   7/200 [0:00:26<0:12:18, 0.26Hz]
[03.12 02:23:31] ┇ INFO    ┇                     gner ┇  - [03/07] (test ) crossner_music      :   4%|▉                   |   9/200 [0:00:42<0:14:52, 0.21Hz]
[03.12 02:23:47] ┇ INFO    ┇                     gner ┇  - [03/07] (test ) crossner_music      :   6%|█                   |  11/200 [0:00:58<0:16:42, 0.19Hz]
[03.12 02:23:55] ┇ INFO    ┇                     gner ┇  - [03/07] (test ) crossner_music      :   6%|█▎                  |  13/200 [0:01:06<0:15:58, 0.20Hz]
[03.12 02:24:03] ┇ INFO    ┇                     gner ┇  - [03/07] (test ) crossner_music      :   8%|█▌                  |  15/200 [0:01:14<0:15:15, 0.20Hz]
[03.12 02:24:09] ┇ INFO    ┇                     gner ┇  - [03/07] (test ) crossner_music      :  10%|█▉                  |  19/200 [0:01:20<0:12:42, 0.24Hz]
[03.12 02:24:18] ┇ INFO    ┇                     gner ┇  - [03/07] (test ) crossner_music      :  11%|██▏                 |  22/200 [0:01:29<0:12:01, 0.25Hz]
[03.12 02:24:25] ┇ INFO    ┇                     gner ┇  - [03/07] (test ) crossner_music      :  12%|██▍                 |  24/200 [0:01:36<0:11:44, 0.25Hz]
[03.12 02:24:32] ┇ INFO    ┇                     gner ┇  - [03/07] (test ) crossner_music      :  12%|██▌                 |  25/200 [0:01:43<0:12:01, 0.24Hz]
[03.12 02:24:40] ┇ INFO    ┇                     gner ┇  - [03/07] (test ) crossner_music      :  14%|██▉                 |  29/200 [0:01:51<0:10:55, 0.26Hz]
[03.12 02:24:45] ┇ INFO    ┇                     gner ┇  - [03/07] (test ) crossner_music      :  16%|███▏                |  32/200 [0:01:56<0:10:11, 0.27Hz]
[03.12 02:24:53] ┇ INFO    ┇                     gner ┇  - [03/07] (test ) crossner_music      :  16%|███▎                |  33/200 [0:02:04<0:10:29, 0.27Hz]
[03.12 02:24:58] ┇ INFO    ┇                     gner ┇  - [03/07] (test ) crossner_music      :  18%|███▌                |  35/200 [0:02:09<0:10:10, 0.27Hz]
[03.12 02:25:04] ┇ INFO    ┇                     gner ┇  - [03/07] (test ) crossner_music      :  18%|███▌                |  36/200 [0:02:15<0:10:18, 0.26Hz]
[03.12 02:25:10] ┇ INFO    ┇                     gner ┇  - [03/07] (test ) crossner_music      :  19%|███▊                |  38/200 [0:02:21<0:10:03, 0.27Hz]
[03.12 02:25:15] ┇ INFO    ┇                     gner ┇  - [03/07] (test ) crossner_music      :  20%|████                |  40/200 [0:02:26<0:09:46, 0.27Hz]
[03.12 02:25:23] ┇ INFO    ┇                     gner ┇  - [03/07] (test ) crossner_music      :  22%|████▍               |  44/200 [0:02:34<0:09:08, 0.28Hz]
[03.12 02:25:38] ┇ INFO    ┇                     gner ┇  - [03/07] (test ) crossner_music      :  24%|████▋               |  47/200 [0:02:49<0:09:12, 0.28Hz]
[03.12 02:25:45] ┇ INFO    ┇                     gner ┇  - [03/07] (test ) crossner_music      :  25%|█████               |  50/200 [0:02:56<0:08:48, 0.28Hz]
[03.12 02:25:50] ┇ INFO    ┇                     gner ┇  - [03/07] (test ) crossner_music      :  26%|█████▏              |  52/200 [0:03:01<0:08:36, 0.29Hz]
[03.12 02:25:56] ┇ INFO    ┇                     gner ┇  - [03/07] (test ) crossner_music      :  28%|█████▌              |  55/200 [0:03:07<0:08:15, 0.29Hz]
[03.12 02:26:02] ┇ INFO    ┇                     gner ┇  - [03/07] (test ) crossner_music      :  28%|█████▌              |  56/200 [0:03:13<0:08:18, 0.29Hz]
[03.12 02:26:10] ┇ INFO    ┇                     gner ┇  - [03/07] (test ) crossner_music      :  30%|█████▉              |  59/200 [0:03:21<0:08:00, 0.29Hz]
[03.12 02:26:17] ┇ INFO    ┇                     gner ┇  - [03/07] (test ) crossner_music      :  30%|██████              |  61/200 [0:03:28<0:07:55, 0.29Hz]
[03.12 02:26:23] ┇ INFO    ┇                     gner ┇  - [03/07] (test ) crossner_music      :  32%|██████▎             |  63/200 [0:03:34<0:07:47, 0.29Hz]
[03.12 02:26:41] ┇ INFO    ┇                     gner ┇  - [03/07] (test ) crossner_music      :  33%|██████▌             |  66/200 [0:03:52<0:07:50, 0.29Hz]
[03.12 02:26:51] ┇ INFO    ┇                     gner ┇  - [03/07] (test ) crossner_music      :  34%|██████▉             |  69/200 [0:04:02<0:07:32, 0.29Hz]
[03.12 02:27:00] ┇ INFO    ┇                     gner ┇  - [03/07] (test ) crossner_music      :  35%|███████             |  70/200 [0:04:11<0:07:42, 0.28Hz]
[03.12 02:27:08] ┇ INFO    ┇                     gner ┇  - [03/07] (test ) crossner_music      :  36%|███████▏            |  72/200 [0:04:19<0:07:21, 0.29Hz]
[03.12 02:27:13] ┇ INFO    ┇                     gner ┇  - [03/07] (test ) crossner_music      :  37%|███████▍            |  74/200 [0:04:24<0:06:52, 0.31Hz]
[03.12 02:27:23] ┇ INFO    ┇                     gner ┇  - [03/07] (test ) crossner_music      :  38%|███████▋            |  77/200 [0:04:34<0:06:40, 0.31Hz]
[03.12 02:27:30] ┇ INFO    ┇                     gner ┇  - [03/07] (test ) crossner_music      :  40%|███████▉            |  79/200 [0:04:41<0:06:32, 0.31Hz]
[03.12 02:27:35] ┇ INFO    ┇                     gner ┇  - [03/07] (test ) crossner_music      :  42%|████████▎           |  83/200 [0:04:46<0:06:20, 0.31Hz]
[03.12 02:27:43] ┇ INFO    ┇                     gner ┇  - [03/07] (test ) crossner_music      :  42%|████████▌           |  85/200 [0:04:54<0:06:15, 0.31Hz]
[03.12 02:27:52] ┇ INFO    ┇                     gner ┇  - [03/07] (test ) crossner_music      :  44%|████████▋           |  87/200 [0:05:03<0:06:12, 0.30Hz]
[03.12 02:27:58] ┇ INFO    ┇                     gner ┇  - [03/07] (test ) crossner_music      :  44%|████████▉           |  89/200 [0:05:09<0:06:01, 0.31Hz]
[03.12 02:28:08] ┇ INFO    ┇                     gner ┇  - [03/07] (test ) crossner_music      :  46%|█████████▎          |  93/200 [0:05:19<0:05:50, 0.31Hz]
[03.12 02:28:14] ┇ INFO    ┇                     gner ┇  - [03/07] (test ) crossner_music      :  48%|█████████▌          |  95/200 [0:05:26<0:05:49, 0.30Hz]
[03.12 02:28:25] ┇ INFO    ┇                     gner ┇  - [03/07] (test ) crossner_music      :  48%|█████████▌          |  96/200 [0:05:36<0:05:50, 0.30Hz]
[03.12 02:28:33] ┇ INFO    ┇                     gner ┇  - [03/07] (test ) crossner_music      :  50%|█████████▉          |  99/200 [0:05:44<0:05:33, 0.30Hz]
[03.12 02:28:38] ┇ INFO    ┇                     gner ┇  - [03/07] (test ) crossner_music      :  50%|██████████          | 100/200 [0:05:49<0:05:34, 0.30Hz]
[03.12 02:28:49] ┇ INFO    ┇                     gner ┇  - [03/07] (test ) crossner_music      :  50%|██████████          | 101/200 [0:06:00<0:05:43, 0.29Hz]
[03.12 02:28:58] ┇ INFO    ┇                     gner ┇  - [03/07] (test ) crossner_music      :  51%|██████████▏         | 102/200 [0:06:09<0:05:48, 0.28Hz]
[03.12 02:29:04] ┇ INFO    ┇                     gner ┇  - [03/07] (test ) crossner_music      :  52%|██████████▍         | 104/200 [0:06:15<0:05:45, 0.28Hz]
[03.12 02:29:13] ┇ INFO    ┇                     gner ┇  - [03/07] (test ) crossner_music      :  54%|██████████▊         | 108/200 [0:06:24<0:05:31, 0.28Hz]
[03.12 02:29:29] ┇ INFO    ┇                     gner ┇  - [03/07] (test ) crossner_music      :  55%|███████████         | 110/200 [0:06:40<0:05:29, 0.27Hz]
[03.12 02:29:35] ┇ INFO    ┇                     gner ┇  - [03/07] (test ) crossner_music      :  57%|███████████▍        | 114/200 [0:06:46<0:05:10, 0.28Hz]
[03.12 02:29:41] ┇ INFO    ┇                     gner ┇  - [03/07] (test ) crossner_music      :  58%|███████████▌        | 116/200 [0:06:52<0:05:07, 0.27Hz]
[03.12 02:29:48] ┇ INFO    ┇                     gner ┇  - [03/07] (test ) crossner_music      :  60%|███████████▉        | 119/200 [0:06:59<0:04:49, 0.28Hz]
[03.12 02:29:55] ┇ INFO    ┇                     gner ┇  - [03/07] (test ) crossner_music      :  60%|████████████        | 121/200 [0:07:06<0:04:46, 0.28Hz]
[03.12 02:30:03] ┇ INFO    ┇                     gner ┇  - [03/07] (test ) crossner_music      :  61%|████████████▏       | 122/200 [0:07:14<0:04:48, 0.27Hz]
[03.12 02:30:08] ┇ INFO    ┇                     gner ┇  - [03/07] (test ) crossner_music      :  62%|████████████▌       | 125/200 [0:07:19<0:04:31, 0.28Hz]
[03.12 02:30:21] ┇ INFO    ┇                     gner ┇  - [03/07] (test ) crossner_music      :  66%|█████████████       | 131/200 [0:07:32<0:03:56, 0.29Hz]
[03.12 02:30:30] ┇ INFO    ┇                     gner ┇  - [03/07] (test ) crossner_music      :  66%|█████████████▎      | 133/200 [0:07:41<0:03:43, 0.30Hz]
[03.12 02:30:37] ┇ INFO    ┇                     gner ┇  - [03/07] (test ) crossner_music      :  68%|█████████████▌      | 135/200 [0:07:48<0:03:35, 0.30Hz]
[03.12 02:30:42] ┇ INFO    ┇                     gner ┇  - [03/07] (test ) crossner_music      :  68%|█████████████▌      | 136/200 [0:07:53<0:03:34, 0.30Hz]
[03.12 02:30:50] ┇ INFO    ┇                     gner ┇  - [03/07] (test ) crossner_music      :  69%|█████████████▊      | 138/200 [0:08:01<0:03:32, 0.29Hz]
[03.12 02:30:58] ┇ INFO    ┇                     gner ┇  - [03/07] (test ) crossner_music      :  70%|█████████████▉      | 139/200 [0:08:09<0:03:34, 0.28Hz]
[03.12 02:31:05] ┇ INFO    ┇                     gner ┇  - [03/07] (test ) crossner_music      :  71%|██████████████▏     | 142/200 [0:08:16<0:03:17, 0.29Hz]
[03.12 02:31:12] ┇ INFO    ┇                     gner ┇  - [03/07] (test ) crossner_music      :  72%|██████████████▍     | 144/200 [0:08:23<0:03:15, 0.29Hz]
[03.12 02:31:20] ┇ INFO    ┇                     gner ┇  - [03/07] (test ) crossner_music      :  74%|██████████████▋     | 147/200 [0:08:31<0:03:08, 0.28Hz]
[03.12 02:31:31] ┇ INFO    ┇                     gner ┇  - [03/07] (test ) crossner_music      :  75%|███████████████     | 150/200 [0:08:42<0:02:54, 0.29Hz]
[03.12 02:31:39] ┇ INFO    ┇                     gner ┇  - [03/07] (test ) crossner_music      :  76%|███████████████▎    | 153/200 [0:08:50<0:02:43, 0.29Hz]
[03.12 02:31:45] ┇ INFO    ┇                     gner ┇  - [03/07] (test ) crossner_music      :  78%|███████████████▌    | 155/200 [0:08:56<0:02:39, 0.28Hz]
[03.12 02:31:54] ┇ INFO    ┇                     gner ┇  - [03/07] (test ) crossner_music      :  78%|███████████████▋    | 157/200 [0:09:05<0:02:30, 0.28Hz]
[03.12 02:32:00] ┇ INFO    ┇                     gner ┇  - [03/07] (test ) crossner_music      :  80%|███████████████▉    | 159/200 [0:09:11<0:02:20, 0.29Hz]
[03.12 02:32:09] ┇ INFO    ┇                     gner ┇  - [03/07] (test ) crossner_music      :  82%|████████████████▎   | 163/200 [0:09:20<0:02:03, 0.30Hz]
[03.12 02:32:15] ┇ INFO    ┇                     gner ┇  - [03/07] (test ) crossner_music      :  82%|████████████████▌   | 165/200 [0:09:26<0:01:49, 0.32Hz]
[03.12 02:32:21] ┇ INFO    ┇                     gner ┇  - [03/07] (test ) crossner_music      :  84%|████████████████▋   | 167/200 [0:09:32<0:01:42, 0.32Hz]
[03.12 02:32:36] ┇ INFO    ┇                     gner ┇  - [03/07] (test ) crossner_music      :  86%|█████████████████   | 171/200 [0:09:47<0:01:33, 0.31Hz]
[03.12 02:32:49] ┇ INFO    ┇                     gner ┇  - [03/07] (test ) crossner_music      :  87%|█████████████████▍  | 174/200 [0:10:00<0:01:22, 0.32Hz]
[03.12 02:32:59] ┇ INFO    ┇                     gner ┇  - [03/07] (test ) crossner_music      :  88%|█████████████████▋  | 177/200 [0:10:10<0:01:14, 0.31Hz]
[03.12 02:33:06] ┇ INFO    ┇                     gner ┇  - [03/07] (test ) crossner_music      :  90%|██████████████████  | 181/200 [0:10:17<0:01:00, 0.31Hz]
[03.12 02:33:12] ┇ INFO    ┇                     gner ┇  - [03/07] (test ) crossner_music      :  92%|██████████████████▌ | 185/200 [0:10:23<0:00:45, 0.33Hz]
[03.12 02:33:20] ┇ INFO    ┇                     gner ┇  - [03/07] (test ) crossner_music      :  94%|██████████████████▊ | 188/200 [0:10:31<0:00:36, 0.33Hz]
[03.12 02:33:26] ┇ INFO    ┇                     gner ┇  - [03/07] (test ) crossner_music      :  96%|███████████████████ | 191/200 [0:10:37<0:00:27, 0.32Hz]
[03.12 02:33:36] ┇ INFO    ┇                     gner ┇  - [03/07] (test ) crossner_music      :  97%|███████████████████▍| 194/200 [0:10:47<0:00:18, 0.32Hz]
[03.12 02:33:41] ┇ INFO    ┇                     gner ┇  - [03/07] (test ) crossner_music      :  98%|███████████████████▌| 196/200 [0:10:52<0:00:12, 0.33Hz]
[03.12 02:33:47] ┇ INFO    ┇                     gner ┇  - [03/07] (test ) crossner_music      :  99%|███████████████████▊| 198/200 [0:10:58<0:00:06, 0.33Hz]
[03.12 02:33:53] ┇ INFO    ┇                     gner ┇  - [03/07] (test ) crossner_music      : 100%|████████████████████| 200/200 [0:11:04<0:00:00, 0.34Hz]
[03.12 02:33:54] ┇ INFO    ┇                     gner ┇  - [04/07] (test ) crossner_politics   :   0%|                    |   1/200 [0:00:00<0:02:51, 1.16Hz]
[03.12 02:34:00] ┇ INFO    ┇                     gner ┇  - [04/07] (test ) crossner_politics   :   2%|▎                   |   3/200 [0:00:06<0:06:56, 0.47Hz]
[03.12 02:34:05] ┇ INFO    ┇                     gner ┇  - [04/07] (test ) crossner_politics   :   3%|▌                   |   6/200 [0:00:11<0:06:26, 0.50Hz]
[03.12 02:34:10] ┇ INFO    ┇                     gner ┇  - [04/07] (test ) crossner_politics   :   4%|▋                   |   7/200 [0:00:17<0:07:49, 0.41Hz]
[03.12 02:34:16] ┇ INFO    ┇                     gner ┇  - [04/07] (test ) crossner_politics   :   6%|█                   |  11/200 [0:00:23<0:06:39, 0.47Hz]
[03.12 02:34:23] ┇ INFO    ┇                     gner ┇  - [04/07] (test ) crossner_politics   :   6%|█▎                  |  13/200 [0:00:29<0:07:09, 0.44Hz]
[03.12 02:34:32] ┇ INFO    ┇                     gner ┇  - [04/07] (test ) crossner_politics   :   8%|█▌                  |  15/200 [0:00:38<0:07:55, 0.39Hz]
[03.12 02:34:39] ┇ INFO    ┇                     gner ┇  - [04/07] (test ) crossner_politics   :   9%|█▊                  |  18/200 [0:00:45<0:07:44, 0.39Hz]
[03.12 02:34:47] ┇ INFO    ┇                     gner ┇  - [04/07] (test ) crossner_politics   :  10%|██                  |  20/200 [0:00:54<0:08:06, 0.37Hz]
[03.12 02:34:53] ┇ INFO    ┇                     gner ┇  - [04/07] (test ) crossner_politics   :  11%|██▏                 |  22/200 [0:00:59<0:08:00, 0.37Hz]
[03.12 02:35:01] ┇ INFO    ┇                     gner ┇  - [04/07] (test ) crossner_politics   :  12%|██▎                 |  23/200 [0:01:07<0:08:40, 0.34Hz]
[03.12 02:35:07] ┇ INFO    ┇                     gner ┇  - [04/07] (test ) crossner_politics   :  12%|██▌                 |  25/200 [0:01:13<0:08:37, 0.34Hz]
[03.12 02:35:16] ┇ INFO    ┇                     gner ┇  - [04/07] (test ) crossner_politics   :  14%|██▊                 |  28/200 [0:01:22<0:08:26, 0.34Hz]
[03.12 02:35:29] ┇ INFO    ┇                     gner ┇  - [04/07] (test ) crossner_politics   :  15%|███                 |  30/200 [0:01:35<0:09:00, 0.31Hz]
[03.12 02:35:38] ┇ INFO    ┇                     gner ┇  - [04/07] (test ) crossner_politics   :  16%|███                 |  31/200 [0:01:44<0:09:31, 0.30Hz]
[03.12 02:35:47] ┇ INFO    ┇                     gner ┇  - [04/07] (test ) crossner_politics   :  17%|███▍                |  34/200 [0:01:54<0:09:16, 0.30Hz]
[03.12 02:35:53] ┇ INFO    ┇                     gner ┇  - [04/07] (test ) crossner_politics   :  18%|███▌                |  35/200 [0:02:00<0:09:26, 0.29Hz]
[03.12 02:36:00] ┇ INFO    ┇                     gner ┇  - [04/07] (test ) crossner_politics   :  18%|███▌                |  36/200 [0:02:06<0:09:35, 0.28Hz]
[03.12 02:36:05] ┇ INFO    ┇                     gner ┇  - [04/07] (test ) crossner_politics   :  20%|████                |  40/200 [0:02:12<0:08:48, 0.30Hz]
[03.12 02:36:13] ┇ INFO    ┇                     gner ┇  - [04/07] (test ) crossner_politics   :  22%|████▎               |  43/200 [0:02:19<0:08:29, 0.31Hz]
[03.12 02:36:22] ┇ INFO    ┇                     gner ┇  - [04/07] (test ) crossner_politics   :  22%|████▍               |  44/200 [0:02:28<0:08:47, 0.30Hz]
[03.12 02:36:27] ┇ INFO    ┇                     gner ┇  - [04/07] (test ) crossner_politics   :  22%|████▌               |  45/200 [0:02:34<0:08:50, 0.29Hz]
[03.12 02:36:35] ┇ INFO    ┇                     gner ┇  - [04/07] (test ) crossner_politics   :  24%|████▉               |  49/200 [0:02:41<0:08:18, 0.30Hz]
[03.12 02:36:40] ┇ INFO    ┇                     gner ┇  - [04/07] (test ) crossner_politics   :  25%|█████               |  50/200 [0:02:47<0:08:21, 0.30Hz]
[03.12 02:36:49] ┇ INFO    ┇                     gner ┇  - [04/07] (test ) crossner_politics   :  26%|█████▎              |  53/200 [0:02:55<0:08:07, 0.30Hz]
[03.12 02:36:55] ┇ INFO    ┇                     gner ┇  - [04/07] (test ) crossner_politics   :  27%|█████▍              |  54/200 [0:03:01<0:08:11, 0.30Hz]
[03.12 02:37:02] ┇ INFO    ┇                     gner ┇  - [04/07] (test ) crossner_politics   :  28%|█████▌              |  56/200 [0:03:08<0:08:05, 0.30Hz]
[03.12 02:37:08] ┇ INFO    ┇                     gner ┇  - [04/07] (test ) crossner_politics   :  29%|█████▊              |  58/200 [0:03:14<0:07:56, 0.30Hz]
[03.12 02:37:20] ┇ INFO    ┇                     gner ┇  - [04/07] (test ) crossner_politics   :  30%|██████              |  61/200 [0:03:27<0:07:52, 0.29Hz]
[03.12 02:37:26] ┇ INFO    ┇                     gner ┇  - [04/07] (test ) crossner_politics   :  32%|██████▍             |  64/200 [0:03:32<0:07:36, 0.30Hz]
[03.12 02:37:33] ┇ INFO    ┇                     gner ┇  - [04/07] (test ) crossner_politics   :  33%|██████▌             |  66/200 [0:03:39<0:07:33, 0.30Hz]
[03.12 02:37:44] ┇ INFO    ┇                     gner ┇  - [04/07] (test ) crossner_politics   :  34%|██████▋             |  67/200 [0:03:50<0:07:52, 0.28Hz]
[03.12 02:37:55] ┇ INFO    ┇                     gner ┇  - [04/07] (test ) crossner_politics   :  34%|██████▉             |  69/200 [0:04:02<0:07:58, 0.27Hz]
[03.12 02:38:02] ┇ INFO    ┇                     gner ┇  - [04/07] (test ) crossner_politics   :  35%|███████             |  70/200 [0:04:09<0:07:58, 0.27Hz]
[03.12 02:38:09] ┇ INFO    ┇                     gner ┇  - [04/07] (test ) crossner_politics   :  36%|███████▏            |  72/200 [0:04:15<0:08:00, 0.27Hz]
[03.12 02:38:15] ┇ INFO    ┇                     gner ┇  - [04/07] (test ) crossner_politics   :  36%|███████▎            |  73/200 [0:04:21<0:08:07, 0.26Hz]
[03.12 02:38:21] ┇ INFO    ┇                     gner ┇  - [04/07] (test ) crossner_politics   :  38%|███████▌            |  75/200 [0:04:28<0:07:58, 0.26Hz]
[03.12 02:38:32] ┇ INFO    ┇                     gner ┇  - [04/07] (test ) crossner_politics   :  38%|███████▌            |  76/200 [0:04:38<0:08:09, 0.25Hz]
[03.12 02:38:40] ┇ INFO    ┇                     gner ┇  - [04/07] (test ) crossner_politics   :  38%|███████▋            |  77/200 [0:04:47<0:08:19, 0.25Hz]
[03.12 02:38:46] ┇ INFO    ┇                     gner ┇  - [04/07] (test ) crossner_politics   :  40%|███████▉            |  79/200 [0:04:53<0:08:04, 0.25Hz]
[03.12 02:38:53] ┇ INFO    ┇                     gner ┇  - [04/07] (test ) crossner_politics   :  40%|████████            |  81/200 [0:04:59<0:07:59, 0.25Hz]
[03.12 02:38:58] ┇ INFO    ┇                     gner ┇  - [04/07] (test ) crossner_politics   :  42%|████████▍           |  84/200 [0:05:05<0:07:40, 0.25Hz]
[03.12 02:39:05] ┇ INFO    ┇                     gner ┇  - [04/07] (test ) crossner_politics   :  43%|████████▌           |  86/200 [0:05:12<0:07:22, 0.26Hz]
[03.12 02:39:17] ┇ INFO    ┇                     gner ┇  - [04/07] (test ) crossner_politics   :  44%|████████▋           |  87/200 [0:05:24<0:07:31, 0.25Hz]
[03.12 02:39:28] ┇ INFO    ┇                     gner ┇  - [04/07] (test ) crossner_politics   :  44%|████████▉           |  89/200 [0:05:35<0:07:36, 0.24Hz]
[03.12 02:39:43] ┇ INFO    ┇                     gner ┇  - [04/07] (test ) crossner_politics   :  46%|█████████▏          |  92/200 [0:05:50<0:07:34, 0.24Hz]
[03.12 02:39:49] ┇ INFO    ┇                     gner ┇  - [04/07] (test ) crossner_politics   :  46%|█████████▎          |  93/200 [0:05:55<0:07:22, 0.24Hz]
[03.12 02:40:05] ┇ INFO    ┇                     gner ┇  - [04/07] (test ) crossner_politics   :  47%|█████████▍          |  94/200 [0:06:11<0:07:29, 0.24Hz]
[03.12 02:40:11] ┇ INFO    ┇                     gner ┇  - [04/07] (test ) crossner_politics   :  48%|█████████▌          |  95/200 [0:06:18<0:07:29, 0.23Hz]
[03.12 02:40:19] ┇ INFO    ┇                     gner ┇  - [04/07] (test ) crossner_politics   :  49%|█████████▊          |  98/200 [0:06:26<0:07:10, 0.24Hz]
[03.12 02:40:26] ┇ INFO    ┇                     gner ┇  - [04/07] (test ) crossner_politics   :  50%|█████████▉          |  99/200 [0:06:33<0:07:07, 0.24Hz]
[03.12 02:40:31] ┇ INFO    ┇                     gner ┇  - [04/07] (test ) crossner_politics   :  50%|██████████          | 101/200 [0:06:38<0:07:01, 0.23Hz]
[03.12 02:40:37] ┇ INFO    ┇                     gner ┇  - [04/07] (test ) crossner_politics   :  52%|██████████▍         | 104/200 [0:06:43<0:06:48, 0.23Hz]
[03.12 02:40:47] ┇ INFO    ┇                     gner ┇  - [04/07] (test ) crossner_politics   :  52%|██████████▌         | 105/200 [0:06:54<0:06:58, 0.23Hz]
[03.12 02:40:52] ┇ INFO    ┇                     gner ┇  - [04/07] (test ) crossner_politics   :  53%|██████████▌         | 106/200 [0:06:59<0:06:57, 0.23Hz]
[03.12 02:41:01] ┇ INFO    ┇                     gner ┇  - [04/07] (test ) crossner_politics   :  54%|██████████▋         | 107/200 [0:07:07<0:06:51, 0.23Hz]
[03.12 02:41:06] ┇ INFO    ┇                     gner ┇  - [04/07] (test ) crossner_politics   :  54%|██████████▊         | 108/200 [0:07:13<0:06:47, 0.23Hz]
[03.12 02:41:14] ┇ INFO    ┇                     gner ┇  - [04/07] (test ) crossner_politics   :  55%|███████████         | 110/200 [0:07:21<0:06:45, 0.22Hz]
[03.12 02:41:20] ┇ INFO    ┇                     gner ┇  - [04/07] (test ) crossner_politics   :  56%|███████████         | 111/200 [0:07:26<0:06:47, 0.22Hz]
[03.12 02:41:26] ┇ INFO    ┇                     gner ┇  - [04/07] (test ) crossner_politics   :  56%|███████████▎        | 113/200 [0:07:32<0:06:34, 0.22Hz]
[03.12 02:41:32] ┇ INFO    ┇                     gner ┇  - [04/07] (test ) crossner_politics   :  57%|███████████▌        | 115/200 [0:07:38<0:06:27, 0.22Hz]
[03.12 02:41:37] ┇ INFO    ┇                     gner ┇  - [04/07] (test ) crossner_politics   :  58%|███████████▋        | 117/200 [0:07:44<0:06:11, 0.22Hz]
[03.12 02:41:43] ┇ INFO    ┇                     gner ┇  - [04/07] (test ) crossner_politics   :  60%|███████████▉        | 119/200 [0:07:49<0:06:00, 0.22Hz]
[03.12 02:41:57] ┇ INFO    ┇                     gner ┇  - [04/07] (test ) crossner_politics   :  60%|████████████        | 121/200 [0:08:03<0:06:02, 0.22Hz]
[03.12 02:42:08] ┇ INFO    ┇                     gner ┇  - [04/07] (test ) crossner_politics   :  61%|████████████▏       | 122/200 [0:08:14<0:06:10, 0.21Hz]
[03.12 02:42:14] ┇ INFO    ┇                     gner ┇  - [04/07] (test ) crossner_politics   :  62%|████████████▎       | 123/200 [0:08:20<0:06:09, 0.21Hz]
[03.12 02:42:19] ┇ INFO    ┇                     gner ┇  - [04/07] (test ) crossner_politics   :  62%|████████████▍       | 124/200 [0:08:25<0:05:59, 0.21Hz]
[03.12 02:42:26] ┇ INFO    ┇                     gner ┇  - [04/07] (test ) crossner_politics   :  62%|████████████▌       | 125/200 [0:08:32<0:06:02, 0.21Hz]
[03.12 02:42:41] ┇ INFO    ┇                     gner ┇  - [04/07] (test ) crossner_politics   :  64%|████████████▋       | 127/200 [0:08:47<0:06:05, 0.20Hz]
[03.12 02:42:48] ┇ INFO    ┇                     gner ┇  - [04/07] (test ) crossner_politics   :  64%|████████████▉       | 129/200 [0:08:54<0:05:55, 0.20Hz]
[03.12 02:42:54] ┇ INFO    ┇                     gner ┇  - [04/07] (test ) crossner_politics   :  65%|█████████████       | 130/200 [0:09:00<0:05:44, 0.20Hz]
[03.12 02:43:00] ┇ INFO    ┇                     gner ┇  - [04/07] (test ) crossner_politics   :  66%|█████████████       | 131/200 [0:09:06<0:05:45, 0.20Hz]
[03.12 02:43:12] ┇ INFO    ┇                     gner ┇  - [04/07] (test ) crossner_politics   :  66%|█████████████▏      | 132/200 [0:09:19<0:05:42, 0.20Hz]
[03.12 02:43:22] ┇ INFO    ┇                     gner ┇  - [04/07] (test ) crossner_politics   :  67%|█████████████▍      | 134/200 [0:09:28<0:05:33, 0.20Hz]
[03.12 02:43:31] ┇ INFO    ┇                     gner ┇  - [04/07] (test ) crossner_politics   :  68%|█████████████▌      | 135/200 [0:09:37<0:05:32, 0.20Hz]
[03.12 02:43:45] ┇ INFO    ┇                     gner ┇  - [04/07] (test ) crossner_politics   :  69%|█████████████▊      | 138/200 [0:09:51<0:05:18, 0.19Hz]
[03.12 02:43:50] ┇ INFO    ┇                     gner ┇  - [04/07] (test ) crossner_politics   :  70%|██████████████      | 141/200 [0:09:57<0:04:48, 0.20Hz]
[03.12 02:43:57] ┇ INFO    ┇                     gner ┇  - [04/07] (test ) crossner_politics   :  71%|██████████████▏     | 142/200 [0:10:03<0:04:45, 0.20Hz]
[03.12 02:44:02] ┇ INFO    ┇                     gner ┇  - [04/07] (test ) crossner_politics   :  72%|██████████████▎     | 143/200 [0:10:09<0:04:42, 0.20Hz]
[03.12 02:44:10] ┇ INFO    ┇                     gner ┇  - [04/07] (test ) crossner_politics   :  72%|██████████████▌     | 145/200 [0:10:16<0:04:35, 0.20Hz]
[03.12 02:44:16] ┇ INFO    ┇                     gner ┇  - [04/07] (test ) crossner_politics   :  74%|██████████████▋     | 147/200 [0:10:22<0:04:27, 0.20Hz]
[03.12 02:44:22] ┇ INFO    ┇                     gner ┇  - [04/07] (test ) crossner_politics   :  74%|██████████████▉     | 149/200 [0:10:29<0:04:16, 0.20Hz]
[03.12 02:44:29] ┇ INFO    ┇                     gner ┇  - [04/07] (test ) crossner_politics   :  76%|███████████████▏    | 152/200 [0:10:35<0:03:49, 0.21Hz]
[03.12 02:44:36] ┇ INFO    ┇                     gner ┇  - [04/07] (test ) crossner_politics   :  77%|███████████████▍    | 154/200 [0:10:42<0:03:42, 0.21Hz]
[03.12 02:44:43] ┇ INFO    ┇                     gner ┇  - [04/07] (test ) crossner_politics   :  78%|███████████████▌    | 155/200 [0:10:49<0:03:33, 0.21Hz]
[03.12 02:44:49] ┇ INFO    ┇                     gner ┇  - [04/07] (test ) crossner_politics   :  78%|███████████████▋    | 157/200 [0:10:55<0:03:13, 0.22Hz]
[03.12 02:44:54] ┇ INFO    ┇                     gner ┇  - [04/07] (test ) crossner_politics   :  82%|████████████████▎   | 163/200 [0:11:01<0:02:36, 0.24Hz]
[03.12 02:45:04] ┇ INFO    ┇                     gner ┇  - [04/07] (test ) crossner_politics   :  82%|████████████████▌   | 165/200 [0:11:10<0:02:30, 0.23Hz]
[03.12 02:45:10] ┇ INFO    ┇                     gner ┇  - [04/07] (test ) crossner_politics   :  83%|████████████████▌   | 166/200 [0:11:16<0:02:28, 0.23Hz]
[03.12 02:45:18] ┇ INFO    ┇                     gner ┇  - [04/07] (test ) crossner_politics   :  84%|████████████████▊   | 168/200 [0:11:25<0:02:17, 0.23Hz]
[03.12 02:45:24] ┇ INFO    ┇                     gner ┇  - [04/07] (test ) crossner_politics   :  85%|█████████████████   | 170/200 [0:11:30<0:02:05, 0.24Hz]
[03.12 02:45:32] ┇ INFO    ┇                     gner ┇  - [04/07] (test ) crossner_politics   :  86%|█████████████████▎  | 173/200 [0:11:39<0:01:50, 0.24Hz]
[03.12 02:45:41] ┇ INFO    ┇                     gner ┇  - [04/07] (test ) crossner_politics   :  88%|█████████████████▌  | 176/200 [0:11:47<0:01:37, 0.25Hz]
[03.12 02:45:49] ┇ INFO    ┇                     gner ┇  - [04/07] (test ) crossner_politics   :  89%|█████████████████▊  | 178/200 [0:11:55<0:01:29, 0.25Hz]
[03.12 02:45:54] ┇ INFO    ┇                     gner ┇  - [04/07] (test ) crossner_politics   :  90%|██████████████████  | 180/200 [0:12:00<0:01:21, 0.25Hz]
[03.12 02:46:01] ┇ INFO    ┇                     gner ┇  - [04/07] (test ) crossner_politics   :  91%|██████████████████▏ | 182/200 [0:12:08<0:01:13, 0.24Hz]
[03.12 02:46:09] ┇ INFO    ┇                     gner ┇  - [04/07] (test ) crossner_politics   :  92%|██████████████████▍ | 184/200 [0:12:15<0:01:03, 0.25Hz]
[03.12 02:46:19] ┇ INFO    ┇                     gner ┇  - [04/07] (test ) crossner_politics   :  92%|██████████████████▌ | 185/200 [0:12:25<0:00:59, 0.25Hz]
[03.12 02:46:25] ┇ INFO    ┇                     gner ┇  - [04/07] (test ) crossner_politics   :  94%|██████████████████▋ | 187/200 [0:12:32<0:00:50, 0.26Hz]
[03.12 02:46:32] ┇ INFO    ┇                     gner ┇  - [04/07] (test ) crossner_politics   :  94%|██████████████████▉ | 189/200 [0:12:38<0:00:42, 0.26Hz]
[03.12 02:46:38] ┇ INFO    ┇                     gner ┇  - [04/07] (test ) crossner_politics   :  96%|███████████████████ | 191/200 [0:12:44<0:00:33, 0.27Hz]
[03.12 02:46:46] ┇ INFO    ┇                     gner ┇  - [04/07] (test ) crossner_politics   :  97%|███████████████████▍| 194/200 [0:12:52<0:00:21, 0.28Hz]
[03.12 02:46:51] ┇ INFO    ┇                     gner ┇  - [04/07] (test ) crossner_politics   :  98%|███████████████████▌| 195/200 [0:12:57<0:00:17, 0.29Hz]
[03.12 02:46:59] ┇ INFO    ┇                     gner ┇  - [04/07] (test ) crossner_politics   :  98%|███████████████████▌| 196/200 [0:13:05<0:00:14, 0.28Hz]
[03.12 02:47:04] ┇ INFO    ┇                     gner ┇  - [04/07] (test ) crossner_politics   : 100%|███████████████████▉| 199/200 [0:13:10<0:00:03, 0.30Hz]
[03.12 02:47:09] ┇ INFO    ┇                     gner ┇  - [04/07] (test ) crossner_politics   : 100%|████████████████████| 200/200 [0:13:15<0:00:00, 0.29Hz]
[03.12 02:47:11] ┇ INFO    ┇                     gner ┇  - [05/07] (test ) crossner_science    :   0%|                    |   1/200 [0:00:01<0:05:52, 0.56Hz]
[03.12 02:47:27] ┇ INFO    ┇                     gner ┇  - [05/07] (test ) crossner_science    :   1%|▏                   |   2/200 [0:00:17<0:28:43, 0.11Hz]
[03.12 02:47:33] ┇ INFO    ┇                     gner ┇  - [05/07] (test ) crossner_science    :   3%|▌                   |   6/200 [0:00:23<0:12:40, 0.26Hz]
[03.12 02:47:39] ┇ INFO    ┇                     gner ┇  - [05/07] (test ) crossner_science    :   4%|▉                   |   9/200 [0:00:29<0:10:24, 0.31Hz]
[03.12 02:47:44] ┇ INFO    ┇                     gner ┇  - [05/07] (test ) crossner_science    :   6%|█                   |  11/200 [0:00:34<0:10:00, 0.31Hz]
[03.12 02:47:50] ┇ INFO    ┇                     gner ┇  - [05/07] (test ) crossner_science    :   6%|█▏                  |  12/200 [0:00:40<0:10:35, 0.30Hz]
[03.12 02:47:57] ┇ INFO    ┇                     gner ┇  - [05/07] (test ) crossner_science    :   8%|█▌                  |  16/200 [0:00:47<0:09:07, 0.34Hz]
[03.12 02:48:06] ┇ INFO    ┇                     gner ┇  - [05/07] (test ) crossner_science    :   8%|█▋                  |  17/200 [0:00:57<0:10:14, 0.30Hz]
[03.12 02:48:12] ┇ INFO    ┇                     gner ┇  - [05/07] (test ) crossner_science    :  10%|██                  |  20/200 [0:01:02<0:09:22, 0.32Hz]
[03.12 02:48:20] ┇ INFO    ┇                     gner ┇  - [05/07] (test ) crossner_science    :  10%|██                  |  21/200 [0:01:10<0:10:01, 0.30Hz]
[03.12 02:48:29] ┇ INFO    ┇                     gner ┇  - [05/07] (test ) crossner_science    :  12%|██▍                 |  24/200 [0:01:20<0:09:49, 0.30Hz]
[03.12 02:48:35] ┇ INFO    ┇                     gner ┇  - [05/07] (test ) crossner_science    :  13%|██▌                 |  26/200 [0:01:25<0:09:33, 0.30Hz]
[03.12 02:48:45] ┇ INFO    ┇                     gner ┇  - [05/07] (test ) crossner_science    :  14%|██▋                 |  27/200 [0:01:35<0:10:12, 0.28Hz]
[03.12 02:48:58] ┇ INFO    ┇                     gner ┇  - [05/07] (test ) crossner_science    :  15%|███                 |  30/200 [0:01:48<0:10:14, 0.28Hz]
[03.12 02:49:04] ┇ INFO    ┇                     gner ┇  - [05/07] (test ) crossner_science    :  16%|███▎                |  33/200 [0:01:54<0:09:39, 0.29Hz]
[03.12 02:49:10] ┇ INFO    ┇                     gner ┇  - [05/07] (test ) crossner_science    :  18%|███▌                |  36/200 [0:02:01<0:09:12, 0.30Hz]
[03.12 02:49:16] ┇ INFO    ┇                     gner ┇  - [05/07] (test ) crossner_science    :  20%|████                |  40/200 [0:02:06<0:08:27, 0.32Hz]
[03.12 02:49:23] ┇ INFO    ┇                     gner ┇  - [05/07] (test ) crossner_science    :  21%|████▏               |  42/200 [0:02:13<0:08:22, 0.31Hz]
[03.12 02:49:29] ┇ INFO    ┇                     gner ┇  - [05/07] (test ) crossner_science    :  23%|████▌               |  46/200 [0:02:19<0:07:46, 0.33Hz]
[03.12 02:49:34] ┇ INFO    ┇                     gner ┇  - [05/07] (test ) crossner_science    :  24%|████▊               |  48/200 [0:02:24<0:07:37, 0.33Hz]
[03.12 02:49:40] ┇ INFO    ┇                     gner ┇  - [05/07] (test ) crossner_science    :  24%|████▉               |  49/200 [0:02:30<0:07:44, 0.32Hz]
[03.12 02:49:48] ┇ INFO    ┇                     gner ┇  - [05/07] (test ) crossner_science    :  26%|█████▏              |  52/200 [0:02:38<0:07:32, 0.33Hz]
[03.12 02:49:53] ┇ INFO    ┇                     gner ┇  - [05/07] (test ) crossner_science    :  29%|█████▊              |  58/200 [0:02:44<0:06:41, 0.35Hz]
[03.12 02:50:01] ┇ INFO    ┇                     gner ┇  - [05/07] (test ) crossner_science    :  30%|██████              |  60/200 [0:02:51<0:06:40, 0.35Hz]
[03.12 02:50:06] ┇ INFO    ┇                     gner ┇  - [05/07] (test ) crossner_science    :  32%|██████▎             |  63/200 [0:02:57<0:06:25, 0.36Hz]
[03.12 02:50:12] ┇ INFO    ┇                     gner ┇  - [05/07] (test ) crossner_science    :  33%|██████▌             |  66/200 [0:03:02<0:05:48, 0.38Hz]
[03.12 02:50:20] ┇ INFO    ┇                     gner ┇  - [05/07] (test ) crossner_science    :  34%|██████▊             |  68/200 [0:03:10<0:05:56, 0.37Hz]
[03.12 02:50:29] ┇ INFO    ┇                     gner ┇  - [05/07] (test ) crossner_science    :  36%|███████             |  71/200 [0:03:19<0:05:55, 0.36Hz]
[03.12 02:50:37] ┇ INFO    ┇                     gner ┇  - [05/07] (test ) crossner_science    :  37%|███████▍            |  74/200 [0:03:28<0:05:46, 0.36Hz]
[03.12 02:50:44] ┇ INFO    ┇                     gner ┇  - [05/07] (test ) crossner_science    :  38%|███████▌            |  76/200 [0:03:34<0:05:40, 0.36Hz]
[03.12 02:50:49] ┇ INFO    ┇                     gner ┇  - [05/07] (test ) crossner_science    :  40%|███████▉            |  79/200 [0:03:40<0:05:31, 0.37Hz]
[03.12 02:51:05] ┇ INFO    ┇                     gner ┇  - [05/07] (test ) crossner_science    :  40%|████████            |  80/200 [0:03:56<0:05:40, 0.35Hz]
[03.12 02:51:11] ┇ INFO    ┇                     gner ┇  - [05/07] (test ) crossner_science    :  42%|████████▎           |  83/200 [0:04:01<0:05:32, 0.35Hz]
[03.12 02:51:19] ┇ INFO    ┇                     gner ┇  - [05/07] (test ) crossner_science    :  42%|████████▌           |  85/200 [0:04:09<0:05:23, 0.36Hz]
[03.12 02:51:25] ┇ INFO    ┇                     gner ┇  - [05/07] (test ) crossner_science    :  43%|████████▌           |  86/200 [0:04:15<0:05:29, 0.35Hz]
[03.12 02:51:33] ┇ INFO    ┇                     gner ┇  - [05/07] (test ) crossner_science    :  44%|████████▊           |  88/200 [0:04:23<0:05:19, 0.35Hz]
[03.12 02:51:40] ┇ INFO    ┇                     gner ┇  - [05/07] (test ) crossner_science    :  46%|█████████           |  91/200 [0:04:30<0:05:02, 0.36Hz]
[03.12 02:51:46] ┇ INFO    ┇                     gner ┇  - [05/07] (test ) crossner_science    :  48%|█████████▌          |  95/200 [0:04:37<0:04:38, 0.38Hz]
[03.12 02:51:53] ┇ INFO    ┇                     gner ┇  - [05/07] (test ) crossner_science    :  50%|█████████▉          |  99/200 [0:04:43<0:04:20, 0.39Hz]
[03.12 02:51:59] ┇ INFO    ┇                     gner ┇  - [05/07] (test ) crossner_science    :  50%|██████████          | 100/200 [0:04:50<0:04:25, 0.38Hz]
[03.12 02:52:09] ┇ INFO    ┇                     gner ┇  - [05/07] (test ) crossner_science    :  51%|██████████▏         | 102/200 [0:05:00<0:04:32, 0.36Hz]
[03.12 02:52:15] ┇ INFO    ┇                     gner ┇  - [05/07] (test ) crossner_science    :  52%|██████████▌         | 105/200 [0:05:06<0:04:20, 0.36Hz]
[03.12 02:52:21] ┇ INFO    ┇                     gner ┇  - [05/07] (test ) crossner_science    :  53%|██████████▌         | 106/200 [0:05:12<0:04:23, 0.36Hz]
[03.12 02:52:28] ┇ INFO    ┇                     gner ┇  - [05/07] (test ) crossner_science    :  54%|██████████▋         | 107/200 [0:05:18<0:04:29, 0.34Hz]
[03.12 02:52:34] ┇ INFO    ┇                     gner ┇  - [05/07] (test ) crossner_science    :  55%|███████████         | 110/200 [0:05:25<0:04:20, 0.35Hz]
[03.12 02:52:41] ┇ INFO    ┇                     gner ┇  - [05/07] (test ) crossner_science    :  57%|███████████▍        | 114/200 [0:05:32<0:04:00, 0.36Hz]
[03.12 02:52:49] ┇ INFO    ┇                     gner ┇  - [05/07] (test ) crossner_science    :  58%|███████████▌        | 116/200 [0:05:39<0:04:00, 0.35Hz]
[03.12 02:53:00] ┇ INFO    ┇                     gner ┇  - [05/07] (test ) crossner_science    :  58%|███████████▋        | 117/200 [0:05:50<0:04:09, 0.33Hz]
[03.12 02:53:06] ┇ INFO    ┇                     gner ┇  - [05/07] (test ) crossner_science    :  60%|████████████        | 120/200 [0:05:56<0:04:05, 0.33Hz]
[03.12 02:53:15] ┇ INFO    ┇                     gner ┇  - [05/07] (test ) crossner_science    :  61%|████████████▏       | 122/200 [0:06:05<0:04:04, 0.32Hz]
[03.12 02:53:27] ┇ INFO    ┇                     gner ┇  - [05/07] (test ) crossner_science    :  62%|████████████▌       | 125/200 [0:06:17<0:03:59, 0.31Hz]
[03.12 02:53:33] ┇ INFO    ┇                     gner ┇  - [05/07] (test ) crossner_science    :  64%|████████████▋       | 127/200 [0:06:23<0:03:58, 0.31Hz]
[03.12 02:53:39] ┇ INFO    ┇                     gner ┇  - [05/07] (test ) crossner_science    :  64%|████████████▉       | 129/200 [0:06:29<0:03:53, 0.30Hz]
[03.12 02:53:44] ┇ INFO    ┇                     gner ┇  - [05/07] (test ) crossner_science    :  67%|█████████████▍      | 134/200 [0:06:34<0:03:24, 0.32Hz]
[03.12 02:53:50] ┇ INFO    ┇                     gner ┇  - [05/07] (test ) crossner_science    :  68%|█████████████▋      | 137/200 [0:06:40<0:03:12, 0.33Hz]
[03.12 02:53:56] ┇ INFO    ┇                     gner ┇  - [05/07] (test ) crossner_science    :  70%|█████████████▉      | 139/200 [0:06:47<0:03:06, 0.33Hz]
[03.12 02:54:03] ┇ INFO    ┇                     gner ┇  - [05/07] (test ) crossner_science    :  71%|██████████████▏     | 142/200 [0:06:53<0:02:58, 0.33Hz]
[03.12 02:54:11] ┇ INFO    ┇                     gner ┇  - [05/07] (test ) crossner_science    :  72%|██████████████▌     | 145/200 [0:07:01<0:02:38, 0.35Hz]
[03.12 02:54:17] ┇ INFO    ┇                     gner ┇  - [05/07] (test ) crossner_science    :  74%|██████████████▉     | 149/200 [0:07:07<0:02:18, 0.37Hz]
[03.12 02:54:22] ┇ INFO    ┇                     gner ┇  - [05/07] (test ) crossner_science    :  75%|███████████████     | 150/200 [0:07:12<0:02:17, 0.36Hz]
[03.12 02:54:29] ┇ INFO    ┇                     gner ┇  - [05/07] (test ) crossner_science    :  76%|███████████████     | 151/200 [0:07:20<0:02:17, 0.36Hz]
[03.12 02:54:35] ┇ INFO    ┇                     gner ┇  - [05/07] (test ) crossner_science    :  76%|███████████████▎    | 153/200 [0:07:26<0:02:14, 0.35Hz]
[03.12 02:54:41] ┇ INFO    ┇                     gner ┇  - [05/07] (test ) crossner_science    :  78%|███████████████▋    | 157/200 [0:07:31<0:02:01, 0.36Hz]
[03.12 02:54:52] ┇ INFO    ┇                     gner ┇  - [05/07] (test ) crossner_science    :  80%|███████████████▉    | 159/200 [0:07:42<0:01:58, 0.35Hz]
[03.12 02:54:59] ┇ INFO    ┇                     gner ┇  - [05/07] (test ) crossner_science    :  80%|████████████████    | 160/200 [0:07:50<0:01:59, 0.33Hz]
[03.12 02:55:06] ┇ INFO    ┇                     gner ┇  - [05/07] (test ) crossner_science    :  81%|████████████████▏   | 162/200 [0:07:56<0:01:56, 0.33Hz]
[03.12 02:55:12] ┇ INFO    ┇                     gner ┇  - [05/07] (test ) crossner_science    :  84%|████████████████▋   | 167/200 [0:08:03<0:01:33, 0.35Hz]
[03.12 02:55:21] ┇ INFO    ┇                     gner ┇  - [05/07] (test ) crossner_science    :  84%|████████████████▊   | 168/200 [0:08:11<0:01:34, 0.34Hz]
[03.12 02:55:28] ┇ INFO    ┇                     gner ┇  - [05/07] (test ) crossner_science    :  84%|████████████████▉   | 169/200 [0:08:18<0:01:31, 0.34Hz]
[03.12 02:55:33] ┇ INFO    ┇                     gner ┇  - [05/07] (test ) crossner_science    :  86%|█████████████████   | 171/200 [0:08:23<0:01:24, 0.34Hz]
[03.12 02:55:41] ┇ INFO    ┇                     gner ┇  - [05/07] (test ) crossner_science    :  87%|█████████████████▍  | 174/200 [0:08:32<0:01:17, 0.34Hz]
[03.12 02:55:46] ┇ INFO    ┇                     gner ┇  - [05/07] (test ) crossner_science    :  88%|█████████████████▌  | 175/200 [0:08:37<0:01:15, 0.33Hz]
[03.12 02:55:51] ┇ INFO    ┇                     gner ┇  - [05/07] (test ) crossner_science    :  90%|█████████████████▉  | 179/200 [0:08:42<0:01:00, 0.34Hz]
[03.12 02:55:59] ┇ INFO    ┇                     gner ┇  - [05/07] (test ) crossner_science    :  92%|██████████████████▎ | 183/200 [0:08:49<0:00:46, 0.36Hz]
[03.12 02:56:11] ┇ INFO    ┇                     gner ┇  - [05/07] (test ) crossner_science    :  92%|██████████████████▌ | 185/200 [0:09:01<0:00:41, 0.36Hz]
[03.12 02:56:37] ┇ INFO    ┇                     gner ┇  - [05/07] (test ) crossner_science    :  95%|███████████████████ | 190/200 [0:09:27<0:00:29, 0.34Hz]
[03.12 02:56:43] ┇ INFO    ┇                     gner ┇  - [05/07] (test ) crossner_science    :  96%|███████████████████▏| 192/200 [0:09:33<0:00:23, 0.34Hz]
[03.12 02:56:48] ┇ INFO    ┇                     gner ┇  - [05/07] (test ) crossner_science    :  97%|███████████████████▍| 194/200 [0:09:39<0:00:17, 0.34Hz]
[03.12 02:56:55] ┇ INFO    ┇                     gner ┇  - [05/07] (test ) crossner_science    :  98%|███████████████████▌| 196/200 [0:09:46<0:00:12, 0.33Hz]
[03.12 02:57:03] ┇ INFO    ┇                     gner ┇  - [05/07] (test ) crossner_science    :  99%|███████████████████▊| 198/200 [0:09:54<0:00:06, 0.32Hz]
[03.12 02:57:09] ┇ INFO    ┇                     gner ┇  - [05/07] (test ) crossner_science    : 100%|████████████████████| 200/200 [0:09:59<0:00:00, 0.32Hz]
[03.12 02:57:09] ┇ INFO    ┇                     gner ┇  - [06/07] (test ) mit-movie           :   0%|                    |   1/200 [0:00:00<0:00:28, 6.89Hz]
[03.12 02:57:14] ┇ INFO    ┇                     gner ┇  - [06/07] (test ) mit-movie           :  24%|████▊               |  48/200 [0:00:05<0:00:16, 9.30Hz]
[03.12 02:57:19] ┇ INFO    ┇                     gner ┇  - [06/07] (test ) mit-movie           :  43%|████████▌           |  86/200 [0:00:10<0:00:14, 8.05Hz]
[03.12 02:57:24] ┇ INFO    ┇                     gner ┇  - [06/07] (test ) mit-movie           :  56%|███████████         | 111/200 [0:00:15<0:00:14, 6.17Hz]
[03.12 02:57:29] ┇ INFO    ┇                     gner ┇  - [06/07] (test ) mit-movie           :  69%|█████████████▊      | 138/200 [0:00:20<0:00:12, 4.97Hz]
[03.12 02:57:34] ┇ INFO    ┇                     gner ┇  - [06/07] (test ) mit-movie           :  82%|████████████████▌   | 165/200 [0:00:25<0:00:07, 4.92Hz]
[03.12 02:57:39] ┇ INFO    ┇                     gner ┇  - [06/07] (test ) mit-movie           :  94%|██████████████████▉ | 189/200 [0:00:30<0:00:02, 4.96Hz]
[03.12 02:57:41] ┇ INFO    ┇                     gner ┇  - [06/07] (test ) mit-movie           : 100%|████████████████████| 200/200 [0:00:32<0:00:00, 5.40Hz]
[03.12 02:57:41] ┇ INFO    ┇                     gner ┇  - [07/07] (test ) mit-restaurant      :   0%|                    |   1/200 [0:00:00<0:00:13, 14.50Hz]
[03.12 02:57:46] ┇ INFO    ┇                     gner ┇  - [07/07] (test ) mit-restaurant      :  18%|███▋                |  37/200 [0:00:05<0:00:22, 7.29Hz]
[03.12 02:57:51] ┇ INFO    ┇                     gner ┇  - [07/07] (test ) mit-restaurant      :  36%|███████▏            |  72/200 [0:00:10<0:00:18, 6.88Hz]
[03.12 02:57:56] ┇ INFO    ┇                     gner ┇  - [07/07] (test ) mit-restaurant      :  52%|██████████▌         | 105/200 [0:00:15<0:00:14, 6.71Hz]
[03.12 02:58:01] ┇ INFO    ┇                     gner ┇  - [07/07] (test ) mit-restaurant      :  64%|████████████▉       | 129/200 [0:00:20<0:00:11, 5.97Hz]
[03.12 02:58:06] ┇ INFO    ┇                     gner ┇  - [07/07] (test ) mit-restaurant      :  86%|█████████████████   | 171/200 [0:00:25<0:00:04, 6.72Hz]
[03.12 02:58:09] ┇ INFO    ┇                     gner ┇  - [07/07] (test ) mit-restaurant      : 100%|████████████████████| 200/200 [0:00:28<0:00:00, 8.57Hz]
[03.12 02:58:10] ┇ INFO    ┇                     gner ┇ QE data[test] saved to data/GNER-QE/ZSE-test-pred-by_beam-num=20-test.json
[03.12 02:58:10] ┇ INFO    ┇           chrisbase.data ┇ =========================================================================================================================================
[03.12 02:58:10] ┇ INFO    ┇           chrisbase.data ┇ [EXIT] python /raid/chrisjihee/proj/GNER/generate.py convert_to_qe_data --test_count 200 --num_candidates 20 ($=00:49:01.229)
[03.12 02:58:10] ┇ INFO    ┇           chrisbase.data ┇ =========================================================================================================================================
