[03.10 03:34:08] ┇ INFO    ┇           chrisbase.data ┇ =========================================================================================================================================
[03.10 03:34:08] ┇ INFO    ┇           chrisbase.data ┇ [INIT] python /raid/chrisjihee/proj/GNER/generate.py convert_to_qe_data --num_candidates 30
[03.10 03:34:08] ┇ INFO    ┇           chrisbase.data ┇ =========================================================================================================================================
[03.10 03:34:10] ┇ INFO    ┇                     gner ┇ Converting the generated predictions into QE data for 7 dataset (1400 samples)
[03.10 03:34:10] ┇ INFO    ┇                     gner ┇  - [01/07] (train) crossner_ai         :   1%|                    |   1/190 [0:00:00<0:00:58, 3.24Hz]
[03.10 03:34:17] ┇ INFO    ┇                     gner ┇  - [01/07] (train) crossner_ai         :   2%|▍                   |   4/190 [0:00:07<0:05:52, 0.53Hz]
[03.10 03:34:25] ┇ INFO    ┇                     gner ┇  - [01/07] (train) crossner_ai         :   3%|▌                   |   5/190 [0:00:14<0:09:13, 0.33Hz]
[03.10 03:34:32] ┇ INFO    ┇                     gner ┇  - [01/07] (train) crossner_ai         :   3%|▋                   |   6/190 [0:00:21<0:11:13, 0.27Hz]
[03.10 03:34:41] ┇ INFO    ┇                     gner ┇  - [01/07] (train) crossner_ai         :   4%|▊                   |   8/190 [0:00:31<0:11:49, 0.26Hz]
[03.10 03:34:47] ┇ INFO    ┇                     gner ┇  - [01/07] (train) crossner_ai         :   6%|█▎                  |  12/190 [0:00:37<0:09:15, 0.32Hz]
[03.10 03:34:54] ┇ INFO    ┇                     gner ┇  - [01/07] (train) crossner_ai         :   7%|█▍                  |  14/190 [0:00:43<0:09:12, 0.32Hz]
[03.10 03:35:01] ┇ INFO    ┇                     gner ┇  - [01/07] (train) crossner_ai         :   8%|█▋                  |  16/190 [0:00:51<0:09:15, 0.31Hz]
[03.10 03:35:13] ┇ INFO    ┇                     gner ┇  - [01/07] (train) crossner_ai         :   9%|█▉                  |  18/190 [0:01:03<0:10:04, 0.28Hz]
[03.10 03:35:20] ┇ INFO    ┇                     gner ┇  - [01/07] (train) crossner_ai         :  11%|██▏                 |  21/190 [0:01:10<0:09:28, 0.30Hz]
[03.10 03:35:29] ┇ INFO    ┇                     gner ┇  - [01/07] (train) crossner_ai         :  12%|██▎                 |  22/190 [0:01:18<0:10:01, 0.28Hz]
[03.10 03:35:35] ┇ INFO    ┇                     gner ┇  - [01/07] (train) crossner_ai         :  13%|██▋                 |  25/190 [0:01:25<0:09:23, 0.29Hz]
[03.10 03:35:43] ┇ INFO    ┇                     gner ┇  - [01/07] (train) crossner_ai         :  14%|██▋                 |  26/190 [0:01:32<0:09:46, 0.28Hz]
[03.10 03:35:49] ┇ INFO    ┇                     gner ┇  - [01/07] (train) crossner_ai         :  15%|███                 |  29/190 [0:01:39<0:09:12, 0.29Hz]
[03.10 03:35:56] ┇ INFO    ┇                     gner ┇  - [01/07] (train) crossner_ai         :  16%|███▎                |  31/190 [0:01:46<0:09:04, 0.29Hz]
[03.10 03:36:02] ┇ INFO    ┇                     gner ┇  - [01/07] (train) crossner_ai         :  18%|███▌                |  34/190 [0:01:51<0:08:33, 0.30Hz]
[03.10 03:36:07] ┇ INFO    ┇                     gner ┇  - [01/07] (train) crossner_ai         :  19%|███▉                |  37/190 [0:01:57<0:08:04, 0.32Hz]
[03.10 03:36:12] ┇ INFO    ┇                     gner ┇  - [01/07] (train) crossner_ai         :  22%|████▎               |  41/190 [0:02:02<0:07:24, 0.33Hz]
[03.10 03:36:18] ┇ INFO    ┇                     gner ┇  - [01/07] (train) crossner_ai         :  23%|████▋               |  44/190 [0:02:08<0:07:06, 0.34Hz]
[03.10 03:36:25] ┇ INFO    ┇                     gner ┇  - [01/07] (train) crossner_ai         :  25%|█████               |  48/190 [0:02:14<0:06:38, 0.36Hz]
[03.10 03:36:32] ┇ INFO    ┇                     gner ┇  - [01/07] (train) crossner_ai         :  26%|█████▏              |  49/190 [0:02:22<0:06:48, 0.35Hz]
[03.10 03:36:37] ┇ INFO    ┇                     gner ┇  - [01/07] (train) crossner_ai         :  27%|█████▍              |  52/190 [0:02:27<0:06:31, 0.35Hz]
[03.10 03:36:46] ┇ INFO    ┇                     gner ┇  - [01/07] (train) crossner_ai         :  28%|█████▌              |  53/190 [0:02:36<0:06:44, 0.34Hz]
[03.10 03:36:54] ┇ INFO    ┇                     gner ┇  - [01/07] (train) crossner_ai         :  29%|█████▉              |  56/190 [0:02:43<0:06:31, 0.34Hz]
[03.10 03:37:03] ┇ INFO    ┇                     gner ┇  - [01/07] (train) crossner_ai         :  31%|██████▏             |  59/190 [0:02:53<0:06:24, 0.34Hz]
[03.10 03:37:16] ┇ INFO    ┇                     gner ┇  - [01/07] (train) crossner_ai         :  32%|██████▎             |  60/190 [0:03:06<0:06:43, 0.32Hz]
[03.10 03:37:21] ┇ INFO    ┇                     gner ┇  - [01/07] (train) crossner_ai         :  33%|██████▋             |  63/190 [0:03:11<0:06:25, 0.33Hz]
[03.10 03:37:34] ┇ INFO    ┇                     gner ┇  - [01/07] (train) crossner_ai         :  34%|██████▋             |  64/190 [0:03:24<0:06:47, 0.31Hz]
[03.10 03:37:44] ┇ INFO    ┇                     gner ┇  - [01/07] (train) crossner_ai         :  35%|███████             |  67/190 [0:03:34<0:06:43, 0.31Hz]
[03.10 03:37:56] ┇ INFO    ┇                     gner ┇  - [01/07] (train) crossner_ai         :  36%|███████▎            |  69/190 [0:03:46<0:06:32, 0.31Hz]
[03.10 03:38:06] ┇ INFO    ┇                     gner ┇  - [01/07] (train) crossner_ai         :  37%|███████▎            |  70/190 [0:03:56<0:06:43, 0.30Hz]
[03.10 03:38:13] ┇ INFO    ┇                     gner ┇  - [01/07] (train) crossner_ai         :  38%|███████▌            |  72/190 [0:04:02<0:06:34, 0.30Hz]
[03.10 03:38:22] ┇ INFO    ┇                     gner ┇  - [01/07] (train) crossner_ai         :  39%|███████▊            |  74/190 [0:04:11<0:06:39, 0.29Hz]
[03.10 03:38:29] ┇ INFO    ┇                     gner ┇  - [01/07] (train) crossner_ai         :  42%|████████▎           |  79/190 [0:04:18<0:06:06, 0.30Hz]
[03.10 03:38:37] ┇ INFO    ┇                     gner ┇  - [01/07] (train) crossner_ai         :  43%|████████▋           |  82/190 [0:04:27<0:05:47, 0.31Hz]
[03.10 03:38:50] ┇ INFO    ┇                     gner ┇  - [01/07] (train) crossner_ai         :  44%|████████▊           |  84/190 [0:04:39<0:05:52, 0.30Hz]
[03.10 03:38:56] ┇ INFO    ┇                     gner ┇  - [01/07] (train) crossner_ai         :  45%|████████▉           |  85/190 [0:04:46<0:05:45, 0.30Hz]
[03.10 03:39:01] ┇ INFO    ┇                     gner ┇  - [01/07] (train) crossner_ai         :  47%|█████████▍          |  90/190 [0:04:51<0:05:12, 0.32Hz]
[03.10 03:39:06] ┇ INFO    ┇                     gner ┇  - [01/07] (train) crossner_ai         :  48%|█████████▌          |  91/190 [0:04:56<0:05:12, 0.32Hz]
[03.10 03:39:12] ┇ INFO    ┇                     gner ┇  - [01/07] (train) crossner_ai         :  49%|█████████▊          |  93/190 [0:05:01<0:05:09, 0.31Hz]
[03.10 03:39:18] ┇ INFO    ┇                     gner ┇  - [01/07] (train) crossner_ai         :  50%|██████████          |  95/190 [0:05:08<0:05:03, 0.31Hz]
[03.10 03:39:27] ┇ INFO    ┇                     gner ┇  - [01/07] (train) crossner_ai         :  52%|██████████▎         |  98/190 [0:05:16<0:04:56, 0.31Hz]
[03.10 03:39:32] ┇ INFO    ┇                     gner ┇  - [01/07] (train) crossner_ai         :  53%|██████████▌         | 100/190 [0:05:22<0:04:53, 0.31Hz]
[03.10 03:39:41] ┇ INFO    ┇                     gner ┇  - [01/07] (train) crossner_ai         :  54%|██████████▊         | 103/190 [0:05:30<0:04:48, 0.30Hz]
[03.10 03:39:47] ┇ INFO    ┇                     gner ┇  - [01/07] (train) crossner_ai         :  56%|███████████▏        | 106/190 [0:05:37<0:04:41, 0.30Hz]
[03.10 03:39:55] ┇ INFO    ┇                     gner ┇  - [01/07] (train) crossner_ai         :  56%|███████████▎        | 107/190 [0:05:45<0:04:45, 0.29Hz]
[03.10 03:40:01] ┇ INFO    ┇                     gner ┇  - [01/07] (train) crossner_ai         :  59%|███████████▉        | 113/190 [0:05:51<0:04:13, 0.30Hz]
[03.10 03:40:08] ┇ INFO    ┇                     gner ┇  - [01/07] (train) crossner_ai         :  62%|████████████▍       | 118/190 [0:05:57<0:03:44, 0.32Hz]
[03.10 03:40:14] ┇ INFO    ┇                     gner ┇  - [01/07] (train) crossner_ai         :  64%|████████████▋       | 121/190 [0:06:04<0:03:37, 0.32Hz]
[03.10 03:40:20] ┇ INFO    ┇                     gner ┇  - [01/07] (train) crossner_ai         :  66%|█████████████▏      | 125/190 [0:06:09<0:03:04, 0.35Hz]
[03.10 03:40:25] ┇ INFO    ┇                     gner ┇  - [01/07] (train) crossner_ai         :  67%|█████████████▍      | 128/190 [0:06:15<0:02:48, 0.37Hz]
[03.10 03:40:30] ┇ INFO    ┇                     gner ┇  - [01/07] (train) crossner_ai         :  69%|█████████████▊      | 131/190 [0:06:20<0:02:31, 0.39Hz]
[03.10 03:40:37] ┇ INFO    ┇                     gner ┇  - [01/07] (train) crossner_ai         :  73%|██████████████▌     | 138/190 [0:06:27<0:01:51, 0.47Hz]
[03.10 03:40:43] ┇ INFO    ┇                     gner ┇  - [01/07] (train) crossner_ai         :  73%|██████████████▋     | 139/190 [0:06:32<0:01:53, 0.45Hz]
[03.10 03:40:50] ┇ INFO    ┇                     gner ┇  - [01/07] (train) crossner_ai         :  74%|██████████████▋     | 140/190 [0:06:39<0:01:55, 0.43Hz]
[03.10 03:41:01] ┇ INFO    ┇                     gner ┇  - [01/07] (train) crossner_ai         :  75%|███████████████     | 143/190 [0:06:50<0:01:52, 0.42Hz]
[03.10 03:41:06] ┇ INFO    ┇                     gner ┇  - [01/07] (train) crossner_ai         :  77%|███████████████▍    | 147/190 [0:06:55<0:01:32, 0.46Hz]
[03.10 03:41:21] ┇ INFO    ┇                     gner ┇  - [01/07] (train) crossner_ai         :  78%|███████████████▌    | 148/190 [0:07:11<0:01:37, 0.43Hz]
[03.10 03:41:35] ┇ INFO    ┇                     gner ┇  - [01/07] (train) crossner_ai         :  79%|███████████████▊    | 150/190 [0:07:25<0:01:39, 0.40Hz]
[03.10 03:41:41] ┇ INFO    ┇                     gner ┇  - [01/07] (train) crossner_ai         :  82%|████████████████▎   | 155/190 [0:07:31<0:01:25, 0.41Hz]
[03.10 03:41:47] ┇ INFO    ┇                     gner ┇  - [01/07] (train) crossner_ai         :  84%|████████████████▊   | 160/190 [0:07:37<0:01:10, 0.42Hz]
[03.10 03:41:52] ┇ INFO    ┇                     gner ┇  - [01/07] (train) crossner_ai         :  87%|█████████████████▎  | 165/190 [0:07:42<0:00:54, 0.46Hz]
[03.10 03:41:57] ┇ INFO    ┇                     gner ┇  - [01/07] (train) crossner_ai         :  89%|█████████████████▉  | 170/190 [0:07:47<0:00:38, 0.51Hz]
[03.10 03:42:03] ┇ INFO    ┇                     gner ┇  - [01/07] (train) crossner_ai         :  90%|██████████████████  | 171/190 [0:07:53<0:00:38, 0.49Hz]
[03.10 03:42:10] ┇ INFO    ┇                     gner ┇  - [01/07] (train) crossner_ai         :  92%|██████████████████▎ | 174/190 [0:08:00<0:00:33, 0.48Hz]
[03.10 03:42:18] ┇ INFO    ┇                     gner ┇  - [01/07] (train) crossner_ai         :  93%|██████████████████▋ | 177/190 [0:08:08<0:00:28, 0.46Hz]
[03.10 03:42:24] ┇ INFO    ┇                     gner ┇  - [01/07] (train) crossner_ai         :  95%|███████████████████ | 181/190 [0:08:14<0:00:19, 0.46Hz]
[03.10 03:42:36] ┇ INFO    ┇                     gner ┇  - [01/07] (train) crossner_ai         :  97%|███████████████████▍| 185/190 [0:08:26<0:00:11, 0.45Hz]
[03.10 03:42:42] ┇ INFO    ┇                     gner ┇  - [01/07] (train) crossner_ai         :  99%|███████████████████▉| 189/190 [0:08:31<0:00:02, 0.45Hz]
[03.10 03:42:46] ┇ INFO    ┇                     gner ┇  - [01/07] (train) crossner_ai         : 100%|████████████████████| 190/190 [0:08:35<0:00:00, 0.44Hz]
[03.10 03:42:47] ┇ INFO    ┇                     gner ┇  - [02/07] (train) crossner_literature :   1%|                    |   1/190 [0:00:01<0:05:27, 0.58Hz]
[03.10 03:42:54] ┇ INFO    ┇                     gner ┇  - [02/07] (train) crossner_literature :   2%|▎                   |   3/190 [0:00:08<0:08:20, 0.37Hz]
[03.10 03:43:00] ┇ INFO    ┇                     gner ┇  - [02/07] (train) crossner_literature :   3%|▌                   |   5/190 [0:00:14<0:09:04, 0.34Hz]
[03.10 03:43:16] ┇ INFO    ┇                     gner ┇  - [02/07] (train) crossner_literature :   4%|▊                   |   8/190 [0:00:30<0:11:33, 0.26Hz]
[03.10 03:43:23] ┇ INFO    ┇                     gner ┇  - [02/07] (train) crossner_literature :   5%|█                   |  10/190 [0:00:37<0:11:12, 0.27Hz]
[03.10 03:43:37] ┇ INFO    ┇                     gner ┇  - [02/07] (train) crossner_literature :   6%|█▎                  |  12/190 [0:00:50<0:12:34, 0.24Hz]
[03.10 03:43:43] ┇ INFO    ┇                     gner ┇  - [02/07] (train) crossner_literature :   7%|█▎                  |  13/190 [0:00:57<0:12:56, 0.23Hz]
[03.10 03:43:50] ┇ INFO    ┇                     gner ┇  - [02/07] (train) crossner_literature :   9%|█▊                  |  17/190 [0:01:04<0:10:52, 0.27Hz]
[03.10 03:43:55] ┇ INFO    ┇                     gner ┇  - [02/07] (train) crossner_literature :  10%|██                  |  19/190 [0:01:09<0:10:24, 0.27Hz]
[03.10 03:44:04] ┇ INFO    ┇                     gner ┇  - [02/07] (train) crossner_literature :  11%|██▏                 |  21/190 [0:01:18<0:10:33, 0.27Hz]
[03.10 03:44:11] ┇ INFO    ┇                     gner ┇  - [02/07] (train) crossner_literature :  13%|██▌                 |  24/190 [0:01:25<0:09:50, 0.28Hz]
[03.10 03:44:18] ┇ INFO    ┇                     gner ┇  - [02/07] (train) crossner_literature :  13%|██▋                 |  25/190 [0:01:32<0:10:12, 0.27Hz]
[03.10 03:44:42] ┇ INFO    ┇                     gner ┇  - [02/07] (train) crossner_literature :  15%|██▉                 |  28/190 [0:01:56<0:11:13, 0.24Hz]
[03.10 03:44:48] ┇ INFO    ┇                     gner ┇  - [02/07] (train) crossner_literature :  17%|███▎                |  32/190 [0:02:02<0:10:02, 0.26Hz]
[03.10 03:44:53] ┇ INFO    ┇                     gner ┇  - [02/07] (train) crossner_literature :  18%|███▋                |  35/190 [0:02:07<0:09:22, 0.28Hz]
[03.10 03:44:59] ┇ INFO    ┇                     gner ┇  - [02/07] (train) crossner_literature :  21%|████                |  39/190 [0:02:13<0:08:35, 0.29Hz]
[03.10 03:45:04] ┇ INFO    ┇                     gner ┇  - [02/07] (train) crossner_literature :  22%|████▎               |  41/190 [0:02:18<0:08:22, 0.30Hz]
[03.10 03:45:09] ┇ INFO    ┇                     gner ┇  - [02/07] (train) crossner_literature :  24%|████▋               |  45/190 [0:02:23<0:07:43, 0.31Hz]
[03.10 03:45:15] ┇ INFO    ┇                     gner ┇  - [02/07] (train) crossner_literature :  26%|█████▏              |  49/190 [0:02:29<0:07:09, 0.33Hz]
[03.10 03:45:23] ┇ INFO    ┇                     gner ┇  - [02/07] (train) crossner_literature :  26%|█████▎              |  50/190 [0:02:37<0:07:20, 0.32Hz]
[03.10 03:45:30] ┇ INFO    ┇                     gner ┇  - [02/07] (train) crossner_literature :  28%|█████▋              |  54/190 [0:02:44<0:06:53, 0.33Hz]
[03.10 03:45:37] ┇ INFO    ┇                     gner ┇  - [02/07] (train) crossner_literature :  29%|█████▊              |  55/190 [0:02:51<0:07:00, 0.32Hz]
[03.10 03:45:43] ┇ INFO    ┇                     gner ┇  - [02/07] (train) crossner_literature :  30%|██████              |  57/190 [0:02:57<0:06:54, 0.32Hz]
[03.10 03:45:52] ┇ INFO    ┇                     gner ┇  - [02/07] (train) crossner_literature :  33%|██████▌             |  62/190 [0:03:06<0:06:24, 0.33Hz]
[03.10 03:45:58] ┇ INFO    ┇                     gner ┇  - [02/07] (train) crossner_literature :  34%|██████▋             |  64/190 [0:03:12<0:06:21, 0.33Hz]
[03.10 03:46:07] ┇ INFO    ┇                     gner ┇  - [02/07] (train) crossner_literature :  35%|██████▉             |  66/190 [0:03:21<0:06:21, 0.33Hz]
[03.10 03:46:14] ┇ INFO    ┇                     gner ┇  - [02/07] (train) crossner_literature :  36%|███████▏            |  68/190 [0:03:28<0:06:14, 0.33Hz]
[03.10 03:46:19] ┇ INFO    ┇                     gner ┇  - [02/07] (train) crossner_literature :  37%|███████▎            |  70/190 [0:03:33<0:06:10, 0.32Hz]
[03.10 03:46:25] ┇ INFO    ┇                     gner ┇  - [02/07] (train) crossner_literature :  38%|███████▋            |  73/190 [0:03:39<0:05:38, 0.35Hz]
[03.10 03:46:30] ┇ INFO    ┇                     gner ┇  - [02/07] (train) crossner_literature :  39%|███████▉            |  75/190 [0:03:44<0:05:17, 0.36Hz]
[03.10 03:46:36] ┇ INFO    ┇                     gner ┇  - [02/07] (train) crossner_literature :  41%|████████▏           |  78/190 [0:03:50<0:05:05, 0.37Hz]
[03.10 03:46:43] ┇ INFO    ┇                     gner ┇  - [02/07] (train) crossner_literature :  42%|████████▍           |  80/190 [0:03:57<0:05:02, 0.36Hz]
[03.10 03:46:49] ┇ INFO    ┇                     gner ┇  - [02/07] (train) crossner_literature :  43%|████████▋           |  82/190 [0:04:03<0:04:57, 0.36Hz]
[03.10 03:47:02] ┇ INFO    ┇                     gner ┇  - [02/07] (train) crossner_literature :  45%|█████████           |  86/190 [0:04:16<0:04:51, 0.36Hz]
[03.10 03:47:09] ┇ INFO    ┇                     gner ┇  - [02/07] (train) crossner_literature :  46%|█████████▎          |  88/190 [0:04:23<0:04:35, 0.37Hz]
[03.10 03:47:16] ┇ INFO    ┇                     gner ┇  - [02/07] (train) crossner_literature :  48%|█████████▌          |  91/190 [0:04:30<0:04:01, 0.41Hz]
[03.10 03:47:21] ┇ INFO    ┇                     gner ┇  - [02/07] (train) crossner_literature :  48%|█████████▋          |  92/190 [0:04:35<0:04:04, 0.40Hz]
[03.10 03:47:27] ┇ INFO    ┇                     gner ┇  - [02/07] (train) crossner_literature :  51%|██████████▏         |  97/190 [0:04:41<0:03:53, 0.40Hz]
[03.10 03:47:32] ┇ INFO    ┇                     gner ┇  - [02/07] (train) crossner_literature :  53%|██████████▌         | 100/190 [0:04:46<0:03:43, 0.40Hz]
[03.10 03:47:39] ┇ INFO    ┇                     gner ┇  - [02/07] (train) crossner_literature :  54%|██████████▊         | 103/190 [0:04:52<0:03:39, 0.40Hz]
[03.10 03:47:44] ┇ INFO    ┇                     gner ┇  - [02/07] (train) crossner_literature :  55%|███████████         | 105/190 [0:04:58<0:03:34, 0.40Hz]
[03.10 03:47:51] ┇ INFO    ┇                     gner ┇  - [02/07] (train) crossner_literature :  56%|███████████▎        | 107/190 [0:05:04<0:03:34, 0.39Hz]
[03.10 03:47:56] ┇ INFO    ┇                     gner ┇  - [02/07] (train) crossner_literature :  58%|███████████▌        | 110/190 [0:05:09<0:03:28, 0.38Hz]
[03.10 03:48:01] ┇ INFO    ┇                     gner ┇  - [02/07] (train) crossner_literature :  59%|███████████▉        | 113/190 [0:05:15<0:03:13, 0.40Hz]
[03.10 03:48:12] ┇ INFO    ┇                     gner ┇  - [02/07] (train) crossner_literature :  61%|████████████        | 115/190 [0:05:26<0:03:17, 0.38Hz]
[03.10 03:48:18] ┇ INFO    ┇                     gner ┇  - [02/07] (train) crossner_literature :  61%|████████████▏       | 116/190 [0:05:32<0:03:21, 0.37Hz]
[03.10 03:48:23] ┇ INFO    ┇                     gner ┇  - [02/07] (train) crossner_literature :  62%|████████████▎       | 117/190 [0:05:37<0:03:20, 0.36Hz]
[03.10 03:48:30] ┇ INFO    ┇                     gner ┇  - [02/07] (train) crossner_literature :  63%|████████████▋       | 120/190 [0:05:44<0:03:05, 0.38Hz]
[03.10 03:48:41] ┇ INFO    ┇                     gner ┇  - [02/07] (train) crossner_literature :  65%|████████████▉       | 123/190 [0:05:55<0:03:05, 0.36Hz]
[03.10 03:48:49] ┇ INFO    ┇                     gner ┇  - [02/07] (train) crossner_literature :  65%|█████████████       | 124/190 [0:06:03<0:03:09, 0.35Hz]
[03.10 03:49:02] ┇ INFO    ┇                     gner ┇  - [02/07] (train) crossner_literature :  66%|█████████████▏      | 125/190 [0:06:15<0:03:15, 0.33Hz]
[03.10 03:49:07] ┇ INFO    ┇                     gner ┇  - [02/07] (train) crossner_literature :  67%|█████████████▍      | 128/190 [0:06:21<0:03:03, 0.34Hz]
[03.10 03:49:24] ┇ INFO    ┇                     gner ┇  - [02/07] (train) crossner_literature :  68%|█████████████▋      | 130/190 [0:06:38<0:03:06, 0.32Hz]
[03.10 03:49:34] ┇ INFO    ┇                     gner ┇  - [02/07] (train) crossner_literature :  69%|█████████████▊      | 131/190 [0:06:47<0:03:07, 0.32Hz]
[03.10 03:49:40] ┇ INFO    ┇                     gner ┇  - [02/07] (train) crossner_literature :  70%|██████████████      | 133/190 [0:06:54<0:03:01, 0.31Hz]
[03.10 03:49:47] ┇ INFO    ┇                     gner ┇  - [02/07] (train) crossner_literature :  72%|██████████████▎     | 136/190 [0:07:01<0:02:53, 0.31Hz]
[03.10 03:49:53] ┇ INFO    ┇                     gner ┇  - [02/07] (train) crossner_literature :  73%|██████████████▌     | 138/190 [0:07:06<0:02:46, 0.31Hz]
[03.10 03:49:59] ┇ INFO    ┇                     gner ┇  - [02/07] (train) crossner_literature :  74%|██████████████▋     | 140/190 [0:07:12<0:02:41, 0.31Hz]
[03.10 03:50:08] ┇ INFO    ┇                     gner ┇  - [02/07] (train) crossner_literature :  75%|██████████████▉     | 142/190 [0:07:22<0:02:40, 0.30Hz]
[03.10 03:50:14] ┇ INFO    ┇                     gner ┇  - [02/07] (train) crossner_literature :  76%|███████████████▏    | 144/190 [0:07:27<0:02:30, 0.31Hz]
[03.10 03:50:24] ┇ INFO    ┇                     gner ┇  - [02/07] (train) crossner_literature :  77%|███████████████▎    | 146/190 [0:07:38<0:02:29, 0.29Hz]
[03.10 03:50:31] ┇ INFO    ┇                     gner ┇  - [02/07] (train) crossner_literature :  78%|███████████████▌    | 148/190 [0:07:45<0:02:25, 0.29Hz]
[03.10 03:50:47] ┇ INFO    ┇                     gner ┇  - [02/07] (train) crossner_literature :  79%|███████████████▉    | 151/190 [0:08:01<0:02:14, 0.29Hz]
[03.10 03:50:58] ┇ INFO    ┇                     gner ┇  - [02/07] (train) crossner_literature :  81%|████████████████    | 153/190 [0:08:12<0:02:12, 0.28Hz]
[03.10 03:51:03] ┇ INFO    ┇                     gner ┇  - [02/07] (train) crossner_literature :  83%|████████████████▌   | 157/190 [0:08:17<0:01:55, 0.29Hz]
[03.10 03:51:09] ┇ INFO    ┇                     gner ┇  - [02/07] (train) crossner_literature :  84%|████████████████▊   | 160/190 [0:08:22<0:01:45, 0.28Hz]
[03.10 03:51:15] ┇ INFO    ┇                     gner ┇  - [02/07] (train) crossner_literature :  85%|█████████████████   | 162/190 [0:08:29<0:01:40, 0.28Hz]
[03.10 03:51:24] ┇ INFO    ┇                     gner ┇  - [02/07] (train) crossner_literature :  88%|█████████████████▌  | 167/190 [0:08:38<0:01:21, 0.28Hz]
[03.10 03:51:30] ┇ INFO    ┇                     gner ┇  - [02/07] (train) crossner_literature :  91%|██████████████████  | 172/190 [0:08:44<0:01:02, 0.29Hz]
[03.10 03:51:36] ┇ INFO    ┇                     gner ┇  - [02/07] (train) crossner_literature :  92%|██████████████████▎ | 174/190 [0:08:50<0:00:55, 0.29Hz]
[03.10 03:51:42] ┇ INFO    ┇                     gner ┇  - [02/07] (train) crossner_literature :  93%|██████████████████▌ | 176/190 [0:08:56<0:00:49, 0.29Hz]
[03.10 03:51:50] ┇ INFO    ┇                     gner ┇  - [02/07] (train) crossner_literature :  94%|██████████████████▊ | 179/190 [0:09:03<0:00:36, 0.30Hz]
[03.10 03:52:00] ┇ INFO    ┇                     gner ┇  - [02/07] (train) crossner_literature :  96%|███████████████████▎| 183/190 [0:09:14<0:00:23, 0.30Hz]
[03.10 03:52:09] ┇ INFO    ┇                     gner ┇  - [02/07] (train) crossner_literature :  97%|███████████████████▍| 185/190 [0:09:23<0:00:17, 0.29Hz]
[03.10 03:52:18] ┇ INFO    ┇                     gner ┇  - [02/07] (train) crossner_literature :  98%|███████████████████▌| 186/190 [0:09:32<0:00:13, 0.29Hz]
[03.10 03:52:23] ┇ INFO    ┇                     gner ┇  - [02/07] (train) crossner_literature :  98%|███████████████████▋| 187/190 [0:09:37<0:00:10, 0.29Hz]
[03.10 03:52:29] ┇ INFO    ┇                     gner ┇  - [02/07] (train) crossner_literature :  99%|███████████████████▉| 189/190 [0:09:43<0:00:03, 0.31Hz]
[03.10 03:52:31] ┇ INFO    ┇                     gner ┇  - [02/07] (train) crossner_literature : 100%|████████████████████| 190/190 [0:09:45<0:00:00, 0.31Hz]
[03.10 03:52:35] ┇ INFO    ┇                     gner ┇  - [03/07] (train) crossner_music      :   1%|                    |   1/190 [0:00:03<0:11:41, 0.27Hz]
[03.10 03:52:43] ┇ INFO    ┇                     gner ┇  - [03/07] (train) crossner_music      :   1%|▏                   |   2/190 [0:00:11<0:18:45, 0.17Hz]
[03.10 03:52:55] ┇ INFO    ┇                     gner ┇  - [03/07] (train) crossner_music      :   2%|▍                   |   4/190 [0:00:23<0:18:33, 0.17Hz]
[03.10 03:53:05] ┇ INFO    ┇                     gner ┇  - [03/07] (train) crossner_music      :   3%|▋                   |   6/190 [0:00:33<0:17:20, 0.18Hz]
[03.10 03:53:17] ┇ INFO    ┇                     gner ┇  - [03/07] (train) crossner_music      :   4%|▊                   |   8/190 [0:00:45<0:17:05, 0.18Hz]
[03.10 03:53:28] ┇ INFO    ┇                     gner ┇  - [03/07] (train) crossner_music      :   5%|█                   |  10/190 [0:00:56<0:17:00, 0.18Hz]
[03.10 03:53:34] ┇ INFO    ┇                     gner ┇  - [03/07] (train) crossner_music      :   6%|█▏                  |  11/190 [0:01:02<0:16:57, 0.18Hz]
[03.10 03:53:45] ┇ INFO    ┇                     gner ┇  - [03/07] (train) crossner_music      :   7%|█▎                  |  13/190 [0:01:13<0:16:37, 0.18Hz]
[03.10 03:53:53] ┇ INFO    ┇                     gner ┇  - [03/07] (train) crossner_music      :   8%|█▌                  |  15/190 [0:01:21<0:15:56, 0.18Hz]
[03.10 03:53:59] ┇ INFO    ┇                     gner ┇  - [03/07] (train) crossner_music      :   8%|█▋                  |  16/190 [0:01:27<0:15:52, 0.18Hz]
[03.10 03:54:04] ┇ INFO    ┇                     gner ┇  - [03/07] (train) crossner_music      :   9%|█▊                  |  17/190 [0:01:32<0:15:45, 0.18Hz]
[03.10 03:54:14] ┇ INFO    ┇                     gner ┇  - [03/07] (train) crossner_music      :   9%|█▉                  |  18/190 [0:01:43<0:16:24, 0.17Hz]
[03.10 03:54:27] ┇ INFO    ┇                     gner ┇  - [03/07] (train) crossner_music      :  10%|██                  |  19/190 [0:01:55<0:17:22, 0.16Hz]
[03.10 03:54:33] ┇ INFO    ┇                     gner ┇  - [03/07] (train) crossner_music      :  11%|██                  |  20/190 [0:02:02<0:17:17, 0.16Hz]
[03.10 03:54:44] ┇ INFO    ┇                     gner ┇  - [03/07] (train) crossner_music      :  12%|██▎                 |  22/190 [0:02:12<0:16:55, 0.17Hz]
[03.10 03:54:54] ┇ INFO    ┇                     gner ┇  - [03/07] (train) crossner_music      :  12%|██▍                 |  23/190 [0:02:22<0:17:14, 0.16Hz]
[03.10 03:55:02] ┇ INFO    ┇                     gner ┇  - [03/07] (train) crossner_music      :  13%|██▋                 |  25/190 [0:02:30<0:16:33, 0.17Hz]
[03.10 03:55:09] ┇ INFO    ┇                     gner ┇  - [03/07] (train) crossner_music      :  14%|██▊                 |  27/190 [0:02:37<0:15:50, 0.17Hz]
[03.10 03:55:17] ┇ INFO    ┇                     gner ┇  - [03/07] (train) crossner_music      :  15%|███                 |  29/190 [0:02:45<0:15:21, 0.17Hz]
[03.10 03:55:28] ┇ INFO    ┇                     gner ┇  - [03/07] (train) crossner_music      :  16%|███▎                |  31/190 [0:02:56<0:15:05, 0.18Hz]
[03.10 03:55:34] ┇ INFO    ┇                     gner ┇  - [03/07] (train) crossner_music      :  18%|███▌                |  34/190 [0:03:02<0:13:58, 0.19Hz]
[03.10 03:55:40] ┇ INFO    ┇                     gner ┇  - [03/07] (train) crossner_music      :  18%|███▋                |  35/190 [0:03:08<0:13:56, 0.19Hz]
[03.10 03:55:57] ┇ INFO    ┇                     gner ┇  - [03/07] (train) crossner_music      :  19%|███▉                |  37/190 [0:03:25<0:14:09, 0.18Hz]
[03.10 03:56:07] ┇ INFO    ┇                     gner ┇  - [03/07] (train) crossner_music      :  20%|████                |  38/190 [0:03:35<0:14:22, 0.18Hz]
[03.10 03:56:16] ┇ INFO    ┇                     gner ┇  - [03/07] (train) crossner_music      :  21%|████                |  39/190 [0:03:44<0:14:28, 0.17Hz]
[03.10 03:56:26] ┇ INFO    ┇                     gner ┇  - [03/07] (train) crossner_music      :  22%|████▍               |  42/190 [0:03:54<0:13:47, 0.18Hz]
[03.10 03:56:32] ┇ INFO    ┇                     gner ┇  - [03/07] (train) crossner_music      :  24%|████▋               |  45/190 [0:04:00<0:12:55, 0.19Hz]
[03.10 03:56:38] ┇ INFO    ┇                     gner ┇  - [03/07] (train) crossner_music      :  24%|████▊               |  46/190 [0:04:06<0:12:50, 0.19Hz]
[03.10 03:56:54] ┇ INFO    ┇                     gner ┇  - [03/07] (train) crossner_music      :  25%|█████               |  48/190 [0:04:22<0:12:57, 0.18Hz]
[03.10 03:56:59] ┇ INFO    ┇                     gner ┇  - [03/07] (train) crossner_music      :  26%|█████▎              |  50/190 [0:04:28<0:12:30, 0.19Hz]
[03.10 03:57:05] ┇ INFO    ┇                     gner ┇  - [03/07] (train) crossner_music      :  27%|█████▍              |  52/190 [0:04:33<0:12:05, 0.19Hz]
[03.10 03:57:10] ┇ INFO    ┇                     gner ┇  - [03/07] (train) crossner_music      :  28%|█████▋              |  54/190 [0:04:38<0:11:41, 0.19Hz]
[03.10 03:57:17] ┇ INFO    ┇                     gner ┇  - [03/07] (train) crossner_music      :  29%|█████▉              |  56/190 [0:04:45<0:11:22, 0.20Hz]
[03.10 03:57:22] ┇ INFO    ┇                     gner ┇  - [03/07] (train) crossner_music      :  30%|██████              |  57/190 [0:04:51<0:11:19, 0.20Hz]
[03.10 03:57:31] ┇ INFO    ┇                     gner ┇  - [03/07] (train) crossner_music      :  31%|██████              |  58/190 [0:04:59<0:11:21, 0.19Hz]
[03.10 03:57:36] ┇ INFO    ┇                     gner ┇  - [03/07] (train) crossner_music      :  31%|██████▏             |  59/190 [0:05:04<0:11:16, 0.19Hz]
[03.10 03:57:45] ┇ INFO    ┇                     gner ┇  - [03/07] (train) crossner_music      :  32%|██████▎             |  60/190 [0:05:13<0:11:19, 0.19Hz]
[03.10 03:57:54] ┇ INFO    ┇                     gner ┇  - [03/07] (train) crossner_music      :  33%|██████▌             |  62/190 [0:05:22<0:11:05, 0.19Hz]
[03.10 03:58:10] ┇ INFO    ┇                     gner ┇  - [03/07] (train) crossner_music      :  34%|██████▊             |  65/190 [0:05:38<0:10:48, 0.19Hz]
[03.10 03:58:16] ┇ INFO    ┇                     gner ┇  - [03/07] (train) crossner_music      :  35%|██████▉             |  66/190 [0:05:44<0:10:47, 0.19Hz]
[03.10 03:58:25] ┇ INFO    ┇                     gner ┇  - [03/07] (train) crossner_music      :  36%|███████▏            |  68/190 [0:05:53<0:10:29, 0.19Hz]
[03.10 03:58:35] ┇ INFO    ┇                     gner ┇  - [03/07] (train) crossner_music      :  37%|███████▎            |  70/190 [0:06:03<0:10:19, 0.19Hz]
[03.10 03:58:44] ┇ INFO    ┇                     gner ┇  - [03/07] (train) crossner_music      :  38%|███████▌            |  72/190 [0:06:12<0:10:04, 0.20Hz]
[03.10 03:58:50] ┇ INFO    ┇                     gner ┇  - [03/07] (train) crossner_music      :  39%|███████▊            |  74/190 [0:06:18<0:09:42, 0.20Hz]
[03.10 03:58:58] ┇ INFO    ┇                     gner ┇  - [03/07] (train) crossner_music      :  41%|████████            |  77/190 [0:06:26<0:09:16, 0.20Hz]
[03.10 03:59:04] ┇ INFO    ┇                     gner ┇  - [03/07] (train) crossner_music      :  41%|████████▏           |  78/190 [0:06:32<0:09:11, 0.20Hz]
[03.10 03:59:18] ┇ INFO    ┇                     gner ┇  - [03/07] (train) crossner_music      :  42%|████████▍           |  80/190 [0:06:46<0:09:07, 0.20Hz]
[03.10 03:59:24] ┇ INFO    ┇                     gner ┇  - [03/07] (train) crossner_music      :  43%|████████▌           |  81/190 [0:06:52<0:08:55, 0.20Hz]
[03.10 03:59:35] ┇ INFO    ┇                     gner ┇  - [03/07] (train) crossner_music      :  44%|████████▊           |  84/190 [0:07:03<0:08:21, 0.21Hz]
[03.10 03:59:44] ┇ INFO    ┇                     gner ┇  - [03/07] (train) crossner_music      :  45%|█████████           |  86/190 [0:07:12<0:07:59, 0.22Hz]
[03.10 03:59:49] ┇ INFO    ┇                     gner ┇  - [03/07] (train) crossner_music      :  46%|█████████▏          |  87/190 [0:07:17<0:08:01, 0.21Hz]
[03.10 03:59:55] ┇ INFO    ┇                     gner ┇  - [03/07] (train) crossner_music      :  46%|█████████▎          |  88/190 [0:07:23<0:07:53, 0.22Hz]
[03.10 04:00:10] ┇ INFO    ┇                     gner ┇  - [03/07] (train) crossner_music      :  48%|█████████▌          |  91/190 [0:07:38<0:07:45, 0.21Hz]
[03.10 04:00:15] ┇ INFO    ┇                     gner ┇  - [03/07] (train) crossner_music      :  49%|█████████▊          |  93/190 [0:07:43<0:07:35, 0.21Hz]
[03.10 04:00:23] ┇ INFO    ┇                     gner ┇  - [03/07] (train) crossner_music      :  49%|█████████▉          |  94/190 [0:07:51<0:07:29, 0.21Hz]
[03.10 04:00:44] ┇ INFO    ┇                     gner ┇  - [03/07] (train) crossner_music      :  51%|██████████          |  96/190 [0:08:12<0:07:45, 0.20Hz]
[03.10 04:00:52] ┇ INFO    ┇                     gner ┇  - [03/07] (train) crossner_music      :  52%|██████████▎         |  98/190 [0:08:20<0:07:35, 0.20Hz]
[03.10 04:00:59] ┇ INFO    ┇                     gner ┇  - [03/07] (train) crossner_music      :  53%|██████████▋         | 101/190 [0:08:27<0:06:52, 0.22Hz]
[03.10 04:01:11] ┇ INFO    ┇                     gner ┇  - [03/07] (train) crossner_music      :  54%|██████████▊         | 103/190 [0:08:39<0:06:43, 0.22Hz]
[03.10 04:01:20] ┇ INFO    ┇                     gner ┇  - [03/07] (train) crossner_music      :  55%|██████████▉         | 104/190 [0:08:48<0:06:50, 0.21Hz]
[03.10 04:01:27] ┇ INFO    ┇                     gner ┇  - [03/07] (train) crossner_music      :  57%|███████████▎        | 108/190 [0:08:55<0:06:23, 0.21Hz]
[03.10 04:01:35] ┇ INFO    ┇                     gner ┇  - [03/07] (train) crossner_music      :  58%|███████████▌        | 110/190 [0:09:03<0:06:14, 0.21Hz]
[03.10 04:01:43] ┇ INFO    ┇                     gner ┇  - [03/07] (train) crossner_music      :  59%|███████████▉        | 113/190 [0:09:11<0:05:46, 0.22Hz]
[03.10 04:01:50] ┇ INFO    ┇                     gner ┇  - [03/07] (train) crossner_music      :  61%|████████████        | 115/190 [0:09:18<0:05:39, 0.22Hz]
[03.10 04:01:55] ┇ INFO    ┇                     gner ┇  - [03/07] (train) crossner_music      :  62%|████████████▎       | 117/190 [0:09:23<0:05:30, 0.22Hz]
[03.10 04:02:03] ┇ INFO    ┇                     gner ┇  - [03/07] (train) crossner_music      :  63%|████████████▌       | 119/190 [0:09:31<0:05:22, 0.22Hz]
[03.10 04:02:08] ┇ INFO    ┇                     gner ┇  - [03/07] (train) crossner_music      :  63%|████████████▋       | 120/190 [0:09:36<0:05:17, 0.22Hz]
[03.10 04:02:14] ┇ INFO    ┇                     gner ┇  - [03/07] (train) crossner_music      :  64%|████████████▊       | 122/190 [0:09:42<0:05:00, 0.23Hz]
[03.10 04:02:22] ┇ INFO    ┇                     gner ┇  - [03/07] (train) crossner_music      :  65%|█████████████       | 124/190 [0:09:50<0:04:45, 0.23Hz]
[03.10 04:02:29] ┇ INFO    ┇                     gner ┇  - [03/07] (train) crossner_music      :  67%|█████████████▎      | 127/190 [0:09:57<0:04:30, 0.23Hz]
[03.10 04:02:38] ┇ INFO    ┇                     gner ┇  - [03/07] (train) crossner_music      :  68%|█████████████▌      | 129/190 [0:10:06<0:04:13, 0.24Hz]
[03.10 04:02:45] ┇ INFO    ┇                     gner ┇  - [03/07] (train) crossner_music      :  68%|█████████████▋      | 130/190 [0:10:13<0:04:14, 0.24Hz]
[03.10 04:02:57] ┇ INFO    ┇                     gner ┇  - [03/07] (train) crossner_music      :  69%|█████████████▉      | 132/190 [0:10:25<0:04:08, 0.23Hz]
[03.10 04:03:05] ┇ INFO    ┇                     gner ┇  - [03/07] (train) crossner_music      :  71%|██████████████      | 134/190 [0:10:33<0:03:58, 0.23Hz]
[03.10 04:03:13] ┇ INFO    ┇                     gner ┇  - [03/07] (train) crossner_music      :  72%|██████████████▎     | 136/190 [0:10:41<0:03:48, 0.24Hz]
[03.10 04:03:22] ┇ INFO    ┇                     gner ┇  - [03/07] (train) crossner_music      :  73%|██████████████▌     | 138/190 [0:10:50<0:03:44, 0.23Hz]
[03.10 04:03:31] ┇ INFO    ┇                     gner ┇  - [03/07] (train) crossner_music      :  73%|██████████████▋     | 139/190 [0:10:59<0:03:44, 0.23Hz]
[03.10 04:03:45] ┇ INFO    ┇                     gner ┇  - [03/07] (train) crossner_music      :  74%|██████████████▋     | 140/190 [0:11:13<0:03:47, 0.22Hz]
[03.10 04:03:51] ┇ INFO    ┇                     gner ┇  - [03/07] (train) crossner_music      :  74%|██████████████▊     | 141/190 [0:11:19<0:03:43, 0.22Hz]
[03.10 04:03:57] ┇ INFO    ┇                     gner ┇  - [03/07] (train) crossner_music      :  75%|██████████████▉     | 142/190 [0:11:25<0:03:40, 0.22Hz]
[03.10 04:04:02] ┇ INFO    ┇                     gner ┇  - [03/07] (train) crossner_music      :  75%|███████████████     | 143/190 [0:11:30<0:03:31, 0.22Hz]
[03.10 04:04:07] ┇ INFO    ┇                     gner ┇  - [03/07] (train) crossner_music      :  76%|███████████████▎    | 145/190 [0:11:35<0:03:20, 0.22Hz]
[03.10 04:04:18] ┇ INFO    ┇                     gner ┇  - [03/07] (train) crossner_music      :  78%|███████████████▌    | 148/190 [0:11:46<0:03:05, 0.23Hz]
[03.10 04:04:23] ┇ INFO    ┇                     gner ┇  - [03/07] (train) crossner_music      :  78%|███████████████▋    | 149/190 [0:11:51<0:03:01, 0.23Hz]
[03.10 04:04:30] ┇ INFO    ┇                     gner ┇  - [03/07] (train) crossner_music      :  79%|███████████████▊    | 150/190 [0:11:58<0:02:58, 0.22Hz]
[03.10 04:04:35] ┇ INFO    ┇                     gner ┇  - [03/07] (train) crossner_music      :  80%|████████████████    | 152/190 [0:12:04<0:02:48, 0.23Hz]
[03.10 04:04:44] ┇ INFO    ┇                     gner ┇  - [03/07] (train) crossner_music      :  82%|████████████████▎   | 155/190 [0:12:12<0:02:29, 0.23Hz]
[03.10 04:04:55] ┇ INFO    ┇                     gner ┇  - [03/07] (train) crossner_music      :  83%|████████████████▋   | 158/190 [0:12:24<0:02:16, 0.23Hz]
[03.10 04:05:01] ┇ INFO    ┇                     gner ┇  - [03/07] (train) crossner_music      :  84%|████████████████▊   | 160/190 [0:12:29<0:02:01, 0.25Hz]
[03.10 04:05:06] ┇ INFO    ┇                     gner ┇  - [03/07] (train) crossner_music      :  85%|█████████████████   | 162/190 [0:12:34<0:01:51, 0.25Hz]
[03.10 04:05:13] ┇ INFO    ┇                     gner ┇  - [03/07] (train) crossner_music      :  86%|█████████████████▎  | 164/190 [0:12:41<0:01:44, 0.25Hz]
[03.10 04:05:23] ┇ INFO    ┇                     gner ┇  - [03/07] (train) crossner_music      :  87%|█████████████████▍  | 166/190 [0:12:51<0:01:36, 0.25Hz]
[03.10 04:05:29] ┇ INFO    ┇                     gner ┇  - [03/07] (train) crossner_music      :  88%|█████████████████▋  | 168/190 [0:12:57<0:01:26, 0.25Hz]
[03.10 04:05:38] ┇ INFO    ┇                     gner ┇  - [03/07] (train) crossner_music      :  89%|█████████████████▊  | 169/190 [0:13:06<0:01:25, 0.25Hz]
[03.10 04:05:46] ┇ INFO    ┇                     gner ┇  - [03/07] (train) crossner_music      :  89%|█████████████████▉  | 170/190 [0:13:14<0:01:22, 0.24Hz]
[03.10 04:05:55] ┇ INFO    ┇                     gner ┇  - [03/07] (train) crossner_music      :  91%|██████████████████  | 172/190 [0:13:23<0:01:15, 0.24Hz]
[03.10 04:06:01] ┇ INFO    ┇                     gner ┇  - [03/07] (train) crossner_music      :  93%|██████████████████▌ | 176/190 [0:13:29<0:00:57, 0.24Hz]
[03.10 04:06:14] ┇ INFO    ┇                     gner ┇  - [03/07] (train) crossner_music      :  94%|██████████████████▋ | 178/190 [0:13:42<0:00:50, 0.24Hz]
[03.10 04:06:21] ┇ INFO    ┇                     gner ┇  - [03/07] (train) crossner_music      :  95%|██████████████████▉ | 180/190 [0:13:49<0:00:42, 0.24Hz]
[03.10 04:06:28] ┇ INFO    ┇                     gner ┇  - [03/07] (train) crossner_music      :  96%|███████████████████▎| 183/190 [0:13:56<0:00:28, 0.24Hz]
[03.10 04:06:33] ┇ INFO    ┇                     gner ┇  - [03/07] (train) crossner_music      :  97%|███████████████████▍| 185/190 [0:14:01<0:00:20, 0.24Hz]
[03.10 04:06:38] ┇ INFO    ┇                     gner ┇  - [03/07] (train) crossner_music      :  99%|███████████████████▉| 189/190 [0:14:06<0:00:04, 0.25Hz]
[03.10 04:06:42] ┇ INFO    ┇                     gner ┇  - [03/07] (train) crossner_music      : 100%|████████████████████| 190/190 [0:14:10<0:00:00, 0.25Hz]
[03.10 04:06:44] ┇ INFO    ┇                     gner ┇  - [04/07] (train) crossner_politics   :   1%|                    |   1/190 [0:00:01<0:05:45, 0.55Hz]
[03.10 04:06:55] ┇ INFO    ┇                     gner ┇  - [04/07] (train) crossner_politics   :   1%|▏                   |   2/190 [0:00:13<0:21:38, 0.14Hz]
[03.10 04:07:03] ┇ INFO    ┇                     gner ┇  - [04/07] (train) crossner_politics   :   2%|▎                   |   3/190 [0:00:21<0:22:27, 0.14Hz]
[03.10 04:07:35] ┇ INFO    ┇                     gner ┇  - [04/07] (train) crossner_politics   :   2%|▍                   |   4/190 [0:00:52<0:41:04, 0.08Hz]
[03.10 04:07:48] ┇ INFO    ┇                     gner ┇  - [04/07] (train) crossner_politics   :   3%|▋                   |   6/190 [0:01:06<0:34:04, 0.09Hz]
[03.10 04:07:59] ┇ INFO    ┇                     gner ┇  - [04/07] (train) crossner_politics   :   4%|▋                   |   7/190 [0:01:17<0:33:40, 0.09Hz]
[03.10 04:08:06] ┇ INFO    ┇                     gner ┇  - [04/07] (train) crossner_politics   :   4%|▊                   |   8/190 [0:01:24<0:32:01, 0.09Hz]
[03.10 04:08:15] ┇ INFO    ┇                     gner ┇  - [04/07] (train) crossner_politics   :   5%|█                   |  10/190 [0:01:33<0:28:04, 0.11Hz]
[03.10 04:08:24] ┇ INFO    ┇                     gner ┇  - [04/07] (train) crossner_politics   :   6%|█▎                  |  12/190 [0:01:42<0:25:17, 0.12Hz]
[03.10 04:08:32] ┇ INFO    ┇                     gner ┇  - [04/07] (train) crossner_politics   :   7%|█▎                  |  13/190 [0:01:50<0:25:03, 0.12Hz]
[03.10 04:08:39] ┇ INFO    ┇                     gner ┇  - [04/07] (train) crossner_politics   :   7%|█▍                  |  14/190 [0:01:57<0:24:37, 0.12Hz]
[03.10 04:08:45] ┇ INFO    ┇                     gner ┇  - [04/07] (train) crossner_politics   :   8%|█▋                  |  16/190 [0:02:03<0:22:24, 0.13Hz]
[03.10 04:08:54] ┇ INFO    ┇                     gner ┇  - [04/07] (train) crossner_politics   :   9%|█▉                  |  18/190 [0:02:12<0:21:01, 0.14Hz]
[03.10 04:09:00] ┇ INFO    ┇                     gner ┇  - [04/07] (train) crossner_politics   :  10%|██                  |  19/190 [0:02:18<0:20:44, 0.14Hz]
[03.10 04:09:13] ┇ INFO    ┇                     gner ┇  - [04/07] (train) crossner_politics   :  11%|██                  |  20/190 [0:02:31<0:21:25, 0.13Hz]
[03.10 04:09:23] ┇ INFO    ┇                     gner ┇  - [04/07] (train) crossner_politics   :  11%|██▏                 |  21/190 [0:02:41<0:21:39, 0.13Hz]
[03.10 04:09:34] ┇ INFO    ┇                     gner ┇  - [04/07] (train) crossner_politics   :  12%|██▎                 |  22/190 [0:02:52<0:21:59, 0.13Hz]
[03.10 04:09:41] ┇ INFO    ┇                     gner ┇  - [04/07] (train) crossner_politics   :  12%|██▍                 |  23/190 [0:02:58<0:21:39, 0.13Hz]
[03.10 04:09:49] ┇ INFO    ┇                     gner ┇  - [04/07] (train) crossner_politics   :  13%|██▋                 |  25/190 [0:03:07<0:20:38, 0.13Hz]
[03.10 04:09:58] ┇ INFO    ┇                     gner ┇  - [04/07] (train) crossner_politics   :  14%|██▊                 |  27/190 [0:03:16<0:19:47, 0.14Hz]
[03.10 04:10:06] ┇ INFO    ┇                     gner ┇  - [04/07] (train) crossner_politics   :  15%|██▉                 |  28/190 [0:03:23<0:19:39, 0.14Hz]
[03.10 04:10:11] ┇ INFO    ┇                     gner ┇  - [04/07] (train) crossner_politics   :  15%|███                 |  29/190 [0:03:29<0:19:20, 0.14Hz]
[03.10 04:10:19] ┇ INFO    ┇                     gner ┇  - [04/07] (train) crossner_politics   :  16%|███▏                |  30/190 [0:03:37<0:19:20, 0.14Hz]
[03.10 04:10:27] ┇ INFO    ┇                     gner ┇  - [04/07] (train) crossner_politics   :  16%|███▎                |  31/190 [0:03:45<0:19:14, 0.14Hz]
[03.10 04:10:42] ┇ INFO    ┇                     gner ┇  - [04/07] (train) crossner_politics   :  17%|███▎                |  32/190 [0:04:00<0:19:47, 0.13Hz]
[03.10 04:10:50] ┇ INFO    ┇                     gner ┇  - [04/07] (train) crossner_politics   :  18%|███▌                |  34/190 [0:04:08<0:19:01, 0.14Hz]
[03.10 04:11:04] ┇ INFO    ┇                     gner ┇  - [04/07] (train) crossner_politics   :  18%|███▋                |  35/190 [0:04:21<0:19:19, 0.13Hz]
[03.10 04:11:10] ┇ INFO    ┇                     gner ┇  - [04/07] (train) crossner_politics   :  19%|███▊                |  36/190 [0:04:27<0:19:06, 0.13Hz]
[03.10 04:11:25] ┇ INFO    ┇                     gner ┇  - [04/07] (train) crossner_politics   :  20%|████                |  38/190 [0:04:43<0:18:54, 0.13Hz]
[03.10 04:11:35] ┇ INFO    ┇                     gner ┇  - [04/07] (train) crossner_politics   :  21%|████                |  39/190 [0:04:53<0:18:56, 0.13Hz]
[03.10 04:11:45] ┇ INFO    ┇                     gner ┇  - [04/07] (train) crossner_politics   :  21%|████▏               |  40/190 [0:05:03<0:18:58, 0.13Hz]
[03.10 04:11:59] ┇ INFO    ┇                     gner ┇  - [04/07] (train) crossner_politics   :  22%|████▍               |  42/190 [0:05:16<0:18:36, 0.13Hz]
[03.10 04:12:07] ┇ INFO    ┇                     gner ┇  - [04/07] (train) crossner_politics   :  23%|████▋               |  44/190 [0:05:25<0:18:00, 0.14Hz]
[03.10 04:12:19] ┇ INFO    ┇                     gner ┇  - [04/07] (train) crossner_politics   :  24%|████▋               |  45/190 [0:05:37<0:18:06, 0.13Hz]
[03.10 04:12:26] ┇ INFO    ┇                     gner ┇  - [04/07] (train) crossner_politics   :  24%|████▊               |  46/190 [0:05:44<0:17:58, 0.13Hz]
[03.10 04:12:42] ┇ INFO    ┇                     gner ┇  - [04/07] (train) crossner_politics   :  25%|████▉               |  47/190 [0:06:00<0:18:15, 0.13Hz]
[03.10 04:12:47] ┇ INFO    ┇                     gner ┇  - [04/07] (train) crossner_politics   :  25%|█████               |  48/190 [0:06:05<0:18:01, 0.13Hz]
[03.10 04:12:57] ┇ INFO    ┇                     gner ┇  - [04/07] (train) crossner_politics   :  26%|█████▎              |  50/190 [0:06:15<0:17:30, 0.13Hz]
[03.10 04:13:03] ┇ INFO    ┇                     gner ┇  - [04/07] (train) crossner_politics   :  27%|█████▎              |  51/190 [0:06:21<0:17:19, 0.13Hz]
[03.10 04:13:14] ┇ INFO    ┇                     gner ┇  - [04/07] (train) crossner_politics   :  28%|█████▌              |  53/190 [0:06:32<0:16:54, 0.14Hz]
[03.10 04:13:21] ┇ INFO    ┇                     gner ┇  - [04/07] (train) crossner_politics   :  28%|█████▋              |  54/190 [0:06:39<0:16:46, 0.14Hz]
[03.10 04:13:26] ┇ INFO    ┇                     gner ┇  - [04/07] (train) crossner_politics   :  29%|█████▊              |  55/190 [0:06:44<0:16:33, 0.14Hz]
[03.10 04:13:44] ┇ INFO    ┇                     gner ┇  - [04/07] (train) crossner_politics   :  30%|██████              |  57/190 [0:07:02<0:16:24, 0.14Hz]
[03.10 04:13:53] ┇ INFO    ┇                     gner ┇  - [04/07] (train) crossner_politics   :  31%|██████▏             |  59/190 [0:07:11<0:15:57, 0.14Hz]
[03.10 04:14:09] ┇ INFO    ┇                     gner ┇  - [04/07] (train) crossner_politics   :  32%|██████▍             |  61/190 [0:07:27<0:15:46, 0.14Hz]
[03.10 04:14:30] ┇ INFO    ┇                     gner ┇  - [04/07] (train) crossner_politics   :  33%|██████▌             |  62/190 [0:07:48<0:16:07, 0.13Hz]
[03.10 04:14:46] ┇ INFO    ┇                     gner ┇  - [04/07] (train) crossner_politics   :  33%|██████▋             |  63/190 [0:08:04<0:16:15, 0.13Hz]
[03.10 04:14:53] ┇ INFO    ┇                     gner ┇  - [04/07] (train) crossner_politics   :  34%|██████▋             |  64/190 [0:08:11<0:16:18, 0.13Hz]
[03.10 04:14:59] ┇ INFO    ┇                     gner ┇  - [04/07] (train) crossner_politics   :  34%|██████▊             |  65/190 [0:08:17<0:15:59, 0.13Hz]
[03.10 04:15:11] ┇ INFO    ┇                     gner ┇  - [04/07] (train) crossner_politics   :  35%|██████▉             |  66/190 [0:08:29<0:15:59, 0.13Hz]
[03.10 04:15:18] ┇ INFO    ┇                     gner ┇  - [04/07] (train) crossner_politics   :  35%|███████             |  67/190 [0:08:36<0:15:05, 0.14Hz]
[03.10 04:15:41] ┇ INFO    ┇                     gner ┇  - [04/07] (train) crossner_politics   :  36%|███████▏            |  68/190 [0:08:59<0:15:38, 0.13Hz]
[03.10 04:16:13] ┇ INFO    ┇                     gner ┇  - [04/07] (train) crossner_politics   :  36%|███████▎            |  69/190 [0:09:31<0:16:08, 0.12Hz]
[03.10 04:16:23] ┇ INFO    ┇                     gner ┇  - [04/07] (train) crossner_politics   :  37%|███████▍            |  71/190 [0:09:41<0:15:38, 0.13Hz]
[03.10 04:16:34] ┇ INFO    ┇                     gner ┇  - [04/07] (train) crossner_politics   :  38%|███████▋            |  73/190 [0:09:52<0:15:27, 0.13Hz]
[03.10 04:16:54] ┇ INFO    ┇                     gner ┇  - [04/07] (train) crossner_politics   :  39%|███████▊            |  74/190 [0:10:12<0:15:50, 0.12Hz]
[03.10 04:17:12] ┇ INFO    ┇                     gner ┇  - [04/07] (train) crossner_politics   :  40%|████████            |  76/190 [0:10:29<0:15:39, 0.12Hz]
[03.10 04:17:27] ┇ INFO    ┇                     gner ┇  - [04/07] (train) crossner_politics   :  41%|████████▏           |  78/190 [0:10:45<0:15:31, 0.12Hz]
[03.10 04:17:36] ┇ INFO    ┇                     gner ┇  - [04/07] (train) crossner_politics   :  42%|████████▎           |  79/190 [0:10:54<0:15:34, 0.12Hz]
[03.10 04:17:54] ┇ INFO    ┇                     gner ┇  - [04/07] (train) crossner_politics   :  42%|████████▍           |  80/190 [0:11:12<0:15:56, 0.12Hz]
[03.10 04:18:00] ┇ INFO    ┇                     gner ┇  - [04/07] (train) crossner_politics   :  43%|████████▋           |  82/190 [0:11:18<0:15:26, 0.12Hz]
[03.10 04:18:06] ┇ INFO    ┇                     gner ┇  - [04/07] (train) crossner_politics   :  44%|████████▋           |  83/190 [0:11:23<0:15:04, 0.12Hz]
[03.10 04:18:11] ┇ INFO    ┇                     gner ┇  - [04/07] (train) crossner_politics   :  45%|████████▉           |  85/190 [0:11:29<0:14:21, 0.12Hz]
[03.10 04:18:22] ┇ INFO    ┇                     gner ┇  - [04/07] (train) crossner_politics   :  45%|█████████           |  86/190 [0:11:39<0:14:19, 0.12Hz]
[03.10 04:18:33] ┇ INFO    ┇                     gner ┇  - [04/07] (train) crossner_politics   :  46%|█████████▏          |  87/190 [0:11:51<0:14:24, 0.12Hz]
[03.10 04:18:54] ┇ INFO    ┇                     gner ┇  - [04/07] (train) crossner_politics   :  46%|█████████▎          |  88/190 [0:12:12<0:14:42, 0.12Hz]
[03.10 04:19:02] ┇ INFO    ┇                     gner ┇  - [04/07] (train) crossner_politics   :  47%|█████████▎          |  89/190 [0:12:20<0:14:38, 0.11Hz]
[03.10 04:19:10] ┇ INFO    ┇                     gner ┇  - [04/07] (train) crossner_politics   :  47%|█████████▍          |  90/190 [0:12:28<0:14:35, 0.11Hz]
[03.10 04:19:22] ┇ INFO    ┇                     gner ┇  - [04/07] (train) crossner_politics   :  48%|█████████▋          |  92/190 [0:12:39<0:14:16, 0.11Hz]
[03.10 04:19:31] ┇ INFO    ┇                     gner ┇  - [04/07] (train) crossner_politics   :  49%|█████████▊          |  93/190 [0:12:49<0:14:09, 0.11Hz]
[03.10 04:19:41] ┇ INFO    ┇                     gner ┇  - [04/07] (train) crossner_politics   :  49%|█████████▉          |  94/190 [0:12:59<0:14:04, 0.11Hz]
[03.10 04:19:54] ┇ INFO    ┇                     gner ┇  - [04/07] (train) crossner_politics   :  50%|██████████          |  95/190 [0:13:12<0:13:52, 0.11Hz]
[03.10 04:20:03] ┇ INFO    ┇                     gner ┇  - [04/07] (train) crossner_politics   :  51%|██████████▏         |  97/190 [0:13:21<0:13:35, 0.11Hz]
[03.10 04:20:13] ┇ INFO    ┇                     gner ┇  - [04/07] (train) crossner_politics   :  52%|██████████▎         |  98/190 [0:13:31<0:13:22, 0.11Hz]
[03.10 04:20:39] ┇ INFO    ┇                     gner ┇  - [04/07] (train) crossner_politics   :  52%|██████████▍         |  99/190 [0:13:57<0:13:41, 0.11Hz]
[03.10 04:20:55] ┇ INFO    ┇                     gner ┇  - [04/07] (train) crossner_politics   :  53%|██████████▌         | 100/190 [0:14:13<0:13:50, 0.11Hz]
[03.10 04:21:23] ┇ INFO    ┇                     gner ┇  - [04/07] (train) crossner_politics   :  53%|██████████▋         | 101/190 [0:14:40<0:14:03, 0.11Hz]
[03.10 04:21:36] ┇ INFO    ┇                     gner ┇  - [04/07] (train) crossner_politics   :  54%|██████████▊         | 103/190 [0:14:54<0:13:36, 0.11Hz]
[03.10 04:21:46] ┇ INFO    ┇                     gner ┇  - [04/07] (train) crossner_politics   :  55%|██████████▉         | 104/190 [0:15:03<0:13:35, 0.11Hz]
[03.10 04:21:55] ┇ INFO    ┇                     gner ┇  - [04/07] (train) crossner_politics   :  56%|███████████▏        | 106/190 [0:15:13<0:13:12, 0.11Hz]
[03.10 04:22:02] ┇ INFO    ┇                     gner ┇  - [04/07] (train) crossner_politics   :  56%|███████████▎        | 107/190 [0:15:19<0:13:02, 0.11Hz]
[03.10 04:22:13] ┇ INFO    ┇                     gner ┇  - [04/07] (train) crossner_politics   :  57%|███████████▎        | 108/190 [0:15:30<0:12:52, 0.11Hz]
[03.10 04:22:38] ┇ INFO    ┇                     gner ┇  - [04/07] (train) crossner_politics   :  58%|███████████▌        | 110/190 [0:15:56<0:12:37, 0.11Hz]
[03.10 04:22:55] ┇ INFO    ┇                     gner ┇  - [04/07] (train) crossner_politics   :  58%|███████████▋        | 111/190 [0:16:13<0:12:42, 0.10Hz]
[03.10 04:23:05] ┇ INFO    ┇                     gner ┇  - [04/07] (train) crossner_politics   :  60%|████████████        | 114/190 [0:16:23<0:12:06, 0.10Hz]
[03.10 04:23:12] ┇ INFO    ┇                     gner ┇  - [04/07] (train) crossner_politics   :  61%|████████████        | 115/190 [0:16:30<0:12:00, 0.10Hz]
[03.10 04:23:19] ┇ INFO    ┇                     gner ┇  - [04/07] (train) crossner_politics   :  61%|████████████▏       | 116/190 [0:16:37<0:11:50, 0.10Hz]
[03.10 04:23:28] ┇ INFO    ┇                     gner ┇  - [04/07] (train) crossner_politics   :  62%|████████████▎       | 117/190 [0:16:46<0:11:43, 0.10Hz]
[03.10 04:23:34] ┇ INFO    ┇                     gner ┇  - [04/07] (train) crossner_politics   :  62%|████████████▍       | 118/190 [0:16:52<0:11:34, 0.10Hz]
[03.10 04:23:49] ┇ INFO    ┇                     gner ┇  - [04/07] (train) crossner_politics   :  63%|████████████▋       | 120/190 [0:17:07<0:11:12, 0.10Hz]
[03.10 04:24:03] ┇ INFO    ┇                     gner ┇  - [04/07] (train) crossner_politics   :  64%|████████████▊       | 122/190 [0:17:20<0:10:57, 0.10Hz]
[03.10 04:24:11] ┇ INFO    ┇                     gner ┇  - [04/07] (train) crossner_politics   :  65%|█████████████       | 124/190 [0:17:29<0:10:30, 0.10Hz]
[03.10 04:24:32] ┇ INFO    ┇                     gner ┇  - [04/07] (train) crossner_politics   :  66%|█████████████▏      | 125/190 [0:17:50<0:10:20, 0.10Hz]
[03.10 04:24:42] ┇ INFO    ┇                     gner ┇  - [04/07] (train) crossner_politics   :  66%|█████████████▎      | 126/190 [0:18:00<0:10:06, 0.11Hz]
[03.10 04:25:05] ┇ INFO    ┇                     gner ┇  - [04/07] (train) crossner_politics   :  67%|█████████████▎      | 127/190 [0:18:22<0:10:11, 0.10Hz]
[03.10 04:25:10] ┇ INFO    ┇                     gner ┇  - [04/07] (train) crossner_politics   :  67%|█████████████▍      | 128/190 [0:18:28<0:10:01, 0.10Hz]
[03.10 04:25:17] ┇ INFO    ┇                     gner ┇  - [04/07] (train) crossner_politics   :  68%|█████████████▌      | 129/190 [0:18:35<0:09:47, 0.10Hz]
[03.10 04:25:29] ┇ INFO    ┇                     gner ┇  - [04/07] (train) crossner_politics   :  68%|█████████████▋      | 130/190 [0:18:47<0:09:41, 0.10Hz]
[03.10 04:25:37] ┇ INFO    ┇                     gner ┇  - [04/07] (train) crossner_politics   :  69%|█████████████▉      | 132/190 [0:18:55<0:08:39, 0.11Hz]
[03.10 04:25:44] ┇ INFO    ┇                     gner ┇  - [04/07] (train) crossner_politics   :  70%|██████████████      | 133/190 [0:19:02<0:08:33, 0.11Hz]
[03.10 04:25:52] ┇ INFO    ┇                     gner ┇  - [04/07] (train) crossner_politics   :  71%|██████████████      | 134/190 [0:19:10<0:08:25, 0.11Hz]
[03.10 04:25:58] ┇ INFO    ┇                     gner ┇  - [04/07] (train) crossner_politics   :  71%|██████████████▏     | 135/190 [0:19:16<0:08:18, 0.11Hz]
[03.10 04:26:12] ┇ INFO    ┇                     gner ┇  - [04/07] (train) crossner_politics   :  72%|██████████████▍     | 137/190 [0:19:30<0:07:49, 0.11Hz]
[03.10 04:26:26] ┇ INFO    ┇                     gner ┇  - [04/07] (train) crossner_politics   :  73%|██████████████▌     | 138/190 [0:19:44<0:07:48, 0.11Hz]
[03.10 04:26:41] ┇ INFO    ┇                     gner ┇  - [04/07] (train) crossner_politics   :  74%|██████████████▋     | 140/190 [0:19:59<0:07:28, 0.11Hz]
[03.10 04:26:55] ┇ INFO    ┇                     gner ┇  - [04/07] (train) crossner_politics   :  74%|██████████████▊     | 141/190 [0:20:13<0:07:21, 0.11Hz]
[03.10 04:27:07] ┇ INFO    ┇                     gner ┇  - [04/07] (train) crossner_politics   :  75%|███████████████     | 143/190 [0:20:25<0:06:52, 0.11Hz]
[03.10 04:27:14] ┇ INFO    ┇                     gner ┇  - [04/07] (train) crossner_politics   :  76%|███████████████▏    | 144/190 [0:20:32<0:06:45, 0.11Hz]
[03.10 04:27:33] ┇ INFO    ┇                     gner ┇  - [04/07] (train) crossner_politics   :  76%|███████████████▎    | 145/190 [0:20:50<0:06:48, 0.11Hz]
[03.10 04:27:42] ┇ INFO    ┇                     gner ┇  - [04/07] (train) crossner_politics   :  77%|███████████████▎    | 146/190 [0:20:59<0:06:42, 0.11Hz]
[03.10 04:27:59] ┇ INFO    ┇                     gner ┇  - [04/07] (train) crossner_politics   :  78%|███████████████▌    | 148/190 [0:21:17<0:06:31, 0.11Hz]
[03.10 04:28:08] ┇ INFO    ┇                     gner ┇  - [04/07] (train) crossner_politics   :  78%|███████████████▋    | 149/190 [0:21:26<0:06:21, 0.11Hz]
[03.10 04:28:20] ┇ INFO    ┇                     gner ┇  - [04/07] (train) crossner_politics   :  79%|███████████████▊    | 150/190 [0:21:38<0:06:12, 0.11Hz]
[03.10 04:28:30] ┇ INFO    ┇                     gner ┇  - [04/07] (train) crossner_politics   :  80%|████████████████    | 152/190 [0:21:48<0:05:42, 0.11Hz]
[03.10 04:28:41] ┇ INFO    ┇                     gner ┇  - [04/07] (train) crossner_politics   :  81%|████████████████▏   | 154/190 [0:21:59<0:05:24, 0.11Hz]
[03.10 04:28:49] ┇ INFO    ┇                     gner ┇  - [04/07] (train) crossner_politics   :  82%|████████████████▎   | 155/190 [0:22:07<0:05:15, 0.11Hz]
[03.10 04:29:04] ┇ INFO    ┇                     gner ┇  - [04/07] (train) crossner_politics   :  82%|████████████████▍   | 156/190 [0:22:22<0:05:09, 0.11Hz]
[03.10 04:29:10] ┇ INFO    ┇                     gner ┇  - [04/07] (train) crossner_politics   :  83%|████████████████▌   | 157/190 [0:22:28<0:04:57, 0.11Hz]
[03.10 04:29:20] ┇ INFO    ┇                     gner ┇  - [04/07] (train) crossner_politics   :  84%|████████████████▋   | 159/190 [0:22:38<0:04:36, 0.11Hz]
[03.10 04:29:26] ┇ INFO    ┇                     gner ┇  - [04/07] (train) crossner_politics   :  84%|████████████████▊   | 160/190 [0:22:44<0:04:28, 0.11Hz]
[03.10 04:29:35] ┇ INFO    ┇                     gner ┇  - [04/07] (train) crossner_politics   :  85%|█████████████████   | 162/190 [0:22:53<0:03:58, 0.12Hz]
[03.10 04:29:43] ┇ INFO    ┇                     gner ┇  - [04/07] (train) crossner_politics   :  86%|█████████████████▏  | 163/190 [0:23:00<0:03:46, 0.12Hz]
[03.10 04:29:51] ┇ INFO    ┇                     gner ┇  - [04/07] (train) crossner_politics   :  86%|█████████████████▎  | 164/190 [0:23:08<0:03:29, 0.12Hz]
[03.10 04:30:16] ┇ INFO    ┇                     gner ┇  - [04/07] (train) crossner_politics   :  87%|█████████████████▎  | 165/190 [0:23:34<0:03:31, 0.12Hz]
[03.10 04:30:29] ┇ INFO    ┇                     gner ┇  - [04/07] (train) crossner_politics   :  87%|█████████████████▍  | 166/190 [0:23:46<0:03:22, 0.12Hz]
[03.10 04:30:37] ┇ INFO    ┇                     gner ┇  - [04/07] (train) crossner_politics   :  88%|█████████████████▋  | 168/190 [0:23:54<0:03:04, 0.12Hz]
[03.10 04:30:55] ┇ INFO    ┇                     gner ┇  - [04/07] (train) crossner_politics   :  89%|█████████████████▉  | 170/190 [0:24:13<0:02:49, 0.12Hz]
[03.10 04:31:05] ┇ INFO    ┇                     gner ┇  - [04/07] (train) crossner_politics   :  90%|██████████████████  | 171/190 [0:24:23<0:02:40, 0.12Hz]
[03.10 04:31:20] ┇ INFO    ┇                     gner ┇  - [04/07] (train) crossner_politics   :  91%|██████████████████▏ | 173/190 [0:24:38<0:02:20, 0.12Hz]
[03.10 04:31:29] ┇ INFO    ┇                     gner ┇  - [04/07] (train) crossner_politics   :  92%|██████████████████▎ | 174/190 [0:24:47<0:02:10, 0.12Hz]
[03.10 04:31:41] ┇ INFO    ┇                     gner ┇  - [04/07] (train) crossner_politics   :  93%|██████████████████▌ | 176/190 [0:24:59<0:01:55, 0.12Hz]
[03.10 04:31:50] ┇ INFO    ┇                     gner ┇  - [04/07] (train) crossner_politics   :  93%|██████████████████▋ | 177/190 [0:25:08<0:01:48, 0.12Hz]
[03.10 04:32:00] ┇ INFO    ┇                     gner ┇  - [04/07] (train) crossner_politics   :  94%|██████████████████▋ | 178/190 [0:25:17<0:01:40, 0.12Hz]
[03.10 04:32:09] ┇ INFO    ┇                     gner ┇  - [04/07] (train) crossner_politics   :  95%|██████████████████▉ | 180/190 [0:25:27<0:01:22, 0.12Hz]
[03.10 04:32:19] ┇ INFO    ┇                     gner ┇  - [04/07] (train) crossner_politics   :  95%|███████████████████ | 181/190 [0:25:37<0:01:14, 0.12Hz]
[03.10 04:32:31] ┇ INFO    ┇                     gner ┇  - [04/07] (train) crossner_politics   :  96%|███████████████████▎| 183/190 [0:25:49<0:00:57, 0.12Hz]
[03.10 04:32:38] ┇ INFO    ┇                     gner ┇  - [04/07] (train) crossner_politics   :  97%|███████████████████▎| 184/190 [0:25:56<0:00:49, 0.12Hz]
[03.10 04:32:44] ┇ INFO    ┇                     gner ┇  - [04/07] (train) crossner_politics   :  97%|███████████████████▍| 185/190 [0:26:02<0:00:41, 0.12Hz]
[03.10 04:33:13] ┇ INFO    ┇                     gner ┇  - [04/07] (train) crossner_politics   :  98%|███████████████████▌| 186/190 [0:26:31<0:00:34, 0.12Hz]
[03.10 04:33:25] ┇ INFO    ┇                     gner ┇  - [04/07] (train) crossner_politics   :  98%|███████████████████▋| 187/190 [0:26:42<0:00:26, 0.11Hz]
[03.10 04:33:37] ┇ INFO    ┇                     gner ┇  - [04/07] (train) crossner_politics   :  99%|███████████████████▊| 188/190 [0:26:55<0:00:17, 0.12Hz]
[03.10 04:33:47] ┇ INFO    ┇                     gner ┇  - [04/07] (train) crossner_politics   :  99%|███████████████████▉| 189/190 [0:27:05<0:00:08, 0.12Hz]
[03.10 04:34:00] ┇ INFO    ┇                     gner ┇  - [04/07] (train) crossner_politics   : 100%|████████████████████| 190/190 [0:27:17<0:00:00, 0.12Hz]
[03.10 04:34:03] ┇ INFO    ┇                     gner ┇  - [05/07] (train) crossner_science    :   1%|                    |   1/190 [0:00:03<0:09:33, 0.33Hz]
[03.10 04:34:15] ┇ INFO    ┇                     gner ┇  - [05/07] (train) crossner_science    :   1%|▏                   |   2/190 [0:00:14<0:23:28, 0.13Hz]
[03.10 04:34:21] ┇ INFO    ┇                     gner ┇  - [05/07] (train) crossner_science    :   2%|▎                   |   3/190 [0:00:21<0:22:32, 0.14Hz]
[03.10 04:34:28] ┇ INFO    ┇                     gner ┇  - [05/07] (train) crossner_science    :   3%|▌                   |   5/190 [0:00:28<0:17:32, 0.18Hz]
[03.10 04:34:34] ┇ INFO    ┇                     gner ┇  - [05/07] (train) crossner_science    :   5%|▉                   |   9/190 [0:00:34<0:11:37, 0.26Hz]
[03.10 04:34:41] ┇ INFO    ┇                     gner ┇  - [05/07] (train) crossner_science    :   6%|█▏                  |  11/190 [0:00:41<0:11:13, 0.27Hz]
[03.10 04:34:48] ┇ INFO    ┇                     gner ┇  - [05/07] (train) crossner_science    :   6%|█▎                  |  12/190 [0:00:47<0:11:51, 0.25Hz]
[03.10 04:34:54] ┇ INFO    ┇                     gner ┇  - [05/07] (train) crossner_science    :   8%|█▋                  |  16/190 [0:00:54<0:09:53, 0.29Hz]
[03.10 04:35:02] ┇ INFO    ┇                     gner ┇  - [05/07] (train) crossner_science    :   9%|█▊                  |  17/190 [0:01:02<0:10:38, 0.27Hz]
[03.10 04:35:14] ┇ INFO    ┇                     gner ┇  - [05/07] (train) crossner_science    :  11%|██▏                 |  21/190 [0:01:13<0:09:55, 0.28Hz]
[03.10 04:35:25] ┇ INFO    ┇                     gner ┇  - [05/07] (train) crossner_science    :  13%|██▌                 |  24/190 [0:01:25<0:09:49, 0.28Hz]
[03.10 04:35:35] ┇ INFO    ┇                     gner ┇  - [05/07] (train) crossner_science    :  14%|██▋                 |  26/190 [0:01:35<0:09:59, 0.27Hz]
[03.10 04:35:40] ┇ INFO    ┇                     gner ┇  - [05/07] (train) crossner_science    :  14%|██▊                 |  27/190 [0:01:40<0:10:07, 0.27Hz]
[03.10 04:35:46] ┇ INFO    ┇                     gner ┇  - [05/07] (train) crossner_science    :  16%|███▏                |  30/190 [0:01:46<0:09:25, 0.28Hz]
[03.10 04:35:54] ┇ INFO    ┇                     gner ┇  - [05/07] (train) crossner_science    :  18%|███▋                |  35/190 [0:01:54<0:08:26, 0.31Hz]
[03.10 04:36:05] ┇ INFO    ┇                     gner ┇  - [05/07] (train) crossner_science    :  19%|███▊                |  36/190 [0:02:04<0:08:54, 0.29Hz]
[03.10 04:36:18] ┇ INFO    ┇                     gner ┇  - [05/07] (train) crossner_science    :  20%|████                |  38/190 [0:02:18<0:09:14, 0.27Hz]
[03.10 04:36:26] ┇ INFO    ┇                     gner ┇  - [05/07] (train) crossner_science    :  21%|████▏               |  40/190 [0:02:26<0:09:10, 0.27Hz]
[03.10 04:36:32] ┇ INFO    ┇                     gner ┇  - [05/07] (train) crossner_science    :  23%|████▌               |  43/190 [0:02:32<0:08:41, 0.28Hz]
[03.10 04:36:39] ┇ INFO    ┇                     gner ┇  - [05/07] (train) crossner_science    :  24%|████▊               |  46/190 [0:02:39<0:08:20, 0.29Hz]
[03.10 04:36:46] ┇ INFO    ┇                     gner ┇  - [05/07] (train) crossner_science    :  25%|█████               |  48/190 [0:02:46<0:08:11, 0.29Hz]
[03.10 04:36:52] ┇ INFO    ┇                     gner ┇  - [05/07] (train) crossner_science    :  27%|█████▎              |  51/190 [0:02:52<0:07:50, 0.30Hz]
[03.10 04:36:57] ┇ INFO    ┇                     gner ┇  - [05/07] (train) crossner_science    :  28%|█████▌              |  53/190 [0:02:57<0:07:39, 0.30Hz]
[03.10 04:37:11] ┇ INFO    ┇                     gner ┇  - [05/07] (train) crossner_science    :  28%|█████▋              |  54/190 [0:03:11<0:08:02, 0.28Hz]
[03.10 04:37:20] ┇ INFO    ┇                     gner ┇  - [05/07] (train) crossner_science    :  30%|██████              |  57/190 [0:03:20<0:07:47, 0.28Hz]
[03.10 04:37:26] ┇ INFO    ┇                     gner ┇  - [05/07] (train) crossner_science    :  31%|██████▏             |  59/190 [0:03:26<0:07:37, 0.29Hz]
[03.10 04:37:46] ┇ INFO    ┇                     gner ┇  - [05/07] (train) crossner_science    :  32%|██████▎             |  60/190 [0:03:46<0:08:10, 0.26Hz]
[03.10 04:37:54] ┇ INFO    ┇                     gner ┇  - [05/07] (train) crossner_science    :  33%|██████▋             |  63/190 [0:03:54<0:07:53, 0.27Hz]
[03.10 04:38:03] ┇ INFO    ┇                     gner ┇  - [05/07] (train) crossner_science    :  35%|██████▉             |  66/190 [0:04:03<0:07:17, 0.28Hz]
[03.10 04:38:39] ┇ INFO    ┇                     gner ┇  - [05/07] (train) crossner_science    :  36%|███████▎            |  69/190 [0:04:39<0:07:57, 0.25Hz]
[03.10 04:38:45] ┇ INFO    ┇                     gner ┇  - [05/07] (train) crossner_science    :  37%|███████▎            |  70/190 [0:04:45<0:08:04, 0.25Hz]
[03.10 04:38:52] ┇ INFO    ┇                     gner ┇  - [05/07] (train) crossner_science    :  38%|███████▌            |  72/190 [0:04:51<0:08:01, 0.24Hz]
[03.10 04:39:10] ┇ INFO    ┇                     gner ┇  - [05/07] (train) crossner_science    :  38%|███████▋            |  73/190 [0:05:10<0:08:24, 0.23Hz]
[03.10 04:39:37] ┇ INFO    ┇                     gner ┇  - [05/07] (train) crossner_science    :  39%|███████▊            |  74/190 [0:05:37<0:09:05, 0.21Hz]
[03.10 04:39:43] ┇ INFO    ┇                     gner ┇  - [05/07] (train) crossner_science    :  39%|███████▉            |  75/190 [0:05:42<0:08:58, 0.21Hz]
[03.10 04:39:56] ┇ INFO    ┇                     gner ┇  - [05/07] (train) crossner_science    :  40%|████████            |  76/190 [0:05:56<0:09:15, 0.21Hz]
[03.10 04:40:08] ┇ INFO    ┇                     gner ┇  - [05/07] (train) crossner_science    :  42%|████████▎           |  79/190 [0:06:07<0:09:12, 0.20Hz]
[03.10 04:40:14] ┇ INFO    ┇                     gner ┇  - [05/07] (train) crossner_science    :  42%|████████▍           |  80/190 [0:06:14<0:09:03, 0.20Hz]
[03.10 04:40:26] ┇ INFO    ┇                     gner ┇  - [05/07] (train) crossner_science    :  44%|████████▋           |  83/190 [0:06:26<0:09:02, 0.20Hz]
[03.10 04:40:33] ┇ INFO    ┇                     gner ┇  - [05/07] (train) crossner_science    :  44%|████████▊           |  84/190 [0:06:33<0:08:57, 0.20Hz]
[03.10 04:40:40] ┇ INFO    ┇                     gner ┇  - [05/07] (train) crossner_science    :  45%|█████████           |  86/190 [0:06:40<0:08:53, 0.19Hz]
[03.10 04:40:46] ┇ INFO    ┇                     gner ┇  - [05/07] (train) crossner_science    :  46%|█████████▎          |  88/190 [0:06:46<0:08:39, 0.20Hz]
[03.10 04:40:54] ┇ INFO    ┇                     gner ┇  - [05/07] (train) crossner_science    :  47%|█████████▎          |  89/190 [0:06:54<0:08:31, 0.20Hz]
[03.10 04:41:00] ┇ INFO    ┇                     gner ┇  - [05/07] (train) crossner_science    :  48%|█████████▋          |  92/190 [0:07:00<0:08:13, 0.20Hz]
[03.10 04:41:06] ┇ INFO    ┇                     gner ┇  - [05/07] (train) crossner_science    :  49%|█████████▉          |  94/190 [0:07:06<0:08:05, 0.20Hz]
[03.10 04:41:11] ┇ INFO    ┇                     gner ┇  - [05/07] (train) crossner_science    :  50%|██████████          |  95/190 [0:07:11<0:08:07, 0.19Hz]
[03.10 04:41:18] ┇ INFO    ┇                     gner ┇  - [05/07] (train) crossner_science    :  52%|██████████▎         |  98/190 [0:07:18<0:07:53, 0.19Hz]
[03.10 04:41:30] ┇ INFO    ┇                     gner ┇  - [05/07] (train) crossner_science    :  54%|██████████▋         | 102/190 [0:07:30<0:07:09, 0.21Hz]
[03.10 04:41:35] ┇ INFO    ┇                     gner ┇  - [05/07] (train) crossner_science    :  55%|███████████         | 105/190 [0:07:35<0:06:53, 0.21Hz]
[03.10 04:41:45] ┇ INFO    ┇                     gner ┇  - [05/07] (train) crossner_science    :  56%|███████████▎        | 107/190 [0:07:45<0:06:50, 0.20Hz]
[03.10 04:41:54] ┇ INFO    ┇                     gner ┇  - [05/07] (train) crossner_science    :  58%|███████████▌        | 110/190 [0:07:54<0:06:34, 0.20Hz]
[03.10 04:41:59] ┇ INFO    ┇                     gner ┇  - [05/07] (train) crossner_science    :  58%|███████████▋        | 111/190 [0:07:59<0:06:32, 0.20Hz]
[03.10 04:42:04] ┇ INFO    ┇                     gner ┇  - [05/07] (train) crossner_science    :  59%|███████████▉        | 113/190 [0:08:04<0:06:23, 0.20Hz]
[03.10 04:42:13] ┇ INFO    ┇                     gner ┇  - [05/07] (train) crossner_science    :  61%|████████████        | 115/190 [0:08:13<0:06:19, 0.20Hz]
[03.10 04:42:32] ┇ INFO    ┇                     gner ┇  - [05/07] (train) crossner_science    :  61%|████████████▏       | 116/190 [0:08:32<0:06:33, 0.19Hz]
[03.10 04:42:39] ┇ INFO    ┇                     gner ┇  - [05/07] (train) crossner_science    :  62%|████████████▍       | 118/190 [0:08:39<0:06:11, 0.19Hz]
[03.10 04:42:50] ┇ INFO    ┇                     gner ┇  - [05/07] (train) crossner_science    :  63%|████████████▋       | 120/190 [0:08:50<0:06:06, 0.19Hz]
[03.10 04:43:07] ┇ INFO    ┇                     gner ┇  - [05/07] (train) crossner_science    :  64%|████████████▊       | 122/190 [0:09:07<0:06:08, 0.18Hz]
[03.10 04:43:14] ┇ INFO    ┇                     gner ┇  - [05/07] (train) crossner_science    :  66%|█████████████▏      | 125/190 [0:09:14<0:05:33, 0.19Hz]
[03.10 04:43:20] ┇ INFO    ┇                     gner ┇  - [05/07] (train) crossner_science    :  66%|█████████████▎      | 126/190 [0:09:20<0:05:30, 0.19Hz]
[03.10 04:43:30] ┇ INFO    ┇                     gner ┇  - [05/07] (train) crossner_science    :  68%|█████████████▌      | 129/190 [0:09:30<0:05:16, 0.19Hz]
[03.10 04:43:41] ┇ INFO    ┇                     gner ┇  - [05/07] (train) crossner_science    :  70%|██████████████      | 133/190 [0:09:41<0:04:27, 0.21Hz]
[03.10 04:43:46] ┇ INFO    ┇                     gner ┇  - [05/07] (train) crossner_science    :  72%|██████████████▎     | 136/190 [0:09:46<0:03:56, 0.23Hz]
[03.10 04:43:55] ┇ INFO    ┇                     gner ┇  - [05/07] (train) crossner_science    :  72%|██████████████▍     | 137/190 [0:09:55<0:03:36, 0.24Hz]
[03.10 04:44:00] ┇ INFO    ┇                     gner ┇  - [05/07] (train) crossner_science    :  73%|██████████████▋     | 139/190 [0:10:00<0:03:17, 0.26Hz]
[03.10 04:44:10] ┇ INFO    ┇                     gner ┇  - [05/07] (train) crossner_science    :  74%|██████████████▋     | 140/190 [0:10:10<0:03:20, 0.25Hz]
[03.10 04:44:22] ┇ INFO    ┇                     gner ┇  - [05/07] (train) crossner_science    :  74%|██████████████▊     | 141/190 [0:10:21<0:03:22, 0.24Hz]
[03.10 04:44:28] ┇ INFO    ┇                     gner ┇  - [05/07] (train) crossner_science    :  75%|███████████████     | 143/190 [0:10:28<0:03:09, 0.25Hz]
[03.10 04:44:34] ┇ INFO    ┇                     gner ┇  - [05/07] (train) crossner_science    :  76%|███████████████▏    | 144/190 [0:10:34<0:03:09, 0.24Hz]
[03.10 04:44:42] ┇ INFO    ┇                     gner ┇  - [05/07] (train) crossner_science    :  77%|███████████████▎    | 146/190 [0:10:41<0:02:58, 0.25Hz]
[03.10 04:44:48] ┇ INFO    ┇                     gner ┇  - [05/07] (train) crossner_science    :  78%|███████████████▌    | 148/190 [0:10:48<0:02:47, 0.25Hz]
[03.10 04:44:58] ┇ INFO    ┇                     gner ┇  - [05/07] (train) crossner_science    :  79%|███████████████▉    | 151/190 [0:10:58<0:02:36, 0.25Hz]
[03.10 04:45:06] ┇ INFO    ┇                     gner ┇  - [05/07] (train) crossner_science    :  80%|████████████████    | 152/190 [0:11:06<0:02:31, 0.25Hz]
[03.10 04:45:13] ┇ INFO    ┇                     gner ┇  - [05/07] (train) crossner_science    :  82%|████████████████▎   | 155/190 [0:11:13<0:02:20, 0.25Hz]
[03.10 04:45:27] ┇ INFO    ┇                     gner ┇  - [05/07] (train) crossner_science    :  83%|████████████████▋   | 158/190 [0:11:27<0:02:10, 0.25Hz]
[03.10 04:45:33] ┇ INFO    ┇                     gner ┇  - [05/07] (train) crossner_science    :  85%|█████████████████   | 162/190 [0:11:33<0:01:52, 0.25Hz]
[03.10 04:45:39] ┇ INFO    ┇                     gner ┇  - [05/07] (train) crossner_science    :  86%|█████████████████▎  | 164/190 [0:11:39<0:01:45, 0.25Hz]
[03.10 04:45:46] ┇ INFO    ┇                     gner ┇  - [05/07] (train) crossner_science    :  87%|█████████████████▍  | 166/190 [0:11:45<0:01:36, 0.25Hz]
[03.10 04:46:00] ┇ INFO    ┇                     gner ┇  - [05/07] (train) crossner_science    :  88%|█████████████████▌  | 167/190 [0:12:00<0:01:37, 0.24Hz]
[03.10 04:46:05] ┇ INFO    ┇                     gner ┇  - [05/07] (train) crossner_science    :  88%|█████████████████▋  | 168/190 [0:12:05<0:01:34, 0.23Hz]
[03.10 04:46:12] ┇ INFO    ┇                     gner ┇  - [05/07] (train) crossner_science    :  89%|█████████████████▉  | 170/190 [0:12:12<0:01:24, 0.24Hz]
[03.10 04:46:17] ┇ INFO    ┇                     gner ┇  - [05/07] (train) crossner_science    :  91%|██████████████████  | 172/190 [0:12:17<0:01:16, 0.23Hz]
[03.10 04:46:27] ┇ INFO    ┇                     gner ┇  - [05/07] (train) crossner_science    :  92%|██████████████████▍ | 175/190 [0:12:27<0:01:03, 0.24Hz]
[03.10 04:46:37] ┇ INFO    ┇                     gner ┇  - [05/07] (train) crossner_science    :  93%|██████████████████▌ | 176/190 [0:12:37<0:01:00, 0.23Hz]
[03.10 04:46:46] ┇ INFO    ┇                     gner ┇  - [05/07] (train) crossner_science    :  95%|██████████████████▉ | 180/190 [0:12:46<0:00:39, 0.25Hz]
[03.10 04:46:56] ┇ INFO    ┇                     gner ┇  - [05/07] (train) crossner_science    :  95%|███████████████████ | 181/190 [0:12:56<0:00:36, 0.25Hz]
[03.10 04:47:09] ┇ INFO    ┇                     gner ┇  - [05/07] (train) crossner_science    :  97%|███████████████████▍| 185/190 [0:13:09<0:00:19, 0.26Hz]
[03.10 04:47:15] ┇ INFO    ┇                     gner ┇  - [05/07] (train) crossner_science    :  98%|███████████████████▋| 187/190 [0:13:14<0:00:11, 0.26Hz]
[03.10 04:47:20] ┇ INFO    ┇                     gner ┇  - [05/07] (train) crossner_science    :  99%|███████████████████▊| 188/190 [0:13:20<0:00:07, 0.26Hz]
[03.10 04:47:26] ┇ INFO    ┇                     gner ┇  - [05/07] (train) crossner_science    : 100%|████████████████████| 190/190 [0:13:26<0:00:00, 0.26Hz]
[03.10 04:47:27] ┇ INFO    ┇                     gner ┇  - [06/07] (train) mit-movie           :   1%|                    |   1/190 [0:00:00<0:00:30, 6.16Hz]
[03.10 04:47:32] ┇ INFO    ┇                     gner ┇  - [06/07] (train) mit-movie           :  18%|███▌                |  34/190 [0:00:05<0:00:23, 6.57Hz]
[03.10 04:47:37] ┇ INFO    ┇                     gner ┇  - [06/07] (train) mit-movie           :  34%|██████▊             |  65/190 [0:00:10<0:00:19, 6.33Hz]
[03.10 04:47:42] ┇ INFO    ┇                     gner ┇  - [06/07] (train) mit-movie           :  53%|██████████▌         | 100/190 [0:00:15<0:00:14, 6.41Hz]
[03.10 04:47:47] ┇ INFO    ┇                     gner ┇  - [06/07] (train) mit-movie           :  71%|██████████████      | 134/190 [0:00:20<0:00:08, 6.86Hz]
[03.10 04:47:52] ┇ INFO    ┇                     gner ┇  - [06/07] (train) mit-movie           :  92%|██████████████████▎ | 174/190 [0:00:25<0:00:02, 7.22Hz]
[03.10 04:47:54] ┇ INFO    ┇                     gner ┇  - [06/07] (train) mit-movie           : 100%|████████████████████| 190/190 [0:00:28<0:00:00, 7.32Hz]
[03.10 04:47:55] ┇ INFO    ┇                     gner ┇  - [07/07] (train) mit-restaurant      :   1%|                    |   1/190 [0:00:00<0:00:22, 8.58Hz]
[03.10 04:48:00] ┇ INFO    ┇                     gner ┇  - [07/07] (train) mit-restaurant      :  16%|███▏                |  30/190 [0:00:05<0:00:28, 5.64Hz]
[03.10 04:48:05] ┇ INFO    ┇                     gner ┇  - [07/07] (train) mit-restaurant      :  27%|█████▍              |  52/190 [0:00:10<0:00:27, 5.01Hz]
[03.10 04:48:10] ┇ INFO    ┇                     gner ┇  - [07/07] (train) mit-restaurant      :  38%|███████▌            |  72/190 [0:00:15<0:00:26, 4.43Hz]
[03.10 04:48:16] ┇ INFO    ┇                     gner ┇  - [07/07] (train) mit-restaurant      :  49%|█████████▉          |  94/190 [0:00:21<0:00:23, 4.17Hz]
[03.10 04:48:21] ┇ INFO    ┇                     gner ┇  - [07/07] (train) mit-restaurant      :  65%|█████████████       | 124/190 [0:00:26<0:00:14, 4.62Hz]
[03.10 04:48:26] ┇ INFO    ┇                     gner ┇  - [07/07] (train) mit-restaurant      :  79%|███████████████▊    | 150/190 [0:00:31<0:00:07, 5.16Hz]
[03.10 04:48:32] ┇ INFO    ┇                     gner ┇  - [07/07] (train) mit-restaurant      :  91%|██████████████████  | 172/190 [0:00:37<0:00:04, 4.27Hz]
[03.10 04:48:37] ┇ INFO    ┇                     gner ┇  - [07/07] (train) mit-restaurant      :  99%|███████████████████▉| 189/190 [0:00:42<0:00:00, 4.00Hz]
[03.10 04:48:37] ┇ INFO    ┇                     gner ┇  - [07/07] (train) mit-restaurant      : 100%|████████████████████| 190/190 [0:00:42<0:00:00, 3.92Hz]
[03.10 04:48:38] ┇ INFO    ┇                     gner ┇  - [01/07] (val  ) crossner_ai         :  10%|██                  |  1/10 [0:00:00<0:00:08, 1.01Hz]
[03.10 04:48:46] ┇ INFO    ┇                     gner ┇  - [01/07] (val  ) crossner_ai         :  70%|██████████████      |  7/10 [0:00:08<0:00:03, 0.79Hz]
[03.10 04:48:53] ┇ INFO    ┇                     gner ┇  - [01/07] (val  ) crossner_ai         : 100%|████████████████████| 10/10 [0:00:16<0:00:00, 0.61Hz]
[03.10 04:48:54] ┇ INFO    ┇                     gner ┇  - [02/07] (val  ) crossner_literature :  10%|██                  |  1/10 [0:00:00<0:00:08, 1.09Hz]
[03.10 04:49:01] ┇ INFO    ┇                     gner ┇  - [02/07] (val  ) crossner_literature :  20%|████                |  2/10 [0:00:07<0:00:31, 0.26Hz]
[03.10 04:49:11] ┇ INFO    ┇                     gner ┇  - [02/07] (val  ) crossner_literature :  60%|████████████        |  6/10 [0:00:17<0:00:11, 0.34Hz]
[03.10 04:49:15] ┇ INFO    ┇                     gner ┇  - [02/07] (val  ) crossner_literature : 100%|████████████████████| 10/10 [0:00:21<0:00:00, 0.46Hz]
[03.10 04:49:25] ┇ INFO    ┇                     gner ┇  - [03/07] (val  ) crossner_music      :  10%|██                  |  1/10 [0:00:10<0:01:31, 0.10Hz]
[03.10 04:49:32] ┇ INFO    ┇                     gner ┇  - [03/07] (val  ) crossner_music      :  30%|██████              |  3/10 [0:00:16<0:00:39, 0.18Hz]
[03.10 04:49:43] ┇ INFO    ┇                     gner ┇  - [03/07] (val  ) crossner_music      :  60%|████████████        |  6/10 [0:00:27<0:00:18, 0.22Hz]
[03.10 04:49:52] ┇ INFO    ┇                     gner ┇  - [03/07] (val  ) crossner_music      :  70%|██████████████      |  7/10 [0:00:37<0:00:15, 0.19Hz]
[03.10 04:50:04] ┇ INFO    ┇                     gner ┇  - [03/07] (val  ) crossner_music      :  80%|████████████████    |  8/10 [0:00:48<0:00:12, 0.16Hz]
[03.10 04:50:07] ┇ INFO    ┇                     gner ┇  - [03/07] (val  ) crossner_music      : 100%|████████████████████| 10/10 [0:00:52<0:00:00, 0.19Hz]
[03.10 04:50:14] ┇ INFO    ┇                     gner ┇  - [04/07] (val  ) crossner_politics   :  10%|██                  |  1/10 [0:00:07<0:01:03, 0.14Hz]
[03.10 04:50:22] ┇ INFO    ┇                     gner ┇  - [04/07] (val  ) crossner_politics   :  20%|████                |  2/10 [0:00:14<0:00:57, 0.14Hz]
[03.10 04:50:41] ┇ INFO    ┇                     gner ┇  - [04/07] (val  ) crossner_politics   :  30%|██████              |  3/10 [0:00:33<0:01:18, 0.09Hz]
[03.10 04:50:47] ┇ INFO    ┇                     gner ┇  - [04/07] (val  ) crossner_politics   :  40%|████████            |  4/10 [0:00:40<0:01:00, 0.10Hz]
[03.10 04:50:57] ┇ INFO    ┇                     gner ┇  - [04/07] (val  ) crossner_politics   :  50%|██████████          |  5/10 [0:00:49<0:00:49, 0.10Hz]
[03.10 04:51:05] ┇ INFO    ┇                     gner ┇  - [04/07] (val  ) crossner_politics   :  70%|██████████████      |  7/10 [0:00:57<0:00:24, 0.12Hz]
[03.10 04:51:10] ┇ INFO    ┇                     gner ┇  - [04/07] (val  ) crossner_politics   :  90%|██████████████████  |  9/10 [0:01:03<0:00:07, 0.14Hz]
[03.10 04:51:19] ┇ INFO    ┇                     gner ┇  - [04/07] (val  ) crossner_politics   : 100%|████████████████████| 10/10 [0:01:11<0:00:00, 0.14Hz]
[03.10 04:51:19] ┇ INFO    ┇                     gner ┇  - [05/07] (val  ) crossner_science    :  10%|██                  |  1/10 [0:00:00<0:00:03, 2.41Hz]
[03.10 04:51:26] ┇ INFO    ┇                     gner ┇  - [05/07] (val  ) crossner_science    :  20%|████                |  2/10 [0:00:07<0:00:30, 0.27Hz]
[03.10 04:51:34] ┇ INFO    ┇                     gner ┇  - [05/07] (val  ) crossner_science    :  50%|██████████          |  5/10 [0:00:15<0:00:15, 0.33Hz]
[03.10 04:51:41] ┇ INFO    ┇                     gner ┇  - [05/07] (val  ) crossner_science    :  70%|██████████████      |  7/10 [0:00:21<0:00:09, 0.32Hz]
[03.10 04:51:44] ┇ INFO    ┇                     gner ┇  - [05/07] (val  ) crossner_science    : 100%|████████████████████| 10/10 [0:00:25<0:00:00, 0.39Hz]
[03.10 04:51:45] ┇ INFO    ┇                     gner ┇  - [06/07] (val  ) mit-movie           :  10%|██                  |  1/10 [0:00:00<0:00:01, 5.23Hz]
[03.10 04:51:46] ┇ INFO    ┇                     gner ┇  - [06/07] (val  ) mit-movie           : 100%|████████████████████| 10/10 [0:00:01<0:00:00, 6.09Hz]
[03.10 04:51:46] ┇ INFO    ┇                     gner ┇  - [07/07] (val  ) mit-restaurant      :  10%|██                  |  1/10 [0:00:00<0:00:00, 9.01Hz]
[03.10 04:51:48] ┇ INFO    ┇                     gner ┇  - [07/07] (val  ) mit-restaurant      : 100%|████████████████████| 10/10 [0:00:02<0:00:00, 4.97Hz]
[03.10 04:51:48] ┇ INFO    ┇                     gner ┇ QE data[train] saved to data/GNER-QE/ZSE-validation-pred-by_beam-num=30-train.json
[03.10 04:51:48] ┇ INFO    ┇                     gner ┇ QE data[val] saved to data/GNER-QE/ZSE-validation-pred-by_beam-num=30-val.json
[03.10 04:51:48] ┇ INFO    ┇           chrisbase.data ┇ =========================================================================================================================================
[03.10 04:51:48] ┇ INFO    ┇           chrisbase.data ┇ [EXIT] python /raid/chrisjihee/proj/GNER/generate.py convert_to_qe_data --num_candidates 30 ($=01:17:39.701)
[03.10 04:51:48] ┇ INFO    ┇           chrisbase.data ┇ =========================================================================================================================================
