[03.12 02:09:48] ┇ INFO    ┇           chrisbase.data ┇ =========================================================================================================================================
[03.12 02:09:48] ┇ INFO    ┇           chrisbase.data ┇ [INIT] python /raid/chrisjihee/proj/GNER/generate.py convert_to_qe_data --test_count 200 --num_candidates 40
[03.12 02:09:48] ┇ INFO    ┇           chrisbase.data ┇ =========================================================================================================================================
[03.12 02:09:51] ┇ INFO    ┇                     gner ┇ Converting the generated predictions into QE data for 7 dataset (6470 samples = 0 + 1400)
[03.12 02:09:53] ┇ INFO    ┇                     gner ┇  - [01/07] (test ) crossner_ai         :   0%|                    |   1/200 [0:00:01<0:03:47, 0.88Hz]
[03.12 02:09:58] ┇ INFO    ┇                     gner ┇  - [01/07] (test ) crossner_ai         :   1%|▏                   |   2/200 [0:00:06<0:10:49, 0.30Hz]
[03.12 02:10:07] ┇ INFO    ┇                     gner ┇  - [01/07] (test ) crossner_ai         :   2%|▌                   |   5/200 [0:00:15<0:10:19, 0.31Hz]
[03.12 02:10:13] ┇ INFO    ┇                     gner ┇  - [01/07] (test ) crossner_ai         :   4%|▊                   |   8/200 [0:00:21<0:08:40, 0.37Hz]
[03.12 02:10:18] ┇ INFO    ┇                     gner ┇  - [01/07] (test ) crossner_ai         :   6%|█▏                  |  12/200 [0:00:26<0:07:01, 0.45Hz]
[03.12 02:10:25] ┇ INFO    ┇                     gner ┇  - [01/07] (test ) crossner_ai         :   8%|█▌                  |  15/200 [0:00:34<0:06:59, 0.44Hz]
[03.12 02:10:38] ┇ INFO    ┇                     gner ┇  - [01/07] (test ) crossner_ai         :   8%|█▌                  |  16/200 [0:00:46<0:08:53, 0.34Hz]
[03.12 02:10:43] ┇ INFO    ┇                     gner ┇  - [01/07] (test ) crossner_ai         :  10%|█▉                  |  19/200 [0:00:51<0:08:12, 0.37Hz]
[03.12 02:10:53] ┇ INFO    ┇                     gner ┇  - [01/07] (test ) crossner_ai         :  10%|██                  |  21/200 [0:01:01<0:08:46, 0.34Hz]
[03.12 02:10:59] ┇ INFO    ┇                     gner ┇  - [01/07] (test ) crossner_ai         :  12%|██▍                 |  24/200 [0:01:07<0:08:17, 0.35Hz]
[03.12 02:11:07] ┇ INFO    ┇                     gner ┇  - [01/07] (test ) crossner_ai         :  14%|██▉                 |  29/200 [0:01:15<0:07:24, 0.38Hz]
[03.12 02:11:12] ┇ INFO    ┇                     gner ┇  - [01/07] (test ) crossner_ai         :  16%|███                 |  31/200 [0:01:20<0:07:20, 0.38Hz]
[03.12 02:11:20] ┇ INFO    ┇                     gner ┇  - [01/07] (test ) crossner_ai         :  17%|███▍                |  34/200 [0:01:28<0:07:14, 0.38Hz]
[03.12 02:11:26] ┇ INFO    ┇                     gner ┇  - [01/07] (test ) crossner_ai         :  20%|███▉                |  39/200 [0:01:34<0:06:31, 0.41Hz]
[03.12 02:11:32] ┇ INFO    ┇                     gner ┇  - [01/07] (test ) crossner_ai         :  21%|████▏               |  42/200 [0:01:40<0:06:18, 0.42Hz]
[03.12 02:11:38] ┇ INFO    ┇                     gner ┇  - [01/07] (test ) crossner_ai         :  22%|████▎               |  43/200 [0:01:46<0:06:29, 0.40Hz]
[03.12 02:11:44] ┇ INFO    ┇                     gner ┇  - [01/07] (test ) crossner_ai         :  24%|████▋               |  47/200 [0:01:52<0:06:05, 0.42Hz]
[03.12 02:11:58] ┇ INFO    ┇                     gner ┇  - [01/07] (test ) crossner_ai         :  25%|█████               |  50/200 [0:02:06<0:06:20, 0.39Hz]
[03.12 02:12:05] ┇ INFO    ┇                     gner ┇  - [01/07] (test ) crossner_ai         :  26%|█████               |  51/200 [0:02:13<0:06:29, 0.38Hz]
[03.12 02:12:13] ┇ INFO    ┇                     gner ┇  - [01/07] (test ) crossner_ai         :  27%|█████▍              |  54/200 [0:02:21<0:06:22, 0.38Hz]
[03.12 02:12:19] ┇ INFO    ┇                     gner ┇  - [01/07] (test ) crossner_ai         :  28%|█████▋              |  57/200 [0:02:27<0:06:09, 0.39Hz]
[03.12 02:12:27] ┇ INFO    ┇                     gner ┇  - [01/07] (test ) crossner_ai         :  30%|██████              |  61/200 [0:02:35<0:05:55, 0.39Hz]
[03.12 02:12:33] ┇ INFO    ┇                     gner ┇  - [01/07] (test ) crossner_ai         :  31%|██████▏             |  62/200 [0:02:41<0:06:00, 0.38Hz]
[03.12 02:12:39] ┇ INFO    ┇                     gner ┇  - [01/07] (test ) crossner_ai         :  32%|██████▎             |  63/200 [0:02:47<0:06:04, 0.38Hz]
[03.12 02:12:44] ┇ INFO    ┇                     gner ┇  - [01/07] (test ) crossner_ai         :  33%|██████▌             |  66/200 [0:02:52<0:05:48, 0.38Hz]
[03.12 02:12:51] ┇ INFO    ┇                     gner ┇  - [01/07] (test ) crossner_ai         :  35%|███████             |  70/200 [0:02:59<0:05:28, 0.40Hz]
[03.12 02:13:03] ┇ INFO    ┇                     gner ┇  - [01/07] (test ) crossner_ai         :  36%|███████             |  71/200 [0:03:11<0:05:47, 0.37Hz]
[03.12 02:13:10] ┇ INFO    ┇                     gner ┇  - [01/07] (test ) crossner_ai         :  36%|███████▏            |  72/200 [0:03:18<0:05:55, 0.36Hz]
[03.12 02:13:15] ┇ INFO    ┇                     gner ┇  - [01/07] (test ) crossner_ai         :  37%|███████▍            |  74/200 [0:03:23<0:05:55, 0.35Hz]
[03.12 02:13:20] ┇ INFO    ┇                     gner ┇  - [01/07] (test ) crossner_ai         :  38%|███████▋            |  77/200 [0:03:28<0:05:50, 0.35Hz]
[03.12 02:13:37] ┇ INFO    ┇                     gner ┇  - [01/07] (test ) crossner_ai         :  39%|███████▊            |  78/200 [0:03:45<0:06:10, 0.33Hz]
[03.12 02:13:42] ┇ INFO    ┇                     gner ┇  - [01/07] (test ) crossner_ai         :  42%|████████▎           |  83/200 [0:03:51<0:05:30, 0.35Hz]
[03.12 02:13:51] ┇ INFO    ┇                     gner ┇  - [01/07] (test ) crossner_ai         :  42%|████████▌           |  85/200 [0:03:59<0:05:24, 0.35Hz]
[03.12 02:13:57] ┇ INFO    ┇                     gner ┇  - [01/07] (test ) crossner_ai         :  44%|████████▋           |  87/200 [0:04:05<0:05:19, 0.35Hz]
[03.12 02:14:04] ┇ INFO    ┇                     gner ┇  - [01/07] (test ) crossner_ai         :  44%|████████▉           |  89/200 [0:04:12<0:05:22, 0.34Hz]
[03.12 02:14:23] ┇ INFO    ┇                     gner ┇  - [01/07] (test ) crossner_ai         :  46%|█████████           |  91/200 [0:04:32<0:05:44, 0.32Hz]
[03.12 02:14:29] ┇ INFO    ┇                     gner ┇  - [01/07] (test ) crossner_ai         :  47%|█████████▍          |  94/200 [0:04:37<0:05:31, 0.32Hz]
[03.12 02:14:46] ┇ INFO    ┇                     gner ┇  - [01/07] (test ) crossner_ai         :  48%|█████████▌          |  96/200 [0:04:54<0:05:48, 0.30Hz]
[03.12 02:14:54] ┇ INFO    ┇                     gner ┇  - [01/07] (test ) crossner_ai         :  48%|█████████▋          |  97/200 [0:05:02<0:05:49, 0.29Hz]
[03.12 02:15:03] ┇ INFO    ┇                     gner ┇  - [01/07] (test ) crossner_ai         :  50%|██████████          | 100/200 [0:05:11<0:05:50, 0.29Hz]
[03.12 02:15:10] ┇ INFO    ┇                     gner ┇  - [01/07] (test ) crossner_ai         :  51%|██████████▏         | 102/200 [0:05:18<0:05:47, 0.28Hz]
[03.12 02:15:17] ┇ INFO    ┇                     gner ┇  - [01/07] (test ) crossner_ai         :  52%|██████████▍         | 104/200 [0:05:25<0:05:49, 0.27Hz]
[03.12 02:15:23] ┇ INFO    ┇                     gner ┇  - [01/07] (test ) crossner_ai         :  54%|██████████▋         | 107/200 [0:05:31<0:05:29, 0.28Hz]
[03.12 02:15:31] ┇ INFO    ┇                     gner ┇  - [01/07] (test ) crossner_ai         :  55%|██████████▉         | 109/200 [0:05:39<0:05:30, 0.28Hz]
[03.12 02:15:38] ┇ INFO    ┇                     gner ┇  - [01/07] (test ) crossner_ai         :  56%|███████████▏        | 112/200 [0:05:46<0:05:25, 0.27Hz]
[03.12 02:15:43] ┇ INFO    ┇                     gner ┇  - [01/07] (test ) crossner_ai         :  57%|███████████▍        | 114/200 [0:05:51<0:04:58, 0.29Hz]
[03.12 02:15:48] ┇ INFO    ┇                     gner ┇  - [01/07] (test ) crossner_ai         :  58%|███████████▋        | 117/200 [0:05:56<0:04:43, 0.29Hz]
[03.12 02:15:56] ┇ INFO    ┇                     gner ┇  - [01/07] (test ) crossner_ai         :  59%|███████████▊        | 118/200 [0:06:05<0:04:49, 0.28Hz]
[03.12 02:16:02] ┇ INFO    ┇                     gner ┇  - [01/07] (test ) crossner_ai         :  60%|████████████        | 120/200 [0:06:10<0:04:44, 0.28Hz]
[03.12 02:16:08] ┇ INFO    ┇                     gner ┇  - [01/07] (test ) crossner_ai         :  61%|████████████▏       | 122/200 [0:06:16<0:04:40, 0.28Hz]
[03.12 02:16:14] ┇ INFO    ┇                     gner ┇  - [01/07] (test ) crossner_ai         :  63%|████████████▌       | 126/200 [0:06:22<0:04:11, 0.29Hz]
[03.12 02:16:20] ┇ INFO    ┇                     gner ┇  - [01/07] (test ) crossner_ai         :  64%|████████████▉       | 129/200 [0:06:28<0:04:03, 0.29Hz]
[03.12 02:16:31] ┇ INFO    ┇                     gner ┇  - [01/07] (test ) crossner_ai         :  66%|█████████████▎      | 133/200 [0:06:39<0:03:54, 0.29Hz]
[03.12 02:16:37] ┇ INFO    ┇                     gner ┇  - [01/07] (test ) crossner_ai         :  68%|█████████████▌      | 136/200 [0:06:45<0:03:25, 0.31Hz]
[03.12 02:16:45] ┇ INFO    ┇                     gner ┇  - [01/07] (test ) crossner_ai         :  70%|██████████████      | 140/200 [0:06:53<0:03:15, 0.31Hz]
[03.12 02:16:55] ┇ INFO    ┇                     gner ┇  - [01/07] (test ) crossner_ai         :  71%|██████████████▏     | 142/200 [0:07:03<0:03:01, 0.32Hz]
[03.12 02:17:01] ┇ INFO    ┇                     gner ┇  - [01/07] (test ) crossner_ai         :  72%|██████████████▍     | 144/200 [0:07:09<0:02:58, 0.31Hz]
[03.12 02:17:07] ┇ INFO    ┇                     gner ┇  - [01/07] (test ) crossner_ai         :  73%|██████████████▌     | 146/200 [0:07:15<0:02:55, 0.31Hz]
[03.12 02:17:19] ┇ INFO    ┇                     gner ┇  - [01/07] (test ) crossner_ai         :  74%|██████████████▋     | 147/200 [0:07:27<0:03:00, 0.29Hz]
[03.12 02:17:26] ┇ INFO    ┇                     gner ┇  - [01/07] (test ) crossner_ai         :  76%|███████████████     | 151/200 [0:07:34<0:02:41, 0.30Hz]
[03.12 02:17:33] ┇ INFO    ┇                     gner ┇  - [01/07] (test ) crossner_ai         :  77%|███████████████▍    | 154/200 [0:07:41<0:02:18, 0.33Hz]
[03.12 02:17:40] ┇ INFO    ┇                     gner ┇  - [01/07] (test ) crossner_ai         :  80%|███████████████▉    | 159/200 [0:07:48<0:01:53, 0.36Hz]
[03.12 02:17:48] ┇ INFO    ┇                     gner ┇  - [01/07] (test ) crossner_ai         :  80%|████████████████    | 161/200 [0:07:56<0:01:46, 0.37Hz]
[03.12 02:17:53] ┇ INFO    ┇                     gner ┇  - [01/07] (test ) crossner_ai         :  81%|████████████████▏   | 162/200 [0:08:02<0:01:46, 0.36Hz]
[03.12 02:18:00] ┇ INFO    ┇                     gner ┇  - [01/07] (test ) crossner_ai         :  82%|████████████████▍   | 164/200 [0:08:08<0:01:40, 0.36Hz]
[03.12 02:18:12] ┇ INFO    ┇                     gner ┇  - [01/07] (test ) crossner_ai         :  84%|████████████████▊   | 168/200 [0:08:20<0:01:28, 0.36Hz]
[03.12 02:18:21] ┇ INFO    ┇                     gner ┇  - [01/07] (test ) crossner_ai         :  85%|█████████████████   | 170/200 [0:08:29<0:01:24, 0.35Hz]
[03.12 02:18:31] ┇ INFO    ┇                     gner ┇  - [01/07] (test ) crossner_ai         :  86%|█████████████████▏  | 172/200 [0:08:39<0:01:19, 0.35Hz]
[03.12 02:18:39] ┇ INFO    ┇                     gner ┇  - [01/07] (test ) crossner_ai         :  87%|█████████████████▍  | 174/200 [0:08:47<0:01:15, 0.34Hz]
[03.12 02:18:49] ┇ INFO    ┇                     gner ┇  - [01/07] (test ) crossner_ai         :  88%|█████████████████▌  | 175/200 [0:08:57<0:01:15, 0.33Hz]
[03.12 02:18:54] ┇ INFO    ┇                     gner ┇  - [01/07] (test ) crossner_ai         :  90%|█████████████████▉  | 179/200 [0:09:02<0:01:02, 0.34Hz]
[03.12 02:19:00] ┇ INFO    ┇                     gner ┇  - [01/07] (test ) crossner_ai         :  90%|██████████████████  | 180/200 [0:09:08<0:01:00, 0.33Hz]
[03.12 02:19:06] ┇ INFO    ┇                     gner ┇  - [01/07] (test ) crossner_ai         :  90%|██████████████████  | 181/200 [0:09:14<0:00:57, 0.33Hz]
[03.12 02:19:11] ┇ INFO    ┇                     gner ┇  - [01/07] (test ) crossner_ai         :  92%|██████████████████▌ | 185/200 [0:09:19<0:00:43, 0.34Hz]
[03.12 02:19:38] ┇ INFO    ┇                     gner ┇  - [01/07] (test ) crossner_ai         :  93%|██████████████████▌ | 186/200 [0:09:46<0:00:46, 0.30Hz]
[03.12 02:19:44] ┇ INFO    ┇                     gner ┇  - [01/07] (test ) crossner_ai         :  94%|██████████████████▊ | 188/200 [0:09:52<0:00:40, 0.30Hz]
[03.12 02:19:51] ┇ INFO    ┇                     gner ┇  - [01/07] (test ) crossner_ai         :  95%|███████████████████ | 190/200 [0:10:00<0:00:34, 0.29Hz]
[03.12 02:20:01] ┇ INFO    ┇                     gner ┇  - [01/07] (test ) crossner_ai         :  96%|███████████████████▎| 193/200 [0:10:09<0:00:24, 0.29Hz]
[03.12 02:20:10] ┇ INFO    ┇                     gner ┇  - [01/07] (test ) crossner_ai         :  98%|███████████████████▌| 195/200 [0:10:18<0:00:17, 0.28Hz]
[03.12 02:20:17] ┇ INFO    ┇                     gner ┇  - [01/07] (test ) crossner_ai         :  99%|███████████████████▊| 198/200 [0:10:25<0:00:07, 0.28Hz]
[03.12 02:20:21] ┇ INFO    ┇                     gner ┇  - [01/07] (test ) crossner_ai         : 100%|████████████████████| 200/200 [0:10:30<0:00:00, 0.28Hz]
[03.12 02:20:26] ┇ INFO    ┇                     gner ┇  - [02/07] (test ) crossner_literature :   0%|                    |   1/200 [0:00:04<0:15:03, 0.22Hz]
[03.12 02:20:31] ┇ INFO    ┇                     gner ┇  - [02/07] (test ) crossner_literature :   1%|▏                   |   2/200 [0:00:10<0:16:38, 0.20Hz]
[03.12 02:20:37] ┇ INFO    ┇                     gner ┇  - [02/07] (test ) crossner_literature :   2%|▎                   |   3/200 [0:00:15<0:17:20, 0.19Hz]
[03.12 02:20:55] ┇ INFO    ┇                     gner ┇  - [02/07] (test ) crossner_literature :   3%|▌                   |   6/200 [0:00:33<0:17:57, 0.18Hz]
[03.12 02:21:09] ┇ INFO    ┇                     gner ┇  - [02/07] (test ) crossner_literature :   4%|▊                   |   8/200 [0:00:47<0:18:59, 0.17Hz]
[03.12 02:21:18] ┇ INFO    ┇                     gner ┇  - [02/07] (test ) crossner_literature :   5%|█                   |  10/200 [0:00:56<0:17:52, 0.18Hz]
[03.12 02:21:27] ┇ INFO    ┇                     gner ┇  - [02/07] (test ) crossner_literature :   7%|█▍                  |  14/200 [0:01:05<0:14:25, 0.21Hz]
[03.12 02:21:33] ┇ INFO    ┇                     gner ┇  - [02/07] (test ) crossner_literature :   8%|█▌                  |  15/200 [0:01:11<0:14:39, 0.21Hz]
[03.12 02:21:44] ┇ INFO    ┇                     gner ┇  - [02/07] (test ) crossner_literature :   8%|█▌                  |  16/200 [0:01:23<0:15:55, 0.19Hz]
[03.12 02:21:51] ┇ INFO    ┇                     gner ┇  - [02/07] (test ) crossner_literature :   9%|█▊                  |  18/200 [0:01:29<0:15:05, 0.20Hz]
[03.12 02:21:56] ┇ INFO    ┇                     gner ┇  - [02/07] (test ) crossner_literature :  10%|█▉                  |  19/200 [0:01:34<0:15:01, 0.20Hz]
[03.12 02:22:05] ┇ INFO    ┇                     gner ┇  - [02/07] (test ) crossner_literature :  10%|██                  |  20/200 [0:01:43<0:15:34, 0.19Hz]
[03.12 02:22:19] ┇ INFO    ┇                     gner ┇  - [02/07] (test ) crossner_literature :  11%|██▏                 |  22/200 [0:01:57<0:15:54, 0.19Hz]
[03.12 02:22:28] ┇ INFO    ┇                     gner ┇  - [02/07] (test ) crossner_literature :  12%|██▎                 |  23/200 [0:02:06<0:16:14, 0.18Hz]
[03.12 02:22:37] ┇ INFO    ┇                     gner ┇  - [02/07] (test ) crossner_literature :  12%|██▌                 |  25/200 [0:02:15<0:15:48, 0.18Hz]
[03.12 02:22:45] ┇ INFO    ┇                     gner ┇  - [02/07] (test ) crossner_literature :  14%|██▋                 |  27/200 [0:02:23<0:15:17, 0.19Hz]
[03.12 02:22:51] ┇ INFO    ┇                     gner ┇  - [02/07] (test ) crossner_literature :  15%|███                 |  30/200 [0:02:29<0:14:09, 0.20Hz]
[03.12 02:23:00] ┇ INFO    ┇                     gner ┇  - [02/07] (test ) crossner_literature :  16%|███▎                |  33/200 [0:02:38<0:13:22, 0.21Hz]
[03.12 02:23:07] ┇ INFO    ┇                     gner ┇  - [02/07] (test ) crossner_literature :  17%|███▍                |  34/200 [0:02:46<0:13:30, 0.20Hz]
[03.12 02:23:13] ┇ INFO    ┇                     gner ┇  - [02/07] (test ) crossner_literature :  18%|███▌                |  35/200 [0:02:51<0:13:30, 0.20Hz]
[03.12 02:23:21] ┇ INFO    ┇                     gner ┇  - [02/07] (test ) crossner_literature :  18%|███▋                |  37/200 [0:02:59<0:13:09, 0.21Hz]
[03.12 02:23:31] ┇ INFO    ┇                     gner ┇  - [02/07] (test ) crossner_literature :  19%|███▊                |  38/200 [0:03:10<0:13:30, 0.20Hz]
[03.12 02:23:37] ┇ INFO    ┇                     gner ┇  - [02/07] (test ) crossner_literature :  20%|████                |  40/200 [0:03:15<0:13:02, 0.20Hz]
[03.12 02:23:44] ┇ INFO    ┇                     gner ┇  - [02/07] (test ) crossner_literature :  22%|████▎               |  43/200 [0:03:22<0:12:20, 0.21Hz]
[03.12 02:23:56] ┇ INFO    ┇                     gner ┇  - [02/07] (test ) crossner_literature :  22%|████▍               |  44/200 [0:03:34<0:12:41, 0.20Hz]
[03.12 02:24:14] ┇ INFO    ┇                     gner ┇  - [02/07] (test ) crossner_literature :  22%|████▌               |  45/200 [0:03:52<0:13:21, 0.19Hz]
[03.12 02:24:19] ┇ INFO    ┇                     gner ┇  - [02/07] (test ) crossner_literature :  24%|████▋               |  47/200 [0:03:57<0:12:53, 0.20Hz]
[03.12 02:24:32] ┇ INFO    ┇                     gner ┇  - [02/07] (test ) crossner_literature :  25%|█████               |  50/200 [0:04:10<0:12:32, 0.20Hz]
[03.12 02:24:39] ┇ INFO    ┇                     gner ┇  - [02/07] (test ) crossner_literature :  26%|█████▏              |  52/200 [0:04:17<0:12:12, 0.20Hz]
[03.12 02:24:50] ┇ INFO    ┇                     gner ┇  - [02/07] (test ) crossner_literature :  26%|█████▎              |  53/200 [0:04:28<0:12:25, 0.20Hz]
[03.12 02:24:57] ┇ INFO    ┇                     gner ┇  - [02/07] (test ) crossner_literature :  27%|█████▍              |  54/200 [0:04:35<0:12:25, 0.20Hz]
[03.12 02:25:03] ┇ INFO    ┇                     gner ┇  - [02/07] (test ) crossner_literature :  28%|█████▌              |  56/200 [0:04:41<0:12:04, 0.20Hz]
[03.12 02:25:20] ┇ INFO    ┇                     gner ┇  - [02/07] (test ) crossner_literature :  29%|█████▊              |  58/200 [0:04:58<0:12:10, 0.19Hz]
[03.12 02:25:31] ┇ INFO    ┇                     gner ┇  - [02/07] (test ) crossner_literature :  30%|██████              |  60/200 [0:05:09<0:12:02, 0.19Hz]
[03.12 02:25:37] ┇ INFO    ┇                     gner ┇  - [02/07] (test ) crossner_literature :  30%|██████              |  61/200 [0:05:15<0:11:59, 0.19Hz]
[03.12 02:25:45] ┇ INFO    ┇                     gner ┇  - [02/07] (test ) crossner_literature :  31%|██████▏             |  62/200 [0:05:23<0:11:59, 0.19Hz]
[03.12 02:25:51] ┇ INFO    ┇                     gner ┇  - [02/07] (test ) crossner_literature :  33%|██████▌             |  66/200 [0:05:29<0:11:07, 0.20Hz]
[03.12 02:25:56] ┇ INFO    ┇                     gner ┇  - [02/07] (test ) crossner_literature :  34%|██████▊             |  68/200 [0:05:35<0:10:59, 0.20Hz]
[03.12 02:26:06] ┇ INFO    ┇                     gner ┇  - [02/07] (test ) crossner_literature :  36%|███████             |  71/200 [0:05:44<0:10:08, 0.21Hz]
[03.12 02:26:12] ┇ INFO    ┇                     gner ┇  - [02/07] (test ) crossner_literature :  36%|███████▏            |  72/200 [0:05:50<0:10:08, 0.21Hz]
[03.12 02:26:21] ┇ INFO    ┇                     gner ┇  - [02/07] (test ) crossner_literature :  38%|███████▌            |  75/200 [0:05:59<0:09:58, 0.21Hz]
[03.12 02:26:30] ┇ INFO    ┇                     gner ┇  - [02/07] (test ) crossner_literature :  38%|███████▋            |  77/200 [0:06:08<0:09:51, 0.21Hz]
[03.12 02:26:37] ┇ INFO    ┇                     gner ┇  - [02/07] (test ) crossner_literature :  40%|███████▉            |  79/200 [0:06:15<0:09:21, 0.22Hz]
[03.12 02:26:46] ┇ INFO    ┇                     gner ┇  - [02/07] (test ) crossner_literature :  41%|████████▏           |  82/200 [0:06:24<0:09:03, 0.22Hz]
[03.12 02:26:54] ┇ INFO    ┇                     gner ┇  - [02/07] (test ) crossner_literature :  42%|████████▎           |  83/200 [0:06:32<0:08:56, 0.22Hz]
[03.12 02:27:03] ┇ INFO    ┇                     gner ┇  - [02/07] (test ) crossner_literature :  42%|████████▍           |  84/200 [0:06:42<0:09:03, 0.21Hz]
[03.12 02:27:09] ┇ INFO    ┇                     gner ┇  - [02/07] (test ) crossner_literature :  43%|████████▌           |  86/200 [0:06:47<0:08:28, 0.22Hz]
[03.12 02:27:14] ┇ INFO    ┇                     gner ┇  - [02/07] (test ) crossner_literature :  44%|████████▉           |  89/200 [0:06:52<0:08:04, 0.23Hz]
[03.12 02:27:25] ┇ INFO    ┇                     gner ┇  - [02/07] (test ) crossner_literature :  45%|█████████           |  90/200 [0:07:03<0:08:09, 0.22Hz]
[03.12 02:27:36] ┇ INFO    ┇                     gner ┇  - [02/07] (test ) crossner_literature :  46%|█████████▏          |  92/200 [0:07:14<0:08:16, 0.22Hz]
[03.12 02:27:43] ┇ INFO    ┇                     gner ┇  - [02/07] (test ) crossner_literature :  47%|█████████▍          |  94/200 [0:07:21<0:08:06, 0.22Hz]
[03.12 02:27:50] ┇ INFO    ┇                     gner ┇  - [02/07] (test ) crossner_literature :  48%|█████████▌          |  96/200 [0:07:28<0:07:58, 0.22Hz]
[03.12 02:28:02] ┇ INFO    ┇                     gner ┇  - [02/07] (test ) crossner_literature :  48%|█████████▋          |  97/200 [0:07:40<0:08:01, 0.21Hz]
[03.12 02:28:12] ┇ INFO    ┇                     gner ┇  - [02/07] (test ) crossner_literature :  49%|█████████▊          |  98/200 [0:07:50<0:08:04, 0.21Hz]
[03.12 02:28:17] ┇ INFO    ┇                     gner ┇  - [02/07] (test ) crossner_literature :  50%|██████████          | 100/200 [0:07:56<0:07:51, 0.21Hz]
[03.12 02:28:25] ┇ INFO    ┇                     gner ┇  - [02/07] (test ) crossner_literature :  51%|██████████▏         | 102/200 [0:08:03<0:07:29, 0.22Hz]
[03.12 02:28:31] ┇ INFO    ┇                     gner ┇  - [02/07] (test ) crossner_literature :  52%|██████████▍         | 104/200 [0:08:09<0:07:21, 0.22Hz]
[03.12 02:28:39] ┇ INFO    ┇                     gner ┇  - [02/07] (test ) crossner_literature :  52%|██████████▌         | 105/200 [0:08:17<0:07:28, 0.21Hz]
[03.12 02:28:49] ┇ INFO    ┇                     gner ┇  - [02/07] (test ) crossner_literature :  53%|██████████▌         | 106/200 [0:08:27<0:07:34, 0.21Hz]
[03.12 02:29:06] ┇ INFO    ┇                     gner ┇  - [02/07] (test ) crossner_literature :  54%|██████████▋         | 107/200 [0:08:44<0:07:36, 0.20Hz]
[03.12 02:29:16] ┇ INFO    ┇                     gner ┇  - [02/07] (test ) crossner_literature :  54%|██████████▊         | 108/200 [0:08:54<0:07:20, 0.21Hz]
[03.12 02:29:32] ┇ INFO    ┇                     gner ┇  - [02/07] (test ) crossner_literature :  55%|███████████         | 110/200 [0:09:10<0:07:26, 0.20Hz]
[03.12 02:29:38] ┇ INFO    ┇                     gner ┇  - [02/07] (test ) crossner_literature :  56%|███████████▎        | 113/200 [0:09:16<0:07:01, 0.21Hz]
[03.12 02:29:51] ┇ INFO    ┇                     gner ┇  - [02/07] (test ) crossner_literature :  58%|███████████▌        | 116/200 [0:09:29<0:06:40, 0.21Hz]
[03.12 02:30:02] ┇ INFO    ┇                     gner ┇  - [02/07] (test ) crossner_literature :  59%|███████████▊        | 118/200 [0:09:40<0:06:33, 0.21Hz]
[03.12 02:30:11] ┇ INFO    ┇                     gner ┇  - [02/07] (test ) crossner_literature :  60%|████████████        | 120/200 [0:09:49<0:06:25, 0.21Hz]
[03.12 02:30:17] ┇ INFO    ┇                     gner ┇  - [02/07] (test ) crossner_literature :  60%|████████████        | 121/200 [0:09:55<0:06:13, 0.21Hz]
[03.12 02:30:25] ┇ INFO    ┇                     gner ┇  - [02/07] (test ) crossner_literature :  62%|████████████▍       | 124/200 [0:10:03<0:05:47, 0.22Hz]
[03.12 02:30:31] ┇ INFO    ┇                     gner ┇  - [02/07] (test ) crossner_literature :  62%|████████████▌       | 125/200 [0:10:09<0:05:40, 0.22Hz]
[03.12 02:30:36] ┇ INFO    ┇                     gner ┇  - [02/07] (test ) crossner_literature :  64%|████████████▉       | 129/200 [0:10:14<0:05:21, 0.22Hz]
[03.12 02:30:42] ┇ INFO    ┇                     gner ┇  - [02/07] (test ) crossner_literature :  66%|█████████████▏      | 132/200 [0:10:21<0:05:06, 0.22Hz]
[03.12 02:30:55] ┇ INFO    ┇                     gner ┇  - [02/07] (test ) crossner_literature :  67%|█████████████▍      | 134/200 [0:10:33<0:05:02, 0.22Hz]
[03.12 02:31:05] ┇ INFO    ┇                     gner ┇  - [02/07] (test ) crossner_literature :  68%|█████████████▌      | 135/200 [0:10:44<0:05:02, 0.21Hz]
[03.12 02:31:13] ┇ INFO    ┇                     gner ┇  - [02/07] (test ) crossner_literature :  68%|█████████████▌      | 136/200 [0:10:51<0:05:02, 0.21Hz]
[03.12 02:31:21] ┇ INFO    ┇                     gner ┇  - [02/07] (test ) crossner_literature :  68%|█████████████▋      | 137/200 [0:10:59<0:05:04, 0.21Hz]
[03.12 02:31:32] ┇ INFO    ┇                     gner ┇  - [02/07] (test ) crossner_literature :  70%|█████████████▉      | 139/200 [0:11:10<0:04:56, 0.21Hz]
[03.12 02:31:46] ┇ INFO    ┇                     gner ┇  - [02/07] (test ) crossner_literature :  71%|██████████████▏     | 142/200 [0:11:25<0:04:44, 0.20Hz]
[03.12 02:31:52] ┇ INFO    ┇                     gner ┇  - [02/07] (test ) crossner_literature :  72%|██████████████▌     | 145/200 [0:11:30<0:04:26, 0.21Hz]
[03.12 02:31:57] ┇ INFO    ┇                     gner ┇  - [02/07] (test ) crossner_literature :  73%|██████████████▌     | 146/200 [0:11:35<0:04:20, 0.21Hz]
[03.12 02:32:09] ┇ INFO    ┇                     gner ┇  - [02/07] (test ) crossner_literature :  74%|██████████████▋     | 147/200 [0:11:47<0:04:17, 0.21Hz]
[03.12 02:32:23] ┇ INFO    ┇                     gner ┇  - [02/07] (test ) crossner_literature :  75%|███████████████     | 150/200 [0:12:02<0:04:08, 0.20Hz]
[03.12 02:32:32] ┇ INFO    ┇                     gner ┇  - [02/07] (test ) crossner_literature :  76%|███████████████     | 151/200 [0:12:10<0:04:08, 0.20Hz]
[03.12 02:32:40] ┇ INFO    ┇                     gner ┇  - [02/07] (test ) crossner_literature :  76%|███████████████▏    | 152/200 [0:12:18<0:04:08, 0.19Hz]
[03.12 02:32:52] ┇ INFO    ┇                     gner ┇  - [02/07] (test ) crossner_literature :  78%|███████████████▌    | 156/200 [0:12:30<0:03:39, 0.20Hz]
[03.12 02:32:59] ┇ INFO    ┇                     gner ┇  - [02/07] (test ) crossner_literature :  80%|███████████████▉    | 159/200 [0:12:37<0:03:21, 0.20Hz]
[03.12 02:33:12] ┇ INFO    ┇                     gner ┇  - [02/07] (test ) crossner_literature :  80%|████████████████    | 161/200 [0:12:50<0:03:05, 0.21Hz]
[03.12 02:33:22] ┇ INFO    ┇                     gner ┇  - [02/07] (test ) crossner_literature :  82%|████████████████▎   | 163/200 [0:13:00<0:02:58, 0.21Hz]
[03.12 02:33:39] ┇ INFO    ┇                     gner ┇  - [02/07] (test ) crossner_literature :  83%|████████████████▌   | 166/200 [0:13:17<0:02:47, 0.20Hz]
[03.12 02:33:48] ┇ INFO    ┇                     gner ┇  - [02/07] (test ) crossner_literature :  84%|████████████████▋   | 167/200 [0:13:26<0:02:45, 0.20Hz]
[03.12 02:33:54] ┇ INFO    ┇                     gner ┇  - [02/07] (test ) crossner_literature :  84%|████████████████▉   | 169/200 [0:13:32<0:02:30, 0.21Hz]
[03.12 02:34:04] ┇ INFO    ┇                     gner ┇  - [02/07] (test ) crossner_literature :  85%|█████████████████   | 170/200 [0:13:42<0:02:21, 0.21Hz]
[03.12 02:34:09] ┇ INFO    ┇                     gner ┇  - [02/07] (test ) crossner_literature :  86%|█████████████████▎  | 173/200 [0:13:47<0:01:58, 0.23Hz]
[03.12 02:34:26] ┇ INFO    ┇                     gner ┇  - [02/07] (test ) crossner_literature :  87%|█████████████████▍  | 174/200 [0:14:04<0:02:00, 0.22Hz]
[03.12 02:34:36] ┇ INFO    ┇                     gner ┇  - [02/07] (test ) crossner_literature :  88%|█████████████████▌  | 176/200 [0:14:14<0:01:53, 0.21Hz]
[03.12 02:34:58] ┇ INFO    ┇                     gner ┇  - [02/07] (test ) crossner_literature :  88%|█████████████████▋  | 177/200 [0:14:36<0:01:55, 0.20Hz]
[03.12 02:35:04] ┇ INFO    ┇                     gner ┇  - [02/07] (test ) crossner_literature :  89%|█████████████████▊  | 178/200 [0:14:42<0:01:52, 0.20Hz]
[03.12 02:35:16] ┇ INFO    ┇                     gner ┇  - [02/07] (test ) crossner_literature :  90%|█████████████████▉  | 179/200 [0:14:54<0:01:48, 0.19Hz]
[03.12 02:35:22] ┇ INFO    ┇                     gner ┇  - [02/07] (test ) crossner_literature :  90%|██████████████████  | 181/200 [0:15:00<0:01:36, 0.20Hz]
[03.12 02:35:28] ┇ INFO    ┇                     gner ┇  - [02/07] (test ) crossner_literature :  92%|██████████████████▎ | 183/200 [0:15:06<0:01:25, 0.20Hz]
[03.12 02:35:33] ┇ INFO    ┇                     gner ┇  - [02/07] (test ) crossner_literature :  92%|██████████████████▍ | 184/200 [0:15:11<0:01:20, 0.20Hz]
[03.12 02:35:42] ┇ INFO    ┇                     gner ┇  - [02/07] (test ) crossner_literature :  93%|██████████████████▌ | 186/200 [0:15:21<0:01:11, 0.20Hz]
[03.12 02:35:50] ┇ INFO    ┇                     gner ┇  - [02/07] (test ) crossner_literature :  94%|██████████████████▉ | 189/200 [0:15:28<0:00:55, 0.20Hz]
[03.12 02:36:08] ┇ INFO    ┇                     gner ┇  - [02/07] (test ) crossner_literature :  96%|███████████████████▏| 192/200 [0:15:46<0:00:42, 0.19Hz]
[03.12 02:36:13] ┇ INFO    ┇                     gner ┇  - [02/07] (test ) crossner_literature :  97%|███████████████████▍| 194/200 [0:15:52<0:00:31, 0.19Hz]
[03.12 02:36:24] ┇ INFO    ┇                     gner ┇  - [02/07] (test ) crossner_literature :  98%|███████████████████▌| 196/200 [0:16:02<0:00:21, 0.18Hz]
[03.12 02:36:33] ┇ INFO    ┇                     gner ┇  - [02/07] (test ) crossner_literature :  99%|███████████████████▊| 198/200 [0:16:11<0:00:10, 0.19Hz]
[03.12 02:36:52] ┇ INFO    ┇                     gner ┇  - [02/07] (test ) crossner_literature : 100%|███████████████████▉| 199/200 [0:16:30<0:00:05, 0.19Hz]
[03.12 02:37:02] ┇ INFO    ┇                     gner ┇  - [02/07] (test ) crossner_literature : 100%|████████████████████| 200/200 [0:16:40<0:00:00, 0.18Hz]
[03.12 02:37:12] ┇ INFO    ┇                     gner ┇  - [03/07] (test ) crossner_music      :   0%|                    |   1/200 [0:00:09<0:30:45, 0.11Hz]
[03.12 02:37:23] ┇ INFO    ┇                     gner ┇  - [03/07] (test ) crossner_music      :   1%|▏                   |   2/200 [0:00:20<0:33:21, 0.10Hz]
[03.12 02:37:45] ┇ INFO    ┇                     gner ┇  - [03/07] (test ) crossner_music      :   2%|▍                   |   4/200 [0:00:42<0:34:33, 0.09Hz]
[03.12 02:37:51] ┇ INFO    ┇                     gner ┇  - [03/07] (test ) crossner_music      :   2%|▌                   |   5/200 [0:00:48<0:31:36, 0.10Hz]
[03.12 02:37:58] ┇ INFO    ┇                     gner ┇  - [03/07] (test ) crossner_music      :   4%|▋                   |   7/200 [0:00:55<0:25:42, 0.13Hz]
[03.12 02:38:05] ┇ INFO    ┇                     gner ┇  - [03/07] (test ) crossner_music      :   4%|▊                   |   8/200 [0:01:02<0:24:57, 0.13Hz]
[03.12 02:38:34] ┇ INFO    ┇                     gner ┇  - [03/07] (test ) crossner_music      :   4%|▉                   |   9/200 [0:01:31<0:32:15, 0.10Hz]
[03.12 02:38:43] ┇ INFO    ┇                     gner ┇  - [03/07] (test ) crossner_music      :   5%|█                   |  10/200 [0:01:40<0:31:52, 0.10Hz]
[03.12 02:39:06] ┇ INFO    ┇                     gner ┇  - [03/07] (test ) crossner_music      :   6%|█                   |  11/200 [0:02:03<0:35:25, 0.09Hz]
[03.12 02:39:23] ┇ INFO    ┇                     gner ┇  - [03/07] (test ) crossner_music      :   6%|█▎                  |  13/200 [0:02:20<0:33:35, 0.09Hz]
[03.12 02:39:28] ┇ INFO    ┇                     gner ┇  - [03/07] (test ) crossner_music      :   7%|█▍                  |  14/200 [0:02:25<0:32:09, 0.10Hz]
[03.12 02:39:37] ┇ INFO    ┇                     gner ┇  - [03/07] (test ) crossner_music      :   8%|█▌                  |  15/200 [0:02:34<0:31:45, 0.10Hz]
[03.12 02:39:42] ┇ INFO    ┇                     gner ┇  - [03/07] (test ) crossner_music      :   8%|█▌                  |  16/200 [0:02:39<0:30:39, 0.10Hz]
[03.12 02:39:48] ┇ INFO    ┇                     gner ┇  - [03/07] (test ) crossner_music      :  10%|█▉                  |  19/200 [0:02:46<0:26:22, 0.11Hz]
[03.12 02:39:56] ┇ INFO    ┇                     gner ┇  - [03/07] (test ) crossner_music      :  10%|██                  |  21/200 [0:02:53<0:24:42, 0.12Hz]
[03.12 02:40:07] ┇ INFO    ┇                     gner ┇  - [03/07] (test ) crossner_music      :  11%|██▏                 |  22/200 [0:03:04<0:24:51, 0.12Hz]
[03.12 02:40:16] ┇ INFO    ┇                     gner ┇  - [03/07] (test ) crossner_music      :  12%|██▎                 |  23/200 [0:03:13<0:24:47, 0.12Hz]
[03.12 02:40:34] ┇ INFO    ┇                     gner ┇  - [03/07] (test ) crossner_music      :  12%|██▌                 |  25/200 [0:03:32<0:24:44, 0.12Hz]
[03.12 02:40:44] ┇ INFO    ┇                     gner ┇  - [03/07] (test ) crossner_music      :  14%|██▊                 |  28/200 [0:03:41<0:22:42, 0.13Hz]
[03.12 02:40:51] ┇ INFO    ┇                     gner ┇  - [03/07] (test ) crossner_music      :  14%|██▉                 |  29/200 [0:03:48<0:22:25, 0.13Hz]
[03.12 02:40:57] ┇ INFO    ┇                     gner ┇  - [03/07] (test ) crossner_music      :  16%|███                 |  31/200 [0:03:54<0:21:19, 0.13Hz]
[03.12 02:41:17] ┇ INFO    ┇                     gner ┇  - [03/07] (test ) crossner_music      :  16%|███▎                |  33/200 [0:04:14<0:21:30, 0.13Hz]
[03.12 02:41:27] ┇ INFO    ┇                     gner ┇  - [03/07] (test ) crossner_music      :  18%|███▌                |  35/200 [0:04:25<0:20:49, 0.13Hz]
[03.12 02:41:41] ┇ INFO    ┇                     gner ┇  - [03/07] (test ) crossner_music      :  18%|███▌                |  36/200 [0:04:38<0:21:08, 0.13Hz]
[03.12 02:41:47] ┇ INFO    ┇                     gner ┇  - [03/07] (test ) crossner_music      :  18%|███▋                |  37/200 [0:04:44<0:20:55, 0.13Hz]
[03.12 02:41:52] ┇ INFO    ┇                     gner ┇  - [03/07] (test ) crossner_music      :  19%|███▊                |  38/200 [0:04:49<0:20:36, 0.13Hz]
[03.12 02:42:00] ┇ INFO    ┇                     gner ┇  - [03/07] (test ) crossner_music      :  20%|███▉                |  39/200 [0:04:57<0:20:27, 0.13Hz]
[03.12 02:42:08] ┇ INFO    ┇                     gner ┇  - [03/07] (test ) crossner_music      :  20%|████                |  41/200 [0:05:05<0:19:44, 0.13Hz]
[03.12 02:42:19] ┇ INFO    ┇                     gner ┇  - [03/07] (test ) crossner_music      :  22%|████▍               |  44/200 [0:05:16<0:18:43, 0.14Hz]
[03.12 02:42:25] ┇ INFO    ┇                     gner ┇  - [03/07] (test ) crossner_music      :  22%|████▌               |  45/200 [0:05:22<0:18:30, 0.14Hz]
[03.12 02:42:49] ┇ INFO    ┇                     gner ┇  - [03/07] (test ) crossner_music      :  24%|████▋               |  47/200 [0:05:46<0:18:48, 0.14Hz]
[03.12 02:42:54] ┇ INFO    ┇                     gner ┇  - [03/07] (test ) crossner_music      :  24%|████▉               |  49/200 [0:05:51<0:18:03, 0.14Hz]
[03.12 02:43:02] ┇ INFO    ┇                     gner ┇  - [03/07] (test ) crossner_music      :  25%|█████               |  50/200 [0:05:59<0:17:59, 0.14Hz]
[03.12 02:43:08] ┇ INFO    ┇                     gner ┇  - [03/07] (test ) crossner_music      :  26%|█████               |  51/200 [0:06:05<0:17:49, 0.14Hz]
[03.12 02:43:14] ┇ INFO    ┇                     gner ┇  - [03/07] (test ) crossner_music      :  26%|█████▎              |  53/200 [0:06:11<0:17:10, 0.14Hz]
[03.12 02:43:26] ┇ INFO    ┇                     gner ┇  - [03/07] (test ) crossner_music      :  28%|█████▌              |  55/200 [0:06:23<0:16:51, 0.14Hz]
[03.12 02:43:38] ┇ INFO    ┇                     gner ┇  - [03/07] (test ) crossner_music      :  28%|█████▌              |  56/200 [0:06:35<0:16:57, 0.14Hz]
[03.12 02:43:44] ┇ INFO    ┇                     gner ┇  - [03/07] (test ) crossner_music      :  28%|█████▋              |  57/200 [0:06:41<0:16:47, 0.14Hz]
[03.12 02:43:52] ┇ INFO    ┇                     gner ┇  - [03/07] (test ) crossner_music      :  30%|█████▉              |  59/200 [0:06:50<0:16:20, 0.14Hz]
[03.12 02:44:00] ┇ INFO    ┇                     gner ┇  - [03/07] (test ) crossner_music      :  30%|██████              |  60/200 [0:06:57<0:16:13, 0.14Hz]
[03.12 02:44:08] ┇ INFO    ┇                     gner ┇  - [03/07] (test ) crossner_music      :  30%|██████              |  61/200 [0:07:05<0:16:08, 0.14Hz]
[03.12 02:44:13] ┇ INFO    ┇                     gner ┇  - [03/07] (test ) crossner_music      :  31%|██████▏             |  62/200 [0:07:10<0:15:58, 0.14Hz]
[03.12 02:44:20] ┇ INFO    ┇                     gner ┇  - [03/07] (test ) crossner_music      :  32%|██████▎             |  63/200 [0:07:17<0:15:51, 0.14Hz]
[03.12 02:44:30] ┇ INFO    ┇                     gner ┇  - [03/07] (test ) crossner_music      :  32%|██████▌             |  65/200 [0:07:27<0:15:15, 0.15Hz]
[03.12 02:44:56] ┇ INFO    ┇                     gner ┇  - [03/07] (test ) crossner_music      :  33%|██████▌             |  66/200 [0:07:53<0:15:57, 0.14Hz]
[03.12 02:45:03] ┇ INFO    ┇                     gner ┇  - [03/07] (test ) crossner_music      :  34%|██████▊             |  68/200 [0:08:00<0:15:05, 0.15Hz]
[03.12 02:45:15] ┇ INFO    ┇                     gner ┇  - [03/07] (test ) crossner_music      :  34%|██████▉             |  69/200 [0:08:12<0:15:17, 0.14Hz]
[03.12 02:45:33] ┇ INFO    ┇                     gner ┇  - [03/07] (test ) crossner_music      :  35%|███████             |  70/200 [0:08:30<0:15:38, 0.14Hz]
[03.12 02:45:41] ┇ INFO    ┇                     gner ┇  - [03/07] (test ) crossner_music      :  36%|███████             |  71/200 [0:08:38<0:15:34, 0.14Hz]
[03.12 02:45:49] ┇ INFO    ┇                     gner ┇  - [03/07] (test ) crossner_music      :  36%|███████▏            |  72/200 [0:08:47<0:14:45, 0.14Hz]
[03.12 02:45:57] ┇ INFO    ┇                     gner ┇  - [03/07] (test ) crossner_music      :  36%|███████▎            |  73/200 [0:08:54<0:14:35, 0.15Hz]
[03.12 02:46:03] ┇ INFO    ┇                     gner ┇  - [03/07] (test ) crossner_music      :  38%|███████▌            |  75/200 [0:09:00<0:13:37, 0.15Hz]
[03.12 02:46:20] ┇ INFO    ┇                     gner ┇  - [03/07] (test ) crossner_music      :  38%|███████▋            |  77/200 [0:09:17<0:13:24, 0.15Hz]
[03.12 02:46:27] ┇ INFO    ┇                     gner ┇  - [03/07] (test ) crossner_music      :  39%|███████▊            |  78/200 [0:09:24<0:13:14, 0.15Hz]
[03.12 02:46:33] ┇ INFO    ┇                     gner ┇  - [03/07] (test ) crossner_music      :  40%|███████▉            |  79/200 [0:09:30<0:13:09, 0.15Hz]
[03.12 02:46:43] ┇ INFO    ┇                     gner ┇  - [03/07] (test ) crossner_music      :  41%|████████▏           |  82/200 [0:09:40<0:12:56, 0.15Hz]
[03.12 02:47:01] ┇ INFO    ┇                     gner ┇  - [03/07] (test ) crossner_music      :  42%|████████▌           |  85/200 [0:09:58<0:12:35, 0.15Hz]
[03.12 02:47:09] ┇ INFO    ┇                     gner ┇  - [03/07] (test ) crossner_music      :  43%|████████▌           |  86/200 [0:10:06<0:12:28, 0.15Hz]
[03.12 02:47:18] ┇ INFO    ┇                     gner ┇  - [03/07] (test ) crossner_music      :  44%|████████▋           |  87/200 [0:10:15<0:12:28, 0.15Hz]
[03.12 02:47:24] ┇ INFO    ┇                     gner ┇  - [03/07] (test ) crossner_music      :  44%|████████▊           |  88/200 [0:10:21<0:12:07, 0.15Hz]
[03.12 02:47:30] ┇ INFO    ┇                     gner ┇  - [03/07] (test ) crossner_music      :  44%|████████▉           |  89/200 [0:10:27<0:12:08, 0.15Hz]
[03.12 02:47:36] ┇ INFO    ┇                     gner ┇  - [03/07] (test ) crossner_music      :  46%|█████████           |  91/200 [0:10:33<0:11:51, 0.15Hz]
[03.12 02:47:51] ┇ INFO    ┇                     gner ┇  - [03/07] (test ) crossner_music      :  46%|█████████▎          |  93/200 [0:10:48<0:11:45, 0.15Hz]
[03.12 02:48:00] ┇ INFO    ┇                     gner ┇  - [03/07] (test ) crossner_music      :  47%|█████████▍          |  94/200 [0:10:57<0:11:50, 0.15Hz]
[03.12 02:48:24] ┇ INFO    ┇                     gner ┇  - [03/07] (test ) crossner_music      :  48%|█████████▌          |  96/200 [0:11:21<0:11:44, 0.15Hz]
[03.12 02:48:30] ┇ INFO    ┇                     gner ┇  - [03/07] (test ) crossner_music      :  49%|█████████▊          |  98/200 [0:11:27<0:11:23, 0.15Hz]
[03.12 02:48:40] ┇ INFO    ┇                     gner ┇  - [03/07] (test ) crossner_music      :  50%|█████████▉          |  99/200 [0:11:37<0:11:11, 0.15Hz]
[03.12 02:48:52] ┇ INFO    ┇                     gner ┇  - [03/07] (test ) crossner_music      :  50%|██████████          | 100/200 [0:11:49<0:11:13, 0.15Hz]
[03.12 02:49:13] ┇ INFO    ┇                     gner ┇  - [03/07] (test ) crossner_music      :  50%|██████████          | 101/200 [0:12:10<0:11:31, 0.14Hz]
[03.12 02:49:30] ┇ INFO    ┇                     gner ┇  - [03/07] (test ) crossner_music      :  51%|██████████▏         | 102/200 [0:12:28<0:11:41, 0.14Hz]
[03.12 02:49:43] ┇ INFO    ┇                     gner ┇  - [03/07] (test ) crossner_music      :  52%|██████████▍         | 104/200 [0:12:40<0:11:34, 0.14Hz]
[03.12 02:49:50] ┇ INFO    ┇                     gner ┇  - [03/07] (test ) crossner_music      :  53%|██████████▌         | 106/200 [0:12:47<0:11:25, 0.14Hz]
[03.12 02:50:01] ┇ INFO    ┇                     gner ┇  - [03/07] (test ) crossner_music      :  54%|██████████▊         | 108/200 [0:12:59<0:11:07, 0.14Hz]
[03.12 02:50:09] ┇ INFO    ┇                     gner ┇  - [03/07] (test ) crossner_music      :  55%|██████████▉         | 109/200 [0:13:06<0:11:05, 0.14Hz]
[03.12 02:50:32] ┇ INFO    ┇                     gner ┇  - [03/07] (test ) crossner_music      :  55%|███████████         | 110/200 [0:13:29<0:11:01, 0.14Hz]
[03.12 02:50:39] ┇ INFO    ┇                     gner ┇  - [03/07] (test ) crossner_music      :  56%|███████████▏        | 112/200 [0:13:36<0:10:48, 0.14Hz]
[03.12 02:50:45] ┇ INFO    ┇                     gner ┇  - [03/07] (test ) crossner_music      :  57%|███████████▍        | 114/200 [0:13:42<0:10:22, 0.14Hz]
[03.12 02:50:57] ┇ INFO    ┇                     gner ┇  - [03/07] (test ) crossner_music      :  58%|███████████▌        | 116/200 [0:13:54<0:10:17, 0.14Hz]
[03.12 02:51:04] ┇ INFO    ┇                     gner ┇  - [03/07] (test ) crossner_music      :  59%|███████████▊        | 118/200 [0:14:02<0:09:56, 0.14Hz]
[03.12 02:51:11] ┇ INFO    ┇                     gner ┇  - [03/07] (test ) crossner_music      :  60%|███████████▉        | 119/200 [0:14:08<0:09:42, 0.14Hz]
[03.12 02:51:19] ┇ INFO    ┇                     gner ┇  - [03/07] (test ) crossner_music      :  60%|████████████        | 120/200 [0:14:16<0:09:38, 0.14Hz]
[03.12 02:51:40] ┇ INFO    ┇                     gner ┇  - [03/07] (test ) crossner_music      :  61%|████████████▏       | 122/200 [0:14:38<0:09:39, 0.13Hz]
[03.12 02:51:49] ┇ INFO    ┇                     gner ┇  - [03/07] (test ) crossner_music      :  62%|████████████▍       | 124/200 [0:14:46<0:09:16, 0.14Hz]
[03.12 02:51:54] ┇ INFO    ┇                     gner ┇  - [03/07] (test ) crossner_music      :  64%|████████████▋       | 127/200 [0:14:52<0:08:41, 0.14Hz]
[03.12 02:52:16] ┇ INFO    ┇                     gner ┇  - [03/07] (test ) crossner_music      :  66%|█████████████       | 131/200 [0:15:13<0:07:54, 0.15Hz]
[03.12 02:52:24] ┇ INFO    ┇                     gner ┇  - [03/07] (test ) crossner_music      :  66%|█████████████▏      | 132/200 [0:15:21<0:07:42, 0.15Hz]
[03.12 02:52:34] ┇ INFO    ┇                     gner ┇  - [03/07] (test ) crossner_music      :  66%|█████████████▎      | 133/200 [0:15:31<0:07:27, 0.15Hz]
[03.12 02:52:48] ┇ INFO    ┇                     gner ┇  - [03/07] (test ) crossner_music      :  68%|█████████████▌      | 135/200 [0:15:45<0:07:11, 0.15Hz]
[03.12 02:52:59] ┇ INFO    ┇                     gner ┇  - [03/07] (test ) crossner_music      :  68%|█████████████▌      | 136/200 [0:15:57<0:07:08, 0.15Hz]
[03.12 02:53:06] ┇ INFO    ┇                     gner ┇  - [03/07] (test ) crossner_music      :  68%|█████████████▋      | 137/200 [0:16:04<0:07:06, 0.15Hz]
[03.12 02:53:15] ┇ INFO    ┇                     gner ┇  - [03/07] (test ) crossner_music      :  69%|█████████████▊      | 138/200 [0:16:12<0:07:04, 0.15Hz]
[03.12 02:53:30] ┇ INFO    ┇                     gner ┇  - [03/07] (test ) crossner_music      :  70%|█████████████▉      | 139/200 [0:16:27<0:07:09, 0.14Hz]
[03.12 02:53:38] ┇ INFO    ┇                     gner ┇  - [03/07] (test ) crossner_music      :  70%|██████████████      | 141/200 [0:16:35<0:06:43, 0.15Hz]
[03.12 02:53:44] ┇ INFO    ┇                     gner ┇  - [03/07] (test ) crossner_music      :  71%|██████████████▏     | 142/200 [0:16:41<0:06:36, 0.15Hz]
[03.12 02:53:58] ┇ INFO    ┇                     gner ┇  - [03/07] (test ) crossner_music      :  72%|██████████████▍     | 144/200 [0:16:56<0:06:32, 0.14Hz]
[03.12 02:54:08] ┇ INFO    ┇                     gner ┇  - [03/07] (test ) crossner_music      :  73%|██████████████▌     | 146/200 [0:17:05<0:06:20, 0.14Hz]
[03.12 02:54:16] ┇ INFO    ┇                     gner ┇  - [03/07] (test ) crossner_music      :  74%|██████████████▋     | 147/200 [0:17:13<0:06:19, 0.14Hz]
[03.12 02:54:22] ┇ INFO    ┇                     gner ┇  - [03/07] (test ) crossner_music      :  74%|██████████████▊     | 148/200 [0:17:19<0:06:03, 0.14Hz]
[03.12 02:54:38] ┇ INFO    ┇                     gner ┇  - [03/07] (test ) crossner_music      :  75%|███████████████     | 150/200 [0:17:35<0:05:49, 0.14Hz]
[03.12 02:54:47] ┇ INFO    ┇                     gner ┇  - [03/07] (test ) crossner_music      :  76%|███████████████▏    | 152/200 [0:17:44<0:05:32, 0.14Hz]
[03.12 02:54:53] ┇ INFO    ┇                     gner ┇  - [03/07] (test ) crossner_music      :  76%|███████████████▎    | 153/200 [0:17:50<0:05:28, 0.14Hz]
[03.12 02:55:02] ┇ INFO    ┇                     gner ┇  - [03/07] (test ) crossner_music      :  77%|███████████████▍    | 154/200 [0:17:59<0:05:26, 0.14Hz]
[03.12 02:55:09] ┇ INFO    ┇                     gner ┇  - [03/07] (test ) crossner_music      :  78%|███████████████▌    | 156/200 [0:18:06<0:05:05, 0.14Hz]
[03.12 02:55:23] ┇ INFO    ┇                     gner ┇  - [03/07] (test ) crossner_music      :  78%|███████████████▋    | 157/200 [0:18:20<0:05:02, 0.14Hz]
[03.12 02:55:36] ┇ INFO    ┇                     gner ┇  - [03/07] (test ) crossner_music      :  80%|███████████████▉    | 159/200 [0:18:33<0:04:40, 0.15Hz]
[03.12 02:55:42] ┇ INFO    ┇                     gner ┇  - [03/07] (test ) crossner_music      :  80%|████████████████    | 161/200 [0:18:39<0:04:27, 0.15Hz]
[03.12 02:55:54] ┇ INFO    ┇                     gner ┇  - [03/07] (test ) crossner_music      :  82%|████████████████▎   | 163/200 [0:18:51<0:04:08, 0.15Hz]
[03.12 02:56:05] ┇ INFO    ┇                     gner ┇  - [03/07] (test ) crossner_music      :  82%|████████████████▌   | 165/200 [0:19:02<0:03:39, 0.16Hz]
[03.12 02:56:18] ┇ INFO    ┇                     gner ┇  - [03/07] (test ) crossner_music      :  84%|████████████████▋   | 167/200 [0:19:15<0:03:26, 0.16Hz]
[03.12 02:56:27] ┇ INFO    ┇                     gner ┇  - [03/07] (test ) crossner_music      :  85%|█████████████████   | 170/200 [0:19:24<0:03:08, 0.16Hz]
[03.12 02:56:49] ┇ INFO    ┇                     gner ┇  - [03/07] (test ) crossner_music      :  86%|█████████████████   | 171/200 [0:19:46<0:03:07, 0.15Hz]
[03.12 02:56:58] ┇ INFO    ┇                     gner ┇  - [03/07] (test ) crossner_music      :  86%|█████████████████▎  | 173/200 [0:19:55<0:02:45, 0.16Hz]
[03.12 02:57:14] ┇ INFO    ┇                     gner ┇  - [03/07] (test ) crossner_music      :  87%|█████████████████▍  | 174/200 [0:20:12<0:02:45, 0.16Hz]
[03.12 02:57:35] ┇ INFO    ┇                     gner ┇  - [03/07] (test ) crossner_music      :  88%|█████████████████▋  | 177/200 [0:20:32<0:02:29, 0.15Hz]
[03.12 02:57:40] ┇ INFO    ┇                     gner ┇  - [03/07] (test ) crossner_music      :  90%|█████████████████▉  | 179/200 [0:20:37<0:02:14, 0.16Hz]
[03.12 02:57:48] ┇ INFO    ┇                     gner ┇  - [03/07] (test ) crossner_music      :  90%|██████████████████  | 181/200 [0:20:45<0:02:01, 0.16Hz]
[03.12 02:57:55] ┇ INFO    ┇                     gner ┇  - [03/07] (test ) crossner_music      :  92%|██████████████████▍ | 184/200 [0:20:52<0:01:39, 0.16Hz]
[03.12 02:58:01] ┇ INFO    ┇                     gner ┇  - [03/07] (test ) crossner_music      :  92%|██████████████████▌ | 185/200 [0:20:58<0:01:30, 0.17Hz]
[03.12 02:58:07] ┇ INFO    ┇                     gner ┇  - [03/07] (test ) crossner_music      :  93%|██████████████████▌ | 186/200 [0:21:05<0:01:25, 0.16Hz]
[03.12 02:58:18] ┇ INFO    ┇                     gner ┇  - [03/07] (test ) crossner_music      :  94%|██████████████████▊ | 188/200 [0:21:15<0:01:13, 0.16Hz]
[03.12 02:58:29] ┇ INFO    ┇                     gner ┇  - [03/07] (test ) crossner_music      :  96%|███████████████████ | 191/200 [0:21:26<0:00:56, 0.16Hz]
[03.12 02:58:34] ┇ INFO    ┇                     gner ┇  - [03/07] (test ) crossner_music      :  96%|███████████████████▏| 192/200 [0:21:31<0:00:50, 0.16Hz]
[03.12 02:58:48] ┇ INFO    ┇                     gner ┇  - [03/07] (test ) crossner_music      :  97%|███████████████████▍| 194/200 [0:21:45<0:00:37, 0.16Hz]
[03.12 02:58:59] ┇ INFO    ┇                     gner ┇  - [03/07] (test ) crossner_music      :  98%|███████████████████▌| 196/200 [0:21:56<0:00:24, 0.16Hz]
[03.12 02:59:07] ┇ INFO    ┇                     gner ┇  - [03/07] (test ) crossner_music      :  98%|███████████████████▋| 197/200 [0:22:04<0:00:18, 0.16Hz]
[03.12 02:59:15] ┇ INFO    ┇                     gner ┇  - [03/07] (test ) crossner_music      : 100%|███████████████████▉| 199/200 [0:22:12<0:00:05, 0.17Hz]
[03.12 02:59:22] ┇ INFO    ┇                     gner ┇  - [03/07] (test ) crossner_music      : 100%|████████████████████| 200/200 [0:22:20<0:00:00, 0.17Hz]
[03.12 02:59:24] ┇ INFO    ┇                     gner ┇  - [04/07] (test ) crossner_politics   :   0%|                    |   1/200 [0:00:01<0:05:46, 0.57Hz]
[03.12 02:59:31] ┇ INFO    ┇                     gner ┇  - [04/07] (test ) crossner_politics   :   1%|▏                   |   2/200 [0:00:09<0:14:52, 0.22Hz]
[03.12 02:59:44] ┇ INFO    ┇                     gner ┇  - [04/07] (test ) crossner_politics   :   2%|▌                   |   5/200 [0:00:21<0:13:53, 0.23Hz]
[03.12 02:59:55] ┇ INFO    ┇                     gner ┇  - [04/07] (test ) crossner_politics   :   4%|▋                   |   7/200 [0:00:32<0:14:48, 0.22Hz]
[03.12 03:00:00] ┇ INFO    ┇                     gner ┇  - [04/07] (test ) crossner_politics   :   5%|█                   |  10/200 [0:00:37<0:12:00, 0.26Hz]
[03.12 03:00:07] ┇ INFO    ┇                     gner ┇  - [04/07] (test ) crossner_politics   :   6%|█                   |  11/200 [0:00:44<0:12:39, 0.25Hz]
[03.12 03:00:14] ┇ INFO    ┇                     gner ┇  - [04/07] (test ) crossner_politics   :   6%|█▏                  |  12/200 [0:00:51<0:13:28, 0.23Hz]
[03.12 03:00:19] ┇ INFO    ┇                     gner ┇  - [04/07] (test ) crossner_politics   :   6%|█▎                  |  13/200 [0:00:56<0:13:35, 0.23Hz]
[03.12 03:00:37] ┇ INFO    ┇                     gner ┇  - [04/07] (test ) crossner_politics   :   8%|█▌                  |  15/200 [0:01:14<0:15:16, 0.20Hz]
[03.12 03:00:44] ┇ INFO    ┇                     gner ┇  - [04/07] (test ) crossner_politics   :   8%|█▋                  |  17/200 [0:01:22<0:14:43, 0.21Hz]
[03.12 03:00:50] ┇ INFO    ┇                     gner ┇  - [04/07] (test ) crossner_politics   :  10%|█▉                  |  19/200 [0:01:27<0:13:51, 0.22Hz]
[03.12 03:01:05] ┇ INFO    ┇                     gner ┇  - [04/07] (test ) crossner_politics   :  10%|██                  |  20/200 [0:01:42<0:15:21, 0.20Hz]
[03.12 03:01:15] ┇ INFO    ┇                     gner ┇  - [04/07] (test ) crossner_politics   :  11%|██▏                 |  22/200 [0:01:53<0:15:14, 0.19Hz]
[03.12 03:01:30] ┇ INFO    ┇                     gner ┇  - [04/07] (test ) crossner_politics   :  12%|██▎                 |  23/200 [0:02:08<0:16:25, 0.18Hz]
[03.12 03:01:40] ┇ INFO    ┇                     gner ┇  - [04/07] (test ) crossner_politics   :  12%|██▍                 |  24/200 [0:02:17<0:16:49, 0.17Hz]
[03.12 03:01:46] ┇ INFO    ┇                     gner ┇  - [04/07] (test ) crossner_politics   :  13%|██▌                 |  26/200 [0:02:23<0:16:02, 0.18Hz]
[03.12 03:01:59] ┇ INFO    ┇                     gner ┇  - [04/07] (test ) crossner_politics   :  14%|██▊                 |  28/200 [0:02:36<0:16:03, 0.18Hz]
[03.12 03:02:24] ┇ INFO    ┇                     gner ┇  - [04/07] (test ) crossner_politics   :  15%|███                 |  30/200 [0:03:02<0:17:11, 0.16Hz]
[03.12 03:02:44] ┇ INFO    ┇                     gner ┇  - [04/07] (test ) crossner_politics   :  16%|███                 |  31/200 [0:03:21<0:18:16, 0.15Hz]
[03.12 03:02:51] ┇ INFO    ┇                     gner ┇  - [04/07] (test ) crossner_politics   :  16%|███▏                |  32/200 [0:03:28<0:18:15, 0.15Hz]
[03.12 03:03:01] ┇ INFO    ┇                     gner ┇  - [04/07] (test ) crossner_politics   :  17%|███▍                |  34/200 [0:03:38<0:17:48, 0.16Hz]
[03.12 03:03:12] ┇ INFO    ┇                     gner ┇  - [04/07] (test ) crossner_politics   :  18%|███▌                |  35/200 [0:03:49<0:18:00, 0.15Hz]
[03.12 03:03:24] ┇ INFO    ┇                     gner ┇  - [04/07] (test ) crossner_politics   :  18%|███▌                |  36/200 [0:04:01<0:18:19, 0.15Hz]
[03.12 03:03:29] ┇ INFO    ┇                     gner ┇  - [04/07] (test ) crossner_politics   :  18%|███▋                |  37/200 [0:04:06<0:18:08, 0.15Hz]
[03.12 03:03:35] ┇ INFO    ┇                     gner ┇  - [04/07] (test ) crossner_politics   :  20%|████                |  40/200 [0:04:12<0:16:50, 0.16Hz]
[03.12 03:03:42] ┇ INFO    ┇                     gner ┇  - [04/07] (test ) crossner_politics   :  20%|████                |  41/200 [0:04:19<0:16:45, 0.16Hz]
[03.12 03:03:49] ┇ INFO    ┇                     gner ┇  - [04/07] (test ) crossner_politics   :  22%|████▎               |  43/200 [0:04:27<0:16:15, 0.16Hz]
[03.12 03:04:08] ┇ INFO    ┇                     gner ┇  - [04/07] (test ) crossner_politics   :  22%|████▍               |  44/200 [0:04:45<0:16:53, 0.15Hz]
[03.12 03:04:19] ┇ INFO    ┇                     gner ┇  - [04/07] (test ) crossner_politics   :  22%|████▌               |  45/200 [0:04:56<0:17:00, 0.15Hz]
[03.12 03:04:24] ┇ INFO    ┇                     gner ┇  - [04/07] (test ) crossner_politics   :  23%|████▌               |  46/200 [0:05:01<0:16:49, 0.15Hz]
[03.12 03:04:34] ┇ INFO    ┇                     gner ┇  - [04/07] (test ) crossner_politics   :  24%|████▉               |  49/200 [0:05:11<0:16:00, 0.16Hz]
[03.12 03:04:45] ┇ INFO    ┇                     gner ┇  - [04/07] (test ) crossner_politics   :  25%|█████               |  50/200 [0:05:22<0:16:07, 0.15Hz]
[03.12 03:04:52] ┇ INFO    ┇                     gner ┇  - [04/07] (test ) crossner_politics   :  26%|█████▏              |  52/200 [0:05:29<0:15:38, 0.16Hz]
[03.12 03:05:01] ┇ INFO    ┇                     gner ┇  - [04/07] (test ) crossner_politics   :  26%|█████▎              |  53/200 [0:05:38<0:15:39, 0.16Hz]
[03.12 03:05:13] ┇ INFO    ┇                     gner ┇  - [04/07] (test ) crossner_politics   :  27%|█████▍              |  54/200 [0:05:50<0:15:47, 0.15Hz]
[03.12 03:05:19] ┇ INFO    ┇                     gner ┇  - [04/07] (test ) crossner_politics   :  28%|█████▌              |  55/200 [0:05:56<0:15:39, 0.15Hz]
[03.12 03:05:26] ┇ INFO    ┇                     gner ┇  - [04/07] (test ) crossner_politics   :  28%|█████▌              |  56/200 [0:06:03<0:15:35, 0.15Hz]
[03.12 03:05:38] ┇ INFO    ┇                     gner ┇  - [04/07] (test ) crossner_politics   :  29%|█████▊              |  58/200 [0:06:15<0:15:19, 0.15Hz]
[03.12 03:05:46] ┇ INFO    ┇                     gner ┇  - [04/07] (test ) crossner_politics   :  30%|██████              |  60/200 [0:06:23<0:14:54, 0.16Hz]
[03.12 03:06:02] ┇ INFO    ┇                     gner ┇  - [04/07] (test ) crossner_politics   :  30%|██████              |  61/200 [0:06:39<0:15:11, 0.15Hz]
[03.12 03:06:11] ┇ INFO    ┇                     gner ┇  - [04/07] (test ) crossner_politics   :  32%|██████▎             |  63/200 [0:06:48<0:14:47, 0.15Hz]
[03.12 03:06:19] ┇ INFO    ┇                     gner ┇  - [04/07] (test ) crossner_politics   :  32%|██████▌             |  65/200 [0:06:56<0:14:32, 0.15Hz]
[03.12 03:06:26] ┇ INFO    ┇                     gner ┇  - [04/07] (test ) crossner_politics   :  33%|██████▌             |  66/200 [0:07:03<0:14:33, 0.15Hz]
[03.12 03:06:49] ┇ INFO    ┇                     gner ┇  - [04/07] (test ) crossner_politics   :  34%|██████▋             |  67/200 [0:07:26<0:15:12, 0.15Hz]
[03.12 03:07:12] ┇ INFO    ┇                     gner ┇  - [04/07] (test ) crossner_politics   :  34%|██████▉             |  69/200 [0:07:49<0:15:27, 0.14Hz]
[03.12 03:07:25] ┇ INFO    ┇                     gner ┇  - [04/07] (test ) crossner_politics   :  35%|███████             |  70/200 [0:08:02<0:15:30, 0.14Hz]
[03.12 03:07:38] ┇ INFO    ┇                     gner ┇  - [04/07] (test ) crossner_politics   :  36%|███████▏            |  72/200 [0:08:15<0:15:34, 0.14Hz]
[03.12 03:07:48] ┇ INFO    ┇                     gner ┇  - [04/07] (test ) crossner_politics   :  36%|███████▎            |  73/200 [0:08:25<0:15:41, 0.13Hz]
[03.12 03:07:56] ┇ INFO    ┇                     gner ┇  - [04/07] (test ) crossner_politics   :  38%|███████▌            |  75/200 [0:08:33<0:15:16, 0.14Hz]
[03.12 03:08:13] ┇ INFO    ┇                     gner ┇  - [04/07] (test ) crossner_politics   :  38%|███████▌            |  76/200 [0:08:50<0:15:33, 0.13Hz]
[03.12 03:08:30] ┇ INFO    ┇                     gner ┇  - [04/07] (test ) crossner_politics   :  38%|███████▋            |  77/200 [0:09:07<0:15:52, 0.13Hz]
[03.12 03:08:42] ┇ INFO    ┇                     gner ┇  - [04/07] (test ) crossner_politics   :  40%|███████▉            |  79/200 [0:09:19<0:15:24, 0.13Hz]
[03.12 03:08:49] ┇ INFO    ┇                     gner ┇  - [04/07] (test ) crossner_politics   :  40%|████████            |  80/200 [0:09:27<0:15:23, 0.13Hz]
[03.12 03:08:55] ┇ INFO    ┇                     gner ┇  - [04/07] (test ) crossner_politics   :  40%|████████            |  81/200 [0:09:32<0:15:19, 0.13Hz]
[03.12 03:09:01] ┇ INFO    ┇                     gner ┇  - [04/07] (test ) crossner_politics   :  42%|████████▎           |  83/200 [0:09:38<0:14:43, 0.13Hz]
[03.12 03:09:06] ┇ INFO    ┇                     gner ┇  - [04/07] (test ) crossner_politics   :  42%|████████▍           |  84/200 [0:09:43<0:14:42, 0.13Hz]
[03.12 03:09:20] ┇ INFO    ┇                     gner ┇  - [04/07] (test ) crossner_politics   :  43%|████████▌           |  86/200 [0:09:57<0:14:09, 0.13Hz]
[03.12 03:09:45] ┇ INFO    ┇                     gner ┇  - [04/07] (test ) crossner_politics   :  44%|████████▋           |  87/200 [0:10:22<0:14:29, 0.13Hz]
[03.12 03:09:53] ┇ INFO    ┇                     gner ┇  - [04/07] (test ) crossner_politics   :  44%|████████▊           |  88/200 [0:10:30<0:14:32, 0.13Hz]
[03.12 03:10:06] ┇ INFO    ┇                     gner ┇  - [04/07] (test ) crossner_politics   :  44%|████████▉           |  89/200 [0:10:43<0:14:40, 0.13Hz]
[03.12 03:10:13] ┇ INFO    ┇                     gner ┇  - [04/07] (test ) crossner_politics   :  46%|█████████           |  91/200 [0:10:50<0:14:13, 0.13Hz]
[03.12 03:10:36] ┇ INFO    ┇                     gner ┇  - [04/07] (test ) crossner_politics   :  46%|█████████▏          |  92/200 [0:11:13<0:14:38, 0.12Hz]
[03.12 03:10:47] ┇ INFO    ┇                     gner ┇  - [04/07] (test ) crossner_politics   :  46%|█████████▎          |  93/200 [0:11:24<0:14:13, 0.13Hz]
[03.12 03:11:19] ┇ INFO    ┇                     gner ┇  - [04/07] (test ) crossner_politics   :  47%|█████████▍          |  94/200 [0:11:56<0:14:27, 0.12Hz]
[03.12 03:11:32] ┇ INFO    ┇                     gner ┇  - [04/07] (test ) crossner_politics   :  48%|█████████▌          |  95/200 [0:12:09<0:14:27, 0.12Hz]
[03.12 03:11:41] ┇ INFO    ┇                     gner ┇  - [04/07] (test ) crossner_politics   :  48%|█████████▋          |  97/200 [0:12:18<0:14:09, 0.12Hz]
[03.12 03:11:49] ┇ INFO    ┇                     gner ┇  - [04/07] (test ) crossner_politics   :  49%|█████████▊          |  98/200 [0:12:26<0:13:57, 0.12Hz]
[03.12 03:12:04] ┇ INFO    ┇                     gner ┇  - [04/07] (test ) crossner_politics   :  50%|█████████▉          |  99/200 [0:12:41<0:13:53, 0.12Hz]
[03.12 03:12:15] ┇ INFO    ┇                     gner ┇  - [04/07] (test ) crossner_politics   :  50%|██████████          | 101/200 [0:12:52<0:13:43, 0.12Hz]
[03.12 03:12:21] ┇ INFO    ┇                     gner ┇  - [04/07] (test ) crossner_politics   :  52%|██████████▎         | 103/200 [0:12:58<0:13:29, 0.12Hz]
[03.12 03:12:26] ┇ INFO    ┇                     gner ┇  - [04/07] (test ) crossner_politics   :  52%|██████████▍         | 104/200 [0:13:03<0:13:18, 0.12Hz]
[03.12 03:12:47] ┇ INFO    ┇                     gner ┇  - [04/07] (test ) crossner_politics   :  52%|██████████▌         | 105/200 [0:13:24<0:13:39, 0.12Hz]
[03.12 03:12:56] ┇ INFO    ┇                     gner ┇  - [04/07] (test ) crossner_politics   :  53%|██████████▌         | 106/200 [0:13:33<0:13:35, 0.12Hz]
[03.12 03:13:14] ┇ INFO    ┇                     gner ┇  - [04/07] (test ) crossner_politics   :  54%|██████████▋         | 107/200 [0:13:51<0:13:25, 0.12Hz]
[03.12 03:13:25] ┇ INFO    ┇                     gner ┇  - [04/07] (test ) crossner_politics   :  54%|██████████▊         | 108/200 [0:14:02<0:13:17, 0.12Hz]
[03.12 03:13:32] ┇ INFO    ┇                     gner ┇  - [04/07] (test ) crossner_politics   :  55%|██████████▉         | 109/200 [0:14:09<0:13:11, 0.11Hz]
[03.12 03:13:41] ┇ INFO    ┇                     gner ┇  - [04/07] (test ) crossner_politics   :  55%|███████████         | 110/200 [0:14:18<0:13:13, 0.11Hz]
[03.12 03:13:51] ┇ INFO    ┇                     gner ┇  - [04/07] (test ) crossner_politics   :  56%|███████████         | 111/200 [0:14:29<0:13:17, 0.11Hz]
[03.12 03:14:00] ┇ INFO    ┇                     gner ┇  - [04/07] (test ) crossner_politics   :  56%|███████████▏        | 112/200 [0:14:37<0:13:10, 0.11Hz]
[03.12 03:14:08] ┇ INFO    ┇                     gner ┇  - [04/07] (test ) crossner_politics   :  57%|███████████▍        | 114/200 [0:14:45<0:12:43, 0.11Hz]
[03.12 03:14:13] ┇ INFO    ┇                     gner ┇  - [04/07] (test ) crossner_politics   :  57%|███████████▌        | 115/200 [0:14:50<0:12:37, 0.11Hz]
[03.12 03:14:21] ┇ INFO    ┇                     gner ┇  - [04/07] (test ) crossner_politics   :  58%|███████████▌        | 116/200 [0:14:58<0:12:26, 0.11Hz]
[03.12 03:14:26] ┇ INFO    ┇                     gner ┇  - [04/07] (test ) crossner_politics   :  59%|███████████▊        | 118/200 [0:15:03<0:11:52, 0.12Hz]
[03.12 03:14:34] ┇ INFO    ┇                     gner ┇  - [04/07] (test ) crossner_politics   :  60%|███████████▉        | 119/200 [0:15:11<0:11:44, 0.11Hz]
[03.12 03:14:43] ┇ INFO    ┇                     gner ┇  - [04/07] (test ) crossner_politics   :  60%|████████████        | 120/200 [0:15:20<0:11:44, 0.11Hz]
[03.12 03:15:03] ┇ INFO    ┇                     gner ┇  - [04/07] (test ) crossner_politics   :  60%|████████████        | 121/200 [0:15:40<0:11:48, 0.11Hz]
[03.12 03:15:26] ┇ INFO    ┇                     gner ┇  - [04/07] (test ) crossner_politics   :  61%|████████████▏       | 122/200 [0:16:03<0:12:05, 0.11Hz]
[03.12 03:15:38] ┇ INFO    ┇                     gner ┇  - [04/07] (test ) crossner_politics   :  62%|████████████▎       | 123/200 [0:16:15<0:12:03, 0.11Hz]
[03.12 03:15:49] ┇ INFO    ┇                     gner ┇  - [04/07] (test ) crossner_politics   :  62%|████████████▍       | 124/200 [0:16:26<0:11:47, 0.11Hz]
[03.12 03:16:05] ┇ INFO    ┇                     gner ┇  - [04/07] (test ) crossner_politics   :  62%|████████████▌       | 125/200 [0:16:42<0:11:55, 0.10Hz]
[03.12 03:16:12] ┇ INFO    ┇                     gner ┇  - [04/07] (test ) crossner_politics   :  63%|████████████▌       | 126/200 [0:16:49<0:11:46, 0.10Hz]
[03.12 03:16:35] ┇ INFO    ┇                     gner ┇  - [04/07] (test ) crossner_politics   :  64%|████████████▋       | 127/200 [0:17:12<0:12:02, 0.10Hz]
[03.12 03:16:49] ┇ INFO    ┇                     gner ┇  - [04/07] (test ) crossner_politics   :  64%|████████████▉       | 129/200 [0:17:26<0:11:42, 0.10Hz]
[03.12 03:17:00] ┇ INFO    ┇                     gner ┇  - [04/07] (test ) crossner_politics   :  65%|█████████████       | 130/200 [0:17:37<0:11:19, 0.10Hz]
[03.12 03:17:13] ┇ INFO    ┇                     gner ┇  - [04/07] (test ) crossner_politics   :  66%|█████████████       | 131/200 [0:17:50<0:11:23, 0.10Hz]
[03.12 03:17:39] ┇ INFO    ┇                     gner ┇  - [04/07] (test ) crossner_politics   :  66%|█████████████▏      | 132/200 [0:18:16<0:11:17, 0.10Hz]
[03.12 03:17:46] ┇ INFO    ┇                     gner ┇  - [04/07] (test ) crossner_politics   :  66%|█████████████▎      | 133/200 [0:18:24<0:11:00, 0.10Hz]
[03.12 03:17:57] ┇ INFO    ┇                     gner ┇  - [04/07] (test ) crossner_politics   :  67%|█████████████▍      | 134/200 [0:18:34<0:10:59, 0.10Hz]
[03.12 03:18:15] ┇ INFO    ┇                     gner ┇  - [04/07] (test ) crossner_politics   :  68%|█████████████▌      | 135/200 [0:18:52<0:10:57, 0.10Hz]
[03.12 03:18:22] ┇ INFO    ┇                     gner ┇  - [04/07] (test ) crossner_politics   :  68%|█████████████▋      | 137/200 [0:18:59<0:10:30, 0.10Hz]
[03.12 03:18:42] ┇ INFO    ┇                     gner ┇  - [04/07] (test ) crossner_politics   :  69%|█████████████▊      | 138/200 [0:19:19<0:10:35, 0.10Hz]
[03.12 03:18:50] ┇ INFO    ┇                     gner ┇  - [04/07] (test ) crossner_politics   :  70%|██████████████      | 140/200 [0:19:28<0:09:51, 0.10Hz]
[03.12 03:19:06] ┇ INFO    ┇                     gner ┇  - [04/07] (test ) crossner_politics   :  71%|██████████████▏     | 142/200 [0:19:44<0:09:34, 0.10Hz]
[03.12 03:19:17] ┇ INFO    ┇                     gner ┇  - [04/07] (test ) crossner_politics   :  72%|██████████████▎     | 143/200 [0:19:54<0:09:28, 0.10Hz]
[03.12 03:19:32] ┇ INFO    ┇                     gner ┇  - [04/07] (test ) crossner_politics   :  72%|██████████████▌     | 145/200 [0:20:09<0:09:14, 0.10Hz]
[03.12 03:19:40] ┇ INFO    ┇                     gner ┇  - [04/07] (test ) crossner_politics   :  73%|██████████████▌     | 146/200 [0:20:17<0:09:07, 0.10Hz]
[03.12 03:19:45] ┇ INFO    ┇                     gner ┇  - [04/07] (test ) crossner_politics   :  74%|██████████████▋     | 147/200 [0:20:22<0:08:57, 0.10Hz]
[03.12 03:19:51] ┇ INFO    ┇                     gner ┇  - [04/07] (test ) crossner_politics   :  74%|██████████████▊     | 148/200 [0:20:28<0:08:50, 0.10Hz]
[03.12 03:19:58] ┇ INFO    ┇                     gner ┇  - [04/07] (test ) crossner_politics   :  74%|██████████████▉     | 149/200 [0:20:35<0:08:36, 0.10Hz]
[03.12 03:20:03] ┇ INFO    ┇                     gner ┇  - [04/07] (test ) crossner_politics   :  75%|███████████████     | 150/200 [0:20:40<0:08:10, 0.10Hz]
[03.12 03:20:12] ┇ INFO    ┇                     gner ┇  - [04/07] (test ) crossner_politics   :  76%|███████████████▏    | 152/200 [0:20:49<0:07:41, 0.10Hz]
[03.12 03:20:20] ┇ INFO    ┇                     gner ┇  - [04/07] (test ) crossner_politics   :  76%|███████████████▎    | 153/200 [0:20:57<0:07:35, 0.10Hz]
[03.12 03:20:26] ┇ INFO    ┇                     gner ┇  - [04/07] (test ) crossner_politics   :  77%|███████████████▍    | 154/200 [0:21:03<0:07:27, 0.10Hz]
[03.12 03:20:40] ┇ INFO    ┇                     gner ┇  - [04/07] (test ) crossner_politics   :  78%|███████████████▌    | 155/200 [0:21:17<0:07:11, 0.10Hz]
[03.12 03:20:48] ┇ INFO    ┇                     gner ┇  - [04/07] (test ) crossner_politics   :  78%|███████████████▌    | 156/200 [0:21:25<0:07:00, 0.10Hz]
[03.12 03:20:53] ┇ INFO    ┇                     gner ┇  - [04/07] (test ) crossner_politics   :  78%|███████████████▋    | 157/200 [0:21:31<0:06:31, 0.11Hz]
[03.12 03:20:59] ┇ INFO    ┇                     gner ┇  - [04/07] (test ) crossner_politics   :  80%|███████████████▉    | 159/200 [0:21:36<0:06:06, 0.11Hz]
[03.12 03:21:06] ┇ INFO    ┇                     gner ┇  - [04/07] (test ) crossner_politics   :  82%|████████████████▍   | 164/200 [0:21:43<0:05:03, 0.12Hz]
[03.12 03:21:24] ┇ INFO    ┇                     gner ┇  - [04/07] (test ) crossner_politics   :  82%|████████████████▌   | 165/200 [0:22:01<0:05:03, 0.12Hz]
[03.12 03:21:36] ┇ INFO    ┇                     gner ┇  - [04/07] (test ) crossner_politics   :  83%|████████████████▌   | 166/200 [0:22:13<0:04:59, 0.11Hz]
[03.12 03:21:42] ┇ INFO    ┇                     gner ┇  - [04/07] (test ) crossner_politics   :  84%|████████████████▋   | 167/200 [0:22:19<0:04:51, 0.11Hz]
[03.12 03:21:54] ┇ INFO    ┇                     gner ┇  - [04/07] (test ) crossner_politics   :  84%|████████████████▊   | 168/200 [0:22:31<0:04:37, 0.12Hz]
[03.12 03:21:59] ┇ INFO    ┇                     gner ┇  - [04/07] (test ) crossner_politics   :  84%|████████████████▉   | 169/200 [0:22:36<0:04:27, 0.12Hz]
[03.12 03:22:04] ┇ INFO    ┇                     gner ┇  - [04/07] (test ) crossner_politics   :  85%|█████████████████   | 170/200 [0:22:41<0:04:12, 0.12Hz]
[03.12 03:22:13] ┇ INFO    ┇                     gner ┇  - [04/07] (test ) crossner_politics   :  86%|█████████████████▏  | 172/200 [0:22:50<0:03:51, 0.12Hz]
[03.12 03:22:21] ┇ INFO    ┇                     gner ┇  - [04/07] (test ) crossner_politics   :  86%|█████████████████▎  | 173/200 [0:22:58<0:03:43, 0.12Hz]
[03.12 03:22:26] ┇ INFO    ┇                     gner ┇  - [04/07] (test ) crossner_politics   :  87%|█████████████████▍  | 174/200 [0:23:04<0:03:32, 0.12Hz]
[03.12 03:22:39] ┇ INFO    ┇                     gner ┇  - [04/07] (test ) crossner_politics   :  88%|█████████████████▌  | 176/200 [0:23:16<0:03:16, 0.12Hz]
[03.12 03:22:48] ┇ INFO    ┇                     gner ┇  - [04/07] (test ) crossner_politics   :  88%|█████████████████▋  | 177/200 [0:23:25<0:03:09, 0.12Hz]
[03.12 03:22:55] ┇ INFO    ┇                     gner ┇  - [04/07] (test ) crossner_politics   :  89%|█████████████████▊  | 178/200 [0:23:32<0:03:02, 0.12Hz]
[03.12 03:23:04] ┇ INFO    ┇                     gner ┇  - [04/07] (test ) crossner_politics   :  90%|█████████████████▉  | 179/200 [0:23:41<0:02:54, 0.12Hz]
[03.12 03:23:11] ┇ INFO    ┇                     gner ┇  - [04/07] (test ) crossner_politics   :  90%|██████████████████  | 181/200 [0:23:49<0:02:38, 0.12Hz]
[03.12 03:23:20] ┇ INFO    ┇                     gner ┇  - [04/07] (test ) crossner_politics   :  91%|██████████████████▏ | 182/200 [0:23:57<0:02:30, 0.12Hz]
[03.12 03:23:35] ┇ INFO    ┇                     gner ┇  - [04/07] (test ) crossner_politics   :  92%|██████████████████▍ | 184/200 [0:24:12<0:02:09, 0.12Hz]
[03.12 03:23:55] ┇ INFO    ┇                     gner ┇  - [04/07] (test ) crossner_politics   :  92%|██████████████████▌ | 185/200 [0:24:32<0:02:01, 0.12Hz]
[03.12 03:24:02] ┇ INFO    ┇                     gner ┇  - [04/07] (test ) crossner_politics   :  93%|██████████████████▌ | 186/200 [0:24:39<0:01:52, 0.12Hz]
[03.12 03:24:08] ┇ INFO    ┇                     gner ┇  - [04/07] (test ) crossner_politics   :  94%|██████████████████▋ | 187/200 [0:24:45<0:01:42, 0.13Hz]
[03.12 03:24:21] ┇ INFO    ┇                     gner ┇  - [04/07] (test ) crossner_politics   :  94%|██████████████████▉ | 189/200 [0:24:58<0:01:25, 0.13Hz]
[03.12 03:24:32] ┇ INFO    ┇                     gner ┇  - [04/07] (test ) crossner_politics   :  96%|███████████████████ | 191/200 [0:25:09<0:01:07, 0.13Hz]
[03.12 03:24:48] ┇ INFO    ┇                     gner ┇  - [04/07] (test ) crossner_politics   :  97%|███████████████████▍| 194/200 [0:25:25<0:00:43, 0.14Hz]
[03.12 03:24:59] ┇ INFO    ┇                     gner ┇  - [04/07] (test ) crossner_politics   :  98%|███████████████████▌| 195/200 [0:25:36<0:00:34, 0.14Hz]
[03.12 03:25:14] ┇ INFO    ┇                     gner ┇  - [04/07] (test ) crossner_politics   :  98%|███████████████████▌| 196/200 [0:25:51<0:00:28, 0.14Hz]
[03.12 03:25:21] ┇ INFO    ┇                     gner ┇  - [04/07] (test ) crossner_politics   :  98%|███████████████████▋| 197/200 [0:25:58<0:00:21, 0.14Hz]
[03.12 03:25:35] ┇ INFO    ┇                     gner ┇  - [04/07] (test ) crossner_politics   : 100%|████████████████████| 200/200 [0:26:12<0:00:00, 0.15Hz]
[03.12 03:25:39] ┇ INFO    ┇                     gner ┇  - [05/07] (test ) crossner_science    :   0%|                    |   1/200 [0:00:03<0:12:16, 0.27Hz]
[03.12 03:26:10] ┇ INFO    ┇                     gner ┇  - [05/07] (test ) crossner_science    :   1%|▏                   |   2/200 [0:00:35<0:58:37, 0.06Hz]
[03.12 03:26:16] ┇ INFO    ┇                     gner ┇  - [05/07] (test ) crossner_science    :   2%|▍                   |   4/200 [0:00:40<0:33:26, 0.10Hz]
[03.12 03:26:24] ┇ INFO    ┇                     gner ┇  - [05/07] (test ) crossner_science    :   3%|▌                   |   6/200 [0:00:49<0:26:37, 0.12Hz]
[03.12 03:26:37] ┇ INFO    ┇                     gner ┇  - [05/07] (test ) crossner_science    :   4%|▉                   |   9/200 [0:01:01<0:21:50, 0.15Hz]
[03.12 03:26:47] ┇ INFO    ┇                     gner ┇  - [05/07] (test ) crossner_science    :   5%|█                   |  10/200 [0:01:11<0:22:43, 0.14Hz]
[03.12 03:26:59] ┇ INFO    ┇                     gner ┇  - [05/07] (test ) crossner_science    :   6%|█▏                  |  12/200 [0:01:23<0:21:55, 0.14Hz]
[03.12 03:27:08] ┇ INFO    ┇                     gner ┇  - [05/07] (test ) crossner_science    :   8%|█▌                  |  15/200 [0:01:32<0:19:05, 0.16Hz]
[03.12 03:27:32] ┇ INFO    ┇                     gner ┇  - [05/07] (test ) crossner_science    :   8%|█▋                  |  17/200 [0:01:56<0:20:57, 0.15Hz]
[03.12 03:27:41] ┇ INFO    ┇                     gner ┇  - [05/07] (test ) crossner_science    :  10%|█▉                  |  19/200 [0:02:06<0:20:02, 0.15Hz]
[03.12 03:27:59] ┇ INFO    ┇                     gner ┇  - [05/07] (test ) crossner_science    :  10%|██                  |  21/200 [0:02:23<0:20:27, 0.15Hz]
[03.12 03:28:06] ┇ INFO    ┇                     gner ┇  - [05/07] (test ) crossner_science    :  12%|██▎                 |  23/200 [0:02:30<0:19:21, 0.15Hz]
[03.12 03:28:18] ┇ INFO    ┇                     gner ┇  - [05/07] (test ) crossner_science    :  12%|██▍                 |  24/200 [0:02:43<0:19:58, 0.15Hz]
[03.12 03:28:26] ┇ INFO    ┇                     gner ┇  - [05/07] (test ) crossner_science    :  12%|██▌                 |  25/200 [0:02:51<0:19:58, 0.15Hz]
[03.12 03:28:49] ┇ INFO    ┇                     gner ┇  - [05/07] (test ) crossner_science    :  14%|██▋                 |  27/200 [0:03:14<0:20:44, 0.14Hz]
[03.12 03:28:56] ┇ INFO    ┇                     gner ┇  - [05/07] (test ) crossner_science    :  14%|██▉                 |  29/200 [0:03:20<0:19:44, 0.14Hz]
[03.12 03:29:14] ┇ INFO    ┇                     gner ┇  - [05/07] (test ) crossner_science    :  15%|███                 |  30/200 [0:03:39<0:20:43, 0.14Hz]
[03.12 03:29:26] ┇ INFO    ┇                     gner ┇  - [05/07] (test ) crossner_science    :  16%|███▎                |  33/200 [0:03:51<0:19:31, 0.14Hz]
[03.12 03:29:32] ┇ INFO    ┇                     gner ┇  - [05/07] (test ) crossner_science    :  18%|███▌                |  35/200 [0:03:57<0:18:38, 0.15Hz]
[03.12 03:29:40] ┇ INFO    ┇                     gner ┇  - [05/07] (test ) crossner_science    :  18%|███▌                |  36/200 [0:04:04<0:18:34, 0.15Hz]
[03.12 03:29:45] ┇ INFO    ┇                     gner ┇  - [05/07] (test ) crossner_science    :  19%|███▊                |  38/200 [0:04:10<0:17:45, 0.15Hz]
[03.12 03:29:51] ┇ INFO    ┇                     gner ┇  - [05/07] (test ) crossner_science    :  20%|████                |  40/200 [0:04:15<0:17:02, 0.16Hz]
[03.12 03:30:05] ┇ INFO    ┇                     gner ┇  - [05/07] (test ) crossner_science    :  21%|████▏               |  42/200 [0:04:29<0:16:54, 0.16Hz]
[03.12 03:30:10] ┇ INFO    ┇                     gner ┇  - [05/07] (test ) crossner_science    :  22%|████▍               |  44/200 [0:04:35<0:16:15, 0.16Hz]
[03.12 03:30:16] ┇ INFO    ┇                     gner ┇  - [05/07] (test ) crossner_science    :  23%|████▌               |  46/200 [0:04:41<0:15:41, 0.16Hz]
[03.12 03:30:22] ┇ INFO    ┇                     gner ┇  - [05/07] (test ) crossner_science    :  24%|████▋               |  47/200 [0:04:47<0:15:35, 0.16Hz]
[03.12 03:30:40] ┇ INFO    ┇                     gner ┇  - [05/07] (test ) crossner_science    :  24%|████▉               |  49/200 [0:05:04<0:15:38, 0.16Hz]
[03.12 03:30:45] ┇ INFO    ┇                     gner ┇  - [05/07] (test ) crossner_science    :  25%|█████               |  50/200 [0:05:09<0:15:29, 0.16Hz]
[03.12 03:30:55] ┇ INFO    ┇                     gner ┇  - [05/07] (test ) crossner_science    :  26%|█████▏              |  52/200 [0:05:20<0:15:11, 0.16Hz]
[03.12 03:31:01] ┇ INFO    ┇                     gner ┇  - [05/07] (test ) crossner_science    :  27%|█████▍              |  54/200 [0:05:25<0:14:40, 0.17Hz]
[03.12 03:31:06] ┇ INFO    ┇                     gner ┇  - [05/07] (test ) crossner_science    :  29%|█████▊              |  58/200 [0:05:30<0:13:30, 0.18Hz]
[03.12 03:31:13] ┇ INFO    ┇                     gner ┇  - [05/07] (test ) crossner_science    :  30%|█████▉              |  59/200 [0:05:38<0:13:28, 0.17Hz]
[03.12 03:31:21] ┇ INFO    ┇                     gner ┇  - [05/07] (test ) crossner_science    :  30%|██████              |  60/200 [0:05:45<0:13:26, 0.17Hz]
[03.12 03:31:30] ┇ INFO    ┇                     gner ┇  - [05/07] (test ) crossner_science    :  31%|██████▏             |  62/200 [0:05:55<0:13:10, 0.17Hz]
[03.12 03:31:42] ┇ INFO    ┇                     gner ┇  - [05/07] (test ) crossner_science    :  32%|██████▌             |  65/200 [0:06:06<0:11:50, 0.19Hz]
[03.12 03:31:48] ┇ INFO    ┇                     gner ┇  - [05/07] (test ) crossner_science    :  34%|██████▋             |  67/200 [0:06:13<0:11:41, 0.19Hz]
[03.12 03:31:59] ┇ INFO    ┇                     gner ┇  - [05/07] (test ) crossner_science    :  34%|██████▊             |  68/200 [0:06:23<0:11:53, 0.19Hz]
[03.12 03:32:04] ┇ INFO    ┇                     gner ┇  - [05/07] (test ) crossner_science    :  35%|███████             |  70/200 [0:06:28<0:11:33, 0.19Hz]
[03.12 03:32:16] ┇ INFO    ┇                     gner ┇  - [05/07] (test ) crossner_science    :  36%|███████             |  71/200 [0:06:41<0:11:51, 0.18Hz]
[03.12 03:32:23] ┇ INFO    ┇                     gner ┇  - [05/07] (test ) crossner_science    :  36%|███████▎            |  73/200 [0:06:48<0:11:18, 0.19Hz]
[03.12 03:32:34] ┇ INFO    ┇                     gner ┇  - [05/07] (test ) crossner_science    :  37%|███████▍            |  74/200 [0:06:58<0:11:31, 0.18Hz]
[03.12 03:32:41] ┇ INFO    ┇                     gner ┇  - [05/07] (test ) crossner_science    :  38%|███████▌            |  75/200 [0:07:06<0:11:19, 0.18Hz]
[03.12 03:32:47] ┇ INFO    ┇                     gner ┇  - [05/07] (test ) crossner_science    :  38%|███████▌            |  76/200 [0:07:12<0:11:22, 0.18Hz]
[03.12 03:32:54] ┇ INFO    ┇                     gner ┇  - [05/07] (test ) crossner_science    :  39%|███████▊            |  78/200 [0:07:19<0:11:10, 0.18Hz]
[03.12 03:33:30] ┇ INFO    ┇                     gner ┇  - [05/07] (test ) crossner_science    :  40%|████████            |  80/200 [0:07:55<0:11:22, 0.18Hz]
[03.12 03:33:36] ┇ INFO    ┇                     gner ┇  - [05/07] (test ) crossner_science    :  40%|████████            |  81/200 [0:08:01<0:11:26, 0.17Hz]
[03.12 03:33:43] ┇ INFO    ┇                     gner ┇  - [05/07] (test ) crossner_science    :  42%|████████▍           |  84/200 [0:08:07<0:10:33, 0.18Hz]
[03.12 03:33:58] ┇ INFO    ┇                     gner ┇  - [05/07] (test ) crossner_science    :  42%|████████▌           |  85/200 [0:08:22<0:10:46, 0.18Hz]
[03.12 03:34:09] ┇ INFO    ┇                     gner ┇  - [05/07] (test ) crossner_science    :  43%|████████▌           |  86/200 [0:08:33<0:10:56, 0.17Hz]
[03.12 03:34:15] ┇ INFO    ┇                     gner ┇  - [05/07] (test ) crossner_science    :  44%|████████▋           |  87/200 [0:08:40<0:10:39, 0.18Hz]
[03.12 03:34:22] ┇ INFO    ┇                     gner ┇  - [05/07] (test ) crossner_science    :  44%|████████▊           |  88/200 [0:08:47<0:10:32, 0.18Hz]
[03.12 03:34:36] ┇ INFO    ┇                     gner ┇  - [05/07] (test ) crossner_science    :  46%|█████████           |  91/200 [0:09:01<0:09:58, 0.18Hz]
[03.12 03:34:42] ┇ INFO    ┇                     gner ┇  - [05/07] (test ) crossner_science    :  46%|█████████▎          |  93/200 [0:09:07<0:09:16, 0.19Hz]
[03.12 03:34:49] ┇ INFO    ┇                     gner ┇  - [05/07] (test ) crossner_science    :  48%|█████████▌          |  95/200 [0:09:14<0:09:12, 0.19Hz]
[03.12 03:34:57] ┇ INFO    ┇                     gner ┇  - [05/07] (test ) crossner_science    :  48%|█████████▌          |  96/200 [0:09:21<0:09:05, 0.19Hz]
[03.12 03:35:03] ┇ INFO    ┇                     gner ┇  - [05/07] (test ) crossner_science    :  50%|█████████▉          |  99/200 [0:09:27<0:08:38, 0.19Hz]
[03.12 03:35:15] ┇ INFO    ┇                     gner ┇  - [05/07] (test ) crossner_science    :  50%|██████████          | 100/200 [0:09:40<0:08:46, 0.19Hz]
[03.12 03:35:35] ┇ INFO    ┇                     gner ┇  - [05/07] (test ) crossner_science    :  51%|██████████▏         | 102/200 [0:10:00<0:09:00, 0.18Hz]
[03.12 03:35:41] ┇ INFO    ┇                     gner ┇  - [05/07] (test ) crossner_science    :  52%|██████████▎         | 103/200 [0:10:05<0:08:59, 0.18Hz]
[03.12 03:35:47] ┇ INFO    ┇                     gner ┇  - [05/07] (test ) crossner_science    :  52%|██████████▌         | 105/200 [0:10:12<0:08:36, 0.18Hz]
[03.12 03:36:00] ┇ INFO    ┇                     gner ┇  - [05/07] (test ) crossner_science    :  53%|██████████▌         | 106/200 [0:10:24<0:08:42, 0.18Hz]
[03.12 03:36:13] ┇ INFO    ┇                     gner ┇  - [05/07] (test ) crossner_science    :  54%|██████████▋         | 107/200 [0:10:38<0:08:56, 0.17Hz]
[03.12 03:36:19] ┇ INFO    ┇                     gner ┇  - [05/07] (test ) crossner_science    :  55%|██████████▉         | 109/200 [0:10:44<0:08:44, 0.17Hz]
[03.12 03:36:26] ┇ INFO    ┇                     gner ┇  - [05/07] (test ) crossner_science    :  55%|███████████         | 110/200 [0:10:50<0:08:39, 0.17Hz]
[03.12 03:36:40] ┇ INFO    ┇                     gner ┇  - [05/07] (test ) crossner_science    :  57%|███████████▍        | 114/200 [0:11:04<0:07:58, 0.18Hz]
[03.12 03:36:48] ┇ INFO    ┇                     gner ┇  - [05/07] (test ) crossner_science    :  57%|███████████▌        | 115/200 [0:11:13<0:07:56, 0.18Hz]
[03.12 03:36:54] ┇ INFO    ┇                     gner ┇  - [05/07] (test ) crossner_science    :  58%|███████████▌        | 116/200 [0:11:19<0:07:58, 0.18Hz]
[03.12 03:37:17] ┇ INFO    ┇                     gner ┇  - [05/07] (test ) crossner_science    :  58%|███████████▋        | 117/200 [0:11:42<0:08:16, 0.17Hz]
[03.12 03:37:24] ┇ INFO    ┇                     gner ┇  - [05/07] (test ) crossner_science    :  59%|███████████▊        | 118/200 [0:11:49<0:08:17, 0.16Hz]
[03.12 03:37:35] ┇ INFO    ┇                     gner ┇  - [05/07] (test ) crossner_science    :  60%|████████████        | 121/200 [0:12:00<0:08:08, 0.16Hz]
[03.12 03:37:46] ┇ INFO    ┇                     gner ┇  - [05/07] (test ) crossner_science    :  61%|████████████▏       | 122/200 [0:12:11<0:08:06, 0.16Hz]
[03.12 03:37:53] ┇ INFO    ┇                     gner ┇  - [05/07] (test ) crossner_science    :  62%|████████████▍       | 124/200 [0:12:18<0:07:47, 0.16Hz]
[03.12 03:38:10] ┇ INFO    ┇                     gner ┇  - [05/07] (test ) crossner_science    :  62%|████████████▌       | 125/200 [0:12:34<0:07:55, 0.16Hz]
[03.12 03:38:23] ┇ INFO    ┇                     gner ┇  - [05/07] (test ) crossner_science    :  64%|████████████▋       | 127/200 [0:12:48<0:07:54, 0.15Hz]
[03.12 03:38:35] ┇ INFO    ┇                     gner ┇  - [05/07] (test ) crossner_science    :  64%|████████████▉       | 129/200 [0:12:59<0:07:43, 0.15Hz]
[03.12 03:38:42] ┇ INFO    ┇                     gner ┇  - [05/07] (test ) crossner_science    :  66%|█████████████▏      | 132/200 [0:13:06<0:07:11, 0.16Hz]
[03.12 03:38:53] ┇ INFO    ┇                     gner ┇  - [05/07] (test ) crossner_science    :  68%|█████████████▌      | 135/200 [0:13:17<0:06:43, 0.16Hz]
[03.12 03:39:02] ┇ INFO    ┇                     gner ┇  - [05/07] (test ) crossner_science    :  69%|█████████████▊      | 138/200 [0:13:26<0:06:14, 0.17Hz]
[03.12 03:39:08] ┇ INFO    ┇                     gner ┇  - [05/07] (test ) crossner_science    :  70%|█████████████▉      | 139/200 [0:13:33<0:06:08, 0.17Hz]
[03.12 03:39:16] ┇ INFO    ┇                     gner ┇  - [05/07] (test ) crossner_science    :  70%|██████████████      | 141/200 [0:13:40<0:05:57, 0.16Hz]
[03.12 03:39:21] ┇ INFO    ┇                     gner ┇  - [05/07] (test ) crossner_science    :  72%|██████████████▎     | 143/200 [0:13:46<0:05:17, 0.18Hz]
[03.12 03:39:35] ┇ INFO    ┇                     gner ┇  - [05/07] (test ) crossner_science    :  72%|██████████████▌     | 145/200 [0:13:59<0:05:11, 0.18Hz]
[03.12 03:39:43] ┇ INFO    ┇                     gner ┇  - [05/07] (test ) crossner_science    :  74%|██████████████▊     | 148/200 [0:14:07<0:04:44, 0.18Hz]
[03.12 03:39:57] ┇ INFO    ┇                     gner ┇  - [05/07] (test ) crossner_science    :  75%|███████████████     | 150/200 [0:14:21<0:04:31, 0.18Hz]
[03.12 03:40:10] ┇ INFO    ┇                     gner ┇  - [05/07] (test ) crossner_science    :  76%|███████████████     | 151/200 [0:14:34<0:04:30, 0.18Hz]
[03.12 03:40:15] ┇ INFO    ┇                     gner ┇  - [05/07] (test ) crossner_science    :  76%|███████████████▏    | 152/200 [0:14:40<0:04:26, 0.18Hz]
[03.12 03:40:22] ┇ INFO    ┇                     gner ┇  - [05/07] (test ) crossner_science    :  76%|███████████████▎    | 153/200 [0:14:46<0:04:25, 0.18Hz]
[03.12 03:40:29] ┇ INFO    ┇                     gner ┇  - [05/07] (test ) crossner_science    :  78%|███████████████▌    | 155/200 [0:14:53<0:04:10, 0.18Hz]
[03.12 03:40:38] ┇ INFO    ┇                     gner ┇  - [05/07] (test ) crossner_science    :  79%|███████████████▊    | 158/200 [0:15:03<0:03:52, 0.18Hz]
[03.12 03:40:54] ┇ INFO    ┇                     gner ┇  - [05/07] (test ) crossner_science    :  80%|███████████████▉    | 159/200 [0:15:19<0:03:52, 0.18Hz]
[03.12 03:41:10] ┇ INFO    ┇                     gner ┇  - [05/07] (test ) crossner_science    :  80%|████████████████    | 160/200 [0:15:34<0:03:56, 0.17Hz]
[03.12 03:41:22] ┇ INFO    ┇                     gner ┇  - [05/07] (test ) crossner_science    :  81%|████████████████▏   | 162/200 [0:15:47<0:03:48, 0.17Hz]
[03.12 03:41:28] ┇ INFO    ┇                     gner ┇  - [05/07] (test ) crossner_science    :  82%|████████████████▌   | 165/200 [0:15:52<0:03:16, 0.18Hz]
[03.12 03:41:35] ┇ INFO    ┇                     gner ┇  - [05/07] (test ) crossner_science    :  84%|████████████████▋   | 167/200 [0:15:59<0:03:03, 0.18Hz]
[03.12 03:41:50] ┇ INFO    ┇                     gner ┇  - [05/07] (test ) crossner_science    :  84%|████████████████▊   | 168/200 [0:16:14<0:03:04, 0.17Hz]
[03.12 03:42:03] ┇ INFO    ┇                     gner ┇  - [05/07] (test ) crossner_science    :  84%|████████████████▉   | 169/200 [0:16:28<0:02:58, 0.17Hz]
[03.12 03:42:08] ┇ INFO    ┇                     gner ┇  - [05/07] (test ) crossner_science    :  85%|█████████████████   | 170/200 [0:16:33<0:02:48, 0.18Hz]
[03.12 03:42:13] ┇ INFO    ┇                     gner ┇  - [05/07] (test ) crossner_science    :  86%|█████████████████   | 171/200 [0:16:38<0:02:43, 0.18Hz]
[03.12 03:42:20] ┇ INFO    ┇                     gner ┇  - [05/07] (test ) crossner_science    :  86%|█████████████████▎  | 173/200 [0:16:45<0:02:31, 0.18Hz]
[03.12 03:42:30] ┇ INFO    ┇                     gner ┇  - [05/07] (test ) crossner_science    :  87%|█████████████████▍  | 174/200 [0:16:55<0:02:30, 0.17Hz]
[03.12 03:42:39] ┇ INFO    ┇                     gner ┇  - [05/07] (test ) crossner_science    :  88%|█████████████████▌  | 175/200 [0:17:04<0:02:26, 0.17Hz]
[03.12 03:42:46] ┇ INFO    ┇                     gner ┇  - [05/07] (test ) crossner_science    :  88%|█████████████████▋  | 177/200 [0:17:10<0:02:13, 0.17Hz]
[03.12 03:42:53] ┇ INFO    ┇                     gner ┇  - [05/07] (test ) crossner_science    :  90%|██████████████████  | 181/200 [0:17:17<0:01:39, 0.19Hz]
[03.12 03:43:02] ┇ INFO    ┇                     gner ┇  - [05/07] (test ) crossner_science    :  92%|██████████████████▎ | 183/200 [0:17:27<0:01:29, 0.19Hz]
[03.12 03:43:27] ┇ INFO    ┇                     gner ┇  - [05/07] (test ) crossner_science    :  92%|██████████████████▌ | 185/200 [0:17:52<0:01:21, 0.18Hz]
[03.12 03:43:32] ┇ INFO    ┇                     gner ┇  - [05/07] (test ) crossner_science    :  94%|██████████████████▊ | 188/200 [0:17:57<0:01:01, 0.20Hz]
[03.12 03:44:19] ┇ INFO    ┇                     gner ┇  - [05/07] (test ) crossner_science    :  95%|███████████████████ | 190/200 [0:18:44<0:00:56, 0.18Hz]
[03.12 03:44:29] ┇ INFO    ┇                     gner ┇  - [05/07] (test ) crossner_science    :  96%|███████████████████ | 191/200 [0:18:53<0:00:51, 0.17Hz]
[03.12 03:44:37] ┇ INFO    ┇                     gner ┇  - [05/07] (test ) crossner_science    :  96%|███████████████████▎| 193/200 [0:19:02<0:00:40, 0.17Hz]
[03.12 03:44:42] ┇ INFO    ┇                     gner ┇  - [05/07] (test ) crossner_science    :  97%|███████████████████▍| 194/200 [0:19:07<0:00:34, 0.17Hz]
[03.12 03:44:51] ┇ INFO    ┇                     gner ┇  - [05/07] (test ) crossner_science    :  98%|███████████████████▌| 195/200 [0:19:15<0:00:29, 0.17Hz]
[03.12 03:44:57] ┇ INFO    ┇                     gner ┇  - [05/07] (test ) crossner_science    :  98%|███████████████████▌| 196/200 [0:19:22<0:00:23, 0.17Hz]
[03.12 03:45:04] ┇ INFO    ┇                     gner ┇  - [05/07] (test ) crossner_science    :  98%|███████████████████▋| 197/200 [0:19:29<0:00:18, 0.17Hz]
[03.12 03:45:14] ┇ INFO    ┇                     gner ┇  - [05/07] (test ) crossner_science    :  99%|███████████████████▊| 198/200 [0:19:38<0:00:12, 0.17Hz]
[03.12 03:45:25] ┇ INFO    ┇                     gner ┇  - [05/07] (test ) crossner_science    : 100%|████████████████████| 200/200 [0:19:49<0:00:00, 0.16Hz]
[03.12 03:45:25] ┇ INFO    ┇                     gner ┇  - [06/07] (test ) mit-movie           :   0%|                    |   1/200 [0:00:00<0:00:54, 3.63Hz]
[03.12 03:45:30] ┇ INFO    ┇                     gner ┇  - [06/07] (test ) mit-movie           :  13%|██▌                 |  26/200 [0:00:05<0:00:37, 4.70Hz]
[03.12 03:45:36] ┇ INFO    ┇                     gner ┇  - [06/07] (test ) mit-movie           :  24%|████▊               |  48/200 [0:00:10<0:00:34, 4.47Hz]
[03.12 03:45:41] ┇ INFO    ┇                     gner ┇  - [06/07] (test ) mit-movie           :  37%|███████▍            |  74/200 [0:00:15<0:00:26, 4.84Hz]
[03.12 03:45:46] ┇ INFO    ┇                     gner ┇  - [06/07] (test ) mit-movie           :  44%|████████▋           |  87/200 [0:00:21<0:00:29, 3.89Hz]
[03.12 03:45:51] ┇ INFO    ┇                     gner ┇  - [06/07] (test ) mit-movie           :  52%|██████████▎         | 103/200 [0:00:26<0:00:27, 3.52Hz]
[03.12 03:45:57] ┇ INFO    ┇                     gner ┇  - [06/07] (test ) mit-movie           :  56%|███████████▏        | 112/200 [0:00:31<0:00:29, 3.00Hz]
[03.12 03:46:02] ┇ INFO    ┇                     gner ┇  - [06/07] (test ) mit-movie           :  63%|████████████▌       | 126/200 [0:00:36<0:00:27, 2.73Hz]
[03.12 03:46:07] ┇ INFO    ┇                     gner ┇  - [06/07] (test ) mit-movie           :  69%|█████████████▊      | 138/200 [0:00:41<0:00:25, 2.45Hz]
[03.12 03:46:12] ┇ INFO    ┇                     gner ┇  - [06/07] (test ) mit-movie           :  76%|███████████████▏    | 152/200 [0:00:46<0:00:19, 2.49Hz]
[03.12 03:46:17] ┇ INFO    ┇                     gner ┇  - [06/07] (test ) mit-movie           :  82%|████████████████▌   | 165/200 [0:00:52<0:00:14, 2.40Hz]
[03.12 03:46:22] ┇ INFO    ┇                     gner ┇  - [06/07] (test ) mit-movie           :  90%|██████████████████  | 181/200 [0:00:57<0:00:06, 2.77Hz]
[03.12 03:46:27] ┇ INFO    ┇                     gner ┇  - [06/07] (test ) mit-movie           :  94%|██████████████████▉ | 189/200 [0:01:02<0:00:04, 2.47Hz]
[03.12 03:46:30] ┇ INFO    ┇                     gner ┇  - [06/07] (test ) mit-movie           : 100%|████████████████████| 200/200 [0:01:04<0:00:00, 2.68Hz]
[03.12 03:46:30] ┇ INFO    ┇                     gner ┇  - [07/07] (test ) mit-restaurant      :   0%|                    |   1/200 [0:00:00<0:00:29, 6.69Hz]
[03.12 03:46:35] ┇ INFO    ┇                     gner ┇  - [07/07] (test ) mit-restaurant      :  12%|██▎                 |  23/200 [0:00:05<0:00:40, 4.34Hz]
[03.12 03:46:41] ┇ INFO    ┇                     gner ┇  - [07/07] (test ) mit-restaurant      :  20%|███▉                |  39/200 [0:00:10<0:00:44, 3.62Hz]
[03.12 03:46:46] ┇ INFO    ┇                     gner ┇  - [07/07] (test ) mit-restaurant      :  27%|█████▍              |  54/200 [0:00:15<0:00:43, 3.38Hz]
[03.12 03:46:51] ┇ INFO    ┇                     gner ┇  - [07/07] (test ) mit-restaurant      :  37%|███████▍            |  74/200 [0:00:21<0:00:36, 3.43Hz]
[03.12 03:46:56] ┇ INFO    ┇                     gner ┇  - [07/07] (test ) mit-restaurant      :  45%|█████████           |  90/200 [0:00:26<0:00:33, 3.27Hz]
[03.12 03:47:01] ┇ INFO    ┇                     gner ┇  - [07/07] (test ) mit-restaurant      :  53%|██████████▌         | 106/200 [0:00:31<0:00:29, 3.24Hz]
[03.12 03:47:07] ┇ INFO    ┇                     gner ┇  - [07/07] (test ) mit-restaurant      :  58%|███████████▌        | 116/200 [0:00:37<0:00:28, 2.95Hz]
[03.12 03:47:12] ┇ INFO    ┇                     gner ┇  - [07/07] (test ) mit-restaurant      :  66%|█████████████       | 131/200 [0:00:42<0:00:24, 2.84Hz]
[03.12 03:47:17] ┇ INFO    ┇                     gner ┇  - [07/07] (test ) mit-restaurant      :  76%|███████████████▎    | 153/200 [0:00:47<0:00:15, 3.02Hz]
[03.12 03:47:22] ┇ INFO    ┇                     gner ┇  - [07/07] (test ) mit-restaurant      :  87%|█████████████████▍  | 174/200 [0:00:52<0:00:07, 3.40Hz]
[03.12 03:47:28] ┇ INFO    ┇                     gner ┇  - [07/07] (test ) mit-restaurant      : 100%|███████████████████▉| 199/200 [0:00:57<0:00:00, 4.28Hz]
[03.12 03:47:28] ┇ INFO    ┇                     gner ┇  - [07/07] (test ) mit-restaurant      : 100%|████████████████████| 200/200 [0:00:58<0:00:00, 4.21Hz]
[03.12 03:47:29] ┇ INFO    ┇                     gner ┇ QE data[test] saved to data/GNER-QE/ZSE-test-pred-by_beam-num=40-test.json
[03.12 03:47:29] ┇ INFO    ┇           chrisbase.data ┇ =========================================================================================================================================
[03.12 03:47:29] ┇ INFO    ┇           chrisbase.data ┇ [EXIT] python /raid/chrisjihee/proj/GNER/generate.py convert_to_qe_data --test_count 200 --num_candidates 40 ($=01:37:39.915)
[03.12 03:47:29] ┇ INFO    ┇           chrisbase.data ┇ =========================================================================================================================================
