[03.12 02:08:56] ┇ INFO    ┇           chrisbase.data ┇ =========================================================================================================================================
[03.12 02:08:56] ┇ INFO    ┇           chrisbase.data ┇ [INIT] python /raid/chrisjihee/proj/GNER/generate.py convert_to_qe_data --test_count 200 --num_candidates 10
[03.12 02:08:56] ┇ INFO    ┇           chrisbase.data ┇ =========================================================================================================================================
[03.12 02:08:59] ┇ INFO    ┇                     gner ┇ Converting the generated predictions into QE data for 7 dataset (6470 samples = 0 + 1400)
[03.12 02:08:59] ┇ INFO    ┇                     gner ┇  - [01/07] (test ) crossner_ai         :   0%|                    |   1/200 [0:00:00<0:01:01, 3.24Hz]
[03.12 02:09:04] ┇ INFO    ┇                     gner ┇  - [01/07] (test ) crossner_ai         :   4%|▊                   |   8/200 [0:00:05<0:02:10, 1.47Hz]
[03.12 02:09:10] ┇ INFO    ┇                     gner ┇  - [01/07] (test ) crossner_ai         :   8%|█▌                  |  16/200 [0:00:11<0:02:13, 1.38Hz]
[03.12 02:09:16] ┇ INFO    ┇                     gner ┇  - [01/07] (test ) crossner_ai         :  12%|██▍                 |  24/200 [0:00:16<0:02:03, 1.43Hz]
[03.12 02:09:21] ┇ INFO    ┇                     gner ┇  - [01/07] (test ) crossner_ai         :  17%|███▍                |  34/200 [0:00:22<0:01:47, 1.54Hz]
[03.12 02:09:26] ┇ INFO    ┇                     gner ┇  - [01/07] (test ) crossner_ai         :  23%|████▌               |  46/200 [0:00:27<0:01:32, 1.67Hz]
[03.12 02:09:32] ┇ INFO    ┇                     gner ┇  - [01/07] (test ) crossner_ai         :  26%|█████               |  51/200 [0:00:33<0:01:36, 1.54Hz]
[03.12 02:09:37] ┇ INFO    ┇                     gner ┇  - [01/07] (test ) crossner_ai         :  30%|██████              |  61/200 [0:00:38<0:01:28, 1.58Hz]
[03.12 02:09:42] ┇ INFO    ┇                     gner ┇  - [01/07] (test ) crossner_ai         :  34%|██████▉             |  69/200 [0:00:43<0:01:21, 1.61Hz]
[03.12 02:09:48] ┇ INFO    ┇                     gner ┇  - [01/07] (test ) crossner_ai         :  36%|███████▏            |  72/200 [0:00:49<0:01:27, 1.46Hz]
[03.12 02:09:54] ┇ INFO    ┇                     gner ┇  - [01/07] (test ) crossner_ai         :  39%|███████▊            |  78/200 [0:00:55<0:01:31, 1.33Hz]
[03.12 02:10:01] ┇ INFO    ┇                     gner ┇  - [01/07] (test ) crossner_ai         :  44%|████████▉           |  89/200 [0:01:02<0:01:18, 1.41Hz]
[03.12 02:10:06] ┇ INFO    ┇                     gner ┇  - [01/07] (test ) crossner_ai         :  46%|█████████▎          |  93/200 [0:01:07<0:01:22, 1.30Hz]
[03.12 02:10:13] ┇ INFO    ┇                     gner ┇  - [01/07] (test ) crossner_ai         :  48%|█████████▋          |  97/200 [0:01:13<0:01:24, 1.22Hz]
[03.12 02:10:18] ┇ INFO    ┇                     gner ┇  - [01/07] (test ) crossner_ai         :  52%|██████████▍         | 104/200 [0:01:19<0:01:24, 1.13Hz]
[03.12 02:10:24] ┇ INFO    ┇                     gner ┇  - [01/07] (test ) crossner_ai         :  56%|███████████▏        | 112/200 [0:01:24<0:01:19, 1.11Hz]
[03.12 02:10:29] ┇ INFO    ┇                     gner ┇  - [01/07] (test ) crossner_ai         :  60%|███████████▉        | 119/200 [0:01:30<0:01:10, 1.15Hz]
[03.12 02:10:34] ┇ INFO    ┇                     gner ┇  - [01/07] (test ) crossner_ai         :  66%|█████████████       | 131/200 [0:01:35<0:00:56, 1.21Hz]
[03.12 02:10:40] ┇ INFO    ┇                     gner ┇  - [01/07] (test ) crossner_ai         :  70%|█████████████▉      | 139/200 [0:01:40<0:00:48, 1.26Hz]
[03.12 02:10:45] ┇ INFO    ┇                     gner ┇  - [01/07] (test ) crossner_ai         :  72%|██████████████▌     | 145/200 [0:01:46<0:00:42, 1.28Hz]
[03.12 02:10:50] ┇ INFO    ┇                     gner ┇  - [01/07] (test ) crossner_ai         :  76%|███████████████     | 151/200 [0:01:51<0:00:39, 1.24Hz]
[03.12 02:10:56] ┇ INFO    ┇                     gner ┇  - [01/07] (test ) crossner_ai         :  80%|████████████████    | 161/200 [0:01:56<0:00:26, 1.48Hz]
[03.12 02:11:02] ┇ INFO    ┇                     gner ┇  - [01/07] (test ) crossner_ai         :  84%|████████████████▊   | 168/200 [0:02:03<0:00:21, 1.46Hz]
[03.12 02:11:07] ┇ INFO    ┇                     gner ┇  - [01/07] (test ) crossner_ai         :  86%|█████████████████▎  | 173/200 [0:02:08<0:00:19, 1.41Hz]
[03.12 02:11:12] ┇ INFO    ┇                     gner ┇  - [01/07] (test ) crossner_ai         :  90%|█████████████████▉  | 179/200 [0:02:13<0:00:15, 1.35Hz]
[03.12 02:11:23] ┇ INFO    ┇                     gner ┇  - [01/07] (test ) crossner_ai         :  93%|██████████████████▌ | 186/200 [0:02:23<0:00:11, 1.22Hz]
[03.12 02:11:28] ┇ INFO    ┇                     gner ┇  - [01/07] (test ) crossner_ai         :  96%|███████████████████▎| 193/200 [0:02:29<0:00:06, 1.16Hz]
[03.12 02:11:33] ┇ INFO    ┇                     gner ┇  - [01/07] (test ) crossner_ai         : 100%|████████████████████| 200/200 [0:02:34<0:00:00, 1.15Hz]
[03.12 02:11:34] ┇ INFO    ┇                     gner ┇  - [02/07] (test ) crossner_literature :   0%|                    |   1/200 [0:00:01<0:03:36, 0.92Hz]
[03.12 02:11:42] ┇ INFO    ┇                     gner ┇  - [02/07] (test ) crossner_literature :   3%|▌                   |   6/200 [0:00:08<0:04:26, 0.73Hz]
[03.12 02:11:47] ┇ INFO    ┇                     gner ┇  - [02/07] (test ) crossner_literature :   5%|█                   |  10/200 [0:00:13<0:04:25, 0.72Hz]
[03.12 02:11:54] ┇ INFO    ┇                     gner ┇  - [02/07] (test ) crossner_literature :   8%|█▌                  |  16/200 [0:00:20<0:03:54, 0.78Hz]
[03.12 02:11:59] ┇ INFO    ┇                     gner ┇  - [02/07] (test ) crossner_literature :  10%|██                  |  21/200 [0:00:25<0:03:41, 0.81Hz]
[03.12 02:12:04] ┇ INFO    ┇                     gner ┇  - [02/07] (test ) crossner_literature :  12%|██▎                 |  23/200 [0:00:31<0:03:58, 0.74Hz]
[03.12 02:12:10] ┇ INFO    ┇                     gner ┇  - [02/07] (test ) crossner_literature :  15%|███                 |  30/200 [0:00:36<0:03:28, 0.82Hz]
[03.12 02:12:16] ┇ INFO    ┇                     gner ┇  - [02/07] (test ) crossner_literature :  18%|███▌                |  35/200 [0:00:42<0:03:19, 0.83Hz]
[03.12 02:12:21] ┇ INFO    ┇                     gner ┇  - [02/07] (test ) crossner_literature :  20%|███▉                |  39/200 [0:00:47<0:03:17, 0.82Hz]
[03.12 02:12:26] ┇ INFO    ┇                     gner ┇  - [02/07] (test ) crossner_literature :  22%|████▍               |  44/200 [0:00:52<0:03:07, 0.83Hz]
[03.12 02:12:31] ┇ INFO    ┇                     gner ┇  - [02/07] (test ) crossner_literature :  23%|████▌               |  46/200 [0:00:58<0:03:14, 0.79Hz]
[03.12 02:12:37] ┇ INFO    ┇                     gner ┇  - [02/07] (test ) crossner_literature :  26%|█████▏              |  52/200 [0:01:03<0:03:00, 0.82Hz]
[03.12 02:12:43] ┇ INFO    ┇                     gner ┇  - [02/07] (test ) crossner_literature :  28%|█████▌              |  55/200 [0:01:09<0:03:02, 0.80Hz]
[03.12 02:12:48] ┇ INFO    ┇                     gner ┇  - [02/07] (test ) crossner_literature :  29%|█████▊              |  58/200 [0:01:14<0:03:01, 0.78Hz]
[03.12 02:12:54] ┇ INFO    ┇                     gner ┇  - [02/07] (test ) crossner_literature :  31%|██████▏             |  62/200 [0:01:20<0:02:58, 0.77Hz]
[03.12 02:12:59] ┇ INFO    ┇                     gner ┇  - [02/07] (test ) crossner_literature :  36%|███████             |  71/200 [0:01:25<0:02:31, 0.85Hz]
[03.12 02:13:05] ┇ INFO    ┇                     gner ┇  - [02/07] (test ) crossner_literature :  38%|███████▋            |  77/200 [0:01:31<0:02:27, 0.83Hz]
[03.12 02:13:11] ┇ INFO    ┇                     gner ┇  - [02/07] (test ) crossner_literature :  42%|████████▎           |  83/200 [0:01:37<0:02:14, 0.87Hz]
[03.12 02:13:16] ┇ INFO    ┇                     gner ┇  - [02/07] (test ) crossner_literature :  44%|████████▉           |  89/200 [0:01:42<0:02:01, 0.91Hz]
[03.12 02:13:22] ┇ INFO    ┇                     gner ┇  - [02/07] (test ) crossner_literature :  46%|█████████▏          |  92/200 [0:01:48<0:02:04, 0.87Hz]
[03.12 02:13:28] ┇ INFO    ┇                     gner ┇  - [02/07] (test ) crossner_literature :  48%|█████████▋          |  97/200 [0:01:54<0:02:00, 0.85Hz]
[03.12 02:13:33] ┇ INFO    ┇                     gner ┇  - [02/07] (test ) crossner_literature :  50%|██████████          | 101/200 [0:01:59<0:01:54, 0.87Hz]
[03.12 02:13:40] ┇ INFO    ┇                     gner ┇  - [02/07] (test ) crossner_literature :  53%|██████████▌         | 106/200 [0:02:06<0:01:54, 0.82Hz]
[03.12 02:13:47] ┇ INFO    ┇                     gner ┇  - [02/07] (test ) crossner_literature :  54%|██████████▊         | 108/200 [0:02:13<0:01:50, 0.83Hz]
[03.12 02:13:52] ┇ INFO    ┇                     gner ┇  - [02/07] (test ) crossner_literature :  56%|███████████         | 111/200 [0:02:18<0:01:51, 0.80Hz]
[03.12 02:13:59] ┇ INFO    ┇                     gner ┇  - [02/07] (test ) crossner_literature :  59%|███████████▊        | 118/200 [0:02:25<0:01:38, 0.83Hz]
[03.12 02:14:04] ┇ INFO    ┇                     gner ┇  - [02/07] (test ) crossner_literature :  62%|████████████▍       | 124/200 [0:02:30<0:01:27, 0.87Hz]
[03.12 02:14:12] ┇ INFO    ┇                     gner ┇  - [02/07] (test ) crossner_literature :  67%|█████████████▍      | 134/200 [0:02:38<0:01:16, 0.87Hz]
[03.12 02:14:17] ┇ INFO    ┇                     gner ┇  - [02/07] (test ) crossner_literature :  68%|█████████████▌      | 136/200 [0:02:43<0:01:16, 0.84Hz]
[03.12 02:14:22] ┇ INFO    ┇                     gner ┇  - [02/07] (test ) crossner_literature :  70%|█████████████▉      | 139/200 [0:02:48<0:01:15, 0.81Hz]
[03.12 02:14:28] ┇ INFO    ┇                     gner ┇  - [02/07] (test ) crossner_literature :  73%|██████████████▌     | 146/200 [0:02:54<0:01:06, 0.82Hz]
[03.12 02:14:35] ┇ INFO    ┇                     gner ┇  - [02/07] (test ) crossner_literature :  75%|███████████████     | 150/200 [0:03:01<0:01:03, 0.79Hz]
[03.12 02:14:40] ┇ INFO    ┇                     gner ┇  - [02/07] (test ) crossner_literature :  78%|███████████████▌    | 155/200 [0:03:06<0:00:56, 0.80Hz]
[03.12 02:14:46] ┇ INFO    ┇                     gner ┇  - [02/07] (test ) crossner_literature :  80%|████████████████    | 160/200 [0:03:12<0:00:49, 0.81Hz]
[03.12 02:14:51] ┇ INFO    ┇                     gner ┇  - [02/07] (test ) crossner_literature :  82%|████████████████▌   | 165/200 [0:03:17<0:00:42, 0.81Hz]
[03.12 02:14:57] ┇ INFO    ┇                     gner ┇  - [02/07] (test ) crossner_literature :  84%|████████████████▋   | 167/200 [0:03:23<0:00:42, 0.77Hz]
[03.12 02:15:02] ┇ INFO    ┇                     gner ┇  - [02/07] (test ) crossner_literature :  86%|█████████████████▎  | 173/200 [0:03:28<0:00:30, 0.88Hz]
[03.12 02:15:07] ┇ INFO    ┇                     gner ┇  - [02/07] (test ) crossner_literature :  88%|█████████████████▌  | 175/200 [0:03:33<0:00:29, 0.84Hz]
[03.12 02:15:14] ┇ INFO    ┇                     gner ┇  - [02/07] (test ) crossner_literature :  88%|█████████████████▋  | 177/200 [0:03:41<0:00:29, 0.78Hz]
[03.12 02:15:20] ┇ INFO    ┇                     gner ┇  - [02/07] (test ) crossner_literature :  90%|██████████████████  | 181/200 [0:03:47<0:00:24, 0.77Hz]
[03.12 02:15:26] ┇ INFO    ┇                     gner ┇  - [02/07] (test ) crossner_literature :  93%|██████████████████▌ | 186/200 [0:03:52<0:00:18, 0.77Hz]
[03.12 02:15:32] ┇ INFO    ┇                     gner ┇  - [02/07] (test ) crossner_literature :  96%|███████████████████▏| 192/200 [0:03:59<0:00:10, 0.74Hz]
[03.12 02:15:39] ┇ INFO    ┇                     gner ┇  - [02/07] (test ) crossner_literature :  99%|███████████████████▊| 198/200 [0:04:05<0:00:02, 0.75Hz]
[03.12 02:15:46] ┇ INFO    ┇                     gner ┇  - [02/07] (test ) crossner_literature : 100%|████████████████████| 200/200 [0:04:12<0:00:00, 0.72Hz]
[03.12 02:15:49] ┇ INFO    ┇                     gner ┇  - [03/07] (test ) crossner_music      :   0%|                    |   1/200 [0:00:02<0:07:58, 0.42Hz]
[03.12 02:15:57] ┇ INFO    ┇                     gner ┇  - [03/07] (test ) crossner_music      :   2%|▍                   |   4/200 [0:00:10<0:08:29, 0.38Hz]
[03.12 02:16:02] ┇ INFO    ┇                     gner ┇  - [03/07] (test ) crossner_music      :   4%|▊                   |   8/200 [0:00:15<0:06:15, 0.51Hz]
[03.12 02:16:08] ┇ INFO    ┇                     gner ┇  - [03/07] (test ) crossner_music      :   4%|▉                   |   9/200 [0:00:21<0:07:42, 0.41Hz]
[03.12 02:16:16] ┇ INFO    ┇                     gner ┇  - [03/07] (test ) crossner_music      :   6%|█                   |  11/200 [0:00:29<0:08:30, 0.37Hz]
[03.12 02:16:21] ┇ INFO    ┇                     gner ┇  - [03/07] (test ) crossner_music      :   7%|█▍                  |  14/200 [0:00:34<0:07:44, 0.40Hz]
[03.12 02:16:26] ┇ INFO    ┇                     gner ┇  - [03/07] (test ) crossner_music      :  10%|█▉                  |  19/200 [0:00:40<0:06:21, 0.47Hz]
[03.12 02:16:33] ┇ INFO    ┇                     gner ┇  - [03/07] (test ) crossner_music      :  12%|██▎                 |  23/200 [0:00:46<0:06:00, 0.49Hz]
[03.12 02:16:38] ┇ INFO    ┇                     gner ┇  - [03/07] (test ) crossner_music      :  13%|██▌                 |  26/200 [0:00:52<0:05:49, 0.50Hz]
[03.12 02:16:44] ┇ INFO    ┇                     gner ┇  - [03/07] (test ) crossner_music      :  16%|███                 |  31/200 [0:00:57<0:05:12, 0.54Hz]
[03.12 02:16:49] ┇ INFO    ┇                     gner ┇  - [03/07] (test ) crossner_music      :  16%|███▎                |  33/200 [0:01:02<0:05:17, 0.53Hz]
[03.12 02:16:55] ┇ INFO    ┇                     gner ┇  - [03/07] (test ) crossner_music      :  18%|███▌                |  36/200 [0:01:08<0:05:12, 0.52Hz]
[03.12 02:17:00] ┇ INFO    ┇                     gner ┇  - [03/07] (test ) crossner_music      :  20%|████                |  40/200 [0:01:14<0:04:56, 0.54Hz]
[03.12 02:17:06] ┇ INFO    ┇                     gner ┇  - [03/07] (test ) crossner_music      :  22%|████▌               |  45/200 [0:01:19<0:04:35, 0.56Hz]
[03.12 02:17:12] ┇ INFO    ┇                     gner ┇  - [03/07] (test ) crossner_music      :  24%|████▋               |  47/200 [0:01:26<0:04:40, 0.55Hz]
[03.12 02:17:17] ┇ INFO    ┇                     gner ┇  - [03/07] (test ) crossner_music      :  26%|█████               |  51/200 [0:01:31<0:04:26, 0.56Hz]
[03.12 02:17:25] ┇ INFO    ┇                     gner ┇  - [03/07] (test ) crossner_music      :  28%|█████▌              |  56/200 [0:01:38<0:04:13, 0.57Hz]
[03.12 02:17:30] ┇ INFO    ┇                     gner ┇  - [03/07] (test ) crossner_music      :  30%|██████              |  60/200 [0:01:44<0:04:03, 0.58Hz]
[03.12 02:17:36] ┇ INFO    ┇                     gner ┇  - [03/07] (test ) crossner_music      :  32%|██████▎             |  63/200 [0:01:49<0:03:58, 0.58Hz]
[03.12 02:17:45] ┇ INFO    ┇                     gner ┇  - [03/07] (test ) crossner_music      :  33%|██████▌             |  66/200 [0:01:58<0:03:59, 0.56Hz]
[03.12 02:17:55] ┇ INFO    ┇                     gner ┇  - [03/07] (test ) crossner_music      :  35%|███████             |  70/200 [0:02:08<0:03:56, 0.55Hz]
[03.12 02:18:01] ┇ INFO    ┇                     gner ┇  - [03/07] (test ) crossner_music      :  36%|███████▎            |  73/200 [0:02:14<0:03:43, 0.57Hz]
[03.12 02:18:07] ┇ INFO    ┇                     gner ┇  - [03/07] (test ) crossner_music      :  38%|███████▋            |  77/200 [0:02:20<0:03:26, 0.60Hz]
[03.12 02:18:13] ┇ INFO    ┇                     gner ┇  - [03/07] (test ) crossner_music      :  41%|████████▏           |  82/200 [0:02:26<0:03:19, 0.59Hz]
[03.12 02:18:19] ┇ INFO    ┇                     gner ┇  - [03/07] (test ) crossner_music      :  43%|████████▌           |  86/200 [0:02:33<0:03:12, 0.59Hz]
[03.12 02:18:25] ┇ INFO    ┇                     gner ┇  - [03/07] (test ) crossner_music      :  44%|████████▉           |  89/200 [0:02:38<0:03:07, 0.59Hz]
[03.12 02:18:30] ┇ INFO    ┇                     gner ┇  - [03/07] (test ) crossner_music      :  46%|█████████▎          |  93/200 [0:02:43<0:03:01, 0.59Hz]
[03.12 02:18:39] ┇ INFO    ┇                     gner ┇  - [03/07] (test ) crossner_music      :  48%|█████████▌          |  96/200 [0:02:52<0:03:00, 0.58Hz]
[03.12 02:18:45] ┇ INFO    ┇                     gner ┇  - [03/07] (test ) crossner_music      :  50%|██████████          | 100/200 [0:02:59<0:02:52, 0.58Hz]
[03.12 02:18:51] ┇ INFO    ┇                     gner ┇  - [03/07] (test ) crossner_music      :  50%|██████████          | 101/200 [0:03:04<0:02:57, 0.56Hz]
[03.12 02:18:56] ┇ INFO    ┇                     gner ┇  - [03/07] (test ) crossner_music      :  52%|██████████▎         | 103/200 [0:03:09<0:02:57, 0.55Hz]
[03.12 02:19:03] ┇ INFO    ┇                     gner ┇  - [03/07] (test ) crossner_music      :  54%|██████████▊         | 108/200 [0:03:16<0:02:50, 0.54Hz]
[03.12 02:19:11] ┇ INFO    ┇                     gner ┇  - [03/07] (test ) crossner_music      :  55%|███████████         | 110/200 [0:03:24<0:02:49, 0.53Hz]
[03.12 02:19:17] ┇ INFO    ┇                     gner ┇  - [03/07] (test ) crossner_music      :  58%|███████████▌        | 116/200 [0:03:30<0:02:37, 0.53Hz]
[03.12 02:19:22] ┇ INFO    ┇                     gner ┇  - [03/07] (test ) crossner_music      :  60%|████████████        | 120/200 [0:03:36<0:02:27, 0.54Hz]
[03.12 02:19:28] ┇ INFO    ┇                     gner ┇  - [03/07] (test ) crossner_music      :  61%|████████████▏       | 122/200 [0:03:41<0:02:27, 0.53Hz]
[03.12 02:19:33] ┇ INFO    ┇                     gner ┇  - [03/07] (test ) crossner_music      :  65%|█████████████       | 130/200 [0:03:47<0:01:59, 0.58Hz]
[03.12 02:19:40] ┇ INFO    ┇                     gner ┇  - [03/07] (test ) crossner_music      :  66%|█████████████▏      | 132/200 [0:03:53<0:01:59, 0.57Hz]
[03.12 02:19:47] ┇ INFO    ┇                     gner ┇  - [03/07] (test ) crossner_music      :  68%|█████████████▌      | 135/200 [0:04:00<0:01:50, 0.59Hz]
[03.12 02:19:54] ┇ INFO    ┇                     gner ┇  - [03/07] (test ) crossner_music      :  69%|█████████████▊      | 138/200 [0:04:07<0:01:49, 0.57Hz]
[03.12 02:19:59] ┇ INFO    ┇                     gner ┇  - [03/07] (test ) crossner_music      :  70%|██████████████      | 141/200 [0:04:13<0:01:43, 0.57Hz]
[03.12 02:20:04] ┇ INFO    ┇                     gner ┇  - [03/07] (test ) crossner_music      :  72%|██████████████▍     | 144/200 [0:04:18<0:01:40, 0.56Hz]
[03.12 02:20:10] ┇ INFO    ┇                     gner ┇  - [03/07] (test ) crossner_music      :  74%|██████████████▊     | 148/200 [0:04:24<0:01:33, 0.56Hz]
[03.12 02:20:17] ┇ INFO    ┇                     gner ┇  - [03/07] (test ) crossner_music      :  76%|███████████████▏    | 152/200 [0:04:30<0:01:25, 0.56Hz]
[03.12 02:20:22] ┇ INFO    ┇                     gner ┇  - [03/07] (test ) crossner_music      :  78%|███████████████▌    | 156/200 [0:04:36<0:01:18, 0.56Hz]
[03.12 02:20:29] ┇ INFO    ┇                     gner ┇  - [03/07] (test ) crossner_music      :  80%|███████████████▉    | 159/200 [0:04:42<0:01:11, 0.57Hz]
[03.12 02:20:35] ┇ INFO    ┇                     gner ┇  - [03/07] (test ) crossner_music      :  82%|████████████████▍   | 164/200 [0:04:48<0:00:59, 0.61Hz]
[03.12 02:20:40] ┇ INFO    ┇                     gner ┇  - [03/07] (test ) crossner_music      :  84%|████████████████▊   | 168/200 [0:04:53<0:00:51, 0.62Hz]
[03.12 02:20:47] ┇ INFO    ┇                     gner ┇  - [03/07] (test ) crossner_music      :  86%|█████████████████   | 171/200 [0:05:01<0:00:48, 0.60Hz]
[03.12 02:20:54] ┇ INFO    ┇                     gner ┇  - [03/07] (test ) crossner_music      :  87%|█████████████████▍  | 174/200 [0:05:07<0:00:42, 0.61Hz]
[03.12 02:20:59] ┇ INFO    ┇                     gner ┇  - [03/07] (test ) crossner_music      :  88%|█████████████████▋  | 177/200 [0:05:12<0:00:38, 0.60Hz]
[03.12 02:21:04] ┇ INFO    ┇                     gner ┇  - [03/07] (test ) crossner_music      :  92%|██████████████████▍ | 184/200 [0:05:18<0:00:25, 0.62Hz]
[03.12 02:21:10] ┇ INFO    ┇                     gner ┇  - [03/07] (test ) crossner_music      :  94%|██████████████████▊ | 188/200 [0:05:24<0:00:18, 0.63Hz]
[03.12 02:21:15] ┇ INFO    ┇                     gner ┇  - [03/07] (test ) crossner_music      :  96%|███████████████████▎| 193/200 [0:05:29<0:00:11, 0.62Hz]
[03.12 02:21:21] ┇ INFO    ┇                     gner ┇  - [03/07] (test ) crossner_music      :  98%|███████████████████▌| 196/200 [0:05:34<0:00:06, 0.65Hz]
[03.12 02:21:27] ┇ INFO    ┇                     gner ┇  - [03/07] (test ) crossner_music      : 100%|████████████████████| 200/200 [0:05:40<0:00:00, 0.66Hz]
[03.12 02:21:27] ┇ INFO    ┇                     gner ┇  - [04/07] (test ) crossner_politics   :   0%|                    |   1/200 [0:00:00<0:01:26, 2.31Hz]
[03.12 02:21:32] ┇ INFO    ┇                     gner ┇  - [04/07] (test ) crossner_politics   :   2%|▌                   |   5/200 [0:00:05<0:03:34, 0.91Hz]
[03.12 02:21:38] ┇ INFO    ┇                     gner ┇  - [04/07] (test ) crossner_politics   :   6%|█                   |  11/200 [0:00:11<0:03:16, 0.96Hz]
[03.12 02:21:46] ┇ INFO    ┇                     gner ┇  - [04/07] (test ) crossner_politics   :   8%|█▌                  |  15/200 [0:00:19<0:03:57, 0.78Hz]
[03.12 02:21:53] ┇ INFO    ┇                     gner ┇  - [04/07] (test ) crossner_politics   :  10%|██                  |  20/200 [0:00:26<0:03:57, 0.76Hz]
[03.12 02:21:59] ┇ INFO    ┇                     gner ┇  - [04/07] (test ) crossner_politics   :  12%|██▎                 |  23/200 [0:00:32<0:04:13, 0.70Hz]
[03.12 02:22:07] ┇ INFO    ┇                     gner ┇  - [04/07] (test ) crossner_politics   :  14%|██▊                 |  28/200 [0:00:40<0:04:07, 0.69Hz]
[03.12 02:22:13] ┇ INFO    ┇                     gner ┇  - [04/07] (test ) crossner_politics   :  15%|███                 |  30/200 [0:00:46<0:04:24, 0.64Hz]
[03.12 02:22:20] ┇ INFO    ┇                     gner ┇  - [04/07] (test ) crossner_politics   :  16%|███▏                |  32/200 [0:00:53<0:04:39, 0.60Hz]
[03.12 02:22:25] ┇ INFO    ┇                     gner ┇  - [04/07] (test ) crossner_politics   :  18%|███▌                |  35/200 [0:00:58<0:04:35, 0.60Hz]
[03.12 02:22:30] ┇ INFO    ┇                     gner ┇  - [04/07] (test ) crossner_politics   :  20%|███▉                |  39/200 [0:01:03<0:04:23, 0.61Hz]
[03.12 02:22:39] ┇ INFO    ┇                     gner ┇  - [04/07] (test ) crossner_politics   :  22%|████▍               |  44/200 [0:01:12<0:04:17, 0.61Hz]
[03.12 02:22:46] ┇ INFO    ┇                     gner ┇  - [04/07] (test ) crossner_politics   :  24%|████▉               |  49/200 [0:01:19<0:04:04, 0.62Hz]
[03.12 02:22:53] ┇ INFO    ┇                     gner ┇  - [04/07] (test ) crossner_politics   :  26%|█████▎              |  53/200 [0:01:26<0:03:59, 0.61Hz]
[03.12 02:22:59] ┇ INFO    ┇                     gner ┇  - [04/07] (test ) crossner_politics   :  28%|█████▌              |  56/200 [0:01:32<0:03:58, 0.60Hz]
[03.12 02:23:08] ┇ INFO    ┇                     gner ┇  - [04/07] (test ) crossner_politics   :  30%|██████              |  61/200 [0:01:41<0:03:51, 0.60Hz]
[03.12 02:23:14] ┇ INFO    ┇                     gner ┇  - [04/07] (test ) crossner_politics   :  33%|██████▌             |  66/200 [0:01:47<0:03:42, 0.60Hz]
[03.12 02:23:20] ┇ INFO    ┇                     gner ┇  - [04/07] (test ) crossner_politics   :  34%|██████▋             |  67/200 [0:01:53<0:03:52, 0.57Hz]
[03.12 02:23:26] ┇ INFO    ┇                     gner ┇  - [04/07] (test ) crossner_politics   :  34%|██████▉             |  69/200 [0:01:58<0:03:55, 0.56Hz]
[03.12 02:23:32] ┇ INFO    ┇                     gner ┇  - [04/07] (test ) crossner_politics   :  36%|███████▏            |  72/200 [0:02:05<0:03:56, 0.54Hz]
[03.12 02:23:41] ┇ INFO    ┇                     gner ┇  - [04/07] (test ) crossner_politics   :  38%|███████▌            |  76/200 [0:02:14<0:03:55, 0.53Hz]
[03.12 02:23:48] ┇ INFO    ┇                     gner ┇  - [04/07] (test ) crossner_politics   :  40%|███████▉            |  79/200 [0:02:21<0:03:52, 0.52Hz]
[03.12 02:23:54] ┇ INFO    ┇                     gner ┇  - [04/07] (test ) crossner_politics   :  42%|████████▍           |  84/200 [0:02:27<0:03:42, 0.52Hz]
[03.12 02:24:04] ┇ INFO    ┇                     gner ┇  - [04/07] (test ) crossner_politics   :  44%|████████▋           |  87/200 [0:02:37<0:03:38, 0.52Hz]
[03.12 02:24:09] ┇ INFO    ┇                     gner ┇  - [04/07] (test ) crossner_politics   :  44%|████████▉           |  89/200 [0:02:42<0:03:41, 0.50Hz]
[03.12 02:24:16] ┇ INFO    ┇                     gner ┇  - [04/07] (test ) crossner_politics   :  46%|█████████▏          |  92/200 [0:02:49<0:03:40, 0.49Hz]
[03.12 02:24:28] ┇ INFO    ┇                     gner ┇  - [04/07] (test ) crossner_politics   :  47%|█████████▍          |  94/200 [0:03:00<0:03:38, 0.49Hz]
[03.12 02:24:33] ┇ INFO    ┇                     gner ┇  - [04/07] (test ) crossner_politics   :  48%|█████████▋          |  97/200 [0:03:06<0:03:33, 0.48Hz]
[03.12 02:24:38] ┇ INFO    ┇                     gner ┇  - [04/07] (test ) crossner_politics   :  50%|█████████▉          |  99/200 [0:03:11<0:03:28, 0.48Hz]
[03.12 02:24:44] ┇ INFO    ┇                     gner ┇  - [04/07] (test ) crossner_politics   :  52%|██████████▍         | 104/200 [0:03:16<0:03:19, 0.48Hz]
[03.12 02:24:49] ┇ INFO    ┇                     gner ┇  - [04/07] (test ) crossner_politics   :  52%|██████████▌         | 105/200 [0:03:22<0:03:24, 0.46Hz]
[03.12 02:24:55] ┇ INFO    ┇                     gner ┇  - [04/07] (test ) crossner_politics   :  54%|██████████▋         | 107/200 [0:03:28<0:03:20, 0.46Hz]
[03.12 02:25:02] ┇ INFO    ┇                     gner ┇  - [04/07] (test ) crossner_politics   :  55%|███████████         | 110/200 [0:03:35<0:03:17, 0.45Hz]
[03.12 02:25:08] ┇ INFO    ┇                     gner ┇  - [04/07] (test ) crossner_politics   :  56%|███████████▎        | 113/200 [0:03:41<0:03:12, 0.45Hz]
[03.12 02:25:13] ┇ INFO    ┇                     gner ┇  - [04/07] (test ) crossner_politics   :  58%|███████████▋        | 117/200 [0:03:46<0:03:00, 0.46Hz]
[03.12 02:25:23] ┇ INFO    ┇                     gner ┇  - [04/07] (test ) crossner_politics   :  60%|████████████        | 121/200 [0:03:56<0:02:56, 0.45Hz]
[03.12 02:25:28] ┇ INFO    ┇                     gner ┇  - [04/07] (test ) crossner_politics   :  61%|████████████▏       | 122/200 [0:04:01<0:03:00, 0.43Hz]
[03.12 02:25:34] ┇ INFO    ┇                     gner ┇  - [04/07] (test ) crossner_politics   :  62%|████████████▍       | 124/200 [0:04:07<0:02:55, 0.43Hz]
[03.12 02:25:39] ┇ INFO    ┇                     gner ┇  - [04/07] (test ) crossner_politics   :  63%|████████████▌       | 126/200 [0:04:12<0:02:54, 0.42Hz]
[03.12 02:25:44] ┇ INFO    ┇                     gner ┇  - [04/07] (test ) crossner_politics   :  64%|████████████▋       | 127/200 [0:04:17<0:02:57, 0.41Hz]
[03.12 02:25:50] ┇ INFO    ┇                     gner ┇  - [04/07] (test ) crossner_politics   :  65%|█████████████       | 130/200 [0:04:23<0:02:46, 0.42Hz]
[03.12 02:26:00] ┇ INFO    ┇                     gner ┇  - [04/07] (test ) crossner_politics   :  66%|█████████████▏      | 132/200 [0:04:33<0:02:46, 0.41Hz]
[03.12 02:26:08] ┇ INFO    ┇                     gner ┇  - [04/07] (test ) crossner_politics   :  68%|█████████████▌      | 135/200 [0:04:41<0:02:41, 0.40Hz]
[03.12 02:26:15] ┇ INFO    ┇                     gner ┇  - [04/07] (test ) crossner_politics   :  69%|█████████████▊      | 138/200 [0:04:48<0:02:35, 0.40Hz]
[03.12 02:26:21] ┇ INFO    ┇                     gner ┇  - [04/07] (test ) crossner_politics   :  71%|██████████████▏     | 142/200 [0:04:54<0:02:21, 0.41Hz]
[03.12 02:26:28] ┇ INFO    ┇                     gner ┇  - [04/07] (test ) crossner_politics   :  72%|██████████████▌     | 145/200 [0:05:01<0:02:16, 0.40Hz]
[03.12 02:26:34] ┇ INFO    ┇                     gner ┇  - [04/07] (test ) crossner_politics   :  74%|██████████████▉     | 149/200 [0:05:07<0:02:06, 0.40Hz]
[03.12 02:26:40] ┇ INFO    ┇                     gner ┇  - [04/07] (test ) crossner_politics   :  76%|███████████████▎    | 153/200 [0:05:13<0:01:51, 0.42Hz]
[03.12 02:26:47] ┇ INFO    ┇                     gner ┇  - [04/07] (test ) crossner_politics   :  78%|███████████████▌    | 156/200 [0:05:20<0:01:42, 0.43Hz]
[03.12 02:26:55] ┇ INFO    ┇                     gner ┇  - [04/07] (test ) crossner_politics   :  82%|████████████████▌   | 165/200 [0:05:28<0:01:14, 0.47Hz]
[03.12 02:27:03] ┇ INFO    ┇                     gner ┇  - [04/07] (test ) crossner_politics   :  84%|████████████████▊   | 168/200 [0:05:36<0:01:08, 0.47Hz]
[03.12 02:27:10] ┇ INFO    ┇                     gner ┇  - [04/07] (test ) crossner_politics   :  86%|█████████████████▎  | 173/200 [0:05:43<0:00:54, 0.49Hz]
[03.12 02:27:17] ┇ INFO    ┇                     gner ┇  - [04/07] (test ) crossner_politics   :  88%|█████████████████▋  | 177/200 [0:05:49<0:00:46, 0.49Hz]
[03.12 02:27:22] ┇ INFO    ┇                     gner ┇  - [04/07] (test ) crossner_politics   :  90%|██████████████████  | 181/200 [0:05:55<0:00:38, 0.49Hz]
[03.12 02:27:28] ┇ INFO    ┇                     gner ┇  - [04/07] (test ) crossner_politics   :  92%|██████████████████▍ | 184/200 [0:06:01<0:00:31, 0.50Hz]
[03.12 02:27:33] ┇ INFO    ┇                     gner ┇  - [04/07] (test ) crossner_politics   :  92%|██████████████████▌ | 185/200 [0:06:06<0:00:29, 0.50Hz]
[03.12 02:27:40] ┇ INFO    ┇                     gner ┇  - [04/07] (test ) crossner_politics   :  94%|██████████████████▉ | 189/200 [0:06:13<0:00:21, 0.52Hz]
[03.12 02:27:47] ┇ INFO    ┇                     gner ┇  - [04/07] (test ) crossner_politics   :  97%|███████████████████▍| 194/200 [0:06:20<0:00:10, 0.56Hz]
[03.12 02:27:53] ┇ INFO    ┇                     gner ┇  - [04/07] (test ) crossner_politics   :  98%|███████████████████▌| 196/200 [0:06:26<0:00:07, 0.56Hz]
[03.12 02:27:59] ┇ INFO    ┇                     gner ┇  - [04/07] (test ) crossner_politics   : 100%|████████████████████| 200/200 [0:06:32<0:00:00, 0.58Hz]
[03.12 02:28:00] ┇ INFO    ┇                     gner ┇  - [05/07] (test ) crossner_science    :   0%|                    |   1/200 [0:00:00<0:02:59, 1.11Hz]
[03.12 02:28:07] ┇ INFO    ┇                     gner ┇  - [05/07] (test ) crossner_science    :   1%|▏                   |   2/200 [0:00:08<0:14:28, 0.23Hz]
[03.12 02:28:13] ┇ INFO    ┇                     gner ┇  - [05/07] (test ) crossner_science    :   4%|▉                   |   9/200 [0:00:14<0:05:13, 0.61Hz]
[03.12 02:28:19] ┇ INFO    ┇                     gner ┇  - [05/07] (test ) crossner_science    :   6%|█▏                  |  12/200 [0:00:20<0:05:19, 0.59Hz]
[03.12 02:28:27] ┇ INFO    ┇                     gner ┇  - [05/07] (test ) crossner_science    :   8%|█▋                  |  17/200 [0:00:28<0:05:07, 0.59Hz]
[03.12 02:28:34] ┇ INFO    ┇                     gner ┇  - [05/07] (test ) crossner_science    :  10%|██                  |  21/200 [0:00:35<0:05:02, 0.59Hz]
[03.12 02:28:41] ┇ INFO    ┇                     gner ┇  - [05/07] (test ) crossner_science    :  12%|██▌                 |  25/200 [0:00:42<0:04:56, 0.59Hz]
[03.12 02:28:47] ┇ INFO    ┇                     gner ┇  - [05/07] (test ) crossner_science    :  14%|██▋                 |  27/200 [0:00:48<0:05:08, 0.56Hz]
[03.12 02:28:53] ┇ INFO    ┇                     gner ┇  - [05/07] (test ) crossner_science    :  15%|███                 |  30/200 [0:00:54<0:05:09, 0.55Hz]
[03.12 02:29:00] ┇ INFO    ┇                     gner ┇  - [05/07] (test ) crossner_science    :  18%|███▌                |  36/200 [0:01:01<0:04:38, 0.59Hz]
[03.12 02:29:06] ┇ INFO    ┇                     gner ┇  - [05/07] (test ) crossner_science    :  21%|████▏               |  42/200 [0:01:07<0:04:13, 0.62Hz]
[03.12 02:29:12] ┇ INFO    ┇                     gner ┇  - [05/07] (test ) crossner_science    :  24%|████▊               |  48/200 [0:01:12<0:03:50, 0.66Hz]
[03.12 02:29:17] ┇ INFO    ┇                     gner ┇  - [05/07] (test ) crossner_science    :  26%|█████               |  51/200 [0:01:18<0:03:49, 0.65Hz]
[03.12 02:29:23] ┇ INFO    ┇                     gner ┇  - [05/07] (test ) crossner_science    :  30%|█████▉              |  59/200 [0:01:24<0:03:21, 0.70Hz]
[03.12 02:29:28] ┇ INFO    ┇                     gner ┇  - [05/07] (test ) crossner_science    :  32%|██████▍             |  64/200 [0:01:29<0:03:11, 0.71Hz]
[03.12 02:29:35] ┇ INFO    ┇                     gner ┇  - [05/07] (test ) crossner_science    :  34%|██████▊             |  68/200 [0:01:35<0:02:59, 0.74Hz]
[03.12 02:29:40] ┇ INFO    ┇                     gner ┇  - [05/07] (test ) crossner_science    :  36%|███████▏            |  72/200 [0:01:41<0:02:55, 0.73Hz]
[03.12 02:29:47] ┇ INFO    ┇                     gner ┇  - [05/07] (test ) crossner_science    :  38%|███████▌            |  76/200 [0:01:47<0:02:51, 0.72Hz]
[03.12 02:29:57] ┇ INFO    ┇                     gner ┇  - [05/07] (test ) crossner_science    :  40%|████████            |  80/200 [0:01:57<0:02:49, 0.71Hz]
[03.12 02:30:03] ┇ INFO    ┇                     gner ┇  - [05/07] (test ) crossner_science    :  42%|████████▌           |  85/200 [0:02:04<0:02:39, 0.72Hz]
[03.12 02:30:08] ┇ INFO    ┇                     gner ┇  - [05/07] (test ) crossner_science    :  44%|████████▋           |  87/200 [0:02:09<0:02:40, 0.70Hz]
[03.12 02:30:14] ┇ INFO    ┇                     gner ┇  - [05/07] (test ) crossner_science    :  46%|█████████           |  91/200 [0:02:15<0:02:30, 0.73Hz]
[03.12 02:30:19] ┇ INFO    ┇                     gner ┇  - [05/07] (test ) crossner_science    :  48%|█████████▌          |  96/200 [0:02:20<0:02:16, 0.76Hz]
[03.12 02:30:25] ┇ INFO    ┇                     gner ┇  - [05/07] (test ) crossner_science    :  50%|██████████          | 101/200 [0:02:26<0:02:11, 0.75Hz]
[03.12 02:30:30] ┇ INFO    ┇                     gner ┇  - [05/07] (test ) crossner_science    :  52%|██████████▎         | 103/200 [0:02:31<0:02:14, 0.72Hz]
[03.12 02:30:35] ┇ INFO    ┇                     gner ┇  - [05/07] (test ) crossner_science    :  53%|██████████▌         | 106/200 [0:02:36<0:02:11, 0.72Hz]
[03.12 02:30:42] ┇ INFO    ┇                     gner ┇  - [05/07] (test ) crossner_science    :  55%|███████████         | 110/200 [0:02:42<0:02:10, 0.69Hz]
[03.12 02:30:47] ┇ INFO    ┇                     gner ┇  - [05/07] (test ) crossner_science    :  57%|███████████▌        | 115/200 [0:02:48<0:01:59, 0.71Hz]
[03.12 02:30:55] ┇ INFO    ┇                     gner ┇  - [05/07] (test ) crossner_science    :  58%|███████████▋        | 117/200 [0:02:55<0:02:04, 0.67Hz]
[03.12 02:31:02] ┇ INFO    ┇                     gner ┇  - [05/07] (test ) crossner_science    :  61%|████████████▏       | 122/200 [0:03:03<0:02:02, 0.64Hz]
[03.12 02:31:08] ┇ INFO    ┇                     gner ┇  - [05/07] (test ) crossner_science    :  62%|████████████▌       | 125/200 [0:03:09<0:01:59, 0.63Hz]
[03.12 02:31:14] ┇ INFO    ┇                     gner ┇  - [05/07] (test ) crossner_science    :  64%|████████████▉       | 129/200 [0:03:15<0:01:56, 0.61Hz]
[03.12 02:31:19] ┇ INFO    ┇                     gner ┇  - [05/07] (test ) crossner_science    :  68%|█████████████▋      | 137/200 [0:03:20<0:01:36, 0.66Hz]
[03.12 02:31:24] ┇ INFO    ┇                     gner ┇  - [05/07] (test ) crossner_science    :  70%|██████████████      | 141/200 [0:03:25<0:01:29, 0.66Hz]
[03.12 02:31:30] ┇ INFO    ┇                     gner ┇  - [05/07] (test ) crossner_science    :  73%|██████████████▌     | 146/200 [0:03:31<0:01:17, 0.69Hz]
[03.12 02:31:38] ┇ INFO    ┇                     gner ┇  - [05/07] (test ) crossner_science    :  76%|███████████████     | 151/200 [0:03:39<0:01:08, 0.72Hz]
[03.12 02:31:43] ┇ INFO    ┇                     gner ┇  - [05/07] (test ) crossner_science    :  78%|███████████████▌    | 156/200 [0:03:44<0:01:01, 0.71Hz]
[03.12 02:31:49] ┇ INFO    ┇                     gner ┇  - [05/07] (test ) crossner_science    :  80%|███████████████▉    | 159/200 [0:03:50<0:00:58, 0.70Hz]
[03.12 02:31:56] ┇ INFO    ┇                     gner ┇  - [05/07] (test ) crossner_science    :  81%|████████████████▏   | 162/200 [0:03:57<0:00:57, 0.66Hz]
[03.12 02:32:03] ┇ INFO    ┇                     gner ┇  - [05/07] (test ) crossner_science    :  84%|████████████████▊   | 168/200 [0:04:04<0:00:46, 0.69Hz]
[03.12 02:32:09] ┇ INFO    ┇                     gner ┇  - [05/07] (test ) crossner_science    :  86%|█████████████████   | 171/200 [0:04:10<0:00:41, 0.70Hz]
[03.12 02:32:16] ┇ INFO    ┇                     gner ┇  - [05/07] (test ) crossner_science    :  88%|█████████████████▌  | 175/200 [0:04:16<0:00:36, 0.68Hz]
[03.12 02:32:21] ┇ INFO    ┇                     gner ┇  - [05/07] (test ) crossner_science    :  92%|██████████████████▎ | 183/200 [0:04:22<0:00:22, 0.75Hz]
[03.12 02:32:28] ┇ INFO    ┇                     gner ┇  - [05/07] (test ) crossner_science    :  92%|██████████████████▌ | 185/200 [0:04:28<0:00:20, 0.74Hz]
[03.12 02:32:41] ┇ INFO    ┇                     gner ┇  - [05/07] (test ) crossner_science    :  95%|███████████████████ | 190/200 [0:04:41<0:00:14, 0.70Hz]
[03.12 02:32:46] ┇ INFO    ┇                     gner ┇  - [05/07] (test ) crossner_science    :  97%|███████████████████▍| 194/200 [0:04:47<0:00:08, 0.69Hz]
[03.12 02:32:52] ┇ INFO    ┇                     gner ┇  - [05/07] (test ) crossner_science    :  98%|███████████████████▋| 197/200 [0:04:53<0:00:04, 0.66Hz]
[03.12 02:32:57] ┇ INFO    ┇                     gner ┇  - [05/07] (test ) crossner_science    : 100%|████████████████████| 200/200 [0:04:58<0:00:00, 0.65Hz]
[03.12 02:32:57] ┇ INFO    ┇                     gner ┇  - [06/07] (test ) mit-movie           :   0%|                    |   1/200 [0:00:00<0:00:12, 15.79Hz]
[03.12 02:33:02] ┇ INFO    ┇                     gner ┇  - [06/07] (test ) mit-movie           :  43%|████████▌           |  86/200 [0:00:05<0:00:07, 16.06Hz]
[03.12 02:33:07] ┇ INFO    ┇                     gner ┇  - [06/07] (test ) mit-movie           :  68%|█████████████▌      | 135/200 [0:00:10<0:00:06, 9.75Hz]
[03.12 02:33:12] ┇ INFO    ┇                     gner ┇  - [06/07] (test ) mit-movie           :  94%|██████████████████▊ | 188/200 [0:00:15<0:00:01, 9.52Hz]
[03.12 02:33:14] ┇ INFO    ┇                     gner ┇  - [06/07] (test ) mit-movie           : 100%|████████████████████| 200/200 [0:00:16<0:00:00, 9.97Hz]
[03.12 02:33:14] ┇ INFO    ┇                     gner ┇  - [07/07] (test ) mit-restaurant      :   0%|                    |   1/200 [0:00:00<0:00:06, 29.59Hz]
[03.12 02:33:19] ┇ INFO    ┇                     gner ┇  - [07/07] (test ) mit-restaurant      :  34%|██████▉             |  69/200 [0:00:05<0:00:09, 13.35Hz]
[03.12 02:33:24] ┇ INFO    ┇                     gner ┇  - [07/07] (test ) mit-restaurant      :  64%|████████████▊       | 128/200 [0:00:10<0:00:06, 11.96Hz]
[03.12 02:33:28] ┇ INFO    ┇                     gner ┇  - [07/07] (test ) mit-restaurant      : 100%|████████████████████| 200/200 [0:00:14<0:00:00, 17.06Hz]
[03.12 02:33:28] ┇ INFO    ┇                     gner ┇ QE data[test] saved to data/GNER-QE/ZSE-test-pred-by_beam-num=10-test.json
[03.12 02:33:28] ┇ INFO    ┇           chrisbase.data ┇ =========================================================================================================================================
[03.12 02:33:28] ┇ INFO    ┇           chrisbase.data ┇ [EXIT] python /raid/chrisjihee/proj/GNER/generate.py convert_to_qe_data --test_count 200 --num_candidates 10 ($=00:24:32.216)
[03.12 02:33:28] ┇ INFO    ┇           chrisbase.data ┇ =========================================================================================================================================
