[03.10 03:33:24] ┇ INFO    ┇           chrisbase.data ┇ =========================================================================================================================================
[03.10 03:33:24] ┇ INFO    ┇           chrisbase.data ┇ [INIT] python /raid/chrisjihee/proj/GNER/generate.py convert_to_qe_data --num_candidates 10
[03.10 03:33:24] ┇ INFO    ┇           chrisbase.data ┇ =========================================================================================================================================
[03.10 03:33:26] ┇ INFO    ┇                     gner ┇ Converting the generated predictions into QE data for 7 dataset (1400 samples)
[03.10 03:33:26] ┇ INFO    ┇                     gner ┇  - [01/07] (train) crossner_ai         :   1%|                    |   1/190 [0:00:00<0:00:22, 8.57Hz]
[03.10 03:33:31] ┇ INFO    ┇                     gner ┇  - [01/07] (train) crossner_ai         :   3%|▌                   |   5/190 [0:00:05<0:03:12, 0.96Hz]
[03.10 03:33:36] ┇ INFO    ┇                     gner ┇  - [01/07] (train) crossner_ai         :   4%|▊                   |   8/190 [0:00:10<0:03:59, 0.76Hz]
[03.10 03:33:41] ┇ INFO    ┇                     gner ┇  - [01/07] (train) crossner_ai         :   8%|█▌                  |  15/190 [0:00:15<0:03:01, 0.97Hz]
[03.10 03:33:47] ┇ INFO    ┇                     gner ┇  - [01/07] (train) crossner_ai         :   9%|█▉                  |  18/190 [0:00:21<0:03:21, 0.85Hz]
[03.10 03:33:52] ┇ INFO    ┇                     gner ┇  - [01/07] (train) crossner_ai         :  12%|██▎                 |  22/190 [0:00:26<0:03:20, 0.84Hz]
[03.10 03:33:57] ┇ INFO    ┇                     gner ┇  - [01/07] (train) crossner_ai         :  14%|██▊                 |  27/190 [0:00:31<0:03:10, 0.86Hz]
[03.10 03:34:03] ┇ INFO    ┇                     gner ┇  - [01/07] (train) crossner_ai         :  18%|███▌                |  34/190 [0:00:37<0:02:51, 0.91Hz]
[03.10 03:34:09] ┇ INFO    ┇                     gner ┇  - [01/07] (train) crossner_ai         :  23%|████▋               |  44/190 [0:00:42<0:02:22, 1.02Hz]
[03.10 03:34:14] ┇ INFO    ┇                     gner ┇  - [01/07] (train) crossner_ai         :  26%|█████▎              |  50/190 [0:00:48<0:02:14, 1.04Hz]
[03.10 03:34:20] ┇ INFO    ┇                     gner ┇  - [01/07] (train) crossner_ai         :  29%|█████▊              |  55/190 [0:00:54<0:02:12, 1.02Hz]
[03.10 03:34:28] ┇ INFO    ┇                     gner ┇  - [01/07] (train) crossner_ai         :  32%|██████▎             |  60/190 [0:01:02<0:02:14, 0.96Hz]
[03.10 03:34:34] ┇ INFO    ┇                     gner ┇  - [01/07] (train) crossner_ai         :  34%|██████▋             |  64/190 [0:01:08<0:02:16, 0.92Hz]
[03.10 03:34:41] ┇ INFO    ┇                     gner ┇  - [01/07] (train) crossner_ai         :  36%|███████▎            |  69/190 [0:01:15<0:02:10, 0.92Hz]
[03.10 03:34:47] ┇ INFO    ┇                     gner ┇  - [01/07] (train) crossner_ai         :  38%|███████▌            |  72/190 [0:01:21<0:02:11, 0.89Hz]
[03.10 03:34:52] ┇ INFO    ┇                     gner ┇  - [01/07] (train) crossner_ai         :  42%|████████▎           |  79/190 [0:01:26<0:02:02, 0.91Hz]
[03.10 03:34:59] ┇ INFO    ┇                     gner ┇  - [01/07] (train) crossner_ai         :  44%|████████▊           |  84/190 [0:01:33<0:01:57, 0.90Hz]
[03.10 03:35:05] ┇ INFO    ┇                     gner ┇  - [01/07] (train) crossner_ai         :  48%|█████████▌          |  91/190 [0:01:39<0:01:44, 0.95Hz]
[03.10 03:35:12] ┇ INFO    ┇                     gner ┇  - [01/07] (train) crossner_ai         :  52%|██████████▎         |  98/190 [0:01:46<0:01:39, 0.93Hz]
[03.10 03:35:18] ┇ INFO    ┇                     gner ┇  - [01/07] (train) crossner_ai         :  55%|██████████▉         | 104/190 [0:01:51<0:01:36, 0.89Hz]
[03.10 03:35:23] ┇ INFO    ┇                     gner ┇  - [01/07] (train) crossner_ai         :  58%|███████████▋        | 111/190 [0:01:56<0:01:30, 0.88Hz]
[03.10 03:35:28] ┇ INFO    ┇                     gner ┇  - [01/07] (train) crossner_ai         :  64%|████████████▋       | 121/190 [0:02:01<0:01:12, 0.95Hz]
[03.10 03:35:33] ┇ INFO    ┇                     gner ┇  - [01/07] (train) crossner_ai         :  69%|█████████████▊      | 131/190 [0:02:07<0:00:50, 1.16Hz]
[03.10 03:35:39] ┇ INFO    ┇                     gner ┇  - [01/07] (train) crossner_ai         :  74%|██████████████▋     | 140/190 [0:02:13<0:00:38, 1.29Hz]
[03.10 03:35:45] ┇ INFO    ┇                     gner ┇  - [01/07] (train) crossner_ai         :  77%|███████████████▍    | 147/190 [0:02:19<0:00:31, 1.38Hz]
[03.10 03:35:50] ┇ INFO    ┇                     gner ┇  - [01/07] (train) crossner_ai         :  78%|███████████████▌    | 148/190 [0:02:24<0:00:32, 1.29Hz]
[03.10 03:35:55] ┇ INFO    ┇                     gner ┇  - [01/07] (train) crossner_ai         :  79%|███████████████▉    | 151/190 [0:02:29<0:00:32, 1.19Hz]
[03.10 03:36:00] ┇ INFO    ┇                     gner ┇  - [01/07] (train) crossner_ai         :  87%|█████████████████▎  | 165/190 [0:02:34<0:00:18, 1.38Hz]
[03.10 03:36:05] ┇ INFO    ┇                     gner ┇  - [01/07] (train) crossner_ai         :  91%|██████████████████▏ | 173/190 [0:02:39<0:00:11, 1.47Hz]
[03.10 03:36:11] ┇ INFO    ┇                     gner ┇  - [01/07] (train) crossner_ai         :  95%|███████████████████ | 181/190 [0:02:44<0:00:06, 1.39Hz]
[03.10 03:36:16] ┇ INFO    ┇                     gner ┇  - [01/07] (train) crossner_ai         :  99%|███████████████████▊| 188/190 [0:02:50<0:00:01, 1.34Hz]
[03.10 03:36:18] ┇ INFO    ┇                     gner ┇  - [01/07] (train) crossner_ai         : 100%|████████████████████| 190/190 [0:02:52<0:00:00, 1.34Hz]
[03.10 03:36:19] ┇ INFO    ┇                     gner ┇  - [02/07] (train) crossner_literature :   1%|                    |   1/190 [0:00:00<0:01:49, 1.73Hz]
[03.10 03:36:24] ┇ INFO    ┇                     gner ┇  - [02/07] (train) crossner_literature :   3%|▋                   |   6/190 [0:00:05<0:03:00, 1.02Hz]
[03.10 03:36:30] ┇ INFO    ┇                     gner ┇  - [02/07] (train) crossner_literature :   5%|▉                   |   9/190 [0:00:11<0:03:56, 0.77Hz]
[03.10 03:36:35] ┇ INFO    ┇                     gner ┇  - [02/07] (train) crossner_literature :   6%|█▎                  |  12/190 [0:00:17<0:04:13, 0.70Hz]
[03.10 03:36:41] ┇ INFO    ┇                     gner ┇  - [02/07] (train) crossner_literature :   9%|█▉                  |  18/190 [0:00:23<0:03:40, 0.78Hz]
[03.10 03:36:47] ┇ INFO    ┇                     gner ┇  - [02/07] (train) crossner_literature :  13%|██▌                 |  24/190 [0:00:28<0:03:18, 0.84Hz]
[03.10 03:36:57] ┇ INFO    ┇                     gner ┇  - [02/07] (train) crossner_literature :  15%|██▉                 |  28/190 [0:00:39<0:03:46, 0.72Hz]
[03.10 03:37:02] ┇ INFO    ┇                     gner ┇  - [02/07] (train) crossner_literature :  20%|████                |  38/190 [0:00:44<0:02:56, 0.86Hz]
[03.10 03:37:08] ┇ INFO    ┇                     gner ┇  - [02/07] (train) crossner_literature :  25%|█████               |  48/190 [0:00:49<0:02:26, 0.97Hz]
[03.10 03:37:13] ┇ INFO    ┇                     gner ┇  - [02/07] (train) crossner_literature :  28%|█████▋              |  54/190 [0:00:54<0:02:18, 0.98Hz]
[03.10 03:37:18] ┇ INFO    ┇                     gner ┇  - [02/07] (train) crossner_literature :  31%|██████▏             |  59/190 [0:01:00<0:02:13, 0.98Hz]
[03.10 03:37:23] ┇ INFO    ┇                     gner ┇  - [02/07] (train) crossner_literature :  34%|██████▊             |  65/190 [0:01:05<0:02:05, 1.00Hz]
[03.10 03:37:29] ┇ INFO    ┇                     gner ┇  - [02/07] (train) crossner_literature :  36%|███████▎            |  69/190 [0:01:11<0:02:05, 0.97Hz]
[03.10 03:37:35] ┇ INFO    ┇                     gner ┇  - [02/07] (train) crossner_literature :  41%|████████            |  77/190 [0:01:16<0:01:42, 1.10Hz]
[03.10 03:37:40] ┇ INFO    ┇                     gner ┇  - [02/07] (train) crossner_literature :  44%|████████▋           |  83/190 [0:01:21<0:01:38, 1.09Hz]
[03.10 03:37:46] ┇ INFO    ┇                     gner ┇  - [02/07] (train) crossner_literature :  46%|█████████▎          |  88/190 [0:01:28<0:01:32, 1.11Hz]
[03.10 03:37:51] ┇ INFO    ┇                     gner ┇  - [02/07] (train) crossner_literature :  50%|██████████          |  95/190 [0:01:33<0:01:18, 1.21Hz]
[03.10 03:37:56] ┇ INFO    ┇                     gner ┇  - [02/07] (train) crossner_literature :  55%|██████████▉         | 104/190 [0:01:38<0:01:10, 1.21Hz]
[03.10 03:38:02] ┇ INFO    ┇                     gner ┇  - [02/07] (train) crossner_literature :  58%|███████████▌        | 110/190 [0:01:43<0:01:09, 1.15Hz]
[03.10 03:38:07] ┇ INFO    ┇                     gner ┇  - [02/07] (train) crossner_literature :  61%|████████████        | 115/190 [0:01:48<0:01:05, 1.14Hz]
[03.10 03:38:12] ┇ INFO    ┇                     gner ┇  - [02/07] (train) crossner_literature :  63%|████████████▌       | 119/190 [0:01:54<0:01:02, 1.14Hz]
[03.10 03:38:19] ┇ INFO    ┇                     gner ┇  - [02/07] (train) crossner_literature :  65%|█████████████       | 124/190 [0:02:01<0:01:03, 1.04Hz]
[03.10 03:38:25] ┇ INFO    ┇                     gner ┇  - [02/07] (train) crossner_literature :  66%|█████████████▎      | 126/190 [0:02:06<0:01:05, 0.98Hz]
[03.10 03:38:31] ┇ INFO    ┇                     gner ┇  - [02/07] (train) crossner_literature :  68%|█████████████▋      | 130/190 [0:02:13<0:01:02, 0.97Hz]
[03.10 03:38:36] ┇ INFO    ┇                     gner ┇  - [02/07] (train) crossner_literature :  70%|██████████████      | 133/190 [0:02:18<0:01:00, 0.94Hz]
[03.10 03:38:42] ┇ INFO    ┇                     gner ┇  - [02/07] (train) crossner_literature :  73%|██████████████▋     | 139/190 [0:02:23<0:00:55, 0.92Hz]
[03.10 03:38:47] ┇ INFO    ┇                     gner ┇  - [02/07] (train) crossner_literature :  75%|███████████████     | 143/190 [0:02:28<0:00:51, 0.90Hz]
[03.10 03:38:52] ┇ INFO    ┇                     gner ┇  - [02/07] (train) crossner_literature :  77%|███████████████▍    | 147/190 [0:02:34<0:00:49, 0.87Hz]
[03.10 03:38:59] ┇ INFO    ┇                     gner ┇  - [02/07] (train) crossner_literature :  79%|███████████████▉    | 151/190 [0:02:40<0:00:44, 0.87Hz]
[03.10 03:39:04] ┇ INFO    ┇                     gner ┇  - [02/07] (train) crossner_literature :  83%|████████████████▌   | 157/190 [0:02:46<0:00:38, 0.86Hz]
[03.10 03:39:09] ┇ INFO    ┇                     gner ┇  - [02/07] (train) crossner_literature :  87%|█████████████████▍  | 166/190 [0:02:51<0:00:27, 0.86Hz]
[03.10 03:39:15] ┇ INFO    ┇                     gner ┇  - [02/07] (train) crossner_literature :  92%|██████████████████▎ | 174/190 [0:02:56<0:00:18, 0.87Hz]
[03.10 03:39:20] ┇ INFO    ┇                     gner ┇  - [02/07] (train) crossner_literature :  95%|██████████████████▉ | 180/190 [0:03:01<0:00:11, 0.91Hz]
[03.10 03:39:26] ┇ INFO    ┇                     gner ┇  - [02/07] (train) crossner_literature :  97%|███████████████████▍| 185/190 [0:03:08<0:00:05, 0.88Hz]
[03.10 03:39:32] ┇ INFO    ┇                     gner ┇  - [02/07] (train) crossner_literature :  99%|███████████████████▊| 188/190 [0:03:13<0:00:02, 0.92Hz]
[03.10 03:39:33] ┇ INFO    ┇                     gner ┇  - [02/07] (train) crossner_literature : 100%|████████████████████| 190/190 [0:03:15<0:00:00, 0.92Hz]
[03.10 03:39:35] ┇ INFO    ┇                     gner ┇  - [03/07] (train) crossner_music      :   1%|                    |   1/190 [0:00:01<0:03:58, 0.79Hz]
[03.10 03:39:41] ┇ INFO    ┇                     gner ┇  - [03/07] (train) crossner_music      :   2%|▍                   |   4/190 [0:00:08<0:06:14, 0.50Hz]
[03.10 03:39:48] ┇ INFO    ┇                     gner ┇  - [03/07] (train) crossner_music      :   4%|▊                   |   8/190 [0:00:15<0:05:42, 0.53Hz]
[03.10 03:39:54] ┇ INFO    ┇                     gner ┇  - [03/07] (train) crossner_music      :   6%|█▏                  |  11/190 [0:00:20<0:05:41, 0.52Hz]
[03.10 03:40:01] ┇ INFO    ┇                     gner ┇  - [03/07] (train) crossner_music      :   8%|█▌                  |  15/190 [0:00:27<0:05:20, 0.55Hz]
[03.10 03:40:08] ┇ INFO    ┇                     gner ┇  - [03/07] (train) crossner_music      :   9%|█▉                  |  18/190 [0:00:34<0:05:30, 0.52Hz]
[03.10 03:40:14] ┇ INFO    ┇                     gner ┇  - [03/07] (train) crossner_music      :  11%|██                  |  20/190 [0:00:40<0:05:47, 0.49Hz]
[03.10 03:40:21] ┇ INFO    ┇                     gner ┇  - [03/07] (train) crossner_music      :  12%|██▍                 |  23/190 [0:00:47<0:05:46, 0.48Hz]
[03.10 03:40:28] ┇ INFO    ┇                     gner ┇  - [03/07] (train) crossner_music      :  15%|██▉                 |  28/190 [0:00:54<0:05:14, 0.52Hz]
[03.10 03:40:33] ┇ INFO    ┇                     gner ┇  - [03/07] (train) crossner_music      :  17%|███▎                |  32/190 [0:01:00<0:04:56, 0.53Hz]
[03.10 03:40:42] ┇ INFO    ┇                     gner ┇  - [03/07] (train) crossner_music      :  19%|███▉                |  37/190 [0:01:08<0:04:44, 0.54Hz]
[03.10 03:40:48] ┇ INFO    ┇                     gner ┇  - [03/07] (train) crossner_music      :  21%|████                |  39/190 [0:01:15<0:04:50, 0.52Hz]
[03.10 03:40:54] ┇ INFO    ┇                     gner ┇  - [03/07] (train) crossner_music      :  23%|████▋               |  44/190 [0:01:20<0:04:26, 0.55Hz]
[03.10 03:41:01] ┇ INFO    ┇                     gner ┇  - [03/07] (train) crossner_music      :  25%|█████               |  48/190 [0:01:28<0:04:20, 0.55Hz]
[03.10 03:41:07] ┇ INFO    ┇                     gner ┇  - [03/07] (train) crossner_music      :  28%|█████▋              |  54/190 [0:01:33<0:03:54, 0.58Hz]
[03.10 03:41:14] ┇ INFO    ┇                     gner ┇  - [03/07] (train) crossner_music      :  31%|██████              |  58/190 [0:01:40<0:03:48, 0.58Hz]
[03.10 03:41:20] ┇ INFO    ┇                     gner ┇  - [03/07] (train) crossner_music      :  32%|██████▍             |  61/190 [0:01:46<0:03:45, 0.57Hz]
[03.10 03:41:27] ┇ INFO    ┇                     gner ┇  - [03/07] (train) crossner_music      :  34%|██████▊             |  65/190 [0:01:53<0:03:37, 0.58Hz]
[03.10 03:41:32] ┇ INFO    ┇                     gner ┇  - [03/07] (train) crossner_music      :  36%|███████▎            |  69/190 [0:01:58<0:03:26, 0.59Hz]
[03.10 03:41:38] ┇ INFO    ┇                     gner ┇  - [03/07] (train) crossner_music      :  38%|███████▌            |  72/190 [0:02:04<0:03:22, 0.58Hz]
[03.10 03:41:45] ┇ INFO    ┇                     gner ┇  - [03/07] (train) crossner_music      :  41%|████████▏           |  78/190 [0:02:11<0:03:04, 0.61Hz]
[03.10 03:41:52] ┇ INFO    ┇                     gner ┇  - [03/07] (train) crossner_music      :  43%|████████▌           |  81/190 [0:02:18<0:02:59, 0.61Hz]
[03.10 03:41:57] ┇ INFO    ┇                     gner ┇  - [03/07] (train) crossner_music      :  45%|████████▉           |  85/190 [0:02:23<0:02:44, 0.64Hz]
[03.10 03:42:02] ┇ INFO    ┇                     gner ┇  - [03/07] (train) crossner_music      :  46%|█████████▎          |  88/190 [0:02:28<0:02:38, 0.64Hz]
[03.10 03:42:07] ┇ INFO    ┇                     gner ┇  - [03/07] (train) crossner_music      :  48%|█████████▌          |  91/190 [0:02:33<0:02:35, 0.64Hz]
[03.10 03:42:13] ┇ INFO    ┇                     gner ┇  - [03/07] (train) crossner_music      :  50%|██████████          |  95/190 [0:02:39<0:02:29, 0.63Hz]
[03.10 03:42:18] ┇ INFO    ┇                     gner ┇  - [03/07] (train) crossner_music      :  51%|██████████          |  96/190 [0:02:44<0:02:35, 0.60Hz]
[03.10 03:42:23] ┇ INFO    ┇                     gner ┇  - [03/07] (train) crossner_music      :  53%|██████████▋         | 101/190 [0:02:49<0:02:17, 0.65Hz]
[03.10 03:42:30] ┇ INFO    ┇                     gner ┇  - [03/07] (train) crossner_music      :  55%|██████████▉         | 104/190 [0:02:56<0:02:17, 0.63Hz]
[03.10 03:42:35] ┇ INFO    ┇                     gner ┇  - [03/07] (train) crossner_music      :  58%|███████████▌        | 110/190 [0:03:01<0:02:05, 0.64Hz]
[03.10 03:42:41] ┇ INFO    ┇                     gner ┇  - [03/07] (train) crossner_music      :  61%|████████████▏       | 116/190 [0:03:07<0:01:51, 0.66Hz]
[03.10 03:42:47] ┇ INFO    ┇                     gner ┇  - [03/07] (train) crossner_music      :  63%|████████████▋       | 120/190 [0:03:13<0:01:46, 0.66Hz]
[03.10 03:42:52] ┇ INFO    ┇                     gner ┇  - [03/07] (train) crossner_music      :  66%|█████████████▏      | 125/190 [0:03:18<0:01:33, 0.70Hz]
[03.10 03:42:59] ┇ INFO    ┇                     gner ┇  - [03/07] (train) crossner_music      :  68%|█████████████▋      | 130/190 [0:03:25<0:01:25, 0.70Hz]
[03.10 03:43:06] ┇ INFO    ┇                     gner ┇  - [03/07] (train) crossner_music      :  71%|██████████████      | 134/190 [0:03:32<0:01:20, 0.70Hz]
[03.10 03:43:12] ┇ INFO    ┇                     gner ┇  - [03/07] (train) crossner_music      :  73%|██████████████▌     | 138/190 [0:03:38<0:01:15, 0.69Hz]
[03.10 03:43:19] ┇ INFO    ┇                     gner ┇  - [03/07] (train) crossner_music      :  74%|██████████████▋     | 140/190 [0:03:45<0:01:16, 0.65Hz]
[03.10 03:43:25] ┇ INFO    ┇                     gner ┇  - [03/07] (train) crossner_music      :  75%|███████████████     | 143/190 [0:03:51<0:01:11, 0.66Hz]
[03.10 03:43:30] ┇ INFO    ┇                     gner ┇  - [03/07] (train) crossner_music      :  78%|███████████████▌    | 148/190 [0:03:56<0:01:02, 0.67Hz]
[03.10 03:43:36] ┇ INFO    ┇                     gner ┇  - [03/07] (train) crossner_music      :  79%|███████████████▉    | 151/190 [0:04:02<0:00:58, 0.67Hz]
[03.10 03:43:43] ┇ INFO    ┇                     gner ┇  - [03/07] (train) crossner_music      :  83%|████████████████▋   | 158/190 [0:04:09<0:00:45, 0.70Hz]
[03.10 03:43:49] ┇ INFO    ┇                     gner ┇  - [03/07] (train) crossner_music      :  86%|█████████████████▎  | 164/190 [0:04:15<0:00:35, 0.73Hz]
[03.10 03:43:54] ┇ INFO    ┇                     gner ┇  - [03/07] (train) crossner_music      :  88%|█████████████████▋  | 168/190 [0:04:20<0:00:29, 0.75Hz]
[03.10 03:44:00] ┇ INFO    ┇                     gner ┇  - [03/07] (train) crossner_music      :  89%|█████████████████▉  | 170/190 [0:04:26<0:00:27, 0.72Hz]
[03.10 03:44:05] ┇ INFO    ┇                     gner ┇  - [03/07] (train) crossner_music      :  93%|██████████████████▌ | 176/190 [0:04:31<0:00:19, 0.72Hz]
[03.10 03:44:11] ┇ INFO    ┇                     gner ┇  - [03/07] (train) crossner_music      :  94%|██████████████████▊ | 179/190 [0:04:37<0:00:15, 0.70Hz]
[03.10 03:44:16] ┇ INFO    ┇                     gner ┇  - [03/07] (train) crossner_music      :  97%|███████████████████▍| 185/190 [0:04:42<0:00:06, 0.72Hz]
[03.10 03:44:19] ┇ INFO    ┇                     gner ┇  - [03/07] (train) crossner_music      : 100%|████████████████████| 190/190 [0:04:45<0:00:00, 0.74Hz]
[03.10 03:44:19] ┇ INFO    ┇                     gner ┇  - [04/07] (train) crossner_politics   :   1%|                    |   1/190 [0:00:00<0:01:57, 1.61Hz]
[03.10 03:44:26] ┇ INFO    ┇                     gner ┇  - [04/07] (train) crossner_politics   :   2%|▎                   |   3/190 [0:00:07<0:07:33, 0.41Hz]
[03.10 03:44:37] ┇ INFO    ┇                     gner ┇  - [04/07] (train) crossner_politics   :   2%|▍                   |   4/190 [0:00:17<0:13:44, 0.23Hz]
[03.10 03:44:45] ┇ INFO    ┇                     gner ┇  - [04/07] (train) crossner_politics   :   4%|▋                   |   7/190 [0:00:25<0:11:16, 0.27Hz]
[03.10 03:44:50] ┇ INFO    ┇                     gner ┇  - [04/07] (train) crossner_politics   :   5%|█                   |  10/190 [0:00:31<0:09:22, 0.32Hz]
[03.10 03:44:56] ┇ INFO    ┇                     gner ┇  - [04/07] (train) crossner_politics   :   7%|█▎                  |  13/190 [0:00:36<0:08:20, 0.35Hz]
[03.10 03:45:01] ┇ INFO    ┇                     gner ┇  - [04/07] (train) crossner_politics   :   9%|█▊                  |  17/190 [0:00:41<0:07:05, 0.41Hz]
[03.10 03:45:09] ┇ INFO    ┇                     gner ┇  - [04/07] (train) crossner_politics   :  11%|██                  |  20/190 [0:00:50<0:07:10, 0.40Hz]
[03.10 03:45:17] ┇ INFO    ┇                     gner ┇  - [04/07] (train) crossner_politics   :  12%|██▎                 |  22/190 [0:00:57<0:07:22, 0.38Hz]
[03.10 03:45:22] ┇ INFO    ┇                     gner ┇  - [04/07] (train) crossner_politics   :  13%|██▋                 |  25/190 [0:01:02<0:06:55, 0.40Hz]
[03.10 03:45:27] ┇ INFO    ┇                     gner ┇  - [04/07] (train) crossner_politics   :  15%|██▉                 |  28/190 [0:01:08<0:06:35, 0.41Hz]
[03.10 03:45:34] ┇ INFO    ┇                     gner ┇  - [04/07] (train) crossner_politics   :  16%|███▎                |  31/190 [0:01:15<0:06:28, 0.41Hz]
[03.10 03:45:40] ┇ INFO    ┇                     gner ┇  - [04/07] (train) crossner_politics   :  17%|███▎                |  32/190 [0:01:20<0:06:38, 0.40Hz]
[03.10 03:45:47] ┇ INFO    ┇                     gner ┇  - [04/07] (train) crossner_politics   :  18%|███▋                |  35/190 [0:01:27<0:06:29, 0.40Hz]
[03.10 03:45:54] ┇ INFO    ┇                     gner ┇  - [04/07] (train) crossner_politics   :  20%|████                |  38/190 [0:01:35<0:06:21, 0.40Hz]
[03.10 03:46:01] ┇ INFO    ┇                     gner ┇  - [04/07] (train) crossner_politics   :  21%|████▏               |  40/190 [0:01:41<0:06:22, 0.39Hz]
[03.10 03:46:08] ┇ INFO    ┇                     gner ┇  - [04/07] (train) crossner_politics   :  23%|████▋               |  44/190 [0:01:49<0:06:02, 0.40Hz]
[03.10 03:46:14] ┇ INFO    ┇                     gner ┇  - [04/07] (train) crossner_politics   :  24%|████▊               |  46/190 [0:01:55<0:06:02, 0.40Hz]
[03.10 03:46:20] ┇ INFO    ┇                     gner ┇  - [04/07] (train) crossner_politics   :  25%|████▉               |  47/190 [0:02:00<0:06:07, 0.39Hz]
[03.10 03:46:25] ┇ INFO    ┇                     gner ┇  - [04/07] (train) crossner_politics   :  26%|█████▎              |  50/190 [0:02:05<0:05:52, 0.40Hz]
[03.10 03:46:31] ┇ INFO    ┇                     gner ┇  - [04/07] (train) crossner_politics   :  28%|█████▌              |  53/190 [0:02:11<0:05:40, 0.40Hz]
[03.10 03:46:36] ┇ INFO    ┇                     gner ┇  - [04/07] (train) crossner_politics   :  29%|█████▉              |  56/190 [0:02:17<0:05:28, 0.41Hz]
[03.10 03:46:42] ┇ INFO    ┇                     gner ┇  - [04/07] (train) crossner_politics   :  31%|██████              |  58/190 [0:02:23<0:05:25, 0.41Hz]
[03.10 03:46:49] ┇ INFO    ┇                     gner ┇  - [04/07] (train) crossner_politics   :  32%|██████▍             |  61/190 [0:02:30<0:05:17, 0.41Hz]
[03.10 03:46:56] ┇ INFO    ┇                     gner ┇  - [04/07] (train) crossner_politics   :  33%|██████▌             |  62/190 [0:02:37<0:05:24, 0.39Hz]
[03.10 03:47:01] ┇ INFO    ┇                     gner ┇  - [04/07] (train) crossner_politics   :  33%|██████▋             |  63/190 [0:02:42<0:05:27, 0.39Hz]
[03.10 03:47:10] ┇ INFO    ┇                     gner ┇  - [04/07] (train) crossner_politics   :  35%|██████▉             |  66/190 [0:02:50<0:05:21, 0.39Hz]
[03.10 03:47:20] ┇ INFO    ┇                     gner ┇  - [04/07] (train) crossner_politics   :  36%|███████▏            |  68/190 [0:03:01<0:05:15, 0.39Hz]
[03.10 03:47:30] ┇ INFO    ┇                     gner ┇  - [04/07] (train) crossner_politics   :  36%|███████▎            |  69/190 [0:03:11<0:05:25, 0.37Hz]
[03.10 03:47:38] ┇ INFO    ┇                     gner ┇  - [04/07] (train) crossner_politics   :  38%|███████▋            |  73/190 [0:03:19<0:05:11, 0.38Hz]
[03.10 03:47:44] ┇ INFO    ┇                     gner ┇  - [04/07] (train) crossner_politics   :  39%|███████▊            |  74/190 [0:03:25<0:05:19, 0.36Hz]
[03.10 03:47:50] ┇ INFO    ┇                     gner ┇  - [04/07] (train) crossner_politics   :  40%|████████            |  76/190 [0:03:31<0:05:16, 0.36Hz]
[03.10 03:47:56] ┇ INFO    ┇                     gner ┇  - [04/07] (train) crossner_politics   :  41%|████████▏           |  78/190 [0:03:36<0:05:13, 0.36Hz]
[03.10 03:48:05] ┇ INFO    ┇                     gner ┇  - [04/07] (train) crossner_politics   :  42%|████████▍           |  80/190 [0:03:45<0:05:21, 0.34Hz]
[03.10 03:48:10] ┇ INFO    ┇                     gner ┇  - [04/07] (train) crossner_politics   :  45%|████████▉           |  85/190 [0:03:51<0:04:49, 0.36Hz]
[03.10 03:48:18] ┇ INFO    ┇                     gner ┇  - [04/07] (train) crossner_politics   :  46%|█████████▏          |  87/190 [0:03:58<0:04:50, 0.35Hz]
[03.10 03:48:25] ┇ INFO    ┇                     gner ┇  - [04/07] (train) crossner_politics   :  46%|█████████▎          |  88/190 [0:04:06<0:04:56, 0.34Hz]
[03.10 03:48:30] ┇ INFO    ┇                     gner ┇  - [04/07] (train) crossner_politics   :  47%|█████████▍          |  90/190 [0:04:11<0:04:54, 0.34Hz]
[03.10 03:48:37] ┇ INFO    ┇                     gner ┇  - [04/07] (train) crossner_politics   :  49%|█████████▊          |  93/190 [0:04:18<0:04:45, 0.34Hz]
[03.10 03:48:45] ┇ INFO    ┇                     gner ┇  - [04/07] (train) crossner_politics   :  50%|██████████          |  95/190 [0:04:25<0:04:39, 0.34Hz]
[03.10 03:48:51] ┇ INFO    ┇                     gner ┇  - [04/07] (train) crossner_politics   :  52%|██████████▎         |  98/190 [0:04:32<0:04:29, 0.34Hz]
[03.10 03:48:59] ┇ INFO    ┇                     gner ┇  - [04/07] (train) crossner_politics   :  52%|██████████▍         |  99/190 [0:04:40<0:04:35, 0.33Hz]
[03.10 03:49:05] ┇ INFO    ┇                     gner ┇  - [04/07] (train) crossner_politics   :  53%|██████████▌         | 100/190 [0:04:45<0:04:37, 0.32Hz]
[03.10 03:49:14] ┇ INFO    ┇                     gner ┇  - [04/07] (train) crossner_politics   :  53%|██████████▋         | 101/190 [0:04:54<0:04:41, 0.32Hz]
[03.10 03:49:22] ┇ INFO    ┇                     gner ┇  - [04/07] (train) crossner_politics   :  55%|██████████▉         | 104/190 [0:05:02<0:04:32, 0.32Hz]
[03.10 03:49:27] ┇ INFO    ┇                     gner ┇  - [04/07] (train) crossner_politics   :  56%|███████████▎        | 107/190 [0:05:08<0:04:21, 0.32Hz]
[03.10 03:49:39] ┇ INFO    ┇                     gner ┇  - [04/07] (train) crossner_politics   :  58%|███████████▌        | 110/190 [0:05:20<0:04:13, 0.32Hz]
[03.10 03:49:45] ┇ INFO    ┇                     gner ┇  - [04/07] (train) crossner_politics   :  58%|███████████▋        | 111/190 [0:05:25<0:04:14, 0.31Hz]
[03.10 03:49:50] ┇ INFO    ┇                     gner ┇  - [04/07] (train) crossner_politics   :  61%|████████████        | 115/190 [0:05:31<0:04:00, 0.31Hz]
[03.10 03:49:56] ┇ INFO    ┇                     gner ┇  - [04/07] (train) crossner_politics   :  62%|████████████▎       | 117/190 [0:05:37<0:03:55, 0.31Hz]
[03.10 03:50:03] ┇ INFO    ┇                     gner ┇  - [04/07] (train) crossner_politics   :  63%|████████████▋       | 120/190 [0:05:44<0:03:45, 0.31Hz]
[03.10 03:50:09] ┇ INFO    ┇                     gner ┇  - [04/07] (train) crossner_politics   :  65%|████████████▉       | 123/190 [0:05:50<0:03:37, 0.31Hz]
[03.10 03:50:18] ┇ INFO    ┇                     gner ┇  - [04/07] (train) crossner_politics   :  66%|█████████████▏      | 125/190 [0:05:58<0:03:28, 0.31Hz]
[03.10 03:50:28] ┇ INFO    ┇                     gner ┇  - [04/07] (train) crossner_politics   :  67%|█████████████▎      | 127/190 [0:06:09<0:03:25, 0.31Hz]
[03.10 03:50:37] ┇ INFO    ┇                     gner ┇  - [04/07] (train) crossner_politics   :  68%|█████████████▋      | 130/190 [0:06:17<0:03:14, 0.31Hz]
[03.10 03:50:42] ┇ INFO    ┇                     gner ┇  - [04/07] (train) crossner_politics   :  70%|██████████████      | 133/190 [0:06:23<0:02:52, 0.33Hz]
[03.10 03:50:48] ┇ INFO    ┇                     gner ┇  - [04/07] (train) crossner_politics   :  72%|██████████████▎     | 136/190 [0:06:29<0:02:43, 0.33Hz]
[03.10 03:50:56] ┇ INFO    ┇                     gner ┇  - [04/07] (train) crossner_politics   :  73%|██████████████▌     | 138/190 [0:06:37<0:02:37, 0.33Hz]
[03.10 03:51:06] ┇ INFO    ┇                     gner ┇  - [04/07] (train) crossner_politics   :  74%|██████████████▊     | 141/190 [0:06:46<0:02:27, 0.33Hz]
[03.10 03:51:12] ┇ INFO    ┇                     gner ┇  - [04/07] (train) crossner_politics   :  76%|███████████████▏    | 144/190 [0:06:53<0:02:15, 0.34Hz]
[03.10 03:51:18] ┇ INFO    ┇                     gner ┇  - [04/07] (train) crossner_politics   :  76%|███████████████▎    | 145/190 [0:06:59<0:02:16, 0.33Hz]
[03.10 03:51:27] ┇ INFO    ┇                     gner ┇  - [04/07] (train) crossner_politics   :  78%|███████████████▌    | 148/190 [0:07:08<0:02:11, 0.32Hz]
[03.10 03:51:34] ┇ INFO    ┇                     gner ┇  - [04/07] (train) crossner_politics   :  79%|███████████████▊    | 150/190 [0:07:15<0:02:04, 0.32Hz]
[03.10 03:51:42] ┇ INFO    ┇                     gner ┇  - [04/07] (train) crossner_politics   :  81%|████████████████▏   | 154/190 [0:07:22<0:01:48, 0.33Hz]
[03.10 03:51:50] ┇ INFO    ┇                     gner ┇  - [04/07] (train) crossner_politics   :  82%|████████████████▍   | 156/190 [0:07:30<0:01:43, 0.33Hz]
[03.10 03:51:55] ┇ INFO    ┇                     gner ┇  - [04/07] (train) crossner_politics   :  84%|████████████████▋   | 159/190 [0:07:36<0:01:32, 0.33Hz]
[03.10 03:52:00] ┇ INFO    ┇                     gner ┇  - [04/07] (train) crossner_politics   :  85%|█████████████████   | 162/190 [0:07:41<0:01:20, 0.35Hz]
[03.10 03:52:05] ┇ INFO    ┇                     gner ┇  - [04/07] (train) crossner_politics   :  86%|█████████████████▎  | 164/190 [0:07:46<0:01:10, 0.37Hz]
[03.10 03:52:14] ┇ INFO    ┇                     gner ┇  - [04/07] (train) crossner_politics   :  87%|█████████████████▎  | 165/190 [0:07:55<0:01:11, 0.35Hz]
[03.10 03:52:19] ┇ INFO    ┇                     gner ┇  - [04/07] (train) crossner_politics   :  88%|█████████████████▌  | 167/190 [0:08:00<0:01:04, 0.35Hz]
[03.10 03:52:27] ┇ INFO    ┇                     gner ┇  - [04/07] (train) crossner_politics   :  89%|█████████████████▉  | 170/190 [0:08:08<0:00:57, 0.35Hz]
[03.10 03:52:36] ┇ INFO    ┇                     gner ┇  - [04/07] (train) crossner_politics   :  91%|██████████████████▏ | 173/190 [0:08:16<0:00:47, 0.36Hz]
[03.10 03:52:43] ┇ INFO    ┇                     gner ┇  - [04/07] (train) crossner_politics   :  93%|██████████████████▌ | 176/190 [0:08:24<0:00:39, 0.36Hz]
[03.10 03:52:49] ┇ INFO    ┇                     gner ┇  - [04/07] (train) crossner_politics   :  94%|██████████████████▋ | 178/190 [0:08:30<0:00:33, 0.35Hz]
[03.10 03:52:55] ┇ INFO    ┇                     gner ┇  - [04/07] (train) crossner_politics   :  95%|███████████████████ | 181/190 [0:08:36<0:00:25, 0.36Hz]
[03.10 03:53:02] ┇ INFO    ┇                     gner ┇  - [04/07] (train) crossner_politics   :  97%|███████████████████▎| 184/190 [0:08:43<0:00:16, 0.36Hz]
[03.10 03:53:14] ┇ INFO    ┇                     gner ┇  - [04/07] (train) crossner_politics   :  98%|███████████████████▌| 186/190 [0:08:54<0:00:11, 0.34Hz]
[03.10 03:53:22] ┇ INFO    ┇                     gner ┇  - [04/07] (train) crossner_politics   :  99%|███████████████████▊| 188/190 [0:09:02<0:00:05, 0.34Hz]
[03.10 03:53:29] ┇ INFO    ┇                     gner ┇  - [04/07] (train) crossner_politics   : 100%|████████████████████| 190/190 [0:09:10<0:00:00, 0.35Hz]
[03.10 03:53:30] ┇ INFO    ┇                     gner ┇  - [05/07] (train) crossner_science    :   1%|                    |   1/190 [0:00:01<0:03:14, 0.97Hz]
[03.10 03:53:37] ┇ INFO    ┇                     gner ┇  - [05/07] (train) crossner_science    :   2%|▎                   |   3/190 [0:00:07<0:07:33, 0.41Hz]
[03.10 03:53:42] ┇ INFO    ┇                     gner ┇  - [05/07] (train) crossner_science    :   5%|█                   |  10/190 [0:00:12<0:03:53, 0.77Hz]
[03.10 03:53:48] ┇ INFO    ┇                     gner ┇  - [05/07] (train) crossner_science    :   8%|█▋                  |  16/190 [0:00:18<0:03:18, 0.87Hz]
[03.10 03:53:54] ┇ INFO    ┇                     gner ┇  - [05/07] (train) crossner_science    :  11%|██▏                 |  21/190 [0:00:24<0:03:18, 0.85Hz]
[03.10 03:54:01] ┇ INFO    ┇                     gner ┇  - [05/07] (train) crossner_science    :  14%|██▋                 |  26/190 [0:00:31<0:03:20, 0.82Hz]
[03.10 03:54:07] ┇ INFO    ┇                     gner ┇  - [05/07] (train) crossner_science    :  18%|███▌                |  34/190 [0:00:37<0:02:50, 0.91Hz]
[03.10 03:54:16] ┇ INFO    ┇                     gner ┇  - [05/07] (train) crossner_science    :  20%|████                |  38/190 [0:00:46<0:03:05, 0.82Hz]
[03.10 03:54:21] ┇ INFO    ┇                     gner ┇  - [05/07] (train) crossner_science    :  23%|████▋               |  44/190 [0:00:51<0:02:50, 0.86Hz]
[03.10 03:54:27] ┇ INFO    ┇                     gner ┇  - [05/07] (train) crossner_science    :  26%|█████▎              |  50/190 [0:00:57<0:02:39, 0.88Hz]
[03.10 03:54:33] ┇ INFO    ┇                     gner ┇  - [05/07] (train) crossner_science    :  28%|█████▋              |  54/190 [0:01:03<0:02:41, 0.84Hz]
[03.10 03:54:45] ┇ INFO    ┇                     gner ┇  - [05/07] (train) crossner_science    :  32%|██████▎             |  60/190 [0:01:16<0:02:44, 0.79Hz]
[03.10 03:54:51] ┇ INFO    ┇                     gner ┇  - [05/07] (train) crossner_science    :  35%|██████▉             |  66/190 [0:01:21<0:02:26, 0.85Hz]
[03.10 03:55:03] ┇ INFO    ┇                     gner ┇  - [05/07] (train) crossner_science    :  36%|███████▎            |  69/190 [0:01:33<0:02:40, 0.76Hz]
[03.10 03:55:14] ┇ INFO    ┇                     gner ┇  - [05/07] (train) crossner_science    :  38%|███████▋            |  73/190 [0:01:44<0:02:49, 0.69Hz]
[03.10 03:55:23] ┇ INFO    ┇                     gner ┇  - [05/07] (train) crossner_science    :  39%|███████▊            |  74/190 [0:01:53<0:03:03, 0.63Hz]
[03.10 03:55:29] ┇ INFO    ┇                     gner ┇  - [05/07] (train) crossner_science    :  40%|████████            |  76/190 [0:01:59<0:03:06, 0.61Hz]
[03.10 03:55:35] ┇ INFO    ┇                     gner ┇  - [05/07] (train) crossner_science    :  42%|████████▍           |  80/190 [0:02:05<0:03:02, 0.60Hz]
[03.10 03:55:42] ┇ INFO    ┇                     gner ┇  - [05/07] (train) crossner_science    :  44%|████████▊           |  84/190 [0:02:12<0:03:01, 0.59Hz]
[03.10 03:55:49] ┇ INFO    ┇                     gner ┇  - [05/07] (train) crossner_science    :  47%|█████████▎          |  89/190 [0:02:19<0:02:52, 0.59Hz]
[03.10 03:55:54] ┇ INFO    ┇                     gner ┇  - [05/07] (train) crossner_science    :  50%|██████████          |  95/190 [0:02:24<0:02:43, 0.58Hz]
[03.10 03:56:01] ┇ INFO    ┇                     gner ┇  - [05/07] (train) crossner_science    :  54%|██████████▋         | 102/190 [0:02:31<0:02:24, 0.61Hz]
[03.10 03:56:06] ┇ INFO    ┇                     gner ┇  - [05/07] (train) crossner_science    :  56%|███████████▎        | 107/190 [0:02:36<0:02:18, 0.60Hz]
[03.10 03:56:11] ┇ INFO    ┇                     gner ┇  - [05/07] (train) crossner_science    :  59%|███████████▊        | 112/190 [0:02:41<0:02:09, 0.60Hz]
[03.10 03:56:22] ┇ INFO    ┇                     gner ┇  - [05/07] (train) crossner_science    :  61%|████████████▏       | 116/190 [0:02:52<0:02:12, 0.56Hz]
[03.10 03:56:28] ┇ INFO    ┇                     gner ┇  - [05/07] (train) crossner_science    :  63%|████████████▋       | 120/190 [0:02:58<0:02:03, 0.57Hz]
[03.10 03:56:33] ┇ INFO    ┇                     gner ┇  - [05/07] (train) crossner_science    :  64%|████████████▊       | 122/190 [0:03:03<0:02:03, 0.55Hz]
[03.10 03:56:38] ┇ INFO    ┇                     gner ┇  - [05/07] (train) crossner_science    :  67%|█████████████▎      | 127/190 [0:03:08<0:01:48, 0.58Hz]
[03.10 03:56:45] ┇ INFO    ┇                     gner ┇  - [05/07] (train) crossner_science    :  70%|██████████████      | 133/190 [0:03:15<0:01:29, 0.63Hz]
[03.10 03:56:50] ┇ INFO    ┇                     gner ┇  - [05/07] (train) crossner_science    :  73%|██████████████▌     | 138/190 [0:03:20<0:01:10, 0.74Hz]
[03.10 03:56:58] ┇ INFO    ┇                     gner ┇  - [05/07] (train) crossner_science    :  74%|██████████████▊     | 141/190 [0:03:28<0:01:07, 0.72Hz]
[03.10 03:57:05] ┇ INFO    ┇                     gner ┇  - [05/07] (train) crossner_science    :  77%|███████████████▎    | 146/190 [0:03:35<0:00:59, 0.74Hz]
[03.10 03:57:11] ┇ INFO    ┇                     gner ┇  - [05/07] (train) crossner_science    :  79%|███████████████▉    | 151/190 [0:03:41<0:00:52, 0.75Hz]
[03.10 03:57:16] ┇ INFO    ┇                     gner ┇  - [05/07] (train) crossner_science    :  83%|████████████████▌   | 157/190 [0:03:46<0:00:43, 0.76Hz]
[03.10 03:57:22] ┇ INFO    ┇                     gner ┇  - [05/07] (train) crossner_science    :  84%|████████████████▊   | 160/190 [0:03:52<0:00:41, 0.73Hz]
[03.10 03:57:31] ┇ INFO    ┇                     gner ┇  - [05/07] (train) crossner_science    :  88%|█████████████████▌  | 167/190 [0:04:01<0:00:32, 0.70Hz]
[03.10 03:57:37] ┇ INFO    ┇                     gner ┇  - [05/07] (train) crossner_science    :  91%|██████████████████  | 172/190 [0:04:07<0:00:25, 0.70Hz]
[03.10 03:57:43] ┇ INFO    ┇                     gner ┇  - [05/07] (train) crossner_science    :  93%|██████████████████▌ | 176/190 [0:04:14<0:00:20, 0.69Hz]
[03.10 03:57:50] ┇ INFO    ┇                     gner ┇  - [05/07] (train) crossner_science    :  95%|███████████████████ | 181/190 [0:04:20<0:00:12, 0.74Hz]
[03.10 03:57:55] ┇ INFO    ┇                     gner ┇  - [05/07] (train) crossner_science    :  98%|███████████████████▌| 186/190 [0:04:25<0:00:05, 0.78Hz]
[03.10 03:58:00] ┇ INFO    ┇                     gner ┇  - [05/07] (train) crossner_science    : 100%|████████████████████| 190/190 [0:04:30<0:00:00, 0.77Hz]
[03.10 03:58:00] ┇ INFO    ┇                     gner ┇  - [06/07] (train) mit-movie           :   1%|                    |   1/190 [0:00:00<0:00:09, 19.52Hz]
[03.10 03:58:05] ┇ INFO    ┇                     gner ┇  - [06/07] (train) mit-movie           :  53%|██████████▌         | 100/190 [0:00:05<0:00:04, 19.51Hz]
[03.10 03:58:09] ┇ INFO    ┇                     gner ┇  - [06/07] (train) mit-movie           : 100%|████████████████████| 190/190 [0:00:09<0:00:00, 22.20Hz]
[03.10 03:58:09] ┇ INFO    ┇                     gner ┇  - [07/07] (train) mit-restaurant      :   1%|                    |   1/190 [0:00:00<0:00:06, 30.36Hz]
[03.10 03:58:14] ┇ INFO    ┇                     gner ┇  - [07/07] (train) mit-restaurant      :  38%|███████▌            |  72/190 [0:00:05<0:00:08, 13.29Hz]
[03.10 03:58:19] ┇ INFO    ┇                     gner ┇  - [07/07] (train) mit-restaurant      :  76%|███████████████▏    | 144/190 [0:00:10<0:00:03, 14.82Hz]
[03.10 03:58:24] ┇ INFO    ┇                     gner ┇  - [07/07] (train) mit-restaurant      : 100%|████████████████████| 190/190 [0:00:14<0:00:00, 11.53Hz]
[03.10 03:58:24] ┇ INFO    ┇                     gner ┇  - [01/07] (val  ) crossner_ai         :  10%|██                  |  1/10 [0:00:00<0:00:02, 3.03Hz]
[03.10 03:58:29] ┇ INFO    ┇                     gner ┇  - [01/07] (val  ) crossner_ai         : 100%|████████████████████| 10/10 [0:00:05<0:00:00, 1.89Hz]
[03.10 03:58:29] ┇ INFO    ┇                     gner ┇  - [02/07] (val  ) crossner_literature :  10%|██                  |  1/10 [0:00:00<0:00:02, 3.36Hz]
[03.10 03:58:35] ┇ INFO    ┇                     gner ┇  - [02/07] (val  ) crossner_literature :  60%|████████████        |  6/10 [0:00:05<0:00:03, 1.04Hz]
[03.10 03:58:36] ┇ INFO    ┇                     gner ┇  - [02/07] (val  ) crossner_literature : 100%|████████████████████| 10/10 [0:00:07<0:00:00, 1.40Hz]
[03.10 03:58:39] ┇ INFO    ┇                     gner ┇  - [03/07] (val  ) crossner_music      :  10%|██                  |  1/10 [0:00:03<0:00:30, 0.29Hz]
[03.10 03:58:45] ┇ INFO    ┇                     gner ┇  - [03/07] (val  ) crossner_music      :  60%|████████████        |  6/10 [0:00:09<0:00:06, 0.65Hz]
[03.10 03:58:52] ┇ INFO    ┇                     gner ┇  - [03/07] (val  ) crossner_music      :  80%|████████████████    |  8/10 [0:00:16<0:00:04, 0.49Hz]
[03.10 03:58:54] ┇ INFO    ┇                     gner ┇  - [03/07] (val  ) crossner_music      : 100%|████████████████████| 10/10 [0:00:17<0:00:00, 0.57Hz]
[03.10 03:58:56] ┇ INFO    ┇                     gner ┇  - [04/07] (val  ) crossner_politics   :  10%|██                  |  1/10 [0:00:02<0:00:21, 0.43Hz]
[03.10 03:59:05] ┇ INFO    ┇                     gner ┇  - [04/07] (val  ) crossner_politics   :  30%|██████              |  3/10 [0:00:11<0:00:26, 0.27Hz]
[03.10 03:59:10] ┇ INFO    ┇                     gner ┇  - [04/07] (val  ) crossner_politics   :  50%|██████████          |  5/10 [0:00:16<0:00:16, 0.31Hz]
[03.10 03:59:17] ┇ INFO    ┇                     gner ┇  - [04/07] (val  ) crossner_politics   : 100%|████████████████████| 10/10 [0:00:23<0:00:00, 0.42Hz]
[03.10 03:59:17] ┇ INFO    ┇                     gner ┇  - [05/07] (val  ) crossner_science    :  10%|██                  |  1/10 [0:00:00<0:00:01, 7.17Hz]
[03.10 03:59:24] ┇ INFO    ┇                     gner ┇  - [05/07] (val  ) crossner_science    :  60%|████████████        |  6/10 [0:00:06<0:00:04, 0.96Hz]
[03.10 03:59:26] ┇ INFO    ┇                     gner ┇  - [05/07] (val  ) crossner_science    : 100%|████████████████████| 10/10 [0:00:08<0:00:00, 1.20Hz]
[03.10 03:59:26] ┇ INFO    ┇                     gner ┇  - [06/07] (val  ) mit-movie           :  10%|██                  |  1/10 [0:00:00<0:00:00, 15.85Hz]
[03.10 03:59:26] ┇ INFO    ┇                     gner ┇  - [06/07] (val  ) mit-movie           : 100%|████████████████████| 10/10 [0:00:00<0:00:00, 18.14Hz]
[03.10 03:59:26] ┇ INFO    ┇                     gner ┇  - [07/07] (val  ) mit-restaurant      :  10%|██                  |  1/10 [0:00:00<0:00:00, 27.16Hz]
[03.10 03:59:27] ┇ INFO    ┇                     gner ┇  - [07/07] (val  ) mit-restaurant      : 100%|████████████████████| 10/10 [0:00:00<0:00:00, 14.83Hz]
[03.10 03:59:27] ┇ INFO    ┇                     gner ┇ QE data[train] saved to data/GNER-QE/ZSE-validation-pred-by_beam-num=10-train.json
[03.10 03:59:27] ┇ INFO    ┇                     gner ┇ QE data[val] saved to data/GNER-QE/ZSE-validation-pred-by_beam-num=10-val.json
[03.10 03:59:27] ┇ INFO    ┇           chrisbase.data ┇ =========================================================================================================================================
[03.10 03:59:27] ┇ INFO    ┇           chrisbase.data ┇ [EXIT] python /raid/chrisjihee/proj/GNER/generate.py convert_to_qe_data --num_candidates 10 ($=00:26:02.525)
[03.10 03:59:27] ┇ INFO    ┇           chrisbase.data ┇ =========================================================================================================================================
