[03.19 16:20:59] ┇ INFO    ┇                     gner ┇ Set random seed to 7
[03.19 16:20:59] ┇ INFO    ┇           chrisbase.data ┇ =========================================================================================================================================
[03.19 16:20:59] ┇ INFO    ┇           chrisbase.data ┇ [INIT] python generate.py generate_hybrid_prediction --device cuda:5 --input_file data/ZSE-validation-sampled-N210.jsonl --do_check_possibility
[03.19 16:20:59] ┇ INFO    ┇           chrisbase.data ┇ =========================================================================================================================================
[03.19 16:21:19] ┇ INFO    ┇                     gner ┇ Generating to data/GNER-QE/ZSE-validation-sampled-N210-hybrid_gen-by_beam-amount=5x10.jsonl:   0%|                    |   1/210 [0:00:19<1:08:25, 0.05Hz] | avg_hyp=306, max_f1=1.000
[03.19 16:21:35] ┇ INFO    ┇                     gner ┇ Generating to data/GNER-QE/ZSE-validation-sampled-N210-hybrid_gen-by_beam-amount=5x10.jsonl:   1%|▏                   |   2/210 [0:00:35<1:01:48, 0.06Hz] | avg_hyp=242, max_f1=1.000
[03.19 16:21:50] ┇ INFO    ┇                     gner ┇ Generating to data/GNER-QE/ZSE-validation-sampled-N210-hybrid_gen-by_beam-amount=5x10.jsonl:   1%|▎                   |   3/210 [0:00:50<0:58:02, 0.06Hz] | avg_hyp=207, max_f1=0.909
[03.19 16:22:09] ┇ INFO    ┇                     gner ┇ Generating to data/GNER-QE/ZSE-validation-sampled-N210-hybrid_gen-by_beam-amount=5x10.jsonl:   2%|▍                   |   4/210 [0:01:09<0:59:58, 0.06Hz] | avg_hyp=214, max_f1=0.933
[03.19 16:22:25] ┇ INFO    ┇                     gner ┇ Generating to data/GNER-QE/ZSE-validation-sampled-N210-hybrid_gen-by_beam-amount=5x10.jsonl:   2%|▍                   |   5/210 [0:01:25<0:58:33, 0.06Hz] | avg_hyp=215, max_f1=0.842
[03.19 16:22:41] ┇ INFO    ┇                     gner ┇ Generating to data/GNER-QE/ZSE-validation-sampled-N210-hybrid_gen-by_beam-amount=5x10.jsonl:   3%|▌                   |   6/210 [0:01:41<0:57:38, 0.06Hz] | avg_hyp=222, max_f1=0.833
[03.19 16:22:55] ┇ INFO    ┇                     gner ┇ Generating to data/GNER-QE/ZSE-validation-sampled-N210-hybrid_gen-by_beam-amount=5x10.jsonl:   3%|▋                   |   7/210 [0:01:55<0:55:42, 0.06Hz] | avg_hyp=223, max_f1=0.857
[03.19 16:23:05] ┇ INFO    ┇                     gner ┇ Generating to data/GNER-QE/ZSE-validation-sampled-N210-hybrid_gen-by_beam-amount=5x10.jsonl:   4%|▊                   |   8/210 [0:02:05<0:52:49, 0.06Hz] | avg_hyp=219, max_f1=0.867
[03.19 16:23:31] ┇ INFO    ┇                     gner ┇ Generating to data/GNER-QE/ZSE-validation-sampled-N210-hybrid_gen-by_beam-amount=5x10.jsonl:   4%|▊                   |   9/210 [0:02:31<0:56:21, 0.06Hz] | avg_hyp=218, max_f1=0.857
[03.19 16:23:42] ┇ INFO    ┇                     gner ┇ Generating to data/GNER-QE/ZSE-validation-sampled-N210-hybrid_gen-by_beam-amount=5x10.jsonl:   5%|▉                   |  10/210 [0:02:42<0:54:15, 0.06Hz] | avg_hyp=206, max_f1=0.842
[03.19 16:23:54] ┇ INFO    ┇                     gner ┇ Generating to data/GNER-QE/ZSE-validation-sampled-N210-hybrid_gen-by_beam-amount=5x10.jsonl:   5%|█                   |  11/210 [0:02:54<0:52:29, 0.06Hz] | avg_hyp=200, max_f1=0.829
[03.19 16:24:05] ┇ INFO    ┇                     gner ┇ Generating to data/GNER-QE/ZSE-validation-sampled-N210-hybrid_gen-by_beam-amount=5x10.jsonl:   6%|█▏                  |  12/210 [0:03:05<0:50:58, 0.06Hz] | avg_hyp=193, max_f1=0.837
[03.19 16:24:18] ┇ INFO    ┇                     gner ┇ Generating to data/GNER-QE/ZSE-validation-sampled-N210-hybrid_gen-by_beam-amount=5x10.jsonl:   6%|█▏                  |  13/210 [0:03:18<0:50:04, 0.07Hz] | avg_hyp=191, max_f1=0.844
[03.19 16:24:32] ┇ INFO    ┇                     gner ┇ Generating to data/GNER-QE/ZSE-validation-sampled-N210-hybrid_gen-by_beam-amount=5x10.jsonl:   7%|█▎                  |  14/210 [0:03:32<0:49:32, 0.07Hz] | avg_hyp=193, max_f1=0.851
[03.19 16:24:45] ┇ INFO    ┇                     gner ┇ Generating to data/GNER-QE/ZSE-validation-sampled-N210-hybrid_gen-by_beam-amount=5x10.jsonl:   7%|█▍                  |  15/210 [0:03:45<0:48:56, 0.07Hz] | avg_hyp=191, max_f1=0.863
[03.19 16:24:59] ┇ INFO    ┇                     gner ┇ Generating to data/GNER-QE/ZSE-validation-sampled-N210-hybrid_gen-by_beam-amount=5x10.jsonl:   8%|█▌                  |  16/210 [0:03:59<0:48:20, 0.07Hz] | avg_hyp=194, max_f1=0.873
[03.19 16:26:33] ┇ INFO    ┇                     gner ┇ Generating to data/GNER-QE/ZSE-validation-sampled-N210-hybrid_gen-by_beam-amount=5x10.jsonl:   8%|█▌                  |  17/210 [0:05:33<1:03:04, 0.05Hz] | avg_hyp=189, max_f1=0.881
[03.19 16:26:40] ┇ INFO    ┇                     gner ┇ Generating to data/GNER-QE/ZSE-validation-sampled-N210-hybrid_gen-by_beam-amount=5x10.jsonl:   9%|█▋                  |  18/210 [0:05:40<1:00:36, 0.05Hz] | avg_hyp=188, max_f1=0.885
[03.19 16:27:21] ┇ INFO    ┇                     gner ┇ Generating to data/GNER-QE/ZSE-validation-sampled-N210-hybrid_gen-by_beam-amount=5x10.jsonl:   9%|█▊                  |  19/210 [0:06:21<1:03:58, 0.05Hz] | avg_hyp=191, max_f1=0.875
[03.19 16:27:35] ┇ INFO    ┇                     gner ┇ Generating to data/GNER-QE/ZSE-validation-sampled-N210-hybrid_gen-by_beam-amount=5x10.jsonl:  10%|█▉                  |  20/210 [0:06:35<1:02:34, 0.05Hz] | avg_hyp=190, max_f1=0.879
[03.19 16:27:47] ┇ INFO    ┇                     gner ┇ Generating to data/GNER-QE/ZSE-validation-sampled-N210-hybrid_gen-by_beam-amount=5x10.jsonl:  10%|██                  |  21/210 [0:06:47<1:01:05, 0.05Hz] | avg_hyp=190, max_f1=0.886
[03.19 16:27:59] ┇ INFO    ┇                     gner ┇ Generating to data/GNER-QE/ZSE-validation-sampled-N210-hybrid_gen-by_beam-amount=5x10.jsonl:  10%|██                  |  22/210 [0:06:59<0:59:43, 0.05Hz] | avg_hyp=187, max_f1=0.877
[03.19 16:28:18] ┇ INFO    ┇                     gner ┇ Generating to data/GNER-QE/ZSE-validation-sampled-N210-hybrid_gen-by_beam-amount=5x10.jsonl:  11%|██▏                 |  23/210 [0:07:18<0:59:24, 0.05Hz] | avg_hyp=191, max_f1=0.883
[03.19 16:28:31] ┇ INFO    ┇                     gner ┇ Generating to data/GNER-QE/ZSE-validation-sampled-N210-hybrid_gen-by_beam-amount=5x10.jsonl:  11%|██▎                 |  24/210 [0:07:31<0:58:16, 0.05Hz] | avg_hyp=192, max_f1=0.889
[03.19 16:28:47] ┇ INFO    ┇                     gner ┇ Generating to data/GNER-QE/ZSE-validation-sampled-N210-hybrid_gen-by_beam-amount=5x10.jsonl:  12%|██▍                 |  25/210 [0:07:47<0:57:41, 0.05Hz] | avg_hyp=191, max_f1=0.894
[03.19 16:28:56] ┇ INFO    ┇                     gner ┇ Generating to data/GNER-QE/ZSE-validation-sampled-N210-hybrid_gen-by_beam-amount=5x10.jsonl:  12%|██▍                 |  26/210 [0:07:56<0:56:13, 0.05Hz] | avg_hyp=188, max_f1=0.897
[03.19 16:29:09] ┇ INFO    ┇                     gner ┇ Generating to data/GNER-QE/ZSE-validation-sampled-N210-hybrid_gen-by_beam-amount=5x10.jsonl:  13%|██▌                 |  27/210 [0:08:09<0:55:19, 0.06Hz] | avg_hyp=188, max_f1=0.901
[03.19 16:29:23] ┇ INFO    ┇                     gner ┇ Generating to data/GNER-QE/ZSE-validation-sampled-N210-hybrid_gen-by_beam-amount=5x10.jsonl:  13%|██▋                 |  28/210 [0:08:23<0:54:29, 0.06Hz] | avg_hyp=186, max_f1=0.903
[03.19 16:29:33] ┇ INFO    ┇                     gner ┇ Generating to data/GNER-QE/ZSE-validation-sampled-N210-hybrid_gen-by_beam-amount=5x10.jsonl:  14%|██▊                 |  29/210 [0:08:33<0:53:27, 0.06Hz] | avg_hyp=183, max_f1=0.896
[03.19 16:29:43] ┇ INFO    ┇                     gner ┇ Generating to data/GNER-QE/ZSE-validation-sampled-N210-hybrid_gen-by_beam-amount=5x10.jsonl:  14%|██▊                 |  30/210 [0:08:43<0:52:22, 0.06Hz] | avg_hyp=185, max_f1=0.900
[03.19 16:29:58] ┇ INFO    ┇                     gner ┇ Generating to data/GNER-QE/ZSE-validation-sampled-N210-hybrid_gen-by_beam-amount=5x10.jsonl:  15%|██▉                 |  31/210 [0:08:58<0:51:50, 0.06Hz] | avg_hyp=183, max_f1=0.887
[03.19 16:30:05] ┇ INFO    ┇                     gner ┇ Generating to data/GNER-QE/ZSE-validation-sampled-N210-hybrid_gen-by_beam-amount=5x10.jsonl:  15%|███                 |  32/210 [0:09:05<0:50:35, 0.06Hz] | avg_hyp=181, max_f1=0.889
[03.19 16:30:23] ┇ INFO    ┇                     gner ┇ Generating to data/GNER-QE/ZSE-validation-sampled-N210-hybrid_gen-by_beam-amount=5x10.jsonl:  16%|███▏                |  33/210 [0:09:23<0:50:20, 0.06Hz] | avg_hyp=181, max_f1=0.875
[03.19 16:30:28] ┇ INFO    ┇                     gner ┇ Generating to data/GNER-QE/ZSE-validation-sampled-N210-hybrid_gen-by_beam-amount=5x10.jsonl:  16%|███▏                |  34/210 [0:09:28<0:49:05, 0.06Hz] | avg_hyp=179, max_f1=0.877
[03.19 16:30:38] ┇ INFO    ┇                     gner ┇ Generating to data/GNER-QE/ZSE-validation-sampled-N210-hybrid_gen-by_beam-amount=5x10.jsonl:  17%|███▎                |  35/210 [0:09:37<0:48:09, 0.06Hz] | avg_hyp=176, max_f1=0.881
[03.19 16:30:52] ┇ INFO    ┇                     gner ┇ Generating to data/GNER-QE/ZSE-validation-sampled-N210-hybrid_gen-by_beam-amount=5x10.jsonl:  17%|███▍                |  36/210 [0:09:52<0:47:44, 0.06Hz] | avg_hyp=176, max_f1=0.883
[03.19 16:31:04] ┇ INFO    ┇                     gner ┇ Generating to data/GNER-QE/ZSE-validation-sampled-N210-hybrid_gen-by_beam-amount=5x10.jsonl:  18%|███▌                |  37/210 [0:10:04<0:47:04, 0.06Hz] | avg_hyp=175, max_f1=0.878
[03.19 16:31:47] ┇ INFO    ┇                     gner ┇ Generating to data/GNER-QE/ZSE-validation-sampled-N210-hybrid_gen-by_beam-amount=5x10.jsonl:  18%|███▌                |  38/210 [0:10:47<0:48:50, 0.06Hz] | avg_hyp=174, max_f1=0.877
[03.19 16:31:54] ┇ INFO    ┇                     gner ┇ Generating to data/GNER-QE/ZSE-validation-sampled-N210-hybrid_gen-by_beam-amount=5x10.jsonl:  19%|███▋                |  39/210 [0:10:54<0:47:50, 0.06Hz] | avg_hyp=171, max_f1=0.872
[03.19 16:32:11] ┇ INFO    ┇                     gner ┇ Generating to data/GNER-QE/ZSE-validation-sampled-N210-hybrid_gen-by_beam-amount=5x10.jsonl:  19%|███▊                |  40/210 [0:11:11<0:47:33, 0.06Hz] | avg_hyp=171, max_f1=0.868
[03.19 16:32:23] ┇ INFO    ┇                     gner ┇ Generating to data/GNER-QE/ZSE-validation-sampled-N210-hybrid_gen-by_beam-amount=5x10.jsonl:  20%|███▉                |  41/210 [0:11:23<0:46:57, 0.06Hz] | avg_hyp=169, max_f1=0.871
[03.19 16:32:33] ┇ INFO    ┇                     gner ┇ Generating to data/GNER-QE/ZSE-validation-sampled-N210-hybrid_gen-by_beam-amount=5x10.jsonl:  20%|████                |  42/210 [0:11:33<0:46:12, 0.06Hz] | avg_hyp=167, max_f1=0.875
[03.19 16:32:41] ┇ INFO    ┇                     gner ┇ Generating to data/GNER-QE/ZSE-validation-sampled-N210-hybrid_gen-by_beam-amount=5x10.jsonl:  20%|████                |  43/210 [0:11:41<0:45:25, 0.06Hz] | avg_hyp=165, max_f1=0.871
[03.19 16:32:52] ┇ INFO    ┇                     gner ┇ Generating to data/GNER-QE/ZSE-validation-sampled-N210-hybrid_gen-by_beam-amount=5x10.jsonl:  21%|████▏               |  44/210 [0:11:52<0:44:47, 0.06Hz] | avg_hyp=163, max_f1=0.867
[03.19 16:33:04] ┇ INFO    ┇                     gner ┇ Generating to data/GNER-QE/ZSE-validation-sampled-N210-hybrid_gen-by_beam-amount=5x10.jsonl:  21%|████▎               |  45/210 [0:12:04<0:44:15, 0.06Hz] | avg_hyp=163, max_f1=0.863
[03.19 16:33:14] ┇ INFO    ┇                     gner ┇ Generating to data/GNER-QE/ZSE-validation-sampled-N210-hybrid_gen-by_beam-amount=5x10.jsonl:  22%|████▍               |  46/210 [0:12:14<0:43:37, 0.06Hz] | avg_hyp=162, max_f1=0.861
[03.19 16:33:20] ┇ INFO    ┇                     gner ┇ Generating to data/GNER-QE/ZSE-validation-sampled-N210-hybrid_gen-by_beam-amount=5x10.jsonl:  22%|████▍               |  47/210 [0:12:19<0:42:46, 0.06Hz] | avg_hyp=161, max_f1=0.862
[03.19 16:33:26] ┇ INFO    ┇                     gner ┇ Generating to data/GNER-QE/ZSE-validation-sampled-N210-hybrid_gen-by_beam-amount=5x10.jsonl:  23%|████▌               |  48/210 [0:12:26<0:41:59, 0.06Hz] | avg_hyp=158, max_f1=0.864
[03.19 16:33:32] ┇ INFO    ┇                     gner ┇ Generating to data/GNER-QE/ZSE-validation-sampled-N210-hybrid_gen-by_beam-amount=5x10.jsonl:  23%|████▋               |  49/210 [0:12:32<0:41:13, 0.07Hz] | avg_hyp=157, max_f1=0.867
[03.19 16:33:41] ┇ INFO    ┇                     gner ┇ Generating to data/GNER-QE/ZSE-validation-sampled-N210-hybrid_gen-by_beam-amount=5x10.jsonl:  24%|████▊               |  50/210 [0:12:41<0:40:36, 0.07Hz] | avg_hyp=157, max_f1=0.871
[03.19 16:33:48] ┇ INFO    ┇                     gner ┇ Generating to data/GNER-QE/ZSE-validation-sampled-N210-hybrid_gen-by_beam-amount=5x10.jsonl:  24%|████▊               |  51/210 [0:12:48<0:39:56, 0.07Hz] | avg_hyp=155, max_f1=0.874
[03.19 16:34:00] ┇ INFO    ┇                     gner ┇ Generating to data/GNER-QE/ZSE-validation-sampled-N210-hybrid_gen-by_beam-amount=5x10.jsonl:  25%|████▉               |  52/210 [0:13:00<0:39:30, 0.07Hz] | avg_hyp=155, max_f1=0.870
[03.19 16:34:13] ┇ INFO    ┇                     gner ┇ Generating to data/GNER-QE/ZSE-validation-sampled-N210-hybrid_gen-by_beam-amount=5x10.jsonl:  25%|█████               |  53/210 [0:13:13<0:39:10, 0.07Hz] | avg_hyp=155, max_f1=0.862
[03.19 16:34:26] ┇ INFO    ┇                     gner ┇ Generating to data/GNER-QE/ZSE-validation-sampled-N210-hybrid_gen-by_beam-amount=5x10.jsonl:  26%|█████▏              |  54/210 [0:13:26<0:38:49, 0.07Hz] | avg_hyp=154, max_f1=0.863
[03.19 16:34:39] ┇ INFO    ┇                     gner ┇ Generating to data/GNER-QE/ZSE-validation-sampled-N210-hybrid_gen-by_beam-amount=5x10.jsonl:  26%|█████▏              |  55/210 [0:13:39<0:38:28, 0.07Hz] | avg_hyp=154, max_f1=0.866
[03.19 16:34:46] ┇ INFO    ┇                     gner ┇ Generating to data/GNER-QE/ZSE-validation-sampled-N210-hybrid_gen-by_beam-amount=5x10.jsonl:  27%|█████▎              |  56/210 [0:13:46<0:37:53, 0.07Hz] | avg_hyp=153, max_f1=0.868
[03.19 16:34:58] ┇ INFO    ┇                     gner ┇ Generating to data/GNER-QE/ZSE-validation-sampled-N210-hybrid_gen-by_beam-amount=5x10.jsonl:  27%|█████▍              |  57/210 [0:13:58<0:37:31, 0.07Hz] | avg_hyp=153, max_f1=0.860
[03.19 16:35:09] ┇ INFO    ┇                     gner ┇ Generating to data/GNER-QE/ZSE-validation-sampled-N210-hybrid_gen-by_beam-amount=5x10.jsonl:  28%|█████▌              |  58/210 [0:14:09<0:37:05, 0.07Hz] | avg_hyp=152, max_f1=0.863
[03.19 16:35:27] ┇ INFO    ┇                     gner ┇ Generating to data/GNER-QE/ZSE-validation-sampled-N210-hybrid_gen-by_beam-amount=5x10.jsonl:  28%|█████▌              |  59/210 [0:14:27<0:36:59, 0.07Hz] | avg_hyp=152, max_f1=0.866
[03.19 16:35:45] ┇ INFO    ┇                     gner ┇ Generating to data/GNER-QE/ZSE-validation-sampled-N210-hybrid_gen-by_beam-amount=5x10.jsonl:  29%|█████▋              |  60/210 [0:14:45<0:36:52, 0.07Hz] | avg_hyp=153, max_f1=0.856
[03.19 16:36:23] ┇ INFO    ┇                     gner ┇ Generating to data/GNER-QE/ZSE-validation-sampled-N210-hybrid_gen-by_beam-amount=5x10.jsonl:  29%|█████▊              |  61/210 [0:15:23<0:37:36, 0.07Hz] | avg_hyp=153, max_f1=0.849
[03.19 16:37:17] ┇ INFO    ┇                     gner ┇ Generating to data/GNER-QE/ZSE-validation-sampled-N210-hybrid_gen-by_beam-amount=5x10.jsonl:  30%|█████▉              |  62/210 [0:16:17<0:38:53, 0.06Hz] | avg_hyp=155, max_f1=0.853
[03.19 16:38:55] ┇ INFO    ┇                     gner ┇ Generating to data/GNER-QE/ZSE-validation-sampled-N210-hybrid_gen-by_beam-amount=5x10.jsonl:  30%|██████              |  63/210 [0:17:55<0:41:48, 0.06Hz] | avg_hyp=160, max_f1=0.843
[03.19 16:39:35] ┇ INFO    ┇                     gner ┇ Generating to data/GNER-QE/ZSE-validation-sampled-N210-hybrid_gen-by_beam-amount=5x10.jsonl:  30%|██████              |  64/210 [0:18:35<0:42:18, 0.06Hz] | avg_hyp=162, max_f1=0.841
[03.19 16:40:18] ┇ INFO    ┇                     gner ┇ Generating to data/GNER-QE/ZSE-validation-sampled-N210-hybrid_gen-by_beam-amount=5x10.jsonl:  31%|██████▏             |  65/210 [0:19:18<0:43:05, 0.06Hz] | avg_hyp=163, max_f1=0.842
[03.19 16:41:01] ┇ INFO    ┇                     gner ┇ Generating to data/GNER-QE/ZSE-validation-sampled-N210-hybrid_gen-by_beam-amount=5x10.jsonl:  31%|██████▎             |  66/210 [0:20:01<0:43:51, 0.05Hz] | avg_hyp=161, max_f1=0.847
[03.19 16:41:48] ┇ INFO    ┇                     gner ┇ Generating to data/GNER-QE/ZSE-validation-sampled-N210-hybrid_gen-by_beam-amount=5x10.jsonl:  32%|██████▍             |  67/210 [0:20:48<0:44:35, 0.05Hz] | avg_hyp=163, max_f1=0.853
[03.19 16:42:50] ┇ INFO    ┇                     gner ┇ Generating to data/GNER-QE/ZSE-validation-sampled-N210-hybrid_gen-by_beam-amount=5x10.jsonl:  32%|██████▍             |  68/210 [0:21:50<0:45:59, 0.05Hz] | avg_hyp=165, max_f1=0.845
[03.19 16:43:56] ┇ INFO    ┇                     gner ┇ Generating to data/GNER-QE/ZSE-validation-sampled-N210-hybrid_gen-by_beam-amount=5x10.jsonl:  33%|██████▌             |  69/210 [0:22:56<0:47:33, 0.05Hz] | avg_hyp=166, max_f1=0.843
[03.19 16:44:29] ┇ INFO    ┇                     gner ┇ Generating to data/GNER-QE/ZSE-validation-sampled-N210-hybrid_gen-by_beam-amount=5x10.jsonl:  33%|██████▋             |  70/210 [0:23:29<0:47:55, 0.05Hz] | avg_hyp=168, max_f1=0.847
[03.19 16:44:59] ┇ INFO    ┇                     gner ┇ Generating to data/GNER-QE/ZSE-validation-sampled-N210-hybrid_gen-by_beam-amount=5x10.jsonl:  34%|██████▊             |  71/210 [0:23:59<0:48:17, 0.05Hz] | avg_hyp=170, max_f1=0.851
[03.19 16:47:36] ┇ INFO    ┇                     gner ┇ Generating to data/GNER-QE/ZSE-validation-sampled-N210-hybrid_gen-by_beam-amount=5x10.jsonl:  34%|██████▊             |  72/210 [0:26:36<0:52:46, 0.04Hz] | avg_hyp=175, max_f1=0.860
[03.19 16:48:33] ┇ INFO    ┇                     gner ┇ Generating to data/GNER-QE/ZSE-validation-sampled-N210-hybrid_gen-by_beam-amount=5x10.jsonl:  35%|██████▉             |  73/210 [0:27:33<0:54:00, 0.04Hz] | avg_hyp=177, max_f1=0.862
[03.19 16:50:01] ┇ INFO    ┇                     gner ┇ Generating to data/GNER-QE/ZSE-validation-sampled-N210-hybrid_gen-by_beam-amount=5x10.jsonl:  35%|███████             |  74/210 [0:29:01<0:56:22, 0.04Hz] | avg_hyp=177, max_f1=0.855
[03.19 16:50:48] ┇ INFO    ┇                     gner ┇ Generating to data/GNER-QE/ZSE-validation-sampled-N210-hybrid_gen-by_beam-amount=5x10.jsonl:  36%|███████▏            |  75/210 [0:29:48<0:57:14, 0.04Hz] | avg_hyp=178, max_f1=0.857
[03.19 16:51:09] ┇ INFO    ┇                     gner ┇ Generating to data/GNER-QE/ZSE-validation-sampled-N210-hybrid_gen-by_beam-amount=5x10.jsonl:  36%|███████▏            |  76/210 [0:30:09<0:57:07, 0.04Hz] | avg_hyp=177, max_f1=0.856
[03.19 16:52:02] ┇ INFO    ┇                     gner ┇ Generating to data/GNER-QE/ZSE-validation-sampled-N210-hybrid_gen-by_beam-amount=5x10.jsonl:  37%|███████▎            |  77/210 [0:31:02<0:58:04, 0.04Hz] | avg_hyp=180, max_f1=0.858
[03.19 16:52:46] ┇ INFO    ┇                     gner ┇ Generating to data/GNER-QE/ZSE-validation-sampled-N210-hybrid_gen-by_beam-amount=5x10.jsonl:  37%|███████▍            |  78/210 [0:31:46<0:58:42, 0.04Hz] | avg_hyp=182, max_f1=0.851
[03.19 16:53:41] ┇ INFO    ┇                     gner ┇ Generating to data/GNER-QE/ZSE-validation-sampled-N210-hybrid_gen-by_beam-amount=5x10.jsonl:  38%|███████▌            |  79/210 [0:32:41<0:59:41, 0.04Hz] | avg_hyp=183, max_f1=0.854
[03.19 16:54:14] ┇ INFO    ┇                     gner ┇ Generating to data/GNER-QE/ZSE-validation-sampled-N210-hybrid_gen-by_beam-amount=5x10.jsonl:  38%|███████▌            |  80/210 [0:33:14<0:57:07, 0.04Hz] | avg_hyp=186, max_f1=0.856
[03.19 16:54:43] ┇ INFO    ┇                     gner ┇ Generating to data/GNER-QE/ZSE-validation-sampled-N210-hybrid_gen-by_beam-amount=5x10.jsonl:  39%|███████▋            |  81/210 [0:33:43<0:57:25, 0.04Hz] | avg_hyp=188, max_f1=0.859
[03.19 16:56:09] ┇ INFO    ┇                     gner ┇ Generating to data/GNER-QE/ZSE-validation-sampled-N210-hybrid_gen-by_beam-amount=5x10.jsonl:  39%|███████▊            |  82/210 [0:35:09<0:58:30, 0.04Hz] | avg_hyp=189, max_f1=0.861
[03.19 16:59:07] ┇ INFO    ┇                     gner ┇ Generating to data/GNER-QE/ZSE-validation-sampled-N210-hybrid_gen-by_beam-amount=5x10.jsonl:  40%|███████▉            |  83/210 [0:38:07<1:03:33, 0.03Hz] | avg_hyp=189, max_f1=0.866
[03.19 17:04:14] ┇ INFO    ┇                     gner ┇ Generating to data/GNER-QE/ZSE-validation-sampled-N210-hybrid_gen-by_beam-amount=5x10.jsonl:  40%|████████            |  84/210 [0:43:14<1:12:54, 0.03Hz] | avg_hyp=194, max_f1=0.855
[03.19 17:05:23] ┇ INFO    ┇                     gner ┇ Generating to data/GNER-QE/ZSE-validation-sampled-N210-hybrid_gen-by_beam-amount=5x10.jsonl:  40%|████████            |  85/210 [0:44:23<1:14:12, 0.03Hz] | avg_hyp=195, max_f1=0.855
[03.19 17:06:09] ┇ INFO    ┇                     gner ┇ Generating to data/GNER-QE/ZSE-validation-sampled-N210-hybrid_gen-by_beam-amount=5x10.jsonl:  41%|████████▏           |  86/210 [0:45:09<1:14:29, 0.03Hz] | avg_hyp=197, max_f1=0.859
[03.19 17:07:04] ┇ INFO    ┇                     gner ┇ Generating to data/GNER-QE/ZSE-validation-sampled-N210-hybrid_gen-by_beam-amount=5x10.jsonl:  41%|████████▎           |  87/210 [0:46:04<1:15:16, 0.03Hz] | avg_hyp=199, max_f1=0.860
[03.19 17:07:56] ┇ INFO    ┇                     gner ┇ Generating to data/GNER-QE/ZSE-validation-sampled-N210-hybrid_gen-by_beam-amount=5x10.jsonl:  42%|████████▍           |  88/210 [0:46:56<1:15:48, 0.03Hz] | avg_hyp=200, max_f1=0.858
[03.19 17:08:36] ┇ INFO    ┇                     gner ┇ Generating to data/GNER-QE/ZSE-validation-sampled-N210-hybrid_gen-by_beam-amount=5x10.jsonl:  42%|████████▍           |  89/210 [0:47:36<1:16:10, 0.03Hz] | avg_hyp=201, max_f1=0.857
[03.19 17:10:10] ┇ INFO    ┇                     gner ┇ Generating to data/GNER-QE/ZSE-validation-sampled-N210-hybrid_gen-by_beam-amount=5x10.jsonl:  43%|████████▌           |  90/210 [0:49:10<1:18:07, 0.03Hz] | avg_hyp=202, max_f1=0.861
[03.19 17:11:13] ┇ INFO    ┇                     gner ┇ Generating to data/GNER-QE/ZSE-validation-sampled-N210-hybrid_gen-by_beam-amount=5x10.jsonl:  43%|████████▋           |  91/210 [0:50:13<1:19:01, 0.03Hz] | avg_hyp=202, max_f1=0.862
[03.19 17:11:44] ┇ INFO    ┇                     gner ┇ Generating to data/GNER-QE/ZSE-validation-sampled-N210-hybrid_gen-by_beam-amount=5x10.jsonl:  44%|████████▊           |  92/210 [0:50:44<1:19:00, 0.02Hz] | avg_hyp=203, max_f1=0.864
[03.19 17:19:03] ┇ INFO    ┇                     gner ┇ Generating to data/GNER-QE/ZSE-validation-sampled-N210-hybrid_gen-by_beam-amount=5x10.jsonl:  44%|████████▊           |  93/210 [0:58:03<1:31:36, 0.02Hz] | avg_hyp=206, max_f1=0.871
[03.19 17:19:34] ┇ INFO    ┇                     gner ┇ Generating to data/GNER-QE/ZSE-validation-sampled-N210-hybrid_gen-by_beam-amount=5x10.jsonl:  45%|████████▉           |  94/210 [0:58:34<1:31:19, 0.02Hz] | avg_hyp=206, max_f1=0.872
[03.19 17:20:42] ┇ INFO    ┇                     gner ┇ Generating to data/GNER-QE/ZSE-validation-sampled-N210-hybrid_gen-by_beam-amount=5x10.jsonl:  45%|█████████           |  95/210 [0:59:42<1:32:22, 0.02Hz] | avg_hyp=208, max_f1=0.866
[03.19 17:22:14] ┇ INFO    ┇                     gner ┇ Generating to data/GNER-QE/ZSE-validation-sampled-N210-hybrid_gen-by_beam-amount=5x10.jsonl:  46%|█████████▏          |  96/210 [1:01:14<1:33:50, 0.02Hz] | avg_hyp=206, max_f1=0.858
[03.19 17:22:34] ┇ INFO    ┇                     gner ┇ Generating to data/GNER-QE/ZSE-validation-sampled-N210-hybrid_gen-by_beam-amount=5x10.jsonl:  46%|█████████▏          |  97/210 [1:01:34<1:33:26, 0.02Hz] | avg_hyp=205, max_f1=0.859
[03.19 17:23:17] ┇ INFO    ┇                     gner ┇ Generating to data/GNER-QE/ZSE-validation-sampled-N210-hybrid_gen-by_beam-amount=5x10.jsonl:  47%|█████████▎          |  98/210 [1:02:17<1:33:37, 0.02Hz] | avg_hyp=206, max_f1=0.859
[03.19 17:24:49] ┇ INFO    ┇                     gner ┇ Generating to data/GNER-QE/ZSE-validation-sampled-N210-hybrid_gen-by_beam-amount=5x10.jsonl:  47%|█████████▍          |  99/210 [1:03:49<1:35:02, 0.02Hz] | avg_hyp=207, max_f1=0.862
[03.19 17:25:31] ┇ INFO    ┇                     gner ┇ Generating to data/GNER-QE/ZSE-validation-sampled-N210-hybrid_gen-by_beam-amount=5x10.jsonl:  48%|█████████▌          | 100/210 [1:04:31<1:35:04, 0.02Hz] | avg_hyp=207, max_f1=0.863
[03.19 17:25:56] ┇ INFO    ┇                     gner ┇ Generating to data/GNER-QE/ZSE-validation-sampled-N210-hybrid_gen-by_beam-amount=5x10.jsonl:  48%|█████████▌          | 101/210 [1:04:56<1:33:40, 0.02Hz] | avg_hyp=207, max_f1=0.865
[03.19 17:26:37] ┇ INFO    ┇                     gner ┇ Generating to data/GNER-QE/ZSE-validation-sampled-N210-hybrid_gen-by_beam-amount=5x10.jsonl:  49%|█████████▋          | 102/210 [1:05:37<1:33:47, 0.02Hz] | avg_hyp=208, max_f1=0.865
[03.19 17:27:31] ┇ INFO    ┇                     gner ┇ Generating to data/GNER-QE/ZSE-validation-sampled-N210-hybrid_gen-by_beam-amount=5x10.jsonl:  49%|█████████▊          | 103/210 [1:06:31<1:33:58, 0.02Hz] | avg_hyp=208, max_f1=0.862
[03.19 17:28:00] ┇ INFO    ┇                     gner ┇ Generating to data/GNER-QE/ZSE-validation-sampled-N210-hybrid_gen-by_beam-amount=5x10.jsonl:  50%|█████████▉          | 104/210 [1:07:00<1:33:35, 0.02Hz] | avg_hyp=208, max_f1=0.861
[03.19 17:29:05] ┇ INFO    ┇                     gner ┇ Generating to data/GNER-QE/ZSE-validation-sampled-N210-hybrid_gen-by_beam-amount=5x10.jsonl:  50%|██████████          | 105/210 [1:08:05<1:34:13, 0.02Hz] | avg_hyp=209, max_f1=0.863
[03.19 17:29:48] ┇ INFO    ┇                     gner ┇ Generating to data/GNER-QE/ZSE-validation-sampled-N210-hybrid_gen-by_beam-amount=5x10.jsonl:  50%|██████████          | 106/210 [1:08:48<1:34:15, 0.02Hz] | avg_hyp=210, max_f1=0.863
[03.19 17:31:01] ┇ INFO    ┇                     gner ┇ Generating to data/GNER-QE/ZSE-validation-sampled-N210-hybrid_gen-by_beam-amount=5x10.jsonl:  51%|██████████▏         | 107/210 [1:10:01<1:35:05, 0.02Hz] | avg_hyp=211, max_f1=0.867
[03.19 17:31:51] ┇ INFO    ┇                     gner ┇ Generating to data/GNER-QE/ZSE-validation-sampled-N210-hybrid_gen-by_beam-amount=5x10.jsonl:  51%|██████████▎         | 108/210 [1:10:51<1:35:11, 0.02Hz] | avg_hyp=212, max_f1=0.868
[03.19 17:32:49] ┇ INFO    ┇                     gner ┇ Generating to data/GNER-QE/ZSE-validation-sampled-N210-hybrid_gen-by_beam-amount=5x10.jsonl:  52%|██████████▍         | 109/210 [1:11:49<1:35:31, 0.02Hz] | avg_hyp=212, max_f1=0.870
[03.19 17:33:53] ┇ INFO    ┇                     gner ┇ Generating to data/GNER-QE/ZSE-validation-sampled-N210-hybrid_gen-by_beam-amount=5x10.jsonl:  52%|██████████▍         | 110/210 [1:12:53<1:36:07, 0.02Hz] | avg_hyp=212, max_f1=0.872
[03.19 17:36:51] ┇ INFO    ┇                     gner ┇ Generating to data/GNER-QE/ZSE-validation-sampled-N210-hybrid_gen-by_beam-amount=5x10.jsonl:  53%|██████████▌         | 111/210 [1:15:51<1:39:39, 0.02Hz] | avg_hyp=214, max_f1=0.871
[03.19 17:37:50] ┇ INFO    ┇                     gner ┇ Generating to data/GNER-QE/ZSE-validation-sampled-N210-hybrid_gen-by_beam-amount=5x10.jsonl:  53%|██████████▋         | 112/210 [1:16:50<1:40:00, 0.02Hz] | avg_hyp=213, max_f1=0.871
[03.19 17:38:25] ┇ INFO    ┇                     gner ┇ Generating to data/GNER-QE/ZSE-validation-sampled-N210-hybrid_gen-by_beam-amount=5x10.jsonl:  54%|██████████▊         | 113/210 [1:17:25<1:39:39, 0.02Hz] | avg_hyp=214, max_f1=0.872
[03.19 17:39:37] ┇ INFO    ┇                     gner ┇ Generating to data/GNER-QE/ZSE-validation-sampled-N210-hybrid_gen-by_beam-amount=5x10.jsonl:  54%|██████████▊         | 114/210 [1:18:37<1:40:17, 0.02Hz] | avg_hyp=214, max_f1=0.873
[03.19 17:40:51] ┇ INFO    ┇                     gner ┇ Generating to data/GNER-QE/ZSE-validation-sampled-N210-hybrid_gen-by_beam-amount=5x10.jsonl:  55%|██████████▉         | 115/210 [1:19:51<1:40:49, 0.02Hz] | avg_hyp=213, max_f1=0.875
[03.19 17:41:44] ┇ INFO    ┇                     gner ┇ Generating to data/GNER-QE/ZSE-validation-sampled-N210-hybrid_gen-by_beam-amount=5x10.jsonl:  55%|███████████         | 116/210 [1:20:44<1:40:43, 0.02Hz] | avg_hyp=212, max_f1=0.877
[03.19 17:42:20] ┇ INFO    ┇                     gner ┇ Generating to data/GNER-QE/ZSE-validation-sampled-N210-hybrid_gen-by_beam-amount=5x10.jsonl:  56%|███████████▏        | 117/210 [1:21:20<1:40:13, 0.02Hz] | avg_hyp=212, max_f1=0.878
[03.19 17:42:47] ┇ INFO    ┇                     gner ┇ Generating to data/GNER-QE/ZSE-validation-sampled-N210-hybrid_gen-by_beam-amount=5x10.jsonl:  56%|███████████▏        | 118/210 [1:21:47<1:39:29, 0.02Hz] | avg_hyp=212, max_f1=0.878
[03.19 17:43:27] ┇ INFO    ┇                     gner ┇ Generating to data/GNER-QE/ZSE-validation-sampled-N210-hybrid_gen-by_beam-amount=5x10.jsonl:  57%|███████████▎        | 119/210 [1:22:27<1:39:12, 0.02Hz] | avg_hyp=213, max_f1=0.879
[03.19 17:44:43] ┇ INFO    ┇                     gner ┇ Generating to data/GNER-QE/ZSE-validation-sampled-N210-hybrid_gen-by_beam-amount=5x10.jsonl:  57%|███████████▍        | 120/210 [1:23:42<1:39:37, 0.02Hz] | avg_hyp=214, max_f1=0.876
[03.19 17:48:03] ┇ INFO    ┇                     gner ┇ Generating to data/GNER-QE/ZSE-validation-sampled-N210-hybrid_gen-by_beam-amount=5x10.jsonl:  58%|███████████▌        | 121/210 [1:27:03<1:42:59, 0.01Hz] | avg_hyp=219, max_f1=0.880
[03.19 17:49:15] ┇ INFO    ┇                     gner ┇ Generating to data/GNER-QE/ZSE-validation-sampled-N210-hybrid_gen-by_beam-amount=5x10.jsonl:  58%|███████████▌        | 122/210 [1:28:15<1:43:05, 0.01Hz] | avg_hyp=219, max_f1=0.881
[03.19 17:55:48] ┇ INFO    ┇                     gner ┇ Generating to data/GNER-QE/ZSE-validation-sampled-N210-hybrid_gen-by_beam-amount=5x10.jsonl:  59%|███████████▋        | 123/210 [1:34:48<1:50:33, 0.01Hz] | avg_hyp=223, max_f1=0.881
[03.19 17:57:04] ┇ INFO    ┇                     gner ┇ Generating to data/GNER-QE/ZSE-validation-sampled-N210-hybrid_gen-by_beam-amount=5x10.jsonl:  59%|███████████▊        | 124/210 [1:36:04<1:50:07, 0.01Hz] | avg_hyp=223, max_f1=0.882
[03.19 18:00:05] ┇ INFO    ┇                     gner ┇ Generating to data/GNER-QE/ZSE-validation-sampled-N210-hybrid_gen-by_beam-amount=5x10.jsonl:  60%|███████████▉        | 125/210 [1:39:05<1:51:41, 0.01Hz] | avg_hyp=224, max_f1=0.883
[03.19 18:00:45] ┇ INFO    ┇                     gner ┇ Generating to data/GNER-QE/ZSE-validation-sampled-N210-hybrid_gen-by_beam-amount=5x10.jsonl:  60%|████████████        | 126/210 [1:39:45<1:49:07, 0.01Hz] | avg_hyp=223, max_f1=0.883
[03.19 18:02:10] ┇ INFO    ┇                     gner ┇ Generating to data/GNER-QE/ZSE-validation-sampled-N210-hybrid_gen-by_beam-amount=5x10.jsonl:  60%|████████████        | 127/210 [1:41:10<1:48:48, 0.01Hz] | avg_hyp=224, max_f1=0.885
[03.19 18:02:37] ┇ INFO    ┇                     gner ┇ Generating to data/GNER-QE/ZSE-validation-sampled-N210-hybrid_gen-by_beam-amount=5x10.jsonl:  61%|████████████▏       | 128/210 [1:41:37<1:47:07, 0.01Hz] | avg_hyp=225, max_f1=0.886
[03.19 18:04:08] ┇ INFO    ┇                     gner ┇ Generating to data/GNER-QE/ZSE-validation-sampled-N210-hybrid_gen-by_beam-amount=5x10.jsonl:  61%|████████████▎       | 129/210 [1:43:08<1:46:51, 0.01Hz] | avg_hyp=227, max_f1=0.883
[03.19 18:05:02] ┇ INFO    ┇                     gner ┇ Generating to data/GNER-QE/ZSE-validation-sampled-N210-hybrid_gen-by_beam-amount=5x10.jsonl:  62%|████████████▍       | 130/210 [1:44:02<1:45:41, 0.01Hz] | avg_hyp=226, max_f1=0.885
[03.19 18:05:56] ┇ INFO    ┇                     gner ┇ Generating to data/GNER-QE/ZSE-validation-sampled-N210-hybrid_gen-by_beam-amount=5x10.jsonl:  62%|████████████▍       | 131/210 [1:44:56<1:44:13, 0.01Hz] | avg_hyp=225, max_f1=0.884
[03.19 18:06:51] ┇ INFO    ┇                     gner ┇ Generating to data/GNER-QE/ZSE-validation-sampled-N210-hybrid_gen-by_beam-amount=5x10.jsonl:  63%|████████████▌       | 132/210 [1:45:51<1:42:39, 0.01Hz] | avg_hyp=225, max_f1=0.884
[03.19 18:07:40] ┇ INFO    ┇                     gner ┇ Generating to data/GNER-QE/ZSE-validation-sampled-N210-hybrid_gen-by_beam-amount=5x10.jsonl:  63%|████████████▋       | 133/210 [1:46:40<1:41:39, 0.01Hz] | avg_hyp=226, max_f1=0.886
[03.19 18:09:31] ┇ INFO    ┇                     gner ┇ Generating to data/GNER-QE/ZSE-validation-sampled-N210-hybrid_gen-by_beam-amount=5x10.jsonl:  64%|████████████▊       | 134/210 [1:48:31<1:41:59, 0.01Hz] | avg_hyp=227, max_f1=0.887
[03.19 18:11:29] ┇ INFO    ┇                     gner ┇ Generating to data/GNER-QE/ZSE-validation-sampled-N210-hybrid_gen-by_beam-amount=5x10.jsonl:  64%|████████████▊       | 135/210 [1:50:29<1:39:51, 0.01Hz] | avg_hyp=228, max_f1=0.888
[03.19 18:14:56] ┇ INFO    ┇                     gner ┇ Generating to data/GNER-QE/ZSE-validation-sampled-N210-hybrid_gen-by_beam-amount=5x10.jsonl:  65%|████████████▉       | 136/210 [1:53:56<1:41:28, 0.01Hz] | avg_hyp=228, max_f1=0.889
[03.19 18:18:20] ┇ INFO    ┇                     gner ┇ Generating to data/GNER-QE/ZSE-validation-sampled-N210-hybrid_gen-by_beam-amount=5x10.jsonl:  65%|█████████████       | 137/210 [1:57:20<1:42:20, 0.01Hz] | avg_hyp=229, max_f1=0.890
[03.19 18:20:12] ┇ INFO    ┇                     gner ┇ Generating to data/GNER-QE/ZSE-validation-sampled-N210-hybrid_gen-by_beam-amount=5x10.jsonl:  66%|█████████████▏      | 138/210 [1:59:12<1:42:10, 0.01Hz] | avg_hyp=230, max_f1=0.891
[03.19 18:25:45] ┇ INFO    ┇                     gner ┇ Generating to data/GNER-QE/ZSE-validation-sampled-N210-hybrid_gen-by_beam-amount=5x10.jsonl:  66%|█████████████▏      | 139/210 [2:04:45<1:46:36, 0.01Hz] | avg_hyp=232, max_f1=0.893
[03.19 18:26:29] ┇ INFO    ┇                     gner ┇ Generating to data/GNER-QE/ZSE-validation-sampled-N210-hybrid_gen-by_beam-amount=5x10.jsonl:  67%|█████████████▎      | 140/210 [2:05:29<1:44:56, 0.01Hz] | avg_hyp=231, max_f1=0.894
[03.19 18:29:54] ┇ INFO    ┇                     gner ┇ Generating to data/GNER-QE/ZSE-validation-sampled-N210-hybrid_gen-by_beam-amount=5x10.jsonl:  67%|█████████████▍      | 141/210 [2:08:54<1:46:22, 0.01Hz] | avg_hyp=232, max_f1=0.896
[03.19 18:31:07] ┇ INFO    ┇                     gner ┇ Generating to data/GNER-QE/ZSE-validation-sampled-N210-hybrid_gen-by_beam-amount=5x10.jsonl:  68%|█████████████▌      | 142/210 [2:10:07<1:45:09, 0.01Hz] | avg_hyp=233, max_f1=0.897
[03.19 18:31:55] ┇ INFO    ┇                     gner ┇ Generating to data/GNER-QE/ZSE-validation-sampled-N210-hybrid_gen-by_beam-amount=5x10.jsonl:  68%|█████████████▌      | 143/210 [2:10:55<1:43:52, 0.01Hz] | avg_hyp=234, max_f1=0.898
[03.19 18:34:11] ┇ INFO    ┇                     gner ┇ Generating to data/GNER-QE/ZSE-validation-sampled-N210-hybrid_gen-by_beam-amount=5x10.jsonl:  69%|█████████████▋      | 144/210 [2:13:11<1:44:12, 0.01Hz] | avg_hyp=235, max_f1=0.897
[03.19 18:35:45] ┇ INFO    ┇                     gner ┇ Generating to data/GNER-QE/ZSE-validation-sampled-N210-hybrid_gen-by_beam-amount=5x10.jsonl:  69%|█████████████▊      | 145/210 [2:14:45<1:42:45, 0.01Hz] | avg_hyp=236, max_f1=0.898
[03.19 18:37:33] ┇ INFO    ┇                     gner ┇ Generating to data/GNER-QE/ZSE-validation-sampled-N210-hybrid_gen-by_beam-amount=5x10.jsonl:  70%|█████████████▉      | 146/210 [2:16:33<1:39:59, 0.01Hz] | avg_hyp=235, max_f1=0.889
[03.19 18:40:15] ┇ INFO    ┇                     gner ┇ Generating to data/GNER-QE/ZSE-validation-sampled-N210-hybrid_gen-by_beam-amount=5x10.jsonl:  70%|██████████████      | 147/210 [2:19:15<1:36:00, 0.01Hz] | avg_hyp=236, max_f1=0.889
[03.19 18:41:15] ┇ INFO    ┇                     gner ┇ Generating to data/GNER-QE/ZSE-validation-sampled-N210-hybrid_gen-by_beam-amount=5x10.jsonl:  70%|██████████████      | 148/210 [2:20:15<1:34:21, 0.01Hz] | avg_hyp=237, max_f1=0.889
[03.19 18:45:25] ┇ INFO    ┇                     gner ┇ Generating to data/GNER-QE/ZSE-validation-sampled-N210-hybrid_gen-by_beam-amount=5x10.jsonl:  71%|██████████████▏     | 149/210 [2:24:25<1:36:06, 0.01Hz] | avg_hyp=238, max_f1=0.885
[03.19 18:49:24] ┇ INFO    ┇                     gner ┇ Generating to data/GNER-QE/ZSE-validation-sampled-N210-hybrid_gen-by_beam-amount=5x10.jsonl:  71%|██████████████▎     | 150/210 [2:28:24<1:37:27, 0.01Hz] | avg_hyp=241, max_f1=0.877
[03.19 18:50:27] ┇ INFO    ┇                     gner ┇ Generating to data/GNER-QE/ZSE-validation-sampled-N210-hybrid_gen-by_beam-amount=5x10.jsonl:  72%|██████████████▍     | 151/210 [2:29:27<1:36:00, 0.01Hz] | avg_hyp=240, max_f1=0.876
[03.19 18:51:13] ┇ INFO    ┇                     gner ┇ Generating to data/GNER-QE/ZSE-validation-sampled-N210-hybrid_gen-by_beam-amount=5x10.jsonl:  72%|██████████████▍     | 152/210 [2:30:13<1:34:28, 0.01Hz] | avg_hyp=239, max_f1=0.877
[03.19 18:53:32] ┇ INFO    ┇                     gner ┇ Generating to data/GNER-QE/ZSE-validation-sampled-N210-hybrid_gen-by_beam-amount=5x10.jsonl:  73%|██████████████▌     | 153/210 [2:32:32<1:33:31, 0.01Hz] | avg_hyp=240, max_f1=0.877
[03.19 18:54:45] ┇ INFO    ┇                     gner ┇ Generating to data/GNER-QE/ZSE-validation-sampled-N210-hybrid_gen-by_beam-amount=5x10.jsonl:  73%|██████████████▋     | 154/210 [2:33:45<1:32:01, 0.01Hz] | avg_hyp=240, max_f1=0.878
[03.19 18:57:07] ┇ INFO    ┇                     gner ┇ Generating to data/GNER-QE/ZSE-validation-sampled-N210-hybrid_gen-by_beam-amount=5x10.jsonl:  74%|██████████████▊     | 155/210 [2:36:07<1:31:59, 0.01Hz] | avg_hyp=241, max_f1=0.875
[03.19 18:58:03] ┇ INFO    ┇                     gner ┇ Generating to data/GNER-QE/ZSE-validation-sampled-N210-hybrid_gen-by_beam-amount=5x10.jsonl:  74%|██████████████▊     | 156/210 [2:37:03<1:24:51, 0.01Hz] | avg_hyp=241, max_f1=0.876
[03.19 19:00:14] ┇ INFO    ┇                     gner ┇ Generating to data/GNER-QE/ZSE-validation-sampled-N210-hybrid_gen-by_beam-amount=5x10.jsonl:  75%|██████████████▉     | 157/210 [2:39:14<1:24:41, 0.01Hz] | avg_hyp=241, max_f1=0.877
[03.19 19:04:44] ┇ INFO    ┇                     gner ┇ Generating to data/GNER-QE/ZSE-validation-sampled-N210-hybrid_gen-by_beam-amount=5x10.jsonl:  75%|███████████████     | 158/210 [2:43:44<1:25:52, 0.01Hz] | avg_hyp=242, max_f1=0.878
[03.19 19:06:20] ┇ INFO    ┇                     gner ┇ Generating to data/GNER-QE/ZSE-validation-sampled-N210-hybrid_gen-by_beam-amount=5x10.jsonl:  76%|███████████████▏    | 159/210 [2:45:20<1:24:15, 0.01Hz] | avg_hyp=243, max_f1=0.879
[03.19 19:08:28] ┇ INFO    ┇                     gner ┇ Generating to data/GNER-QE/ZSE-validation-sampled-N210-hybrid_gen-by_beam-amount=5x10.jsonl:  76%|███████████████▏    | 160/210 [2:47:28<1:24:02, 0.01Hz] | avg_hyp=244, max_f1=0.880
[03.19 19:10:02] ┇ INFO    ┇                     gner ┇ Generating to data/GNER-QE/ZSE-validation-sampled-N210-hybrid_gen-by_beam-amount=5x10.jsonl:  77%|███████████████▎    | 161/210 [2:49:02<1:23:01, 0.01Hz] | avg_hyp=243, max_f1=0.879
[03.19 19:11:37] ┇ INFO    ┇                     gner ┇ Generating to data/GNER-QE/ZSE-validation-sampled-N210-hybrid_gen-by_beam-amount=5x10.jsonl:  77%|███████████████▍    | 162/210 [2:50:37<1:21:22, 0.01Hz] | avg_hyp=243, max_f1=0.880
[03.19 19:12:47] ┇ INFO    ┇                     gner ┇ Generating to data/GNER-QE/ZSE-validation-sampled-N210-hybrid_gen-by_beam-amount=5x10.jsonl:  78%|███████████████▌    | 163/210 [2:51:47<1:20:01, 0.01Hz] | avg_hyp=244, max_f1=0.877
[03.19 19:15:52] ┇ INFO    ┇                     gner ┇ Generating to data/GNER-QE/ZSE-validation-sampled-N210-hybrid_gen-by_beam-amount=5x10.jsonl:  78%|███████████████▌    | 164/210 [2:54:52<1:20:16, 0.01Hz] | avg_hyp=243, max_f1=0.877
[03.19 19:17:20] ┇ INFO    ┇                     gner ┇ Generating to data/GNER-QE/ZSE-validation-sampled-N210-hybrid_gen-by_beam-amount=5x10.jsonl:  79%|███████████████▋    | 165/210 [2:56:20<1:19:05, 0.01Hz] | avg_hyp=243, max_f1=0.878
[03.19 19:21:27] ┇ INFO    ┇                     gner ┇ Generating to data/GNER-QE/ZSE-validation-sampled-N210-hybrid_gen-by_beam-amount=5x10.jsonl:  79%|███████████████▊    | 166/210 [3:00:26<1:19:34, 0.01Hz] | avg_hyp=244, max_f1=0.880
[03.19 19:25:53] ┇ INFO    ┇                     gner ┇ Generating to data/GNER-QE/ZSE-validation-sampled-N210-hybrid_gen-by_beam-amount=5x10.jsonl:  80%|███████████████▉    | 167/210 [3:04:53<1:20:27, 0.01Hz] | avg_hyp=244, max_f1=0.879
[03.19 19:29:30] ┇ INFO    ┇                     gner ┇ Generating to data/GNER-QE/ZSE-validation-sampled-N210-hybrid_gen-by_beam-amount=5x10.jsonl:  80%|████████████████    | 168/210 [3:08:30<1:20:17, 0.01Hz] | avg_hyp=245, max_f1=0.880
[03.19 19:30:56] ┇ INFO    ┇                     gner ┇ Generating to data/GNER-QE/ZSE-validation-sampled-N210-hybrid_gen-by_beam-amount=5x10.jsonl:  80%|████████████████    | 169/210 [3:09:56<1:18:50, 0.01Hz] | avg_hyp=245, max_f1=0.880
[03.19 19:32:44] ┇ INFO    ┇                     gner ┇ Generating to data/GNER-QE/ZSE-validation-sampled-N210-hybrid_gen-by_beam-amount=5x10.jsonl:  81%|████████████████▏   | 170/210 [3:11:44<1:17:16, 0.01Hz] | avg_hyp=245, max_f1=0.877
[03.19 19:34:11] ┇ INFO    ┇                     gner ┇ Generating to data/GNER-QE/ZSE-validation-sampled-N210-hybrid_gen-by_beam-amount=5x10.jsonl:  81%|████████████████▎   | 171/210 [3:13:11<1:15:43, 0.01Hz] | avg_hyp=245, max_f1=0.878
[03.19 19:36:00] ┇ INFO    ┇                     gner ┇ Generating to data/GNER-QE/ZSE-validation-sampled-N210-hybrid_gen-by_beam-amount=5x10.jsonl:  82%|████████████████▍   | 172/210 [3:15:00<1:14:18, 0.01Hz] | avg_hyp=246, max_f1=0.877
[03.19 19:39:03] ┇ INFO    ┇                     gner ┇ Generating to data/GNER-QE/ZSE-validation-sampled-N210-hybrid_gen-by_beam-amount=5x10.jsonl:  82%|████████████████▍   | 173/210 [3:18:03<1:13:30, 0.01Hz] | avg_hyp=246, max_f1=0.869
[03.19 19:40:17] ┇ INFO    ┇                     gner ┇ Generating to data/GNER-QE/ZSE-validation-sampled-N210-hybrid_gen-by_beam-amount=5x10.jsonl:  83%|████████████████▌   | 174/210 [3:19:17<1:10:32, 0.01Hz] | avg_hyp=246, max_f1=0.870
[03.19 19:43:14] ┇ INFO    ┇                     gner ┇ Generating to data/GNER-QE/ZSE-validation-sampled-N210-hybrid_gen-by_beam-amount=5x10.jsonl:  83%|████████████████▋   | 175/210 [3:22:14<1:09:40, 0.01Hz] | avg_hyp=247, max_f1=0.869
[03.19 19:46:10] ┇ INFO    ┇                     gner ┇ Generating to data/GNER-QE/ZSE-validation-sampled-N210-hybrid_gen-by_beam-amount=5x10.jsonl:  84%|████████████████▊   | 176/210 [3:25:10<1:08:56, 0.01Hz] | avg_hyp=247, max_f1=0.870
[03.19 19:48:41] ┇ INFO    ┇                     gner ┇ Generating to data/GNER-QE/ZSE-validation-sampled-N210-hybrid_gen-by_beam-amount=5x10.jsonl:  84%|████████████████▊   | 177/210 [3:27:41<1:07:36, 0.01Hz] | avg_hyp=246, max_f1=0.871
[03.19 19:50:28] ┇ INFO    ┇                     gner ┇ Generating to data/GNER-QE/ZSE-validation-sampled-N210-hybrid_gen-by_beam-amount=5x10.jsonl:  85%|████████████████▉   | 178/210 [3:29:28<1:05:49, 0.01Hz] | avg_hyp=246, max_f1=0.872
[03.19 19:53:43] ┇ INFO    ┇                     gner ┇ Generating to data/GNER-QE/ZSE-validation-sampled-N210-hybrid_gen-by_beam-amount=5x10.jsonl:  85%|█████████████████   | 179/210 [3:32:43<1:04:57, 0.01Hz] | avg_hyp=247, max_f1=0.873
[03.19 19:55:48] ┇ INFO    ┇                     gner ┇ Generating to data/GNER-QE/ZSE-validation-sampled-N210-hybrid_gen-by_beam-amount=5x10.jsonl:  86%|█████████████████▏  | 180/210 [3:34:48<1:03:33, 0.01Hz] | avg_hyp=247, max_f1=0.872
[03.19 19:57:22] ┇ INFO    ┇                     gner ┇ Generating to data/GNER-QE/ZSE-validation-sampled-N210-hybrid_gen-by_beam-amount=5x10.jsonl:  86%|█████████████████▏  | 181/210 [3:36:22<1:01:57, 0.01Hz] | avg_hyp=247, max_f1=0.873
[03.19 19:58:30] ┇ INFO    ┇                     gner ┇ Generating to data/GNER-QE/ZSE-validation-sampled-N210-hybrid_gen-by_beam-amount=5x10.jsonl:  87%|█████████████████▎  | 182/210 [3:37:30<1:00:01, 0.01Hz] | avg_hyp=247, max_f1=0.873
[03.19 20:01:34] ┇ INFO    ┇                     gner ┇ Generating to data/GNER-QE/ZSE-validation-sampled-N210-hybrid_gen-by_beam-amount=5x10.jsonl:  87%|█████████████████▍  | 183/210 [3:40:34<0:58:39, 0.01Hz] | avg_hyp=248, max_f1=0.873
[03.19 20:02:11] ┇ INFO    ┇                     gner ┇ Generating to data/GNER-QE/ZSE-validation-sampled-N210-hybrid_gen-by_beam-amount=5x10.jsonl:  88%|█████████████████▌  | 184/210 [3:41:11<0:55:21, 0.01Hz] | avg_hyp=248, max_f1=0.873
[03.19 20:03:31] ┇ INFO    ┇                     gner ┇ Generating to data/GNER-QE/ZSE-validation-sampled-N210-hybrid_gen-by_beam-amount=5x10.jsonl:  88%|█████████████████▌  | 185/210 [3:42:31<0:53:17, 0.01Hz] | avg_hyp=248, max_f1=0.872
[03.19 20:07:49] ┇ INFO    ┇                     gner ┇ Generating to data/GNER-QE/ZSE-validation-sampled-N210-hybrid_gen-by_beam-amount=5x10.jsonl:  89%|█████████████████▋  | 186/210 [3:46:49<0:50:17, 0.01Hz] | avg_hyp=250, max_f1=0.869
[03.19 20:09:09] ┇ INFO    ┇                     gner ┇ Generating to data/GNER-QE/ZSE-validation-sampled-N210-hybrid_gen-by_beam-amount=5x10.jsonl:  89%|█████████████████▊  | 187/210 [3:48:08<0:48:13, 0.01Hz] | avg_hyp=251, max_f1=0.870
[03.19 20:12:56] ┇ INFO    ┇                     gner ┇ Generating to data/GNER-QE/ZSE-validation-sampled-N210-hybrid_gen-by_beam-amount=5x10.jsonl:  90%|█████████████████▉  | 188/210 [3:51:56<0:46:23, 0.01Hz] | avg_hyp=252, max_f1=0.864
[03.19 20:16:54] ┇ INFO    ┇                     gner ┇ Generating to data/GNER-QE/ZSE-validation-sampled-N210-hybrid_gen-by_beam-amount=5x10.jsonl:  90%|██████████████████  | 189/210 [3:55:54<0:45:22, 0.01Hz] | avg_hyp=253, max_f1=0.865
[03.19 20:20:54] ┇ INFO    ┇                     gner ┇ Generating to data/GNER-QE/ZSE-validation-sampled-N210-hybrid_gen-by_beam-amount=5x10.jsonl:  90%|██████████████████  | 190/210 [3:59:54<0:44:02, 0.01Hz] | avg_hyp=254, max_f1=0.861
[03.19 20:22:00] ┇ INFO    ┇                     gner ┇ Generating to data/GNER-QE/ZSE-validation-sampled-N210-hybrid_gen-by_beam-amount=5x10.jsonl:  91%|██████████████████▏ | 191/210 [4:01:00<0:42:02, 0.01Hz] | avg_hyp=253, max_f1=0.859
[03.19 20:24:04] ┇ INFO    ┇                     gner ┇ Generating to data/GNER-QE/ZSE-validation-sampled-N210-hybrid_gen-by_beam-amount=5x10.jsonl:  91%|██████████████████▎ | 192/210 [4:03:04<0:39:59, 0.01Hz] | avg_hyp=254, max_f1=0.860
[03.19 20:25:21] ┇ INFO    ┇                     gner ┇ Generating to data/GNER-QE/ZSE-validation-sampled-N210-hybrid_gen-by_beam-amount=5x10.jsonl:  92%|██████████████████▍ | 193/210 [4:04:20<0:37:51, 0.01Hz] | avg_hyp=254, max_f1=0.861
[03.19 20:26:27] ┇ INFO    ┇                     gner ┇ Generating to data/GNER-QE/ZSE-validation-sampled-N210-hybrid_gen-by_beam-amount=5x10.jsonl:  92%|██████████████████▍ | 194/210 [4:05:27<0:35:41, 0.01Hz] | avg_hyp=254, max_f1=0.861
[03.19 20:28:04] ┇ INFO    ┇                     gner ┇ Generating to data/GNER-QE/ZSE-validation-sampled-N210-hybrid_gen-by_beam-amount=5x10.jsonl:  93%|██████████████████▌ | 195/210 [4:07:04<0:33:37, 0.01Hz] | avg_hyp=255, max_f1=0.860
[03.19 20:29:17] ┇ INFO    ┇                     gner ┇ Generating to data/GNER-QE/ZSE-validation-sampled-N210-hybrid_gen-by_beam-amount=5x10.jsonl:  93%|██████████████████▋ | 196/210 [4:08:17<0:31:28, 0.01Hz] | avg_hyp=255, max_f1=0.853
[03.19 20:31:39] ┇ INFO    ┇                     gner ┇ Generating to data/GNER-QE/ZSE-validation-sampled-N210-hybrid_gen-by_beam-amount=5x10.jsonl:  94%|██████████████████▊ | 197/210 [4:10:39<0:29:19, 0.01Hz] | avg_hyp=256, max_f1=0.854
[03.19 20:32:49] ┇ INFO    ┇                     gner ┇ Generating to data/GNER-QE/ZSE-validation-sampled-N210-hybrid_gen-by_beam-amount=5x10.jsonl:  94%|██████████████████▊ | 198/210 [4:11:49<0:26:55, 0.01Hz] | avg_hyp=257, max_f1=0.855
[03.19 20:33:56] ┇ INFO    ┇                     gner ┇ Generating to data/GNER-QE/ZSE-validation-sampled-N210-hybrid_gen-by_beam-amount=5x10.jsonl:  95%|██████████████████▉ | 199/210 [4:12:56<0:24:16, 0.01Hz] | avg_hyp=257, max_f1=0.855
[03.19 20:35:29] ┇ INFO    ┇                     gner ┇ Generating to data/GNER-QE/ZSE-validation-sampled-N210-hybrid_gen-by_beam-amount=5x10.jsonl:  95%|███████████████████ | 200/210 [4:14:29<0:21:46, 0.01Hz] | avg_hyp=257, max_f1=0.854
[03.19 20:38:37] ┇ INFO    ┇                     gner ┇ Generating to data/GNER-QE/ZSE-validation-sampled-N210-hybrid_gen-by_beam-amount=5x10.jsonl:  96%|███████████████████▏| 201/210 [4:17:37<0:19:46, 0.01Hz] | avg_hyp=258, max_f1=0.850
[03.19 20:42:11] ┇ INFO    ┇                     gner ┇ Generating to data/GNER-QE/ZSE-validation-sampled-N210-hybrid_gen-by_beam-amount=5x10.jsonl:  96%|███████████████████▏| 202/210 [4:21:11<0:17:19, 0.01Hz] | avg_hyp=259, max_f1=0.850
[03.19 20:43:04] ┇ INFO    ┇                     gner ┇ Generating to data/GNER-QE/ZSE-validation-sampled-N210-hybrid_gen-by_beam-amount=5x10.jsonl:  97%|███████████████████▎| 203/210 [4:22:04<0:15:10, 0.01Hz] | avg_hyp=258, max_f1=0.851
[03.19 20:44:20] ┇ INFO    ┇                     gner ┇ Generating to data/GNER-QE/ZSE-validation-sampled-N210-hybrid_gen-by_beam-amount=5x10.jsonl:  97%|███████████████████▍| 204/210 [4:23:20<0:12:48, 0.01Hz] | avg_hyp=259, max_f1=0.851
[03.19 20:45:25] ┇ INFO    ┇                     gner ┇ Generating to data/GNER-QE/ZSE-validation-sampled-N210-hybrid_gen-by_beam-amount=5x10.jsonl:  98%|███████████████████▌| 205/210 [4:24:25<0:10:39, 0.01Hz] | avg_hyp=260, max_f1=0.851
[03.19 20:47:05] ┇ INFO    ┇                     gner ┇ Generating to data/GNER-QE/ZSE-validation-sampled-N210-hybrid_gen-by_beam-amount=5x10.jsonl:  98%|███████████████████▌| 206/210 [4:26:05<0:08:34, 0.01Hz] | avg_hyp=260, max_f1=0.851
[03.19 20:49:19] ┇ INFO    ┇                     gner ┇ Generating to data/GNER-QE/ZSE-validation-sampled-N210-hybrid_gen-by_beam-amount=5x10.jsonl:  99%|███████████████████▋| 207/210 [4:28:19<0:06:26, 0.01Hz] | avg_hyp=261, max_f1=0.849
[03.19 20:50:24] ┇ INFO    ┇                     gner ┇ Generating to data/GNER-QE/ZSE-validation-sampled-N210-hybrid_gen-by_beam-amount=5x10.jsonl:  99%|███████████████████▊| 208/210 [4:29:24<0:04:16, 0.01Hz] | avg_hyp=261, max_f1=0.847
[03.19 20:52:45] ┇ INFO    ┇                     gner ┇ Generating to data/GNER-QE/ZSE-validation-sampled-N210-hybrid_gen-by_beam-amount=5x10.jsonl: 100%|███████████████████▉| 209/210 [4:31:45<0:02:08, 0.01Hz] | avg_hyp=262, max_f1=0.848
[03.19 20:54:04] ┇ INFO    ┇                     gner ┇ Generating to data/GNER-QE/ZSE-validation-sampled-N210-hybrid_gen-by_beam-amount=5x10.jsonl: 100%|████████████████████| 210/210 [4:33:04<0:00:00, 0.01Hz] | avg_hyp=263, max_f1=0.848
[03.19 20:54:04] ┇ INFO    ┇                     gner ┇ Saved generated and combined predictions to data/GNER-QE/ZSE-validation-sampled-N210-hybrid_gen-by_beam-amount=5x10.jsonl: #example=210, sum_hyp=55132, avg_hyp=263, max_f1=0.848
[03.19 20:54:04] ┇ INFO    ┇           chrisbase.data ┇ =========================================================================================================================================
[03.19 20:54:04] ┇ INFO    ┇           chrisbase.data ┇ [EXIT] python generate.py generate_hybrid_prediction --device cuda:5 --input_file data/ZSE-validation-sampled-N210.jsonl --do_check_possibility ($=04:33:04.233)
[03.19 20:54:04] ┇ INFO    ┇           chrisbase.data ┇ =========================================================================================================================================
