/raid/chrisjihee/miniforge3/envs/GNER/bin/python /raid/chrisjihee/proj/GNER/chrisdata/scripts/ner_sample_jsonl.py
[03.15 00:59:10] ┇ =========================================================================================================================================
[03.15 00:59:10] ┇ [INIT] python /raid/chrisjihee/proj/GNER/chrisdata/scripts/ner_sample_jsonl.py
[03.15 00:59:10] ┇ =========================================================================================================================================
[03.15 00:59:11] ┇ Sampling data/ZSE-validation.jsonl:   0%|                    |    1/1400 [0:00:00<0:00:00, 6029.41Hz]
[03.15 00:59:11] ┇ Sampling data/ZSE-validation.jsonl: 100%|████████████████████| 1400/1400 [0:00:00<0:00:00, 19813.57Hz]
[03.15 00:59:11] ┇ Number of samples in data/ZSE-validation-sampled.jsonl: 70
[03.15 00:59:11] ┇ Renamed to data/ZSE-validation-sampled-N70.jsonl
[03.15 00:59:11] ┇ =========================================================================================================================================
[03.15 00:59:11] ┇ [EXIT] python /raid/chrisjihee/proj/GNER/chrisdata/scripts/ner_sample_jsonl.py  ($=00:00:00.121)
[03.15 00:59:11] ┇ =========================================================================================================================================
[03.15 00:59:11] ┇ =========================================================================================================================================
[03.15 00:59:11] ┇ [INIT] python /raid/chrisjihee/proj/GNER/chrisdata/scripts/ner_sample_jsonl.py
[03.15 00:59:11] ┇ =========================================================================================================================================
[03.15 00:59:12] ┇ Sampling data/ZSE-validation.jsonl:   0%|                    |    1/1400 [0:00:00<0:00:00, 16761.50Hz]
[03.15 00:59:12] ┇ Sampling data/ZSE-validation.jsonl: 100%|████████████████████| 1400/1400 [0:00:00<0:00:00, 29676.99Hz]
[03.15 00:59:12] ┇ Number of samples in data/ZSE-validation-sampled.jsonl: 210
[03.15 00:59:12] ┇ Renamed to data/ZSE-validation-sampled-N210.jsonl
[03.15 00:59:12] ┇ =========================================================================================================================================
[03.15 00:59:12] ┇ [EXIT] python /raid/chrisjihee/proj/GNER/chrisdata/scripts/ner_sample_jsonl.py  ($=00:00:00.050)
[03.15 00:59:12] ┇ =========================================================================================================================================
[03.15 00:59:12] ┇ =========================================================================================================================================
[03.15 00:59:12] ┇ [INIT] python /raid/chrisjihee/proj/GNER/chrisdata/scripts/ner_sample_jsonl.py
[03.15 00:59:12] ┇ =========================================================================================================================================
[03.15 00:59:12] ┇ Sampling data/ZSE-validation.jsonl:   0%|                    |    1/1400 [0:00:00<0:00:00, 16555.78Hz]
[03.15 00:59:12] ┇ Sampling data/ZSE-validation.jsonl: 100%|████████████████████| 1400/1400 [0:00:00<0:00:00, 29720.85Hz]
[03.15 00:59:12] ┇ Number of samples in data/ZSE-validation-sampled.jsonl: 700
[03.15 00:59:12] ┇ Renamed to data/ZSE-validation-sampled-N700.jsonl
[03.15 00:59:13] ┇ =========================================================================================================================================
[03.15 00:59:13] ┇ [EXIT] python /raid/chrisjihee/proj/GNER/chrisdata/scripts/ner_sample_jsonl.py  ($=00:00:00.054)
[03.15 00:59:13] ┇ =========================================================================================================================================
[03.15 00:59:13] ┇ =========================================================================================================================================
[03.15 00:59:13] ┇ [INIT] python /raid/chrisjihee/proj/GNER/chrisdata/scripts/ner_sample_jsonl.py
[03.15 00:59:13] ┇ =========================================================================================================================================
[03.15 00:59:13] ┇ [output_file]   : data/ZSE-validation-sampled-N70-HR.jsonl
[03.15 00:59:13] ┇ [mr_input_file] : data/ZSE-validation-sampled-N70.jsonl
[03.15 00:59:13] ┇ [sr_input_file] : data/ZSE-validation-sampled-N700.jsonl
[03.15 00:59:13] ┇ [mr_inst_file]  : configs/instruction/GNER-EQ-MR.txt
[03.15 00:59:13] ┇ [sr_inst_file]  : configs/instruction/GNER-EQ-SR.txt
[03.15 00:59:13] ┇ Converting data/ZSE-validation-sampled-N700.jsonl:   0%|                    |   1/700 [0:00:00<0:00:00, 7169.56Hz]
[03.15 00:59:13] ┇ Converting data/ZSE-validation-sampled-N700.jsonl: 100%|████████████████████| 700/700 [0:00:00<0:00:00, 11170.97Hz]
[03.15 00:59:13] ┇ Converting data/ZSE-validation-sampled-N70.jsonl:   1%|▎                   |  1/70 [0:00:00<0:00:00, 3559.30Hz]
[03.15 00:59:13] ┇ Converting data/ZSE-validation-sampled-N70.jsonl: 100%|████████████████████| 70/70 [0:00:00<0:00:00, 3171.47Hz]
[03.15 00:59:13] ┇ >> Number of new samples in data/ZSE-validation-sampled-N70-HR.jsonl = 1320
[03.15 00:59:13] ┇ Renamed to data/ZSE-validation-sampled-N70-HR1320.jsonl
[03.15 00:59:14] ┇ =========================================================================================================================================
[03.15 00:59:14] ┇ [EXIT] python /raid/chrisjihee/proj/GNER/chrisdata/scripts/ner_sample_jsonl.py  ($=00:00:00.080)
[03.15 00:59:14] ┇ =========================================================================================================================================
[03.15 00:59:14] ┇ =========================================================================================================================================
[03.15 00:59:14] ┇ [INIT] python /raid/chrisjihee/proj/GNER/chrisdata/scripts/ner_sample_jsonl.py
[03.15 00:59:14] ┇ =========================================================================================================================================
[03.15 00:59:14] ┇ [output_file]   : data/ZSE-validation-sampled-N210-HR.jsonl
[03.15 00:59:14] ┇ [mr_input_file] : data/ZSE-validation-sampled-N210.jsonl
[03.15 00:59:14] ┇ [sr_input_file] : data/ZSE-validation-sampled-N700.jsonl
[03.15 00:59:14] ┇ [mr_inst_file]  : configs/instruction/GNER-EQ-MR.txt
[03.15 00:59:14] ┇ [sr_inst_file]  : configs/instruction/GNER-EQ-SR.txt
[03.15 00:59:14] ┇ Converting data/ZSE-validation-sampled-N700.jsonl:   0%|                    |   1/700 [0:00:00<0:00:00, 10354.71Hz]
[03.15 00:59:14] ┇ Converting data/ZSE-validation-sampled-N700.jsonl: 100%|████████████████████| 700/700 [0:00:00<0:00:00, 11078.78Hz]
[03.15 00:59:14] ┇ Converting data/ZSE-validation-sampled-N210.jsonl:   0%|                    |   1/210 [0:00:00<0:00:00, 3425.93Hz]
[03.15 00:59:14] ┇ Converting data/ZSE-validation-sampled-N210.jsonl: 100%|████████████████████| 210/210 [0:00:00<0:00:00, 2458.45Hz]
[03.15 00:59:14] ┇ >> Number of new samples in data/ZSE-validation-sampled-N210-HR.jsonl = 2760
[03.15 00:59:14] ┇ Renamed to data/ZSE-validation-sampled-N210-HR2760.jsonl
[03.15 00:59:14] ┇ =========================================================================================================================================
[03.15 00:59:14] ┇ [EXIT] python /raid/chrisjihee/proj/GNER/chrisdata/scripts/ner_sample_jsonl.py  ($=00:00:00.128)
[03.15 00:59:14] ┇ =========================================================================================================================================
[03.15 00:59:15] ┇ =========================================================================================================================================
[03.15 00:59:15] ┇ [INIT] python /raid/chrisjihee/proj/GNER/chrisdata/scripts/ner_sample_jsonl.py
[03.15 00:59:15] ┇ =========================================================================================================================================
[03.15 00:59:15] ┇ [output_file]   : data/ZSE-validation-sampled-N700-HR.jsonl
[03.15 00:59:15] ┇ [mr_input_file] : data/ZSE-validation-sampled-N700.jsonl
[03.15 00:59:15] ┇ [sr_input_file] : data/ZSE-validation-sampled-N700.jsonl
[03.15 00:59:15] ┇ [mr_inst_file]  : configs/instruction/GNER-EQ-MR.txt
[03.15 00:59:15] ┇ [sr_inst_file]  : configs/instruction/GNER-EQ-SR.txt
[03.15 00:59:15] ┇ Converting data/ZSE-validation-sampled-N700.jsonl:   0%|                    |   1/700 [0:00:00<0:00:00, 10621.85Hz]
[03.15 00:59:15] ┇ Converting data/ZSE-validation-sampled-N700.jsonl: 100%|████████████████████| 700/700 [0:00:00<0:00:00, 11077.76Hz]
[03.15 00:59:15] ┇ Converting data/ZSE-validation-sampled-N700.jsonl:   0%|                    |   1/700 [0:00:00<0:00:00, 3321.73Hz]
[03.15 00:59:15] ┇ Converting data/ZSE-validation-sampled-N700.jsonl: 100%|████████████████████| 700/700 [0:00:00<0:00:00, 1988.06Hz]
[03.15 00:59:15] ┇ >> Number of new samples in data/ZSE-validation-sampled-N700-HR.jsonl = 7800
[03.15 00:59:15] ┇ Renamed to data/ZSE-validation-sampled-N700-HR7800.jsonl
[03.15 00:59:16] ┇ =========================================================================================================================================
[03.15 00:59:16] ┇ [EXIT] python /raid/chrisjihee/proj/GNER/chrisdata/scripts/ner_sample_jsonl.py  ($=00:00:00.298)
[03.15 00:59:16] ┇ =========================================================================================================================================
[03.15 00:59:16] ┇ =========================================================================================================================================
[03.15 00:59:16] ┇ [INIT] python /raid/chrisjihee/proj/GNER/chrisdata/scripts/ner_sample_jsonl.py
[03.15 00:59:16] ┇ =========================================================================================================================================
[03.15 00:59:16] ┇ Sampling data/ZSE-test.jsonl:   0%|                    |    1/6470 [0:00:00<0:00:00, 6989.96Hz]
[03.15 00:59:16] ┇ Sampling data/ZSE-test.jsonl: 100%|████████████████████| 6470/6470 [0:00:00<0:00:00, 26043.11Hz]
[03.15 00:59:16] ┇ Number of samples in data/ZSE-test-sampled.jsonl: 700
[03.15 00:59:16] ┇ Renamed to data/ZSE-test-sampled-N700.jsonl
[03.15 00:59:17] ┇ =========================================================================================================================================
[03.15 00:59:17] ┇ [EXIT] python /raid/chrisjihee/proj/GNER/chrisdata/scripts/ner_sample_jsonl.py  ($=00:00:00.231)
[03.15 00:59:17] ┇ =========================================================================================================================================
[03.15 00:59:17] ┇ =========================================================================================================================================
[03.15 00:59:17] ┇ [INIT] python /raid/chrisjihee/proj/GNER/chrisdata/scripts/ner_sample_jsonl.py
[03.15 00:59:17] ┇ =========================================================================================================================================
[03.15 00:59:17] ┇ Sampling data/ZSE-test.jsonl:   0%|                    |    1/6470 [0:00:00<0:00:00, 8970.27Hz]
[03.15 00:59:18] ┇ Sampling data/ZSE-test.jsonl: 100%|████████████████████| 6470/6470 [0:00:00<0:00:00, 28154.19Hz]
[03.15 00:59:18] ┇ Number of samples in data/ZSE-test-sampled.jsonl: 2100
[03.15 00:59:18] ┇ Renamed to data/ZSE-test-sampled-N2100.jsonl
[03.15 00:59:18] ┇ =========================================================================================================================================
[03.15 00:59:18] ┇ [EXIT] python /raid/chrisjihee/proj/GNER/chrisdata/scripts/ner_sample_jsonl.py  ($=00:00:00.361)
[03.15 00:59:18] ┇ =========================================================================================================================================
[03.15 00:59:18] ┇ =========================================================================================================================================
[03.15 00:59:18] ┇ [INIT] python /raid/chrisjihee/proj/GNER/chrisdata/scripts/ner_sample_jsonl.py
[03.15 00:59:18] ┇ =========================================================================================================================================
[03.15 00:59:18] ┇ [output_file]   : data/ZSE-test-sampled-N700-HR.jsonl
[03.15 00:59:18] ┇ [mr_input_file] : data/ZSE-test-sampled-N700.jsonl
[03.15 00:59:18] ┇ [sr_input_file] : data/ZSE-test-sampled-N2100.jsonl
[03.15 00:59:18] ┇ [mr_inst_file]  : configs/instruction/GNER-EQ-MR.txt
[03.15 00:59:18] ┇ [sr_inst_file]  : configs/instruction/GNER-EQ-SR.txt
[03.15 00:59:18] ┇ Converting data/ZSE-test-sampled-N2100.jsonl:   0%|                    |    1/2100 [0:00:00<0:00:00, 6330.73Hz]
[03.15 00:59:19] ┇ Converting data/ZSE-test-sampled-N2100.jsonl: 100%|████████████████████| 2100/2100 [0:00:00<0:00:00, 10893.89Hz]
[03.15 00:59:19] ┇ Converting data/ZSE-test-sampled-N700.jsonl:   0%|                    |   1/700 [0:00:00<0:00:00, 3327.90Hz]
[03.15 00:59:19] ┇ Converting data/ZSE-test-sampled-N700.jsonl: 100%|████████████████████| 700/700 [0:00:00<0:00:00, 2019.02Hz]
[03.15 00:59:19] ┇ >> Number of new samples in data/ZSE-test-sampled-N700-HR.jsonl = 9000
[03.15 00:59:19] ┇ Renamed to data/ZSE-test-sampled-N700-HR9000.jsonl
[03.15 00:59:19] ┇ =========================================================================================================================================
[03.15 00:59:19] ┇ [EXIT] python /raid/chrisjihee/proj/GNER/chrisdata/scripts/ner_sample_jsonl.py  ($=00:00:00.405)
[03.15 00:59:19] ┇ =========================================================================================================================================
[03.15 00:59:19] ┇ =========================================================================================================================================
[03.15 00:59:19] ┇ [INIT] python /raid/chrisjihee/proj/GNER/chrisdata/scripts/ner_sample_jsonl.py
[03.15 00:59:19] ┇ =========================================================================================================================================
[03.15 00:59:20] ┇ [output_file]   : data/ZSE-test-sampled-N2100-HR.jsonl
[03.15 00:59:20] ┇ [mr_input_file] : data/ZSE-test-sampled-N2100.jsonl
[03.15 00:59:20] ┇ [sr_input_file] : data/ZSE-test-sampled-N2100.jsonl
[03.15 00:59:20] ┇ [mr_inst_file]  : configs/instruction/GNER-EQ-MR.txt
[03.15 00:59:20] ┇ [sr_inst_file]  : configs/instruction/GNER-EQ-SR.txt
[03.15 00:59:20] ┇ Converting data/ZSE-test-sampled-N2100.jsonl:   0%|                    |    1/2100 [0:00:00<0:00:00, 6971.26Hz]
[03.15 00:59:20] ┇ Converting data/ZSE-test-sampled-N2100.jsonl: 100%|████████████████████| 2100/2100 [0:00:00<0:00:00, 11038.77Hz]
[03.15 00:59:20] ┇ Converting data/ZSE-test-sampled-N2100.jsonl:   0%|                    |    1/2100 [0:00:00<0:00:00, 3325.06Hz]
[03.15 00:59:20] ┇ Converting data/ZSE-test-sampled-N2100.jsonl: 100%|████████████████████| 2100/2100 [0:00:00<0:00:00, 1960.94Hz]
[03.15 00:59:20] ┇ >> Number of new samples in data/ZSE-test-sampled-N2100-HR.jsonl = 23400
[03.15 00:59:20] ┇ Renamed to data/ZSE-test-sampled-N2100-HR23400.jsonl
[03.15 00:59:21] ┇ =========================================================================================================================================
[03.15 00:59:21] ┇ [EXIT] python /raid/chrisjihee/proj/GNER/chrisdata/scripts/ner_sample_jsonl.py  ($=00:00:00.868)
[03.15 00:59:21] ┇ =========================================================================================================================================
[03.15 00:59:21] ┇ =========================================================================================================================================
[03.15 00:59:21] ┇ [INIT] python /raid/chrisjihee/proj/GNER/chrisdata/scripts/ner_sample_jsonl.py
[03.15 00:59:21] ┇ =========================================================================================================================================
[03.15 00:59:22] ┇ Sampling data/pile-ner.jsonl:   0%|                    |      1/105659 [0:00:00<0:00:17, 6165.69Hz]
[03.15 00:59:24] ┇ Sampling data/pile-ner.jsonl:  35%|███████             |  37033/105659 [0:00:02<0:00:03, 20889.63Hz]
[03.15 00:59:26] ┇ Sampling data/pile-ner.jsonl:  70%|██████████████      |  74169/105659 [0:00:04<0:00:01, 20649.13Hz]
[03.15 00:59:27] ┇ Sampling data/pile-ner.jsonl: 100%|████████████████████| 105659/105659 [0:00:05<0:00:00, 20964.55Hz]
[03.15 00:59:28] ┇ Number of samples in data/pile-ner=10-100,3-7,3-10.jsonl: 19988
[03.15 00:59:28] ┇ Renamed to data/pile-ner=10-100,3-7,3-10-N19988.jsonl
[03.15 00:59:28] ┇ =========================================================================================================================================
[03.15 00:59:28] ┇ [EXIT] python /raid/chrisjihee/proj/GNER/chrisdata/scripts/ner_sample_jsonl.py  ($=00:00:06.635)
[03.15 00:59:28] ┇ =========================================================================================================================================
[03.15 00:59:29] ┇ =========================================================================================================================================
[03.15 00:59:29] ┇ [INIT] python /raid/chrisjihee/proj/GNER/chrisdata/scripts/ner_sample_jsonl.py
[03.15 00:59:29] ┇ =========================================================================================================================================
[03.15 00:59:29] ┇ Sampling data/pile-ner.jsonl:   0%|                    |      1/105659 [0:00:00<0:00:29, 3601.57Hz]
[03.15 00:59:31] ┇ Sampling data/pile-ner.jsonl:  34%|██████▊             |  35828/105659 [0:00:02<0:03:24, 342.25Hz]
[03.15 00:59:33] ┇ Sampling data/pile-ner.jsonl:  68%|█████████████▌      |  71965/105659 [0:00:04<0:00:01, 20481.21Hz]
[03.15 00:59:35] ┇ Sampling data/pile-ner.jsonl: 100%|████████████████████| 105659/105659 [0:00:05<0:00:00, 20160.50Hz]
[03.15 00:59:36] ┇ Number of samples in data/pile-ner=10-100,3-10,3-10.jsonl: 30129
[03.15 00:59:36] ┇ Renamed to data/pile-ner=10-100,3-10,3-10-N30129.jsonl
[03.15 00:59:36] ┇ =========================================================================================================================================
[03.15 00:59:36] ┇ [EXIT] python /raid/chrisjihee/proj/GNER/chrisdata/scripts/ner_sample_jsonl.py  ($=00:00:07.138)
[03.15 00:59:36] ┇ =========================================================================================================================================
[03.15 00:59:37] ┇ =========================================================================================================================================
[03.15 00:59:37] ┇ [INIT] python /raid/chrisjihee/proj/GNER/chrisdata/scripts/ner_sample_jsonl.py
[03.15 00:59:37] ┇ =========================================================================================================================================
[03.15 00:59:37] ┇ Sampling data/pile-ner.jsonl:   0%|                    |      1/105659 [0:00:00<0:00:17, 6164.41Hz]
[03.15 00:59:39] ┇ Sampling data/pile-ner.jsonl:  31%|██████▏             |  32935/105659 [0:00:02<0:00:03, 20670.08Hz]
[03.15 00:59:41] ┇ Sampling data/pile-ner.jsonl:  62%|████████████▍       |  65760/105659 [0:00:04<0:03:30, 189.27Hz]
[03.15 00:59:43] ┇ Sampling data/pile-ner.jsonl:  92%|██████████████████▎ |  96679/105659 [0:00:06<0:00:00, 21247.44Hz]
[03.15 00:59:44] ┇ Sampling data/pile-ner.jsonl: 100%|████████████████████| 105659/105659 [0:00:06<0:00:00, 19351.79Hz]
[03.15 00:59:45] ┇ Number of samples in data/pile-ner=10-100,3-20,3-10.jsonl: 39852
[03.15 00:59:45] ┇ Renamed to data/pile-ner=10-100,3-20,3-10-N39852.jsonl
[03.15 00:59:45] ┇ =========================================================================================================================================
[03.15 00:59:45] ┇ [EXIT] python /raid/chrisjihee/proj/GNER/chrisdata/scripts/ner_sample_jsonl.py  ($=00:00:08.004)
[03.15 00:59:45] ┇ =========================================================================================================================================
[03.15 00:59:46] ┇ =========================================================================================================================================
[03.15 00:59:46] ┇ [INIT] python /raid/chrisjihee/proj/GNER/chrisdata/scripts/ner_sample_jsonl.py
[03.15 00:59:46] ┇ =========================================================================================================================================
[03.15 00:59:46] ┇ Sampling data/pile-ner.jsonl:   0%|                    |      1/105659 [0:00:00<0:00:17, 6013.34Hz]
[03.15 00:59:48] ┇ Sampling data/pile-ner.jsonl:  33%|██████▋             |  35004/105659 [0:00:02<0:00:03, 23001.24Hz]
[03.15 00:59:50] ┇ Sampling data/pile-ner.jsonl:  61%|████████████▏       |  64514/105659 [0:00:04<0:00:01, 20704.90Hz]
[03.15 00:59:52] ┇ Sampling data/pile-ner.jsonl:  91%|██████████████████▏ |  96375/105659 [0:00:06<0:00:00, 21269.97Hz]
[03.15 00:59:53] ┇ Sampling data/pile-ner.jsonl: 100%|████████████████████| 105659/105659 [0:00:06<0:00:00, 19961.89Hz]
[03.15 00:59:54] ┇ Number of samples in data/pile-ner=7-120,3-20,3-10.jsonl: 49800
[03.15 00:59:54] ┇ Renamed to data/pile-ner=7-120,3-20,3-10-N49800.jsonl
[03.15 00:59:55] ┇ =========================================================================================================================================
[03.15 00:59:55] ┇ [EXIT] python /raid/chrisjihee/proj/GNER/chrisdata/scripts/ner_sample_jsonl.py  ($=00:00:08.582)
[03.15 00:59:55] ┇ =========================================================================================================================================
[03.15 00:59:55] ┇ =========================================================================================================================================
[03.15 00:59:55] ┇ [INIT] python /raid/chrisjihee/proj/GNER/chrisdata/scripts/ner_sample_jsonl.py
[03.15 00:59:55] ┇ =========================================================================================================================================
[03.15 00:59:55] ┇ [output_file]   : data/pile-ner=10-100,3-7,3-10-N19988-HR.jsonl
[03.15 00:59:55] ┇ [mr_input_file] : data/pile-ner=10-100,3-7,3-10-N19988.jsonl
[03.15 00:59:56] ┇ [sr_input_file] : data/pile-ner.jsonl
[03.15 00:59:56] ┇ [mr_inst_file]  : configs/instruction/GNER-EQ-MR.txt
[03.15 00:59:56] ┇ [sr_inst_file]  : configs/instruction/GNER-EQ-SR.txt
[03.15 00:59:57] ┇ Converting data/pile-ner.jsonl:   0%|                    |      1/105659 [0:00:00<0:00:31, 3380.97Hz]
[03.15 00:59:59] ┇ Converting data/pile-ner.jsonl:  17%|███▎                |  17493/105659 [0:00:02<0:00:09, 8926.17Hz]
[03.15 01:00:01] ┇ Converting data/pile-ner.jsonl:  33%|██████▌             |  34894/105659 [0:00:04<0:00:08, 8647.38Hz]
[03.15 01:00:03] ┇ Converting data/pile-ner.jsonl:  49%|█████████▉          |  52243/105659 [0:00:06<0:00:06, 8583.83Hz]
[03.15 01:00:05] ┇ Converting data/pile-ner.jsonl:  66%|█████████████▏      |  69833/105659 [0:00:08<0:00:03, 9030.66Hz]
[03.15 01:00:07] ┇ Converting data/pile-ner.jsonl:  83%|████████████████▌   |  87435/105659 [0:00:10<0:00:02, 8821.96Hz]
[03.15 01:00:09] ┇ Converting data/pile-ner.jsonl:  99%|███████████████████▉| 105084/105659 [0:00:12<0:00:00, 9333.57Hz]
[03.15 01:00:09] ┇ Converting data/pile-ner.jsonl: 100%|████████████████████| 105659/105659 [0:00:12<0:00:00, 8525.29Hz]
[03.15 01:00:09] ┇ Converting data/pile-ner=10-100,3-7,3-10-N19988.jsonl:   0%|                    |     1/19988 [0:00:00<0:00:07, 2679.42Hz]
[03.15 01:00:11] ┇ Converting data/pile-ner=10-100,3-7,3-10-N19988.jsonl:  53%|██████████▌         | 10547/19988 [0:00:02<0:00:02, 4188.54Hz]
[03.15 01:00:13] ┇ Converting data/pile-ner=10-100,3-7,3-10-N19988.jsonl: 100%|████████████████████| 19988/19988 [0:00:03<0:00:00, 4305.82Hz]
[03.15 01:00:13] ┇ >> Number of new samples in data/pile-ner=10-100,3-7,3-10-N19988-HR.jsonl = 167502
[03.15 01:00:13] ┇ Renamed to data/pile-ner=10-100,3-7,3-10-N19988-HR167502.jsonl
[03.15 01:00:13] ┇ =========================================================================================================================================
[03.15 01:00:13] ┇ [EXIT] python /raid/chrisjihee/proj/GNER/chrisdata/scripts/ner_sample_jsonl.py  ($=00:00:17.295)
[03.15 01:00:13] ┇ =========================================================================================================================================
[03.15 01:00:13] ┇ =========================================================================================================================================
[03.15 01:00:13] ┇ [INIT] python /raid/chrisjihee/proj/GNER/chrisdata/scripts/ner_sample_jsonl.py
[03.15 01:00:13] ┇ =========================================================================================================================================
[03.15 01:00:13] ┇ [output_file]   : data/pile-ner=10-100,3-10,3-10-N30129-HR.jsonl
[03.15 01:00:14] ┇ [mr_input_file] : data/pile-ner=10-100,3-10,3-10-N30129.jsonl
[03.15 01:00:14] ┇ [sr_input_file] : data/pile-ner.jsonl
[03.15 01:00:14] ┇ [mr_inst_file]  : configs/instruction/GNER-EQ-MR.txt
[03.15 01:00:14] ┇ [sr_inst_file]  : configs/instruction/GNER-EQ-SR.txt
[03.15 01:00:15] ┇ Converting data/pile-ner.jsonl:   0%|                    |      1/105659 [0:00:00<0:00:28, 3705.37Hz]
[03.15 01:00:17] ┇ Converting data/pile-ner.jsonl:  17%|███▎                |  17665/105659 [0:00:02<0:00:09, 8917.49Hz]
[03.15 01:00:19] ┇ Converting data/pile-ner.jsonl:  33%|██████▋             |  35339/105659 [0:00:04<0:00:08, 8447.15Hz]
[03.15 01:00:21] ┇ Converting data/pile-ner.jsonl:  50%|██████████          |  53027/105659 [0:00:06<0:00:05, 8997.01Hz]
[03.15 01:00:23] ┇ Converting data/pile-ner.jsonl:  67%|█████████████▍      |  70713/105659 [0:00:08<0:00:03, 9420.74Hz]
[03.15 01:00:25] ┇ Converting data/pile-ner.jsonl:  84%|████████████████▋   |  88354/105659 [0:00:10<0:00:02, 8560.37Hz]
[03.15 01:00:27] ┇ Converting data/pile-ner.jsonl: 100%|████████████████████| 105659/105659 [0:00:11<0:00:00, 8509.74Hz]
[03.15 01:00:27] ┇ Converting data/pile-ner=10-100,3-10,3-10-N30129.jsonl:   0%|                    |     1/30129 [0:00:00<0:00:12, 2359.60Hz]
[03.15 01:00:29] ┇ Converting data/pile-ner=10-100,3-10,3-10-N30129.jsonl:  31%|██████▏             |  9323/30129 [0:00:02<0:00:05, 3980.28Hz]
[03.15 01:00:31] ┇ Converting data/pile-ner=10-100,3-10,3-10-N30129.jsonl:  61%|████████████▏       | 18316/30129 [0:00:04<0:00:02, 5226.90Hz]
[03.15 01:00:33] ┇ Converting data/pile-ner=10-100,3-10,3-10-N30129.jsonl:  90%|█████████████████▉  | 26997/30129 [0:00:06<0:00:00, 5455.97Hz]
[03.15 01:00:33] ┇ Converting data/pile-ner=10-100,3-10,3-10-N30129.jsonl: 100%|████████████████████| 30129/30129 [0:00:06<0:00:00, 3668.44Hz]
[03.15 01:00:33] ┇ >> Number of new samples in data/pile-ner=10-100,3-10,3-10-N30129-HR.jsonl = 221316
[03.15 01:00:33] ┇ Renamed to data/pile-ner=10-100,3-10,3-10-N30129-HR221316.jsonl
[03.15 01:00:34] ┇ =========================================================================================================================================
[03.15 01:00:34] ┇ [EXIT] python /raid/chrisjihee/proj/GNER/chrisdata/scripts/ner_sample_jsonl.py  ($=00:00:20.162)
[03.15 01:00:34] ┇ =========================================================================================================================================
[03.15 01:00:34] ┇ =========================================================================================================================================
[03.15 01:00:34] ┇ [INIT] python /raid/chrisjihee/proj/GNER/chrisdata/scripts/ner_sample_jsonl.py
[03.15 01:00:34] ┇ =========================================================================================================================================
[03.15 01:00:34] ┇ [output_file]   : data/pile-ner=10-100,3-20,3-10-N39852-HR.jsonl
[03.15 01:00:35] ┇ [mr_input_file] : data/pile-ner=10-100,3-20,3-10-N39852.jsonl
[03.15 01:00:35] ┇ [sr_input_file] : data/pile-ner.jsonl
[03.15 01:00:35] ┇ [mr_inst_file]  : configs/instruction/GNER-EQ-MR.txt
[03.15 01:00:35] ┇ [sr_inst_file]  : configs/instruction/GNER-EQ-SR.txt
[03.15 01:00:36] ┇ Converting data/pile-ner.jsonl:   0%|                    |      1/105659 [0:00:00<0:00:28, 3730.71Hz]
[03.15 01:00:38] ┇ Converting data/pile-ner.jsonl:  17%|███▎                |  17675/105659 [0:00:02<0:00:09, 9119.54Hz]
[03.15 01:00:40] ┇ Converting data/pile-ner.jsonl:  33%|██████▋             |  35326/105659 [0:00:04<0:00:08, 8703.47Hz]
[03.15 01:00:42] ┇ Converting data/pile-ner.jsonl:  50%|██████████          |  53003/105659 [0:00:06<0:00:05, 8913.31Hz]
[03.15 01:00:44] ┇ Converting data/pile-ner.jsonl:  67%|█████████████▍      |  70695/105659 [0:00:08<0:00:03, 9324.79Hz]
[03.15 01:00:46] ┇ Converting data/pile-ner.jsonl:  84%|████████████████▋   |  88353/105659 [0:00:10<0:00:02, 8630.01Hz]
[03.15 01:00:48] ┇ Converting data/pile-ner.jsonl: 100%|████████████████████| 105659/105659 [0:00:11<0:00:00, 8527.68Hz]
[03.15 01:00:48] ┇ Converting data/pile-ner=10-100,3-20,3-10-N39852.jsonl:   0%|                    |     1/39852 [0:00:00<0:00:17, 2258.82Hz]
[03.15 01:00:50] ┇ Converting data/pile-ner=10-100,3-20,3-10-N39852.jsonl:  19%|███▉                |  7771/39852 [0:00:02<0:00:09, 3338.87Hz]
[03.15 01:00:52] ┇ Converting data/pile-ner=10-100,3-20,3-10-N39852.jsonl:  38%|███████▋            | 15312/39852 [0:00:04<0:00:07, 3341.93Hz]
[03.15 01:00:54] ┇ Converting data/pile-ner=10-100,3-20,3-10-N39852.jsonl:  56%|███████████▎        | 22440/39852 [0:00:06<0:00:05, 3226.31Hz]
[03.15 01:00:56] ┇ Converting data/pile-ner=10-100,3-20,3-10-N39852.jsonl:  74%|██████████████▊     | 29616/39852 [0:00:08<0:00:02, 3659.21Hz]
[03.15 01:00:58] ┇ Converting data/pile-ner=10-100,3-20,3-10-N39852.jsonl:  92%|██████████████████▍ | 36813/39852 [0:00:10<0:00:00, 3067.90Hz]
[03.15 01:00:59] ┇ Converting data/pile-ner=10-100,3-20,3-10-N39852.jsonl: 100%|████████████████████| 39852/39852 [0:00:10<0:00:00, 3500.21Hz]
[03.15 01:00:59] ┇ >> Number of new samples in data/pile-ner=10-100,3-20,3-10-N39852-HR.jsonl = 307509
[03.15 01:00:59] ┇ Renamed to data/pile-ner=10-100,3-20,3-10-N39852-HR307509.jsonl
[03.15 01:00:59] ┇ =========================================================================================================================================
[03.15 01:00:59] ┇ [EXIT] python /raid/chrisjihee/proj/GNER/chrisdata/scripts/ner_sample_jsonl.py  ($=00:00:24.396)
[03.15 01:00:59] ┇ =========================================================================================================================================
[03.15 01:00:59] ┇ =========================================================================================================================================
[03.15 01:00:59] ┇ [INIT] python /raid/chrisjihee/proj/GNER/chrisdata/scripts/ner_sample_jsonl.py
[03.15 01:00:59] ┇ =========================================================================================================================================
[03.15 01:01:00] ┇ [output_file]   : data/pile-ner=7-120,3-20,3-10-N49800-HR.jsonl
[03.15 01:01:00] ┇ [mr_input_file] : data/pile-ner=7-120,3-20,3-10-N49800.jsonl
[03.15 01:01:00] ┇ [sr_input_file] : data/pile-ner.jsonl
[03.15 01:01:00] ┇ [mr_inst_file]  : configs/instruction/GNER-EQ-MR.txt
[03.15 01:01:00] ┇ [sr_inst_file]  : configs/instruction/GNER-EQ-SR.txt
[03.15 01:01:01] ┇ Converting data/pile-ner.jsonl:   0%|                    |      1/105659 [0:00:00<0:00:27, 3806.52Hz]
[03.15 01:01:03] ┇ Converting data/pile-ner.jsonl:  17%|███▎                |  17650/105659 [0:00:02<0:00:09, 9053.76Hz]
[03.15 01:01:05] ┇ Converting data/pile-ner.jsonl:  33%|██████▋             |  35304/105659 [0:00:04<0:00:08, 8348.27Hz]
[03.15 01:01:07] ┇ Converting data/pile-ner.jsonl:  50%|██████████          |  52962/105659 [0:00:06<0:00:06, 8732.20Hz]
[03.15 01:01:09] ┇ Converting data/pile-ner.jsonl:  67%|█████████████▍      |  70661/105659 [0:00:08<0:00:03, 9260.97Hz]
[03.15 01:01:11] ┇ Converting data/pile-ner.jsonl:  84%|████████████████▋   |  88316/105659 [0:00:10<0:00:02, 8398.64Hz]
[03.15 01:01:13] ┇ Converting data/pile-ner.jsonl: 100%|████████████████████| 105659/105659 [0:00:11<0:00:00, 8515.74Hz]
[03.15 01:01:13] ┇ Converting data/pile-ner=7-120,3-20,3-10-N49800.jsonl:   0%|                    |     1/49800 [0:00:00<0:00:23, 2088.72Hz]
[03.15 01:01:15] ┇ Converting data/pile-ner=7-120,3-20,3-10-N49800.jsonl:  15%|███                 |  7581/49800 [0:00:02<0:00:12, 3302.61Hz]
[03.15 01:01:17] ┇ Converting data/pile-ner=7-120,3-20,3-10-N49800.jsonl:  30%|██████              | 15148/49800 [0:00:04<0:00:11, 3043.57Hz]
[03.15 01:01:19] ┇ Converting data/pile-ner=7-120,3-20,3-10-N49800.jsonl:  45%|████████▉           | 22353/49800 [0:00:06<0:00:07, 3494.27Hz]
[03.15 01:01:21] ┇ Converting data/pile-ner=7-120,3-20,3-10-N49800.jsonl:  59%|███████████▊        | 29411/49800 [0:00:08<0:00:06, 3153.04Hz]
[03.15 01:01:23] ┇ Converting data/pile-ner=7-120,3-20,3-10-N49800.jsonl:  73%|██████████████▋     | 36511/49800 [0:00:10<0:00:03, 3523.24Hz]
[03.15 01:01:25] ┇ Converting data/pile-ner=7-120,3-20,3-10-N49800.jsonl:  87%|█████████████████▍  | 43376/49800 [0:00:12<0:00:01, 5126.15Hz]
[03.15 01:01:27] ┇ Converting data/pile-ner=7-120,3-20,3-10-N49800.jsonl: 100%|████████████████████| 49800/49800 [0:00:13<0:00:00, 3180.57Hz]
[03.15 01:01:27] ┇ >> Number of new samples in data/pile-ner=7-120,3-20,3-10-N49800-HR.jsonl = 363694
[03.15 01:01:27] ┇ Renamed to data/pile-ner=7-120,3-20,3-10-N49800-HR363694.jsonl
[03.15 01:01:27] ┇ =========================================================================================================================================
[03.15 01:01:27] ┇ [EXIT] python /raid/chrisjihee/proj/GNER/chrisdata/scripts/ner_sample_jsonl.py  ($=00:00:27.517)
[03.15 01:01:27] ┇ =========================================================================================================================================
[03.15 01:01:28] ┇ =========================================================================================================================================
[03.15 01:01:28] ┇ [INIT] python /raid/chrisjihee/proj/GNER/chrisdata/scripts/ner_sample_jsonl.py
[03.15 01:01:28] ┇ =========================================================================================================================================
[03.15 01:01:28] ┇ [output_file]   : data/pile-ner-SR.jsonl
[03.15 01:01:28] ┇ [sr_input_file] : data/pile-ner.jsonl
[03.15 01:01:28] ┇ [sr_inst_file]  : configs/instruction/GNER-EQ-SR.txt
[03.15 01:01:29] ┇ Converting data/pile-ner.jsonl:   0%|                    |      1/105659 [0:00:00<0:00:29, 3617.29Hz]
[03.15 01:01:31] ┇ Converting data/pile-ner.jsonl:  17%|███▎                |  17561/105659 [0:00:02<0:00:09, 9354.87Hz]
[03.15 01:01:33] ┇ Converting data/pile-ner.jsonl:  33%|██████▋             |  35149/105659 [0:00:04<0:00:07, 8970.70Hz]
[03.15 01:01:35] ┇ Converting data/pile-ner.jsonl:  50%|█████████▉          |  52704/105659 [0:00:06<0:00:05, 9088.12Hz]
[03.15 01:01:37] ┇ Converting data/pile-ner.jsonl:  67%|█████████████▎      |  70363/105659 [0:00:08<0:00:04, 8350.74Hz]
[03.15 01:01:39] ┇ Converting data/pile-ner.jsonl:  83%|████████████████▋   |  87964/105659 [0:00:10<0:00:02, 8704.73Hz]
[03.15 01:01:41] ┇ Converting data/pile-ner.jsonl: 100%|████████████████████| 105659/105659 [0:00:11<0:00:00, 8513.86Hz]
[03.15 01:01:41] ┇ >> Number of new samples in data/pile-ner-SR.jsonl = 103814
[03.15 01:01:41] ┇ Renamed to data/pile-ner-SR103814.jsonl
[03.15 01:01:41] ┇ =========================================================================================================================================
[03.15 01:01:41] ┇ [EXIT] python /raid/chrisjihee/proj/GNER/chrisdata/scripts/ner_sample_jsonl.py  ($=00:00:13.182)
[03.15 01:01:41] ┇ =========================================================================================================================================

Process finished with exit code 0
