[03.12 02:09:25] ┇ INFO    ┇           chrisbase.data ┇ =========================================================================================================================================
[03.12 02:09:25] ┇ INFO    ┇           chrisbase.data ┇ [INIT] python /raid/chrisjihee/proj/GNER/generate.py convert_to_qe_data --test_count 200 --num_candidates 30
[03.12 02:09:25] ┇ INFO    ┇           chrisbase.data ┇ =========================================================================================================================================
[03.12 02:09:27] ┇ INFO    ┇                     gner ┇ Converting the generated predictions into QE data for 7 dataset (6470 samples = 0 + 1400)
[03.12 02:09:28] ┇ INFO    ┇                     gner ┇  - [01/07] (test ) crossner_ai         :   0%|                    |   1/200 [0:00:00<0:02:49, 1.17Hz]
[03.12 02:09:34] ┇ INFO    ┇                     gner ┇  - [01/07] (test ) crossner_ai         :   2%|▎                   |   3/200 [0:00:06<0:07:20, 0.45Hz]
[03.12 02:09:39] ┇ INFO    ┇                     gner ┇  - [01/07] (test ) crossner_ai         :   2%|▌                   |   5/200 [0:00:11<0:07:42, 0.42Hz]
[03.12 02:09:45] ┇ INFO    ┇                     gner ┇  - [01/07] (test ) crossner_ai         :   4%|▉                   |   9/200 [0:00:17<0:06:09, 0.52Hz]
[03.12 02:09:53] ┇ INFO    ┇                     gner ┇  - [01/07] (test ) crossner_ai         :   8%|█▌                  |  15/200 [0:00:25<0:05:13, 0.59Hz]
[03.12 02:10:02] ┇ INFO    ┇                     gner ┇  - [01/07] (test ) crossner_ai         :   8%|█▌                  |  16/200 [0:00:34<0:06:39, 0.46Hz]
[03.12 02:10:14] ┇ INFO    ┇                     gner ┇  - [01/07] (test ) crossner_ai         :  10%|██                  |  21/200 [0:00:46<0:06:35, 0.45Hz]
[03.12 02:10:20] ┇ INFO    ┇                     gner ┇  - [01/07] (test ) crossner_ai         :  13%|██▌                 |  26/200 [0:00:52<0:05:49, 0.50Hz]
[03.12 02:10:28] ┇ INFO    ┇                     gner ┇  - [01/07] (test ) crossner_ai         :  16%|███                 |  31/200 [0:01:01<0:05:32, 0.51Hz]
[03.12 02:10:35] ┇ INFO    ┇                     gner ┇  - [01/07] (test ) crossner_ai         :  17%|███▍                |  34/200 [0:01:07<0:05:27, 0.51Hz]
[03.12 02:10:40] ┇ INFO    ┇                     gner ┇  - [01/07] (test ) crossner_ai         :  20%|████                |  40/200 [0:01:12<0:04:49, 0.55Hz]
[03.12 02:10:48] ┇ INFO    ┇                     gner ┇  - [01/07] (test ) crossner_ai         :  22%|████▎               |  43/200 [0:01:20<0:04:54, 0.53Hz]
[03.12 02:10:54] ┇ INFO    ┇                     gner ┇  - [01/07] (test ) crossner_ai         :  24%|████▉               |  49/200 [0:01:26<0:04:25, 0.57Hz]
[03.12 02:11:03] ┇ INFO    ┇                     gner ┇  - [01/07] (test ) crossner_ai         :  25%|█████               |  50/200 [0:01:35<0:04:47, 0.52Hz]
[03.12 02:11:11] ┇ INFO    ┇                     gner ┇  - [01/07] (test ) crossner_ai         :  26%|█████▎              |  53/200 [0:01:43<0:04:48, 0.51Hz]
[03.12 02:11:18] ┇ INFO    ┇                     gner ┇  - [01/07] (test ) crossner_ai         :  28%|█████▋              |  57/200 [0:01:50<0:04:38, 0.51Hz]
[03.12 02:11:25] ┇ INFO    ┇                     gner ┇  - [01/07] (test ) crossner_ai         :  30%|██████              |  61/200 [0:01:57<0:04:27, 0.52Hz]
[03.12 02:11:34] ┇ INFO    ┇                     gner ┇  - [01/07] (test ) crossner_ai         :  32%|██████▎             |  63/200 [0:02:06<0:04:34, 0.50Hz]
[03.12 02:11:40] ┇ INFO    ┇                     gner ┇  - [01/07] (test ) crossner_ai         :  34%|██████▋             |  67/200 [0:02:12<0:04:24, 0.50Hz]
[03.12 02:11:51] ┇ INFO    ┇                     gner ┇  - [01/07] (test ) crossner_ai         :  36%|███████             |  71/200 [0:02:23<0:04:19, 0.50Hz]
[03.12 02:11:56] ┇ INFO    ┇                     gner ┇  - [01/07] (test ) crossner_ai         :  36%|███████▏            |  72/200 [0:02:28<0:04:26, 0.48Hz]
[03.12 02:12:01] ┇ INFO    ┇                     gner ┇  - [01/07] (test ) crossner_ai         :  38%|███████▌            |  76/200 [0:02:33<0:04:19, 0.48Hz]
[03.12 02:12:16] ┇ INFO    ┇                     gner ┇  - [01/07] (test ) crossner_ai         :  39%|███████▊            |  78/200 [0:02:48<0:04:37, 0.44Hz]
[03.12 02:12:22] ┇ INFO    ┇                     gner ┇  - [01/07] (test ) crossner_ai         :  42%|████████▍           |  84/200 [0:02:54<0:03:56, 0.49Hz]
[03.12 02:12:27] ┇ INFO    ┇                     gner ┇  - [01/07] (test ) crossner_ai         :  43%|████████▌           |  86/200 [0:02:59<0:04:00, 0.47Hz]
[03.12 02:12:35] ┇ INFO    ┇                     gner ┇  - [01/07] (test ) crossner_ai         :  44%|████████▉           |  89/200 [0:03:07<0:03:58, 0.46Hz]
[03.12 02:12:48] ┇ INFO    ┇                     gner ┇  - [01/07] (test ) crossner_ai         :  46%|█████████           |  91/200 [0:03:20<0:04:12, 0.43Hz]
[03.12 02:12:54] ┇ INFO    ┇                     gner ┇  - [01/07] (test ) crossner_ai         :  48%|█████████▌          |  95/200 [0:03:26<0:04:01, 0.44Hz]
[03.12 02:13:05] ┇ INFO    ┇                     gner ┇  - [01/07] (test ) crossner_ai         :  48%|█████████▌          |  96/200 [0:03:37<0:04:14, 0.41Hz]
[03.12 02:13:11] ┇ INFO    ┇                     gner ┇  - [01/07] (test ) crossner_ai         :  48%|█████████▋          |  97/200 [0:03:43<0:04:15, 0.40Hz]
[03.12 02:13:18] ┇ INFO    ┇                     gner ┇  - [01/07] (test ) crossner_ai         :  50%|██████████          | 100/200 [0:03:50<0:04:16, 0.39Hz]
[03.12 02:13:23] ┇ INFO    ┇                     gner ┇  - [01/07] (test ) crossner_ai         :  52%|██████████▎         | 103/200 [0:03:55<0:04:11, 0.39Hz]
[03.12 02:13:29] ┇ INFO    ┇                     gner ┇  - [01/07] (test ) crossner_ai         :  52%|██████████▌         | 105/200 [0:04:01<0:04:09, 0.38Hz]
[03.12 02:13:39] ┇ INFO    ┇                     gner ┇  - [01/07] (test ) crossner_ai         :  55%|██████████▉         | 109/200 [0:04:11<0:04:02, 0.38Hz]
[03.12 02:13:44] ┇ INFO    ┇                     gner ┇  - [01/07] (test ) crossner_ai         :  56%|███████████▏        | 112/200 [0:04:16<0:03:58, 0.37Hz]
[03.12 02:13:49] ┇ INFO    ┇                     gner ┇  - [01/07] (test ) crossner_ai         :  57%|███████████▌        | 115/200 [0:04:21<0:03:37, 0.39Hz]
[03.12 02:13:58] ┇ INFO    ┇                     gner ┇  - [01/07] (test ) crossner_ai         :  59%|███████████▊        | 118/200 [0:04:30<0:03:31, 0.39Hz]
[03.12 02:14:03] ┇ INFO    ┇                     gner ┇  - [01/07] (test ) crossner_ai         :  60%|████████████        | 121/200 [0:04:35<0:03:25, 0.38Hz]
[03.12 02:14:08] ┇ INFO    ┇                     gner ┇  - [01/07] (test ) crossner_ai         :  62%|████████████▍       | 124/200 [0:04:40<0:03:16, 0.39Hz]
[03.12 02:14:13] ┇ INFO    ┇                     gner ┇  - [01/07] (test ) crossner_ai         :  64%|████████████▊       | 128/200 [0:04:45<0:02:59, 0.40Hz]
[03.12 02:14:23] ┇ INFO    ┇                     gner ┇  - [01/07] (test ) crossner_ai         :  66%|█████████████▎      | 133/200 [0:04:55<0:02:51, 0.39Hz]
[03.12 02:14:29] ┇ INFO    ┇                     gner ┇  - [01/07] (test ) crossner_ai         :  68%|█████████████▋      | 137/200 [0:05:01<0:02:29, 0.42Hz]
[03.12 02:14:34] ┇ INFO    ┇                     gner ┇  - [01/07] (test ) crossner_ai         :  70%|██████████████      | 140/200 [0:05:06<0:02:23, 0.42Hz]
[03.12 02:14:42] ┇ INFO    ┇                     gner ┇  - [01/07] (test ) crossner_ai         :  71%|██████████████▏     | 142/200 [0:05:14<0:02:13, 0.44Hz]
[03.12 02:14:49] ┇ INFO    ┇                     gner ┇  - [01/07] (test ) crossner_ai         :  72%|██████████████▌     | 145/200 [0:05:21<0:02:10, 0.42Hz]
[03.12 02:15:00] ┇ INFO    ┇                     gner ┇  - [01/07] (test ) crossner_ai         :  74%|██████████████▋     | 147/200 [0:05:32<0:02:12, 0.40Hz]
[03.12 02:15:06] ┇ INFO    ┇                     gner ┇  - [01/07] (test ) crossner_ai         :  76%|███████████████▏    | 152/200 [0:05:38<0:01:54, 0.42Hz]
[03.12 02:15:11] ┇ INFO    ┇                     gner ┇  - [01/07] (test ) crossner_ai         :  78%|███████████████▌    | 156/200 [0:05:43<0:01:38, 0.45Hz]
[03.12 02:15:17] ┇ INFO    ┇                     gner ┇  - [01/07] (test ) crossner_ai         :  80%|████████████████    | 160/200 [0:05:49<0:01:20, 0.50Hz]
[03.12 02:15:26] ┇ INFO    ┇                     gner ┇  - [01/07] (test ) crossner_ai         :  81%|████████████████▏   | 162/200 [0:05:58<0:01:20, 0.47Hz]
[03.12 02:15:32] ┇ INFO    ┇                     gner ┇  - [01/07] (test ) crossner_ai         :  82%|████████████████▌   | 165/200 [0:06:05<0:01:12, 0.49Hz]
[03.12 02:15:40] ┇ INFO    ┇                     gner ┇  - [01/07] (test ) crossner_ai         :  84%|████████████████▊   | 168/200 [0:06:13<0:01:06, 0.48Hz]
[03.12 02:15:47] ┇ INFO    ┇                     gner ┇  - [01/07] (test ) crossner_ai         :  85%|█████████████████   | 170/200 [0:06:19<0:01:04, 0.47Hz]
[03.12 02:15:54] ┇ INFO    ┇                     gner ┇  - [01/07] (test ) crossner_ai         :  86%|█████████████████▏  | 172/200 [0:06:26<0:01:00, 0.46Hz]
[03.12 02:16:01] ┇ INFO    ┇                     gner ┇  - [01/07] (test ) crossner_ai         :  87%|█████████████████▍  | 174/200 [0:06:33<0:00:57, 0.45Hz]
[03.12 02:16:09] ┇ INFO    ┇                     gner ┇  - [01/07] (test ) crossner_ai         :  88%|█████████████████▌  | 175/200 [0:06:41<0:00:57, 0.44Hz]
[03.12 02:16:17] ┇ INFO    ┇                     gner ┇  - [01/07] (test ) crossner_ai         :  90%|██████████████████  | 180/200 [0:06:49<0:00:46, 0.43Hz]
[03.12 02:16:22] ┇ INFO    ┇                     gner ┇  - [01/07] (test ) crossner_ai         :  91%|██████████████████▏ | 182/200 [0:06:54<0:00:40, 0.45Hz]
[03.12 02:16:44] ┇ INFO    ┇                     gner ┇  - [01/07] (test ) crossner_ai         :  93%|██████████████████▌ | 186/200 [0:07:16<0:00:35, 0.40Hz]
[03.12 02:16:49] ┇ INFO    ┇                     gner ┇  - [01/07] (test ) crossner_ai         :  94%|██████████████████▉ | 189/200 [0:07:21<0:00:27, 0.40Hz]
[03.12 02:16:55] ┇ INFO    ┇                     gner ┇  - [01/07] (test ) crossner_ai         :  96%|███████████████████ | 191/200 [0:07:27<0:00:23, 0.39Hz]
[03.12 02:17:02] ┇ INFO    ┇                     gner ┇  - [01/07] (test ) crossner_ai         :  96%|███████████████████▎| 193/200 [0:07:34<0:00:18, 0.38Hz]
[03.12 02:17:09] ┇ INFO    ┇                     gner ┇  - [01/07] (test ) crossner_ai         :  98%|███████████████████▌| 195/200 [0:07:41<0:00:13, 0.37Hz]
[03.12 02:17:17] ┇ INFO    ┇                     gner ┇  - [01/07] (test ) crossner_ai         : 100%|███████████████████▉| 199/200 [0:07:49<0:00:02, 0.37Hz]
[03.12 02:17:17] ┇ INFO    ┇                     gner ┇  - [01/07] (test ) crossner_ai         : 100%|████████████████████| 200/200 [0:07:49<0:00:00, 0.37Hz]
[03.12 02:17:21] ┇ INFO    ┇                     gner ┇  - [02/07] (test ) crossner_literature :   0%|                    |   1/200 [0:00:03<0:11:48, 0.28Hz]
[03.12 02:17:29] ┇ INFO    ┇                     gner ┇  - [02/07] (test ) crossner_literature :   2%|▎                   |   3/200 [0:00:12<0:13:20, 0.25Hz]
[03.12 02:17:43] ┇ INFO    ┇                     gner ┇  - [02/07] (test ) crossner_literature :   3%|▌                   |   6/200 [0:00:26<0:14:04, 0.23Hz]
[03.12 02:17:55] ┇ INFO    ┇                     gner ┇  - [02/07] (test ) crossner_literature :   4%|▊                   |   8/200 [0:00:37<0:14:57, 0.21Hz]
[03.12 02:18:01] ┇ INFO    ┇                     gner ┇  - [02/07] (test ) crossner_literature :   5%|█                   |  10/200 [0:00:44<0:13:56, 0.23Hz]
[03.12 02:18:08] ┇ INFO    ┇                     gner ┇  - [02/07] (test ) crossner_literature :   7%|█▍                  |  14/200 [0:00:50<0:11:12, 0.28Hz]
[03.12 02:18:21] ┇ INFO    ┇                     gner ┇  - [02/07] (test ) crossner_literature :   8%|█▌                  |  16/200 [0:01:03<0:12:09, 0.25Hz]
[03.12 02:18:29] ┇ INFO    ┇                     gner ┇  - [02/07] (test ) crossner_literature :  10%|█▉                  |  19/200 [0:01:11<0:11:20, 0.27Hz]
[03.12 02:18:35] ┇ INFO    ┇                     gner ┇  - [02/07] (test ) crossner_literature :  10%|██                  |  20/200 [0:01:18<0:11:44, 0.26Hz]
[03.12 02:18:46] ┇ INFO    ┇                     gner ┇  - [02/07] (test ) crossner_literature :  11%|██▏                 |  22/200 [0:01:28<0:12:00, 0.25Hz]
[03.12 02:18:53] ┇ INFO    ┇                     gner ┇  - [02/07] (test ) crossner_literature :  12%|██▎                 |  23/200 [0:01:35<0:12:15, 0.24Hz]
[03.12 02:18:59] ┇ INFO    ┇                     gner ┇  - [02/07] (test ) crossner_literature :  12%|██▌                 |  25/200 [0:01:42<0:11:55, 0.24Hz]
[03.12 02:19:05] ┇ INFO    ┇                     gner ┇  - [02/07] (test ) crossner_literature :  14%|██▋                 |  27/200 [0:01:48<0:11:32, 0.25Hz]
[03.12 02:19:10] ┇ INFO    ┇                     gner ┇  - [02/07] (test ) crossner_literature :  15%|███                 |  30/200 [0:01:53<0:10:41, 0.27Hz]
[03.12 02:19:17] ┇ INFO    ┇                     gner ┇  - [02/07] (test ) crossner_literature :  16%|███▎                |  33/200 [0:01:59<0:10:05, 0.28Hz]
[03.12 02:19:23] ┇ INFO    ┇                     gner ┇  - [02/07] (test ) crossner_literature :  17%|███▍                |  34/200 [0:02:05<0:10:13, 0.27Hz]
[03.12 02:19:30] ┇ INFO    ┇                     gner ┇  - [02/07] (test ) crossner_literature :  18%|███▌                |  36/200 [0:02:12<0:10:03, 0.27Hz]
[03.12 02:19:42] ┇ INFO    ┇                     gner ┇  - [02/07] (test ) crossner_literature :  19%|███▊                |  38/200 [0:02:24<0:10:15, 0.26Hz]
[03.12 02:19:49] ┇ INFO    ┇                     gner ┇  - [02/07] (test ) crossner_literature :  20%|████                |  41/200 [0:02:31<0:09:47, 0.27Hz]
[03.12 02:20:00] ┇ INFO    ┇                     gner ┇  - [02/07] (test ) crossner_literature :  22%|████▍               |  44/200 [0:02:42<0:09:37, 0.27Hz]
[03.12 02:20:13] ┇ INFO    ┇                     gner ┇  - [02/07] (test ) crossner_literature :  22%|████▌               |  45/200 [0:02:55<0:10:06, 0.26Hz]
[03.12 02:20:19] ┇ INFO    ┇                     gner ┇  - [02/07] (test ) crossner_literature :  24%|████▊               |  48/200 [0:03:01<0:09:34, 0.26Hz]
[03.12 02:20:28] ┇ INFO    ┇                     gner ┇  - [02/07] (test ) crossner_literature :  25%|█████               |  50/200 [0:03:10<0:09:30, 0.26Hz]
[03.12 02:20:41] ┇ INFO    ┇                     gner ┇  - [02/07] (test ) crossner_literature :  26%|█████▎              |  53/200 [0:03:23<0:09:25, 0.26Hz]
[03.12 02:20:46] ┇ INFO    ┇                     gner ┇  - [02/07] (test ) crossner_literature :  27%|█████▍              |  54/200 [0:03:28<0:09:24, 0.26Hz]
[03.12 02:20:54] ┇ INFO    ┇                     gner ┇  - [02/07] (test ) crossner_literature :  28%|█████▋              |  57/200 [0:03:36<0:09:02, 0.26Hz]
[03.12 02:21:03] ┇ INFO    ┇                     gner ┇  - [02/07] (test ) crossner_literature :  29%|█████▊              |  58/200 [0:03:45<0:09:13, 0.26Hz]
[03.12 02:21:12] ┇ INFO    ┇                     gner ┇  - [02/07] (test ) crossner_literature :  30%|██████              |  60/200 [0:03:54<0:09:07, 0.26Hz]
[03.12 02:21:22] ┇ INFO    ┇                     gner ┇  - [02/07] (test ) crossner_literature :  31%|██████▏             |  62/200 [0:04:04<0:09:04, 0.25Hz]
[03.12 02:21:27] ┇ INFO    ┇                     gner ┇  - [02/07] (test ) crossner_literature :  33%|██████▌             |  66/200 [0:04:09<0:08:25, 0.27Hz]
[03.12 02:21:33] ┇ INFO    ┇                     gner ┇  - [02/07] (test ) crossner_literature :  34%|██████▉             |  69/200 [0:04:15<0:07:56, 0.27Hz]
[03.12 02:21:38] ┇ INFO    ┇                     gner ┇  - [02/07] (test ) crossner_literature :  36%|███████             |  71/200 [0:04:21<0:07:38, 0.28Hz]
[03.12 02:21:46] ┇ INFO    ┇                     gner ┇  - [02/07] (test ) crossner_literature :  36%|███████▎            |  73/200 [0:04:28<0:07:32, 0.28Hz]
[03.12 02:21:53] ┇ INFO    ┇                     gner ┇  - [02/07] (test ) crossner_literature :  38%|███████▌            |  76/200 [0:04:36<0:07:29, 0.28Hz]
[03.12 02:21:59] ┇ INFO    ┇                     gner ┇  - [02/07] (test ) crossner_literature :  39%|███████▊            |  78/200 [0:04:42<0:07:19, 0.28Hz]
[03.12 02:22:04] ┇ INFO    ┇                     gner ┇  - [02/07] (test ) crossner_literature :  40%|████████            |  80/200 [0:04:47<0:07:01, 0.28Hz]
[03.12 02:22:15] ┇ INFO    ┇                     gner ┇  - [02/07] (test ) crossner_literature :  42%|████████▎           |  83/200 [0:04:57<0:06:47, 0.29Hz]
[03.12 02:22:22] ┇ INFO    ┇                     gner ┇  - [02/07] (test ) crossner_literature :  42%|████████▍           |  84/200 [0:05:04<0:06:53, 0.28Hz]
[03.12 02:22:28] ┇ INFO    ┇                     gner ┇  - [02/07] (test ) crossner_literature :  44%|████████▊           |  88/200 [0:05:11<0:06:11, 0.30Hz]
[03.12 02:22:38] ┇ INFO    ┇                     gner ┇  - [02/07] (test ) crossner_literature :  45%|█████████           |  90/200 [0:05:20<0:06:11, 0.30Hz]
[03.12 02:22:46] ┇ INFO    ┇                     gner ┇  - [02/07] (test ) crossner_literature :  46%|█████████▏          |  92/200 [0:05:28<0:06:16, 0.29Hz]
[03.12 02:22:51] ┇ INFO    ┇                     gner ┇  - [02/07] (test ) crossner_literature :  47%|█████████▍          |  94/200 [0:05:34<0:06:08, 0.29Hz]
[03.12 02:22:57] ┇ INFO    ┇                     gner ┇  - [02/07] (test ) crossner_literature :  48%|█████████▌          |  96/200 [0:05:39<0:06:03, 0.29Hz]
[03.12 02:23:06] ┇ INFO    ┇                     gner ┇  - [02/07] (test ) crossner_literature :  48%|█████████▋          |  97/200 [0:05:48<0:06:04, 0.28Hz]
[03.12 02:23:14] ┇ INFO    ┇                     gner ┇  - [02/07] (test ) crossner_literature :  49%|█████████▊          |  98/200 [0:05:56<0:06:05, 0.28Hz]
[03.12 02:23:21] ┇ INFO    ┇                     gner ┇  - [02/07] (test ) crossner_literature :  50%|██████████          | 101/200 [0:06:03<0:05:44, 0.29Hz]
[03.12 02:23:26] ┇ INFO    ┇                     gner ┇  - [02/07] (test ) crossner_literature :  52%|██████████▎         | 103/200 [0:06:08<0:05:38, 0.29Hz]
[03.12 02:23:33] ┇ INFO    ┇                     gner ┇  - [02/07] (test ) crossner_literature :  52%|██████████▌         | 105/200 [0:06:16<0:05:38, 0.28Hz]
[03.12 02:23:41] ┇ INFO    ┇                     gner ┇  - [02/07] (test ) crossner_literature :  53%|██████████▌         | 106/200 [0:06:23<0:05:42, 0.27Hz]
[03.12 02:23:53] ┇ INFO    ┇                     gner ┇  - [02/07] (test ) crossner_literature :  54%|██████████▋         | 107/200 [0:06:36<0:05:44, 0.27Hz]
[03.12 02:24:00] ┇ INFO    ┇                     gner ┇  - [02/07] (test ) crossner_literature :  54%|██████████▊         | 108/200 [0:06:43<0:05:31, 0.28Hz]
[03.12 02:24:12] ┇ INFO    ┇                     gner ┇  - [02/07] (test ) crossner_literature :  55%|███████████         | 110/200 [0:06:55<0:05:35, 0.27Hz]
[03.12 02:24:19] ┇ INFO    ┇                     gner ┇  - [02/07] (test ) crossner_literature :  57%|███████████▍        | 114/200 [0:07:02<0:05:13, 0.27Hz]
[03.12 02:24:26] ┇ INFO    ┇                     gner ┇  - [02/07] (test ) crossner_literature :  58%|███████████▌        | 116/200 [0:07:09<0:05:00, 0.28Hz]
[03.12 02:24:35] ┇ INFO    ┇                     gner ┇  - [02/07] (test ) crossner_literature :  59%|███████████▊        | 118/200 [0:07:18<0:04:54, 0.28Hz]
[03.12 02:24:41] ┇ INFO    ┇                     gner ┇  - [02/07] (test ) crossner_literature :  60%|████████████        | 120/200 [0:07:24<0:04:49, 0.28Hz]
[03.12 02:24:48] ┇ INFO    ┇                     gner ┇  - [02/07] (test ) crossner_literature :  61%|████████████▏       | 122/200 [0:07:30<0:04:36, 0.28Hz]
[03.12 02:24:56] ┇ INFO    ┇                     gner ┇  - [02/07] (test ) crossner_literature :  62%|████████████▌       | 125/200 [0:07:39<0:04:15, 0.29Hz]
[03.12 02:25:02] ┇ INFO    ┇                     gner ┇  - [02/07] (test ) crossner_literature :  65%|█████████████       | 130/200 [0:07:45<0:03:56, 0.30Hz]
[03.12 02:25:15] ┇ INFO    ┇                     gner ┇  - [02/07] (test ) crossner_literature :  67%|█████████████▍      | 134/200 [0:07:58<0:03:47, 0.29Hz]
[03.12 02:25:23] ┇ INFO    ┇                     gner ┇  - [02/07] (test ) crossner_literature :  68%|█████████████▌      | 135/200 [0:08:05<0:03:47, 0.29Hz]
[03.12 02:25:28] ┇ INFO    ┇                     gner ┇  - [02/07] (test ) crossner_literature :  68%|█████████████▌      | 136/200 [0:08:11<0:03:46, 0.28Hz]
[03.12 02:25:35] ┇ INFO    ┇                     gner ┇  - [02/07] (test ) crossner_literature :  68%|█████████████▋      | 137/200 [0:08:17<0:03:48, 0.28Hz]
[03.12 02:25:43] ┇ INFO    ┇                     gner ┇  - [02/07] (test ) crossner_literature :  70%|█████████████▉      | 139/200 [0:08:25<0:03:42, 0.27Hz]
[03.12 02:25:54] ┇ INFO    ┇                     gner ┇  - [02/07] (test ) crossner_literature :  71%|██████████████▏     | 142/200 [0:08:36<0:03:32, 0.27Hz]
[03.12 02:26:02] ┇ INFO    ┇                     gner ┇  - [02/07] (test ) crossner_literature :  73%|██████████████▌     | 146/200 [0:08:44<0:03:14, 0.28Hz]
[03.12 02:26:10] ┇ INFO    ┇                     gner ┇  - [02/07] (test ) crossner_literature :  74%|██████████████▋     | 147/200 [0:08:53<0:03:12, 0.28Hz]
[03.12 02:26:21] ┇ INFO    ┇                     gner ┇  - [02/07] (test ) crossner_literature :  75%|███████████████     | 150/200 [0:09:04<0:03:06, 0.27Hz]
[03.12 02:26:27] ┇ INFO    ┇                     gner ┇  - [02/07] (test ) crossner_literature :  76%|███████████████     | 151/200 [0:09:10<0:03:05, 0.26Hz]
[03.12 02:26:34] ┇ INFO    ┇                     gner ┇  - [02/07] (test ) crossner_literature :  76%|███████████████▏    | 152/200 [0:09:16<0:03:05, 0.26Hz]
[03.12 02:26:43] ┇ INFO    ┇                     gner ┇  - [02/07] (test ) crossner_literature :  78%|███████████████▌    | 156/200 [0:09:25<0:02:44, 0.27Hz]
[03.12 02:26:48] ┇ INFO    ┇                     gner ┇  - [02/07] (test ) crossner_literature :  80%|███████████████▉    | 159/200 [0:09:30<0:02:30, 0.27Hz]
[03.12 02:26:58] ┇ INFO    ┇                     gner ┇  - [02/07] (test ) crossner_literature :  80%|████████████████    | 161/200 [0:09:40<0:02:18, 0.28Hz]
[03.12 02:27:05] ┇ INFO    ┇                     gner ┇  - [02/07] (test ) crossner_literature :  82%|████████████████▎   | 163/200 [0:09:48<0:02:13, 0.28Hz]
[03.12 02:27:20] ┇ INFO    ┇                     gner ┇  - [02/07] (test ) crossner_literature :  83%|████████████████▌   | 166/200 [0:10:02<0:02:06, 0.27Hz]
[03.12 02:27:26] ┇ INFO    ┇                     gner ┇  - [02/07] (test ) crossner_literature :  84%|████████████████▋   | 167/200 [0:10:09<0:02:05, 0.26Hz]
[03.12 02:27:32] ┇ INFO    ┇                     gner ┇  - [02/07] (test ) crossner_literature :  84%|████████████████▉   | 169/200 [0:10:14<0:01:53, 0.27Hz]
[03.12 02:27:39] ┇ INFO    ┇                     gner ┇  - [02/07] (test ) crossner_literature :  85%|█████████████████   | 170/200 [0:10:21<0:01:47, 0.28Hz]
[03.12 02:27:55] ┇ INFO    ┇                     gner ┇  - [02/07] (test ) crossner_literature :  87%|█████████████████▍  | 174/200 [0:10:37<0:01:31, 0.29Hz]
[03.12 02:28:03] ┇ INFO    ┇                     gner ┇  - [02/07] (test ) crossner_literature :  88%|█████████████████▌  | 176/200 [0:10:45<0:01:26, 0.28Hz]
[03.12 02:28:19] ┇ INFO    ┇                     gner ┇  - [02/07] (test ) crossner_literature :  88%|█████████████████▋  | 177/200 [0:11:02<0:01:27, 0.26Hz]
[03.12 02:28:33] ┇ INFO    ┇                     gner ┇  - [02/07] (test ) crossner_literature :  90%|█████████████████▉  | 179/200 [0:11:15<0:01:22, 0.26Hz]
[03.12 02:28:39] ┇ INFO    ┇                     gner ┇  - [02/07] (test ) crossner_literature :  91%|██████████████████▏ | 182/200 [0:11:22<0:01:08, 0.26Hz]
[03.12 02:28:45] ┇ INFO    ┇                     gner ┇  - [02/07] (test ) crossner_literature :  92%|██████████████████▍ | 184/200 [0:11:28<0:01:00, 0.26Hz]
[03.12 02:28:52] ┇ INFO    ┇                     gner ┇  - [02/07] (test ) crossner_literature :  93%|██████████████████▌ | 186/200 [0:11:35<0:00:54, 0.26Hz]
[03.12 02:28:58] ┇ INFO    ┇                     gner ┇  - [02/07] (test ) crossner_literature :  94%|██████████████████▉ | 189/200 [0:11:41<0:00:42, 0.26Hz]
[03.12 02:29:11] ┇ INFO    ┇                     gner ┇  - [02/07] (test ) crossner_literature :  96%|███████████████████▏| 192/200 [0:11:54<0:00:31, 0.25Hz]
[03.12 02:29:18] ┇ INFO    ┇                     gner ┇  - [02/07] (test ) crossner_literature :  98%|███████████████████▌| 195/200 [0:12:00<0:00:20, 0.25Hz]
[03.12 02:29:23] ┇ INFO    ┇                     gner ┇  - [02/07] (test ) crossner_literature :  98%|███████████████████▌| 196/200 [0:12:06<0:00:16, 0.24Hz]
[03.12 02:29:30] ┇ INFO    ┇                     gner ┇  - [02/07] (test ) crossner_literature :  99%|███████████████████▊| 198/200 [0:12:13<0:00:07, 0.25Hz]
[03.12 02:29:44] ┇ INFO    ┇                     gner ┇  - [02/07] (test ) crossner_literature : 100%|███████████████████▉| 199/200 [0:12:27<0:00:04, 0.25Hz]
[03.12 02:29:52] ┇ INFO    ┇                     gner ┇  - [02/07] (test ) crossner_literature : 100%|████████████████████| 200/200 [0:12:34<0:00:00, 0.24Hz]
[03.12 02:29:59] ┇ INFO    ┇                     gner ┇  - [03/07] (test ) crossner_music      :   0%|                    |   1/200 [0:00:06<0:22:52, 0.14Hz]
[03.12 02:30:07] ┇ INFO    ┇                     gner ┇  - [03/07] (test ) crossner_music      :   1%|▏                   |   2/200 [0:00:15<0:25:28, 0.13Hz]
[03.12 02:30:23] ┇ INFO    ┇                     gner ┇  - [03/07] (test ) crossner_music      :   2%|▍                   |   4/200 [0:00:30<0:25:07, 0.13Hz]
[03.12 02:30:30] ┇ INFO    ┇                     gner ┇  - [03/07] (test ) crossner_music      :   3%|▌                   |   6/200 [0:00:37<0:20:18, 0.16Hz]
[03.12 02:30:38] ┇ INFO    ┇                     gner ┇  - [03/07] (test ) crossner_music      :   4%|▊                   |   8/200 [0:00:45<0:18:20, 0.17Hz]
[03.12 02:30:56] ┇ INFO    ┇                     gner ┇  - [03/07] (test ) crossner_music      :   4%|▉                   |   9/200 [0:01:03<0:22:36, 0.14Hz]
[03.12 02:31:03] ┇ INFO    ┇                     gner ┇  - [03/07] (test ) crossner_music      :   5%|█                   |  10/200 [0:01:10<0:22:19, 0.14Hz]
[03.12 02:31:20] ┇ INFO    ┇                     gner ┇  - [03/07] (test ) crossner_music      :   6%|█                   |  11/200 [0:01:27<0:25:02, 0.13Hz]
[03.12 02:31:31] ┇ INFO    ┇                     gner ┇  - [03/07] (test ) crossner_music      :   6%|█▎                  |  13/200 [0:01:39<0:23:50, 0.13Hz]
[03.12 02:31:42] ┇ INFO    ┇                     gner ┇  - [03/07] (test ) crossner_music      :   8%|█▌                  |  15/200 [0:01:50<0:22:39, 0.14Hz]
[03.12 02:31:49] ┇ INFO    ┇                     gner ┇  - [03/07] (test ) crossner_music      :   9%|█▊                  |  18/200 [0:01:57<0:19:45, 0.15Hz]
[03.12 02:31:57] ┇ INFO    ┇                     gner ┇  - [03/07] (test ) crossner_music      :  10%|██                  |  21/200 [0:02:04<0:17:43, 0.17Hz]
[03.12 02:32:05] ┇ INFO    ┇                     gner ┇  - [03/07] (test ) crossner_music      :  11%|██▏                 |  22/200 [0:02:12<0:17:52, 0.17Hz]
[03.12 02:32:11] ┇ INFO    ┇                     gner ┇  - [03/07] (test ) crossner_music      :  12%|██▎                 |  23/200 [0:02:19<0:17:52, 0.17Hz]
[03.12 02:32:26] ┇ INFO    ┇                     gner ┇  - [03/07] (test ) crossner_music      :  12%|██▌                 |  25/200 [0:02:33<0:17:54, 0.16Hz]
[03.12 02:32:33] ┇ INFO    ┇                     gner ┇  - [03/07] (test ) crossner_music      :  14%|██▊                 |  28/200 [0:02:40<0:16:27, 0.17Hz]
[03.12 02:32:41] ┇ INFO    ┇                     gner ┇  - [03/07] (test ) crossner_music      :  15%|███                 |  30/200 [0:02:49<0:15:57, 0.18Hz]
[03.12 02:32:58] ┇ INFO    ┇                     gner ┇  - [03/07] (test ) crossner_music      :  16%|███▎                |  33/200 [0:03:05<0:15:39, 0.18Hz]
[03.12 02:33:05] ┇ INFO    ┇                     gner ┇  - [03/07] (test ) crossner_music      :  18%|███▌                |  35/200 [0:03:13<0:15:11, 0.18Hz]
[03.12 02:33:15] ┇ INFO    ┇                     gner ┇  - [03/07] (test ) crossner_music      :  18%|███▌                |  36/200 [0:03:23<0:15:26, 0.18Hz]
[03.12 02:33:24] ┇ INFO    ┇                     gner ┇  - [03/07] (test ) crossner_music      :  19%|███▊                |  38/200 [0:03:31<0:15:03, 0.18Hz]
[03.12 02:33:29] ┇ INFO    ┇                     gner ┇  - [03/07] (test ) crossner_music      :  20%|███▉                |  39/200 [0:03:37<0:14:57, 0.18Hz]
[03.12 02:33:36] ┇ INFO    ┇                     gner ┇  - [03/07] (test ) crossner_music      :  20%|████                |  41/200 [0:03:43<0:14:26, 0.18Hz]
[03.12 02:33:44] ┇ INFO    ┇                     gner ┇  - [03/07] (test ) crossner_music      :  22%|████▍               |  44/200 [0:03:52<0:13:43, 0.19Hz]
[03.12 02:33:51] ┇ INFO    ┇                     gner ┇  - [03/07] (test ) crossner_music      :  23%|████▌               |  46/200 [0:03:59<0:13:21, 0.19Hz]
[03.12 02:34:07] ┇ INFO    ┇                     gner ┇  - [03/07] (test ) crossner_music      :  24%|████▋               |  47/200 [0:04:14<0:13:49, 0.18Hz]
[03.12 02:34:17] ┇ INFO    ┇                     gner ┇  - [03/07] (test ) crossner_music      :  25%|█████               |  50/200 [0:04:24<0:13:14, 0.19Hz]
[03.12 02:34:25] ┇ INFO    ┇                     gner ┇  - [03/07] (test ) crossner_music      :  26%|█████▏              |  52/200 [0:04:32<0:12:56, 0.19Hz]
[03.12 02:34:34] ┇ INFO    ┇                     gner ┇  - [03/07] (test ) crossner_music      :  28%|█████▌              |  55/200 [0:04:42<0:12:23, 0.19Hz]
[03.12 02:34:43] ┇ INFO    ┇                     gner ┇  - [03/07] (test ) crossner_music      :  28%|█████▌              |  56/200 [0:04:51<0:12:29, 0.19Hz]
[03.12 02:34:50] ┇ INFO    ┇                     gner ┇  - [03/07] (test ) crossner_music      :  29%|█████▊              |  58/200 [0:04:58<0:12:10, 0.19Hz]
[03.12 02:35:01] ┇ INFO    ┇                     gner ┇  - [03/07] (test ) crossner_music      :  30%|██████              |  60/200 [0:05:08<0:12:00, 0.19Hz]
[03.12 02:35:07] ┇ INFO    ┇                     gner ┇  - [03/07] (test ) crossner_music      :  30%|██████              |  61/200 [0:05:14<0:11:57, 0.19Hz]
[03.12 02:35:17] ┇ INFO    ┇                     gner ┇  - [03/07] (test ) crossner_music      :  32%|██████▎             |  63/200 [0:05:25<0:11:46, 0.19Hz]
[03.12 02:35:24] ┇ INFO    ┇                     gner ┇  - [03/07] (test ) crossner_music      :  32%|██████▌             |  65/200 [0:05:32<0:11:18, 0.20Hz]
[03.12 02:35:44] ┇ INFO    ┇                     gner ┇  - [03/07] (test ) crossner_music      :  33%|██████▌             |  66/200 [0:05:51<0:11:49, 0.19Hz]
[03.12 02:35:49] ┇ INFO    ┇                     gner ┇  - [03/07] (test ) crossner_music      :  34%|██████▊             |  68/200 [0:05:57<0:11:14, 0.20Hz]
[03.12 02:35:59] ┇ INFO    ┇                     gner ┇  - [03/07] (test ) crossner_music      :  34%|██████▉             |  69/200 [0:06:06<0:11:23, 0.19Hz]
[03.12 02:36:12] ┇ INFO    ┇                     gner ┇  - [03/07] (test ) crossner_music      :  35%|███████             |  70/200 [0:06:19<0:11:39, 0.19Hz]
[03.12 02:36:18] ┇ INFO    ┇                     gner ┇  - [03/07] (test ) crossner_music      :  36%|███████             |  71/200 [0:06:26<0:11:36, 0.19Hz]
[03.12 02:36:25] ┇ INFO    ┇                     gner ┇  - [03/07] (test ) crossner_music      :  36%|███████▏            |  72/200 [0:06:32<0:11:07, 0.19Hz]
[03.12 02:36:31] ┇ INFO    ┇                     gner ┇  - [03/07] (test ) crossner_music      :  36%|███████▎            |  73/200 [0:06:38<0:11:01, 0.19Hz]
[03.12 02:36:38] ┇ INFO    ┇                     gner ┇  - [03/07] (test ) crossner_music      :  38%|███████▌            |  76/200 [0:06:46<0:10:04, 0.21Hz]
[03.12 02:36:48] ┇ INFO    ┇                     gner ┇  - [03/07] (test ) crossner_music      :  38%|███████▋            |  77/200 [0:06:55<0:10:10, 0.20Hz]
[03.12 02:36:53] ┇ INFO    ┇                     gner ┇  - [03/07] (test ) crossner_music      :  39%|███████▊            |  78/200 [0:07:01<0:10:02, 0.20Hz]
[03.12 02:37:00] ┇ INFO    ┇                     gner ┇  - [03/07] (test ) crossner_music      :  40%|████████            |  80/200 [0:07:07<0:09:56, 0.20Hz]
[03.12 02:37:05] ┇ INFO    ┇                     gner ┇  - [03/07] (test ) crossner_music      :  41%|████████▏           |  82/200 [0:07:13<0:09:48, 0.20Hz]
[03.12 02:37:19] ┇ INFO    ┇                     gner ┇  - [03/07] (test ) crossner_music      :  42%|████████▌           |  85/200 [0:07:26<0:09:33, 0.20Hz]
[03.12 02:37:26] ┇ INFO    ┇                     gner ┇  - [03/07] (test ) crossner_music      :  43%|████████▌           |  86/200 [0:07:33<0:09:29, 0.20Hz]
[03.12 02:37:33] ┇ INFO    ┇                     gner ┇  - [03/07] (test ) crossner_music      :  44%|████████▋           |  87/200 [0:07:40<0:09:29, 0.20Hz]
[03.12 02:37:42] ┇ INFO    ┇                     gner ┇  - [03/07] (test ) crossner_music      :  44%|████████▉           |  89/200 [0:07:49<0:09:14, 0.20Hz]
[03.12 02:37:47] ┇ INFO    ┇                     gner ┇  - [03/07] (test ) crossner_music      :  46%|█████████▏          |  92/200 [0:07:55<0:08:50, 0.20Hz]
[03.12 02:37:57] ┇ INFO    ┇                     gner ┇  - [03/07] (test ) crossner_music      :  46%|█████████▎          |  93/200 [0:08:05<0:08:57, 0.20Hz]
[03.12 02:38:04] ┇ INFO    ┇                     gner ┇  - [03/07] (test ) crossner_music      :  47%|█████████▍          |  94/200 [0:08:12<0:09:01, 0.20Hz]
[03.12 02:38:26] ┇ INFO    ┇                     gner ┇  - [03/07] (test ) crossner_music      :  48%|█████████▌          |  96/200 [0:08:33<0:09:01, 0.19Hz]
[03.12 02:38:39] ┇ INFO    ┇                     gner ┇  - [03/07] (test ) crossner_music      :  50%|█████████▉          |  99/200 [0:08:46<0:08:38, 0.19Hz]
[03.12 02:38:48] ┇ INFO    ┇                     gner ┇  - [03/07] (test ) crossner_music      :  50%|██████████          | 100/200 [0:08:55<0:08:39, 0.19Hz]
[03.12 02:39:04] ┇ INFO    ┇                     gner ┇  - [03/07] (test ) crossner_music      :  50%|██████████          | 101/200 [0:09:11<0:08:53, 0.19Hz]
[03.12 02:39:18] ┇ INFO    ┇                     gner ┇  - [03/07] (test ) crossner_music      :  51%|██████████▏         | 102/200 [0:09:25<0:09:01, 0.18Hz]
[03.12 02:39:27] ┇ INFO    ┇                     gner ┇  - [03/07] (test ) crossner_music      :  52%|██████████▍         | 104/200 [0:09:35<0:08:56, 0.18Hz]
[03.12 02:39:33] ┇ INFO    ┇                     gner ┇  - [03/07] (test ) crossner_music      :  53%|██████████▌         | 106/200 [0:09:40<0:08:49, 0.18Hz]
[03.12 02:39:41] ┇ INFO    ┇                     gner ┇  - [03/07] (test ) crossner_music      :  54%|██████████▊         | 108/200 [0:09:49<0:08:34, 0.18Hz]
[03.12 02:39:47] ┇ INFO    ┇                     gner ┇  - [03/07] (test ) crossner_music      :  55%|██████████▉         | 109/200 [0:09:54<0:08:33, 0.18Hz]
[03.12 02:40:04] ┇ INFO    ┇                     gner ┇  - [03/07] (test ) crossner_music      :  55%|███████████         | 110/200 [0:10:11<0:08:30, 0.18Hz]
[03.12 02:40:09] ┇ INFO    ┇                     gner ┇  - [03/07] (test ) crossner_music      :  56%|███████████▏        | 112/200 [0:10:17<0:08:20, 0.18Hz]
[03.12 02:40:15] ┇ INFO    ┇                     gner ┇  - [03/07] (test ) crossner_music      :  57%|███████████▌        | 115/200 [0:10:23<0:07:52, 0.18Hz]
[03.12 02:40:23] ┇ INFO    ┇                     gner ┇  - [03/07] (test ) crossner_music      :  58%|███████████▌        | 116/200 [0:10:30<0:07:56, 0.18Hz]
[03.12 02:40:33] ┇ INFO    ┇                     gner ┇  - [03/07] (test ) crossner_music      :  60%|███████████▉        | 119/200 [0:10:40<0:07:28, 0.18Hz]
[03.12 02:40:39] ┇ INFO    ┇                     gner ┇  - [03/07] (test ) crossner_music      :  60%|████████████        | 120/200 [0:10:46<0:07:24, 0.18Hz]
[03.12 02:40:54] ┇ INFO    ┇                     gner ┇  - [03/07] (test ) crossner_music      :  61%|████████████▏       | 122/200 [0:11:02<0:07:24, 0.18Hz]
[03.12 02:41:01] ┇ INFO    ┇                     gner ┇  - [03/07] (test ) crossner_music      :  62%|████████████▍       | 124/200 [0:11:08<0:07:07, 0.18Hz]
[03.12 02:41:07] ┇ INFO    ┇                     gner ┇  - [03/07] (test ) crossner_music      :  64%|████████████▊       | 128/200 [0:11:15<0:06:32, 0.18Hz]
[03.12 02:41:22] ┇ INFO    ┇                     gner ┇  - [03/07] (test ) crossner_music      :  66%|█████████████       | 131/200 [0:11:30<0:06:04, 0.19Hz]
[03.12 02:41:28] ┇ INFO    ┇                     gner ┇  - [03/07] (test ) crossner_music      :  66%|█████████████▏      | 132/200 [0:11:36<0:05:55, 0.19Hz]
[03.12 02:41:36] ┇ INFO    ┇                     gner ┇  - [03/07] (test ) crossner_music      :  66%|█████████████▎      | 133/200 [0:11:43<0:05:44, 0.19Hz]
[03.12 02:41:46] ┇ INFO    ┇                     gner ┇  - [03/07] (test ) crossner_music      :  68%|█████████████▌      | 135/200 [0:11:54<0:05:31, 0.20Hz]
[03.12 02:41:55] ┇ INFO    ┇                     gner ┇  - [03/07] (test ) crossner_music      :  68%|█████████████▌      | 136/200 [0:12:03<0:05:29, 0.19Hz]
[03.12 02:42:01] ┇ INFO    ┇                     gner ┇  - [03/07] (test ) crossner_music      :  68%|█████████████▋      | 137/200 [0:12:08<0:05:27, 0.19Hz]
[03.12 02:42:07] ┇ INFO    ┇                     gner ┇  - [03/07] (test ) crossner_music      :  69%|█████████████▊      | 138/200 [0:12:15<0:05:26, 0.19Hz]
[03.12 02:42:19] ┇ INFO    ┇                     gner ┇  - [03/07] (test ) crossner_music      :  70%|█████████████▉      | 139/200 [0:12:26<0:05:29, 0.19Hz]
[03.12 02:42:25] ┇ INFO    ┇                     gner ┇  - [03/07] (test ) crossner_music      :  70%|██████████████      | 141/200 [0:12:33<0:05:10, 0.19Hz]
[03.12 02:42:31] ┇ INFO    ┇                     gner ┇  - [03/07] (test ) crossner_music      :  72%|██████████████▎     | 143/200 [0:12:39<0:04:59, 0.19Hz]
[03.12 02:42:40] ┇ INFO    ┇                     gner ┇  - [03/07] (test ) crossner_music      :  72%|██████████████▍     | 144/200 [0:12:48<0:05:01, 0.19Hz]
[03.12 02:42:47] ┇ INFO    ┇                     gner ┇  - [03/07] (test ) crossner_music      :  73%|██████████████▌     | 146/200 [0:12:55<0:04:52, 0.18Hz]
[03.12 02:42:53] ┇ INFO    ┇                     gner ┇  - [03/07] (test ) crossner_music      :  74%|██████████████▋     | 147/200 [0:13:01<0:04:51, 0.18Hz]
[03.12 02:43:00] ┇ INFO    ┇                     gner ┇  - [03/07] (test ) crossner_music      :  74%|██████████████▉     | 149/200 [0:13:07<0:04:30, 0.19Hz]
[03.12 02:43:10] ┇ INFO    ┇                     gner ┇  - [03/07] (test ) crossner_music      :  75%|███████████████     | 150/200 [0:13:17<0:04:27, 0.19Hz]
[03.12 02:43:17] ┇ INFO    ┇                     gner ┇  - [03/07] (test ) crossner_music      :  76%|███████████████▏    | 152/200 [0:13:24<0:04:14, 0.19Hz]
[03.12 02:43:28] ┇ INFO    ┇                     gner ┇  - [03/07] (test ) crossner_music      :  77%|███████████████▍    | 154/200 [0:13:36<0:04:09, 0.18Hz]
[03.12 02:43:43] ┇ INFO    ┇                     gner ┇  - [03/07] (test ) crossner_music      :  78%|███████████████▋    | 157/200 [0:13:51<0:03:51, 0.19Hz]
[03.12 02:43:52] ┇ INFO    ┇                     gner ┇  - [03/07] (test ) crossner_music      :  80%|███████████████▉    | 159/200 [0:14:00<0:03:32, 0.19Hz]
[03.12 02:43:59] ┇ INFO    ┇                     gner ┇  - [03/07] (test ) crossner_music      :  81%|████████████████▏   | 162/200 [0:14:07<0:03:13, 0.20Hz]
[03.12 02:44:06] ┇ INFO    ┇                     gner ┇  - [03/07] (test ) crossner_music      :  82%|████████████████▎   | 163/200 [0:14:13<0:03:06, 0.20Hz]
[03.12 02:44:14] ┇ INFO    ┇                     gner ┇  - [03/07] (test ) crossner_music      :  82%|████████████████▌   | 165/200 [0:14:21<0:02:44, 0.21Hz]
[03.12 02:44:23] ┇ INFO    ┇                     gner ┇  - [03/07] (test ) crossner_music      :  84%|████████████████▋   | 167/200 [0:14:31<0:02:34, 0.21Hz]
[03.12 02:44:31] ┇ INFO    ┇                     gner ┇  - [03/07] (test ) crossner_music      :  85%|█████████████████   | 170/200 [0:14:38<0:02:21, 0.21Hz]
[03.12 02:44:47] ┇ INFO    ┇                     gner ┇  - [03/07] (test ) crossner_music      :  86%|█████████████████   | 171/200 [0:14:54<0:02:20, 0.21Hz]
[03.12 02:44:53] ┇ INFO    ┇                     gner ┇  - [03/07] (test ) crossner_music      :  86%|█████████████████▎  | 173/200 [0:15:01<0:02:04, 0.22Hz]
[03.12 02:45:06] ┇ INFO    ┇                     gner ┇  - [03/07] (test ) crossner_music      :  87%|█████████████████▍  | 174/200 [0:15:13<0:02:04, 0.21Hz]
[03.12 02:45:21] ┇ INFO    ┇                     gner ┇  - [03/07] (test ) crossner_music      :  88%|█████████████████▋  | 177/200 [0:15:28<0:01:52, 0.21Hz]
[03.12 02:45:28] ┇ INFO    ┇                     gner ┇  - [03/07] (test ) crossner_music      :  90%|██████████████████  | 180/200 [0:15:36<0:01:36, 0.21Hz]
[03.12 02:45:34] ┇ INFO    ┇                     gner ┇  - [03/07] (test ) crossner_music      :  91%|██████████████████▏ | 182/200 [0:15:41<0:01:26, 0.21Hz]
[03.12 02:45:41] ┇ INFO    ┇                     gner ┇  - [03/07] (test ) crossner_music      :  92%|██████████████████▌ | 185/200 [0:15:48<0:01:08, 0.22Hz]
[03.12 02:45:48] ┇ INFO    ┇                     gner ┇  - [03/07] (test ) crossner_music      :  94%|██████████████████▋ | 187/200 [0:15:55<0:00:59, 0.22Hz]
[03.12 02:45:53] ┇ INFO    ┇                     gner ┇  - [03/07] (test ) crossner_music      :  94%|██████████████████▊ | 188/200 [0:16:00<0:00:55, 0.22Hz]
[03.12 02:46:02] ┇ INFO    ┇                     gner ┇  - [03/07] (test ) crossner_music      :  96%|███████████████████ | 191/200 [0:16:09<0:00:42, 0.21Hz]
[03.12 02:46:08] ┇ INFO    ┇                     gner ┇  - [03/07] (test ) crossner_music      :  96%|███████████████████▎| 193/200 [0:16:15<0:00:33, 0.21Hz]
[03.12 02:46:16] ┇ INFO    ┇                     gner ┇  - [03/07] (test ) crossner_music      :  97%|███████████████████▍| 194/200 [0:16:23<0:00:27, 0.21Hz]
[03.12 02:46:24] ┇ INFO    ┇                     gner ┇  - [03/07] (test ) crossner_music      :  98%|███████████████████▌| 196/200 [0:16:31<0:00:18, 0.22Hz]
[03.12 02:46:30] ┇ INFO    ┇                     gner ┇  - [03/07] (test ) crossner_music      :  98%|███████████████████▋| 197/200 [0:16:37<0:00:13, 0.22Hz]
[03.12 02:46:36] ┇ INFO    ┇                     gner ┇  - [03/07] (test ) crossner_music      : 100%|███████████████████▉| 199/200 [0:16:43<0:00:04, 0.22Hz]
[03.12 02:46:42] ┇ INFO    ┇                     gner ┇  - [03/07] (test ) crossner_music      : 100%|████████████████████| 200/200 [0:16:49<0:00:00, 0.22Hz]
[03.12 02:46:43] ┇ INFO    ┇                     gner ┇  - [04/07] (test ) crossner_politics   :   0%|                    |   1/200 [0:00:01<0:04:19, 0.77Hz]
[03.12 02:46:48] ┇ INFO    ┇                     gner ┇  - [04/07] (test ) crossner_politics   :   1%|▏                   |   2/200 [0:00:06<0:11:16, 0.29Hz]
[03.12 02:46:58] ┇ INFO    ┇                     gner ┇  - [04/07] (test ) crossner_politics   :   2%|▌                   |   5/200 [0:00:16<0:10:31, 0.31Hz]
[03.12 02:47:06] ┇ INFO    ┇                     gner ┇  - [04/07] (test ) crossner_politics   :   4%|▋                   |   7/200 [0:00:24<0:11:11, 0.29Hz]
[03.12 02:47:15] ┇ INFO    ┇                     gner ┇  - [04/07] (test ) crossner_politics   :   6%|█                   |  11/200 [0:00:33<0:09:35, 0.33Hz]
[03.12 02:47:21] ┇ INFO    ┇                     gner ┇  - [04/07] (test ) crossner_politics   :   6%|█▏                  |  12/200 [0:00:39<0:10:13, 0.31Hz]
[03.12 02:47:27] ┇ INFO    ┇                     gner ┇  - [04/07] (test ) crossner_politics   :   7%|█▍                  |  14/200 [0:00:44<0:09:56, 0.31Hz]
[03.12 02:47:38] ┇ INFO    ┇                     gner ┇  - [04/07] (test ) crossner_politics   :   8%|█▌                  |  15/200 [0:00:56<0:11:33, 0.27Hz]
[03.12 02:47:44] ┇ INFO    ┇                     gner ┇  - [04/07] (test ) crossner_politics   :   8%|█▋                  |  17/200 [0:01:02<0:11:07, 0.27Hz]
[03.12 02:47:59] ┇ INFO    ┇                     gner ┇  - [04/07] (test ) crossner_politics   :  10%|██                  |  20/200 [0:01:17<0:11:34, 0.26Hz]
[03.12 02:48:07] ┇ INFO    ┇                     gner ┇  - [04/07] (test ) crossner_politics   :  11%|██▏                 |  22/200 [0:01:25<0:11:28, 0.26Hz]
[03.12 02:48:18] ┇ INFO    ┇                     gner ┇  - [04/07] (test ) crossner_politics   :  12%|██▎                 |  23/200 [0:01:36<0:12:21, 0.24Hz]
[03.12 02:48:25] ┇ INFO    ┇                     gner ┇  - [04/07] (test ) crossner_politics   :  12%|██▍                 |  24/200 [0:01:43<0:12:39, 0.23Hz]
[03.12 02:48:32] ┇ INFO    ┇                     gner ┇  - [04/07] (test ) crossner_politics   :  14%|██▋                 |  27/200 [0:01:49<0:11:44, 0.25Hz]
[03.12 02:48:40] ┇ INFO    ┇                     gner ┇  - [04/07] (test ) crossner_politics   :  14%|██▊                 |  28/200 [0:01:58<0:12:05, 0.24Hz]
[03.12 02:48:59] ┇ INFO    ┇                     gner ┇  - [04/07] (test ) crossner_politics   :  15%|███                 |  30/200 [0:02:16<0:12:56, 0.22Hz]
[03.12 02:49:13] ┇ INFO    ┇                     gner ┇  - [04/07] (test ) crossner_politics   :  16%|███                 |  31/200 [0:02:31<0:13:46, 0.20Hz]
[03.12 02:49:19] ┇ INFO    ┇                     gner ┇  - [04/07] (test ) crossner_politics   :  16%|███▏                |  32/200 [0:02:37<0:13:45, 0.20Hz]
[03.12 02:49:26] ┇ INFO    ┇                     gner ┇  - [04/07] (test ) crossner_politics   :  17%|███▍                |  34/200 [0:02:44<0:13:24, 0.21Hz]
[03.12 02:49:34] ┇ INFO    ┇                     gner ┇  - [04/07] (test ) crossner_politics   :  18%|███▌                |  35/200 [0:02:52<0:13:34, 0.20Hz]
[03.12 02:49:43] ┇ INFO    ┇                     gner ┇  - [04/07] (test ) crossner_politics   :  18%|███▌                |  36/200 [0:03:01<0:13:47, 0.20Hz]
[03.12 02:49:49] ┇ INFO    ┇                     gner ┇  - [04/07] (test ) crossner_politics   :  19%|███▊                |  38/200 [0:03:06<0:13:17, 0.20Hz]
[03.12 02:49:57] ┇ INFO    ┇                     gner ┇  - [04/07] (test ) crossner_politics   :  20%|████                |  41/200 [0:03:15<0:12:37, 0.21Hz]
[03.12 02:50:03] ┇ INFO    ┇                     gner ┇  - [04/07] (test ) crossner_politics   :  22%|████▎               |  43/200 [0:03:21<0:12:14, 0.21Hz]
[03.12 02:50:17] ┇ INFO    ┇                     gner ┇  - [04/07] (test ) crossner_politics   :  22%|████▍               |  44/200 [0:03:35<0:12:42, 0.20Hz]
[03.12 02:50:25] ┇ INFO    ┇                     gner ┇  - [04/07] (test ) crossner_politics   :  22%|████▌               |  45/200 [0:03:42<0:12:47, 0.20Hz]
[03.12 02:50:31] ┇ INFO    ┇                     gner ┇  - [04/07] (test ) crossner_politics   :  24%|████▊               |  48/200 [0:03:49<0:12:05, 0.21Hz]
[03.12 02:50:36] ┇ INFO    ┇                     gner ┇  - [04/07] (test ) crossner_politics   :  24%|████▉               |  49/200 [0:03:54<0:12:03, 0.21Hz]
[03.12 02:50:44] ┇ INFO    ┇                     gner ┇  - [04/07] (test ) crossner_politics   :  25%|█████               |  50/200 [0:04:02<0:12:08, 0.21Hz]
[03.12 02:50:50] ┇ INFO    ┇                     gner ┇  - [04/07] (test ) crossner_politics   :  26%|█████▏              |  52/200 [0:04:08<0:11:46, 0.21Hz]
[03.12 02:50:57] ┇ INFO    ┇                     gner ┇  - [04/07] (test ) crossner_politics   :  26%|█████▎              |  53/200 [0:04:14<0:11:47, 0.21Hz]
[03.12 02:51:06] ┇ INFO    ┇                     gner ┇  - [04/07] (test ) crossner_politics   :  27%|█████▍              |  54/200 [0:04:24<0:11:55, 0.20Hz]
[03.12 02:51:17] ┇ INFO    ┇                     gner ┇  - [04/07] (test ) crossner_politics   :  28%|█████▌              |  56/200 [0:04:34<0:11:46, 0.20Hz]
[03.12 02:51:25] ┇ INFO    ┇                     gner ┇  - [04/07] (test ) crossner_politics   :  29%|█████▊              |  58/200 [0:04:43<0:11:34, 0.20Hz]
[03.12 02:51:31] ┇ INFO    ┇                     gner ┇  - [04/07] (test ) crossner_politics   :  30%|██████              |  60/200 [0:04:49<0:11:16, 0.21Hz]
[03.12 02:51:44] ┇ INFO    ┇                     gner ┇  - [04/07] (test ) crossner_politics   :  30%|██████              |  61/200 [0:05:02<0:11:28, 0.20Hz]
[03.12 02:51:50] ┇ INFO    ┇                     gner ┇  - [04/07] (test ) crossner_politics   :  32%|██████▎             |  63/200 [0:05:08<0:11:10, 0.20Hz]
[03.12 02:51:56] ┇ INFO    ┇                     gner ┇  - [04/07] (test ) crossner_politics   :  32%|██████▌             |  65/200 [0:05:14<0:10:59, 0.20Hz]
[03.12 02:52:02] ┇ INFO    ┇                     gner ┇  - [04/07] (test ) crossner_politics   :  33%|██████▌             |  66/200 [0:05:20<0:10:59, 0.20Hz]
[03.12 02:52:18] ┇ INFO    ┇                     gner ┇  - [04/07] (test ) crossner_politics   :  34%|██████▋             |  67/200 [0:05:36<0:11:28, 0.19Hz]
[03.12 02:52:36] ┇ INFO    ┇                     gner ┇  - [04/07] (test ) crossner_politics   :  34%|██████▉             |  69/200 [0:05:54<0:11:40, 0.19Hz]
[03.12 02:52:46] ┇ INFO    ┇                     gner ┇  - [04/07] (test ) crossner_politics   :  35%|███████             |  70/200 [0:06:04<0:11:42, 0.19Hz]
[03.12 02:52:57] ┇ INFO    ┇                     gner ┇  - [04/07] (test ) crossner_politics   :  36%|███████▏            |  72/200 [0:06:15<0:11:48, 0.18Hz]
[03.12 02:53:05] ┇ INFO    ┇                     gner ┇  - [04/07] (test ) crossner_politics   :  36%|███████▎            |  73/200 [0:06:23<0:11:54, 0.18Hz]
[03.12 02:53:12] ┇ INFO    ┇                     gner ┇  - [04/07] (test ) crossner_politics   :  38%|███████▌            |  75/200 [0:06:30<0:11:36, 0.18Hz]
[03.12 02:53:25] ┇ INFO    ┇                     gner ┇  - [04/07] (test ) crossner_politics   :  38%|███████▌            |  76/200 [0:06:43<0:11:49, 0.17Hz]
[03.12 02:53:40] ┇ INFO    ┇                     gner ┇  - [04/07] (test ) crossner_politics   :  38%|███████▋            |  77/200 [0:06:58<0:12:08, 0.17Hz]
[03.12 02:53:50] ┇ INFO    ┇                     gner ┇  - [04/07] (test ) crossner_politics   :  40%|███████▉            |  79/200 [0:07:07<0:11:47, 0.17Hz]
[03.12 02:53:55] ┇ INFO    ┇                     gner ┇  - [04/07] (test ) crossner_politics   :  40%|████████            |  80/200 [0:07:13<0:11:47, 0.17Hz]
[03.12 02:54:01] ┇ INFO    ┇                     gner ┇  - [04/07] (test ) crossner_politics   :  41%|████████▏           |  82/200 [0:07:19<0:11:40, 0.17Hz]
[03.12 02:54:08] ┇ INFO    ┇                     gner ┇  - [04/07] (test ) crossner_politics   :  42%|████████▍           |  84/200 [0:07:26<0:11:17, 0.17Hz]
[03.12 02:54:18] ┇ INFO    ┇                     gner ┇  - [04/07] (test ) crossner_politics   :  43%|████████▌           |  86/200 [0:07:36<0:10:51, 0.17Hz]
[03.12 02:54:37] ┇ INFO    ┇                     gner ┇  - [04/07] (test ) crossner_politics   :  44%|████████▋           |  87/200 [0:07:55<0:11:06, 0.17Hz]
[03.12 02:54:43] ┇ INFO    ┇                     gner ┇  - [04/07] (test ) crossner_politics   :  44%|████████▊           |  88/200 [0:08:01<0:11:08, 0.17Hz]
[03.12 02:54:53] ┇ INFO    ┇                     gner ┇  - [04/07] (test ) crossner_politics   :  44%|████████▉           |  89/200 [0:08:11<0:11:14, 0.16Hz]
[03.12 02:55:15] ┇ INFO    ┇                     gner ┇  - [04/07] (test ) crossner_politics   :  46%|█████████▏          |  92/200 [0:08:33<0:11:12, 0.16Hz]
[03.12 02:55:23] ┇ INFO    ┇                     gner ┇  - [04/07] (test ) crossner_politics   :  46%|█████████▎          |  93/200 [0:08:41<0:10:53, 0.16Hz]
[03.12 02:55:48] ┇ INFO    ┇                     gner ┇  - [04/07] (test ) crossner_politics   :  47%|█████████▍          |  94/200 [0:09:06<0:11:04, 0.16Hz]
[03.12 02:55:58] ┇ INFO    ┇                     gner ┇  - [04/07] (test ) crossner_politics   :  48%|█████████▌          |  95/200 [0:09:15<0:11:04, 0.16Hz]
[03.12 02:56:04] ┇ INFO    ┇                     gner ┇  - [04/07] (test ) crossner_politics   :  48%|█████████▋          |  97/200 [0:09:22<0:10:49, 0.16Hz]
[03.12 02:56:10] ┇ INFO    ┇                     gner ┇  - [04/07] (test ) crossner_politics   :  49%|█████████▊          |  98/200 [0:09:28<0:10:40, 0.16Hz]
[03.12 02:56:20] ┇ INFO    ┇                     gner ┇  - [04/07] (test ) crossner_politics   :  50%|█████████▉          |  99/200 [0:09:38<0:10:35, 0.16Hz]
[03.12 02:56:27] ┇ INFO    ┇                     gner ┇  - [04/07] (test ) crossner_politics   :  50%|██████████          | 101/200 [0:09:45<0:10:26, 0.16Hz]
[03.12 02:56:36] ┇ INFO    ┇                     gner ┇  - [04/07] (test ) crossner_politics   :  52%|██████████▍         | 104/200 [0:09:54<0:10:07, 0.16Hz]
[03.12 02:56:52] ┇ INFO    ┇                     gner ┇  - [04/07] (test ) crossner_politics   :  52%|██████████▌         | 105/200 [0:10:09<0:10:23, 0.15Hz]
[03.12 02:56:59] ┇ INFO    ┇                     gner ┇  - [04/07] (test ) crossner_politics   :  53%|██████████▌         | 106/200 [0:10:16<0:10:20, 0.15Hz]
[03.12 02:57:12] ┇ INFO    ┇                     gner ┇  - [04/07] (test ) crossner_politics   :  54%|██████████▋         | 107/200 [0:10:30<0:10:12, 0.15Hz]
[03.12 02:57:20] ┇ INFO    ┇                     gner ┇  - [04/07] (test ) crossner_politics   :  54%|██████████▊         | 108/200 [0:10:38<0:10:06, 0.15Hz]
[03.12 02:57:25] ┇ INFO    ┇                     gner ┇  - [04/07] (test ) crossner_politics   :  55%|██████████▉         | 109/200 [0:10:43<0:10:01, 0.15Hz]
[03.12 02:57:32] ┇ INFO    ┇                     gner ┇  - [04/07] (test ) crossner_politics   :  55%|███████████         | 110/200 [0:10:50<0:10:03, 0.15Hz]
[03.12 02:57:40] ┇ INFO    ┇                     gner ┇  - [04/07] (test ) crossner_politics   :  56%|███████████         | 111/200 [0:10:58<0:10:06, 0.15Hz]
[03.12 02:57:46] ┇ INFO    ┇                     gner ┇  - [04/07] (test ) crossner_politics   :  56%|███████████▏        | 112/200 [0:11:04<0:10:00, 0.15Hz]
[03.12 02:57:53] ┇ INFO    ┇                     gner ┇  - [04/07] (test ) crossner_politics   :  57%|███████████▍        | 114/200 [0:11:11<0:09:40, 0.15Hz]
[03.12 02:58:03] ┇ INFO    ┇                     gner ┇  - [04/07] (test ) crossner_politics   :  58%|███████████▌        | 116/200 [0:11:20<0:09:27, 0.15Hz]
[03.12 02:58:13] ┇ INFO    ┇                     gner ┇  - [04/07] (test ) crossner_politics   :  60%|███████████▉        | 119/200 [0:11:31<0:08:55, 0.15Hz]
[03.12 02:58:19] ┇ INFO    ┇                     gner ┇  - [04/07] (test ) crossner_politics   :  60%|████████████        | 120/200 [0:11:37<0:08:54, 0.15Hz]
[03.12 02:58:34] ┇ INFO    ┇                     gner ┇  - [04/07] (test ) crossner_politics   :  60%|████████████        | 121/200 [0:11:52<0:08:57, 0.15Hz]
[03.12 02:58:51] ┇ INFO    ┇                     gner ┇  - [04/07] (test ) crossner_politics   :  61%|████████████▏       | 122/200 [0:12:09<0:09:10, 0.14Hz]
[03.12 02:58:59] ┇ INFO    ┇                     gner ┇  - [04/07] (test ) crossner_politics   :  62%|████████████▎       | 123/200 [0:12:17<0:09:07, 0.14Hz]
[03.12 02:59:07] ┇ INFO    ┇                     gner ┇  - [04/07] (test ) crossner_politics   :  62%|████████████▍       | 124/200 [0:12:25<0:08:55, 0.14Hz]
[03.12 02:59:18] ┇ INFO    ┇                     gner ┇  - [04/07] (test ) crossner_politics   :  62%|████████████▌       | 125/200 [0:12:36<0:08:59, 0.14Hz]
[03.12 02:59:23] ┇ INFO    ┇                     gner ┇  - [04/07] (test ) crossner_politics   :  63%|████████████▌       | 126/200 [0:12:41<0:08:52, 0.14Hz]
[03.12 02:59:39] ┇ INFO    ┇                     gner ┇  - [04/07] (test ) crossner_politics   :  64%|████████████▋       | 127/200 [0:12:57<0:09:02, 0.13Hz]
[03.12 02:59:49] ┇ INFO    ┇                     gner ┇  - [04/07] (test ) crossner_politics   :  64%|████████████▉       | 129/200 [0:13:07<0:08:46, 0.13Hz]
[03.12 02:59:57] ┇ INFO    ┇                     gner ┇  - [04/07] (test ) crossner_politics   :  65%|█████████████       | 130/200 [0:13:15<0:08:29, 0.14Hz]
[03.12 03:00:06] ┇ INFO    ┇                     gner ┇  - [04/07] (test ) crossner_politics   :  66%|█████████████       | 131/200 [0:13:24<0:08:31, 0.13Hz]
[03.12 03:00:23] ┇ INFO    ┇                     gner ┇  - [04/07] (test ) crossner_politics   :  66%|█████████████▏      | 132/200 [0:13:41<0:08:24, 0.13Hz]
[03.12 03:00:28] ┇ INFO    ┇                     gner ┇  - [04/07] (test ) crossner_politics   :  66%|█████████████▎      | 133/200 [0:13:46<0:08:11, 0.14Hz]
[03.12 03:00:36] ┇ INFO    ┇                     gner ┇  - [04/07] (test ) crossner_politics   :  67%|█████████████▍      | 134/200 [0:13:54<0:08:10, 0.13Hz]
[03.12 03:00:49] ┇ INFO    ┇                     gner ┇  - [04/07] (test ) crossner_politics   :  68%|█████████████▌      | 135/200 [0:14:07<0:08:07, 0.13Hz]
[03.12 03:01:09] ┇ INFO    ┇                     gner ┇  - [04/07] (test ) crossner_politics   :  69%|█████████████▊      | 138/200 [0:14:27<0:07:49, 0.13Hz]
[03.12 03:01:16] ┇ INFO    ┇                     gner ┇  - [04/07] (test ) crossner_politics   :  70%|██████████████      | 140/200 [0:14:34<0:07:14, 0.14Hz]
[03.12 03:01:28] ┇ INFO    ┇                     gner ┇  - [04/07] (test ) crossner_politics   :  71%|██████████████▏     | 142/200 [0:14:46<0:07:01, 0.14Hz]
[03.12 03:01:36] ┇ INFO    ┇                     gner ┇  - [04/07] (test ) crossner_politics   :  72%|██████████████▎     | 143/200 [0:14:54<0:06:57, 0.14Hz]
[03.12 03:01:47] ┇ INFO    ┇                     gner ┇  - [04/07] (test ) crossner_politics   :  72%|██████████████▌     | 145/200 [0:15:05<0:06:46, 0.14Hz]
[03.12 03:01:52] ┇ INFO    ┇                     gner ┇  - [04/07] (test ) crossner_politics   :  73%|██████████████▌     | 146/200 [0:15:10<0:06:41, 0.13Hz]
[03.12 03:02:01] ┇ INFO    ┇                     gner ┇  - [04/07] (test ) crossner_politics   :  74%|██████████████▊     | 148/200 [0:15:19<0:06:29, 0.13Hz]
[03.12 03:02:06] ┇ INFO    ┇                     gner ┇  - [04/07] (test ) crossner_politics   :  74%|██████████████▉     | 149/200 [0:15:24<0:06:18, 0.13Hz]
[03.12 03:02:13] ┇ INFO    ┇                     gner ┇  - [04/07] (test ) crossner_politics   :  76%|███████████████     | 151/200 [0:15:31<0:05:49, 0.14Hz]
[03.12 03:02:22] ┇ INFO    ┇                     gner ┇  - [04/07] (test ) crossner_politics   :  76%|███████████████▎    | 153/200 [0:15:40<0:05:33, 0.14Hz]
[03.12 03:02:37] ┇ INFO    ┇                     gner ┇  - [04/07] (test ) crossner_politics   :  78%|███████████████▌    | 155/200 [0:15:55<0:05:15, 0.14Hz]
[03.12 03:02:43] ┇ INFO    ┇                     gner ┇  - [04/07] (test ) crossner_politics   :  78%|███████████████▌    | 156/200 [0:16:01<0:05:06, 0.14Hz]
[03.12 03:02:48] ┇ INFO    ┇                     gner ┇  - [04/07] (test ) crossner_politics   :  79%|███████████████▊    | 158/200 [0:16:06<0:04:33, 0.15Hz]
[03.12 03:02:53] ┇ INFO    ┇                     gner ┇  - [04/07] (test ) crossner_politics   :  81%|████████████████▏   | 162/200 [0:16:11<0:03:57, 0.16Hz]
[03.12 03:03:09] ┇ INFO    ┇                     gner ┇  - [04/07] (test ) crossner_politics   :  82%|████████████████▌   | 165/200 [0:16:26<0:03:41, 0.16Hz]
[03.12 03:03:18] ┇ INFO    ┇                     gner ┇  - [04/07] (test ) crossner_politics   :  83%|████████████████▌   | 166/200 [0:16:36<0:03:39, 0.16Hz]
[03.12 03:03:31] ┇ INFO    ┇                     gner ┇  - [04/07] (test ) crossner_politics   :  84%|████████████████▊   | 168/200 [0:16:49<0:03:22, 0.16Hz]
[03.12 03:03:39] ┇ INFO    ┇                     gner ┇  - [04/07] (test ) crossner_politics   :  85%|█████████████████   | 170/200 [0:16:57<0:03:04, 0.16Hz]
[03.12 03:03:46] ┇ INFO    ┇                     gner ┇  - [04/07] (test ) crossner_politics   :  86%|█████████████████▏  | 172/200 [0:17:04<0:02:49, 0.17Hz]
[03.12 03:03:52] ┇ INFO    ┇                     gner ┇  - [04/07] (test ) crossner_politics   :  86%|█████████████████▎  | 173/200 [0:17:10<0:02:42, 0.17Hz]
[03.12 03:03:59] ┇ INFO    ┇                     gner ┇  - [04/07] (test ) crossner_politics   :  88%|█████████████████▌  | 175/200 [0:17:17<0:02:27, 0.17Hz]
[03.12 03:04:05] ┇ INFO    ┇                     gner ┇  - [04/07] (test ) crossner_politics   :  88%|█████████████████▌  | 176/200 [0:17:23<0:02:23, 0.17Hz]
[03.12 03:04:11] ┇ INFO    ┇                     gner ┇  - [04/07] (test ) crossner_politics   :  88%|█████████████████▋  | 177/200 [0:17:29<0:02:18, 0.17Hz]
[03.12 03:04:17] ┇ INFO    ┇                     gner ┇  - [04/07] (test ) crossner_politics   :  89%|█████████████████▊  | 178/200 [0:17:35<0:02:12, 0.17Hz]
[03.12 03:04:23] ┇ INFO    ┇                     gner ┇  - [04/07] (test ) crossner_politics   :  90%|█████████████████▉  | 179/200 [0:17:41<0:02:06, 0.17Hz]
[03.12 03:04:30] ┇ INFO    ┇                     gner ┇  - [04/07] (test ) crossner_politics   :  90%|██████████████████  | 181/200 [0:17:47<0:01:55, 0.16Hz]
[03.12 03:04:36] ┇ INFO    ┇                     gner ┇  - [04/07] (test ) crossner_politics   :  91%|██████████████████▏ | 182/200 [0:17:54<0:01:49, 0.16Hz]
[03.12 03:04:47] ┇ INFO    ┇                     gner ┇  - [04/07] (test ) crossner_politics   :  92%|██████████████████▍ | 184/200 [0:18:05<0:01:34, 0.17Hz]
[03.12 03:05:04] ┇ INFO    ┇                     gner ┇  - [04/07] (test ) crossner_politics   :  92%|██████████████████▌ | 185/200 [0:18:21<0:01:28, 0.17Hz]
[03.12 03:05:09] ┇ INFO    ┇                     gner ┇  - [04/07] (test ) crossner_politics   :  93%|██████████████████▌ | 186/200 [0:18:26<0:01:22, 0.17Hz]
[03.12 03:05:16] ┇ INFO    ┇                     gner ┇  - [04/07] (test ) crossner_politics   :  94%|██████████████████▊ | 188/200 [0:18:34<0:01:08, 0.18Hz]
[03.12 03:05:23] ┇ INFO    ┇                     gner ┇  - [04/07] (test ) crossner_politics   :  94%|██████████████████▉ | 189/200 [0:18:41<0:01:02, 0.18Hz]
[03.12 03:05:31] ┇ INFO    ┇                     gner ┇  - [04/07] (test ) crossner_politics   :  96%|███████████████████ | 191/200 [0:18:49<0:00:49, 0.18Hz]
[03.12 03:05:44] ┇ INFO    ┇                     gner ┇  - [04/07] (test ) crossner_politics   :  97%|███████████████████▍| 194/200 [0:19:02<0:00:32, 0.19Hz]
[03.12 03:05:51] ┇ INFO    ┇                     gner ┇  - [04/07] (test ) crossner_politics   :  98%|███████████████████▌| 195/200 [0:19:09<0:00:26, 0.19Hz]
[03.12 03:06:03] ┇ INFO    ┇                     gner ┇  - [04/07] (test ) crossner_politics   :  98%|███████████████████▌| 196/200 [0:19:21<0:00:21, 0.19Hz]
[03.12 03:06:08] ┇ INFO    ┇                     gner ┇  - [04/07] (test ) crossner_politics   :  98%|███████████████████▋| 197/200 [0:19:26<0:00:15, 0.19Hz]
[03.12 03:06:18] ┇ INFO    ┇                     gner ┇  - [04/07] (test ) crossner_politics   : 100%|████████████████████| 200/200 [0:19:36<0:00:00, 0.19Hz]
[03.12 03:06:21] ┇ INFO    ┇                     gner ┇  - [05/07] (test ) crossner_science    :   0%|                    |   1/200 [0:00:02<0:08:52, 0.37Hz]
[03.12 03:06:45] ┇ INFO    ┇                     gner ┇  - [05/07] (test ) crossner_science    :   1%|▏                   |   2/200 [0:00:26<0:43:32, 0.08Hz]
[03.12 03:06:54] ┇ INFO    ┇                     gner ┇  - [05/07] (test ) crossner_science    :   3%|▌                   |   6/200 [0:00:35<0:19:15, 0.17Hz]
[03.12 03:07:03] ┇ INFO    ┇                     gner ┇  - [05/07] (test ) crossner_science    :   4%|▉                   |   9/200 [0:00:44<0:15:48, 0.20Hz]
[03.12 03:07:11] ┇ INFO    ┇                     gner ┇  - [05/07] (test ) crossner_science    :   5%|█                   |  10/200 [0:00:52<0:16:33, 0.19Hz]
[03.12 03:07:20] ┇ INFO    ┇                     gner ┇  - [05/07] (test ) crossner_science    :   6%|█▏                  |  12/200 [0:01:01<0:16:03, 0.20Hz]
[03.12 03:07:27] ┇ INFO    ┇                     gner ┇  - [05/07] (test ) crossner_science    :   8%|█▌                  |  15/200 [0:01:08<0:14:02, 0.22Hz]
[03.12 03:07:45] ┇ INFO    ┇                     gner ┇  - [05/07] (test ) crossner_science    :   8%|█▋                  |  17/200 [0:01:26<0:15:33, 0.20Hz]
[03.12 03:07:52] ┇ INFO    ┇                     gner ┇  - [05/07] (test ) crossner_science    :  10%|█▉                  |  19/200 [0:01:33<0:14:53, 0.20Hz]
[03.12 03:08:06] ┇ INFO    ┇                     gner ┇  - [05/07] (test ) crossner_science    :  10%|██                  |  21/200 [0:01:47<0:15:14, 0.20Hz]
[03.12 03:08:11] ┇ INFO    ┇                     gner ┇  - [05/07] (test ) crossner_science    :  12%|██▎                 |  23/200 [0:01:52<0:14:25, 0.20Hz]
[03.12 03:08:20] ┇ INFO    ┇                     gner ┇  - [05/07] (test ) crossner_science    :  12%|██▍                 |  24/200 [0:02:01<0:14:54, 0.20Hz]
[03.12 03:08:27] ┇ INFO    ┇                     gner ┇  - [05/07] (test ) crossner_science    :  12%|██▌                 |  25/200 [0:02:08<0:14:57, 0.20Hz]
[03.12 03:08:44] ┇ INFO    ┇                     gner ┇  - [05/07] (test ) crossner_science    :  14%|██▋                 |  27/200 [0:02:26<0:15:35, 0.18Hz]
[03.12 03:08:50] ┇ INFO    ┇                     gner ┇  - [05/07] (test ) crossner_science    :  14%|██▉                 |  29/200 [0:02:31<0:14:51, 0.19Hz]
[03.12 03:09:04] ┇ INFO    ┇                     gner ┇  - [05/07] (test ) crossner_science    :  15%|███                 |  30/200 [0:02:45<0:15:36, 0.18Hz]
[03.12 03:09:13] ┇ INFO    ┇                     gner ┇  - [05/07] (test ) crossner_science    :  16%|███▎                |  33/200 [0:02:54<0:14:43, 0.19Hz]
[03.12 03:09:23] ┇ INFO    ┇                     gner ┇  - [05/07] (test ) crossner_science    :  18%|███▌                |  36/200 [0:03:04<0:14:01, 0.19Hz]
[03.12 03:09:29] ┇ INFO    ┇                     gner ┇  - [05/07] (test ) crossner_science    :  20%|███▉                |  39/200 [0:03:10<0:13:07, 0.20Hz]
[03.12 03:09:42] ┇ INFO    ┇                     gner ┇  - [05/07] (test ) crossner_science    :  21%|████▏               |  42/200 [0:03:23<0:12:45, 0.21Hz]
[03.12 03:09:47] ┇ INFO    ┇                     gner ┇  - [05/07] (test ) crossner_science    :  22%|████▌               |  45/200 [0:03:28<0:11:59, 0.22Hz]
[03.12 03:09:55] ┇ INFO    ┇                     gner ┇  - [05/07] (test ) crossner_science    :  24%|████▋               |  47/200 [0:03:36<0:11:46, 0.22Hz]
[03.12 03:10:08] ┇ INFO    ┇                     gner ┇  - [05/07] (test ) crossner_science    :  24%|████▉               |  49/200 [0:03:49<0:11:48, 0.21Hz]
[03.12 03:10:15] ┇ INFO    ┇                     gner ┇  - [05/07] (test ) crossner_science    :  26%|█████               |  51/200 [0:03:56<0:11:32, 0.22Hz]
[03.12 03:10:21] ┇ INFO    ┇                     gner ┇  - [05/07] (test ) crossner_science    :  26%|█████▎              |  53/200 [0:04:02<0:11:11, 0.22Hz]
[03.12 03:10:26] ┇ INFO    ┇                     gner ┇  - [05/07] (test ) crossner_science    :  28%|█████▌              |  55/200 [0:04:07<0:10:51, 0.22Hz]
[03.12 03:10:34] ┇ INFO    ┇                     gner ┇  - [05/07] (test ) crossner_science    :  30%|█████▉              |  59/200 [0:04:15<0:10:10, 0.23Hz]
[03.12 03:10:40] ┇ INFO    ┇                     gner ┇  - [05/07] (test ) crossner_science    :  30%|██████              |  60/200 [0:04:21<0:10:09, 0.23Hz]
[03.12 03:10:47] ┇ INFO    ┇                     gner ┇  - [05/07] (test ) crossner_science    :  31%|██████▏             |  62/200 [0:04:28<0:09:57, 0.23Hz]
[03.12 03:10:56] ┇ INFO    ┇                     gner ┇  - [05/07] (test ) crossner_science    :  32%|██████▌             |  65/200 [0:04:37<0:08:58, 0.25Hz]
[03.12 03:11:09] ┇ INFO    ┇                     gner ┇  - [05/07] (test ) crossner_science    :  34%|██████▊             |  68/200 [0:04:50<0:09:03, 0.24Hz]
[03.12 03:11:22] ┇ INFO    ┇                     gner ┇  - [05/07] (test ) crossner_science    :  36%|███████             |  71/200 [0:05:03<0:09:02, 0.24Hz]
[03.12 03:11:27] ┇ INFO    ┇                     gner ┇  - [05/07] (test ) crossner_science    :  36%|███████▎            |  73/200 [0:05:08<0:08:37, 0.25Hz]
[03.12 03:11:35] ┇ INFO    ┇                     gner ┇  - [05/07] (test ) crossner_science    :  37%|███████▍            |  74/200 [0:05:16<0:08:47, 0.24Hz]
[03.12 03:11:41] ┇ INFO    ┇                     gner ┇  - [05/07] (test ) crossner_science    :  38%|███████▌            |  75/200 [0:05:22<0:08:37, 0.24Hz]
[03.12 03:11:47] ┇ INFO    ┇                     gner ┇  - [05/07] (test ) crossner_science    :  38%|███████▋            |  77/200 [0:05:28<0:08:35, 0.24Hz]
[03.12 03:11:54] ┇ INFO    ┇                     gner ┇  - [05/07] (test ) crossner_science    :  40%|███████▉            |  79/200 [0:05:35<0:08:25, 0.24Hz]
[03.12 03:12:18] ┇ INFO    ┇                     gner ┇  - [05/07] (test ) crossner_science    :  40%|████████            |  80/200 [0:05:59<0:08:40, 0.23Hz]
[03.12 03:12:25] ┇ INFO    ┇                     gner ┇  - [05/07] (test ) crossner_science    :  41%|████████▏           |  82/200 [0:06:06<0:08:30, 0.23Hz]
[03.12 03:12:40] ┇ INFO    ┇                     gner ┇  - [05/07] (test ) crossner_science    :  42%|████████▌           |  85/200 [0:06:22<0:08:14, 0.23Hz]
[03.12 03:12:48] ┇ INFO    ┇                     gner ┇  - [05/07] (test ) crossner_science    :  43%|████████▌           |  86/200 [0:06:29<0:08:21, 0.23Hz]
[03.12 03:12:58] ┇ INFO    ┇                     gner ┇  - [05/07] (test ) crossner_science    :  44%|████████▊           |  88/200 [0:06:40<0:08:03, 0.23Hz]
[03.12 03:13:09] ┇ INFO    ┇                     gner ┇  - [05/07] (test ) crossner_science    :  46%|█████████           |  91/200 [0:06:50<0:07:36, 0.24Hz]
[03.12 03:13:14] ┇ INFO    ┇                     gner ┇  - [05/07] (test ) crossner_science    :  47%|█████████▍          |  94/200 [0:06:55<0:06:58, 0.25Hz]
[03.12 03:13:24] ┇ INFO    ┇                     gner ┇  - [05/07] (test ) crossner_science    :  48%|█████████▌          |  96/200 [0:07:05<0:06:54, 0.25Hz]
[03.12 03:13:38] ┇ INFO    ┇                     gner ┇  - [05/07] (test ) crossner_science    :  50%|██████████          | 100/200 [0:07:19<0:06:40, 0.25Hz]
[03.12 03:13:53] ┇ INFO    ┇                     gner ┇  - [05/07] (test ) crossner_science    :  51%|██████████▏         | 102/200 [0:07:34<0:06:50, 0.24Hz]
[03.12 03:13:59] ┇ INFO    ┇                     gner ┇  - [05/07] (test ) crossner_science    :  52%|██████████▍         | 104/200 [0:07:40<0:06:46, 0.24Hz]
[03.12 03:14:12] ┇ INFO    ┇                     gner ┇  - [05/07] (test ) crossner_science    :  53%|██████████▌         | 106/200 [0:07:53<0:06:37, 0.24Hz]
[03.12 03:14:22] ┇ INFO    ┇                     gner ┇  - [05/07] (test ) crossner_science    :  54%|██████████▋         | 107/200 [0:08:03<0:06:47, 0.23Hz]
[03.12 03:14:31] ┇ INFO    ┇                     gner ┇  - [05/07] (test ) crossner_science    :  55%|███████████         | 110/200 [0:08:12<0:06:33, 0.23Hz]
[03.12 03:14:42] ┇ INFO    ┇                     gner ┇  - [05/07] (test ) crossner_science    :  57%|███████████▍        | 114/200 [0:08:23<0:06:03, 0.24Hz]
[03.12 03:14:48] ┇ INFO    ┇                     gner ┇  - [05/07] (test ) crossner_science    :  57%|███████████▌        | 115/200 [0:08:29<0:06:01, 0.24Hz]
[03.12 03:15:10] ┇ INFO    ┇                     gner ┇  - [05/07] (test ) crossner_science    :  58%|███████████▋        | 117/200 [0:08:51<0:06:16, 0.22Hz]
[03.12 03:15:16] ┇ INFO    ┇                     gner ┇  - [05/07] (test ) crossner_science    :  59%|███████████▊        | 118/200 [0:08:57<0:06:17, 0.22Hz]
[03.12 03:15:24] ┇ INFO    ┇                     gner ┇  - [05/07] (test ) crossner_science    :  60%|████████████        | 121/200 [0:09:05<0:06:10, 0.21Hz]
[03.12 03:15:32] ┇ INFO    ┇                     gner ┇  - [05/07] (test ) crossner_science    :  61%|████████████▏       | 122/200 [0:09:13<0:06:09, 0.21Hz]
[03.12 03:15:38] ┇ INFO    ┇                     gner ┇  - [05/07] (test ) crossner_science    :  62%|████████████▍       | 124/200 [0:09:19<0:05:54, 0.21Hz]
[03.12 03:15:50] ┇ INFO    ┇                     gner ┇  - [05/07] (test ) crossner_science    :  62%|████████████▌       | 125/200 [0:09:31<0:06:00, 0.21Hz]
[03.12 03:16:01] ┇ INFO    ┇                     gner ┇  - [05/07] (test ) crossner_science    :  64%|████████████▋       | 127/200 [0:09:42<0:05:59, 0.20Hz]
[03.12 03:16:10] ┇ INFO    ┇                     gner ┇  - [05/07] (test ) crossner_science    :  64%|████████████▉       | 129/200 [0:09:51<0:05:52, 0.20Hz]
[03.12 03:16:15] ┇ INFO    ┇                     gner ┇  - [05/07] (test ) crossner_science    :  66%|█████████████▏      | 132/200 [0:09:57<0:05:28, 0.21Hz]
[03.12 03:16:24] ┇ INFO    ┇                     gner ┇  - [05/07] (test ) crossner_science    :  68%|█████████████▌      | 135/200 [0:10:05<0:05:07, 0.21Hz]
[03.12 03:16:31] ┇ INFO    ┇                     gner ┇  - [05/07] (test ) crossner_science    :  69%|█████████████▊      | 138/200 [0:10:12<0:04:45, 0.22Hz]
[03.12 03:16:37] ┇ INFO    ┇                     gner ┇  - [05/07] (test ) crossner_science    :  70%|██████████████      | 140/200 [0:10:18<0:04:36, 0.22Hz]
[03.12 03:16:45] ┇ INFO    ┇                     gner ┇  - [05/07] (test ) crossner_science    :  71%|██████████████▏     | 142/200 [0:10:26<0:04:28, 0.22Hz]
[03.12 03:16:56] ┇ INFO    ┇                     gner ┇  - [05/07] (test ) crossner_science    :  72%|██████████████▌     | 145/200 [0:10:37<0:03:56, 0.23Hz]
[03.12 03:17:02] ┇ INFO    ┇                     gner ┇  - [05/07] (test ) crossner_science    :  74%|██████████████▊     | 148/200 [0:10:43<0:03:36, 0.24Hz]
[03.12 03:17:13] ┇ INFO    ┇                     gner ┇  - [05/07] (test ) crossner_science    :  75%|███████████████     | 150/200 [0:10:54<0:03:26, 0.24Hz]
[03.12 03:17:23] ┇ INFO    ┇                     gner ┇  - [05/07] (test ) crossner_science    :  76%|███████████████     | 151/200 [0:11:04<0:03:25, 0.24Hz]
[03.12 03:17:32] ┇ INFO    ┇                     gner ┇  - [05/07] (test ) crossner_science    :  76%|███████████████▎    | 153/200 [0:11:13<0:03:21, 0.23Hz]
[03.12 03:17:37] ┇ INFO    ┇                     gner ┇  - [05/07] (test ) crossner_science    :  78%|███████████████▌    | 155/200 [0:11:18<0:03:10, 0.24Hz]
[03.12 03:17:44] ┇ INFO    ┇                     gner ┇  - [05/07] (test ) crossner_science    :  79%|███████████████▊    | 158/200 [0:11:25<0:02:57, 0.24Hz]
[03.12 03:17:56] ┇ INFO    ┇                     gner ┇  - [05/07] (test ) crossner_science    :  80%|███████████████▉    | 159/200 [0:11:37<0:02:57, 0.23Hz]
[03.12 03:18:08] ┇ INFO    ┇                     gner ┇  - [05/07] (test ) crossner_science    :  80%|████████████████    | 160/200 [0:11:49<0:02:59, 0.22Hz]
[03.12 03:18:17] ┇ INFO    ┇                     gner ┇  - [05/07] (test ) crossner_science    :  81%|████████████████▏   | 162/200 [0:11:58<0:02:53, 0.22Hz]
[03.12 03:18:25] ┇ INFO    ┇                     gner ┇  - [05/07] (test ) crossner_science    :  83%|████████████████▌   | 166/200 [0:12:06<0:02:24, 0.24Hz]
[03.12 03:18:39] ┇ INFO    ┇                     gner ┇  - [05/07] (test ) crossner_science    :  84%|████████████████▊   | 168/200 [0:12:20<0:02:20, 0.23Hz]
[03.12 03:18:49] ┇ INFO    ┇                     gner ┇  - [05/07] (test ) crossner_science    :  84%|████████████████▉   | 169/200 [0:12:30<0:02:16, 0.23Hz]
[03.12 03:18:56] ┇ INFO    ┇                     gner ┇  - [05/07] (test ) crossner_science    :  86%|█████████████████   | 171/200 [0:12:37<0:02:04, 0.23Hz]
[03.12 03:19:02] ┇ INFO    ┇                     gner ┇  - [05/07] (test ) crossner_science    :  86%|█████████████████▎  | 173/200 [0:12:43<0:01:55, 0.23Hz]
[03.12 03:19:09] ┇ INFO    ┇                     gner ┇  - [05/07] (test ) crossner_science    :  87%|█████████████████▍  | 174/200 [0:12:50<0:01:54, 0.23Hz]
[03.12 03:19:16] ┇ INFO    ┇                     gner ┇  - [05/07] (test ) crossner_science    :  88%|█████████████████▌  | 175/200 [0:12:57<0:01:51, 0.22Hz]
[03.12 03:19:22] ┇ INFO    ┇                     gner ┇  - [05/07] (test ) crossner_science    :  89%|█████████████████▊  | 178/200 [0:13:03<0:01:35, 0.23Hz]
[03.12 03:19:33] ┇ INFO    ┇                     gner ┇  - [05/07] (test ) crossner_science    :  92%|██████████████████▎ | 183/200 [0:13:14<0:01:08, 0.25Hz]
[03.12 03:19:52] ┇ INFO    ┇                     gner ┇  - [05/07] (test ) crossner_science    :  92%|██████████████████▌ | 185/200 [0:13:33<0:01:01, 0.24Hz]
[03.12 03:20:33] ┇ INFO    ┇                     gner ┇  - [05/07] (test ) crossner_science    :  95%|███████████████████ | 190/200 [0:14:14<0:00:43, 0.23Hz]
[03.12 03:20:40] ┇ INFO    ┇                     gner ┇  - [05/07] (test ) crossner_science    :  96%|███████████████████ | 191/200 [0:14:21<0:00:39, 0.23Hz]
[03.12 03:20:46] ┇ INFO    ┇                     gner ┇  - [05/07] (test ) crossner_science    :  96%|███████████████████▎| 193/200 [0:14:28<0:00:30, 0.23Hz]
[03.12 03:20:57] ┇ INFO    ┇                     gner ┇  - [05/07] (test ) crossner_science    :  98%|███████████████████▌| 195/200 [0:14:38<0:00:22, 0.22Hz]
[03.12 03:21:07] ┇ INFO    ┇                     gner ┇  - [05/07] (test ) crossner_science    :  98%|███████████████████▋| 197/200 [0:14:48<0:00:13, 0.22Hz]
[03.12 03:21:14] ┇ INFO    ┇                     gner ┇  - [05/07] (test ) crossner_science    :  99%|███████████████████▊| 198/200 [0:14:55<0:00:09, 0.22Hz]
[03.12 03:21:22] ┇ INFO    ┇                     gner ┇  - [05/07] (test ) crossner_science    : 100%|████████████████████| 200/200 [0:15:03<0:00:00, 0.21Hz]
[03.12 03:21:22] ┇ INFO    ┇                     gner ┇  - [06/07] (test ) mit-movie           :   0%|                    |   1/200 [0:00:00<0:00:43, 4.58Hz]
[03.12 03:21:27] ┇ INFO    ┇                     gner ┇  - [06/07] (test ) mit-movie           :  17%|███▍                |  34/200 [0:00:05<0:00:26, 6.17Hz]
[03.12 03:21:32] ┇ INFO    ┇                     gner ┇  - [06/07] (test ) mit-movie           :  32%|██████▌             |  65/200 [0:00:10<0:00:21, 6.28Hz]
[03.12 03:21:37] ┇ INFO    ┇                     gner ┇  - [06/07] (test ) mit-movie           :  44%|████████▋           |  87/200 [0:00:15<0:00:21, 5.30Hz]
[03.12 03:21:43] ┇ INFO    ┇                     gner ┇  - [06/07] (test ) mit-movie           :  53%|██████████▌         | 106/200 [0:00:21<0:00:21, 4.29Hz]
[03.12 03:21:48] ┇ INFO    ┇                     gner ┇  - [06/07] (test ) mit-movie           :  62%|████████████▌       | 125/200 [0:00:26<0:00:19, 3.82Hz]
[03.12 03:21:53] ┇ INFO    ┇                     gner ┇  - [06/07] (test ) mit-movie           :  70%|██████████████      | 140/200 [0:00:31<0:00:18, 3.23Hz]
[03.12 03:21:59] ┇ INFO    ┇                     gner ┇  - [06/07] (test ) mit-movie           :  80%|████████████████    | 160/200 [0:00:37<0:00:12, 3.32Hz]
[03.12 03:22:04] ┇ INFO    ┇                     gner ┇  - [06/07] (test ) mit-movie           :  90%|██████████████████  | 181/200 [0:00:42<0:00:05, 3.69Hz]
[03.12 03:22:09] ┇ INFO    ┇                     gner ┇  - [06/07] (test ) mit-movie           :  98%|███████████████████▌| 196/200 [0:00:47<0:00:01, 3.54Hz]
[03.12 03:22:10] ┇ INFO    ┇                     gner ┇  - [06/07] (test ) mit-movie           : 100%|████████████████████| 200/200 [0:00:48<0:00:00, 3.55Hz]
[03.12 03:22:10] ┇ INFO    ┇                     gner ┇  - [07/07] (test ) mit-restaurant      :   0%|                    |   1/200 [0:00:00<0:00:22, 8.76Hz]
[03.12 03:22:15] ┇ INFO    ┇                     gner ┇  - [07/07] (test ) mit-restaurant      :  14%|██▋                 |  27/200 [0:00:05<0:00:34, 5.05Hz]
[03.12 03:22:21] ┇ INFO    ┇                     gner ┇  - [07/07] (test ) mit-restaurant      :  24%|████▉               |  49/200 [0:00:10<0:00:32, 4.63Hz]
[03.12 03:22:26] ┇ INFO    ┇                     gner ┇  - [07/07] (test ) mit-restaurant      :  36%|███████▎            |  73/200 [0:00:15<0:00:28, 4.47Hz]
[03.12 03:22:31] ┇ INFO    ┇                     gner ┇  - [07/07] (test ) mit-restaurant      :  47%|█████████▍          |  94/200 [0:00:21<0:00:25, 4.16Hz]
[03.12 03:22:36] ┇ INFO    ┇                     gner ┇  - [07/07] (test ) mit-restaurant      :  56%|███████████▎        | 113/200 [0:00:26<0:00:21, 4.03Hz]
[03.12 03:22:42] ┇ INFO    ┇                     gner ┇  - [07/07] (test ) mit-restaurant      :  66%|█████████████       | 131/200 [0:00:31<0:00:18, 3.81Hz]
[03.12 03:22:47] ┇ INFO    ┇                     gner ┇  - [07/07] (test ) mit-restaurant      :  80%|███████████████▉    | 159/200 [0:00:36<0:00:09, 4.19Hz]
[03.12 03:22:52] ┇ INFO    ┇                     gner ┇  - [07/07] (test ) mit-restaurant      :  96%|███████████████████▎| 193/200 [0:00:42<0:00:01, 5.71Hz]
[03.12 03:22:54] ┇ INFO    ┇                     gner ┇  - [07/07] (test ) mit-restaurant      : 100%|████████████████████| 200/200 [0:00:43<0:00:00, 5.63Hz]
[03.12 03:22:54] ┇ INFO    ┇                     gner ┇ QE data[test] saved to data/GNER-QE/ZSE-test-pred-by_beam-num=30-test.json
[03.12 03:22:54] ┇ INFO    ┇           chrisbase.data ┇ =========================================================================================================================================
[03.12 03:22:54] ┇ INFO    ┇           chrisbase.data ┇ [EXIT] python /raid/chrisjihee/proj/GNER/generate.py convert_to_qe_data --test_count 200 --num_candidates 30 ($=01:13:29.416)
[03.12 03:22:54] ┇ INFO    ┇           chrisbase.data ┇ =========================================================================================================================================
