[03.10 03:33:45] ┇ INFO    ┇           chrisbase.data ┇ =========================================================================================================================================
[03.10 03:33:45] ┇ INFO    ┇           chrisbase.data ┇ [INIT] python /raid/chrisjihee/proj/GNER/generate.py convert_to_qe_data --num_candidates 20
[03.10 03:33:45] ┇ INFO    ┇           chrisbase.data ┇ =========================================================================================================================================
[03.10 03:33:46] ┇ INFO    ┇                     gner ┇ Converting the generated predictions into QE data for 7 dataset (1400 samples)
[03.10 03:33:46] ┇ INFO    ┇                     gner ┇  - [01/07] (train) crossner_ai         :   1%|                    |   1/190 [0:00:00<0:00:39, 4.84Hz]
[03.10 03:33:57] ┇ INFO    ┇                     gner ┇  - [01/07] (train) crossner_ai         :   3%|▌                   |   5/190 [0:00:10<0:06:26, 0.48Hz]
[03.10 03:34:03] ┇ INFO    ┇                     gner ┇  - [01/07] (train) crossner_ai         :   4%|▋                   |   7/190 [0:00:16<0:07:22, 0.41Hz]
[03.10 03:34:08] ┇ INFO    ┇                     gner ┇  - [01/07] (train) crossner_ai         :   5%|█                   |  10/190 [0:00:21<0:06:35, 0.46Hz]
[03.10 03:34:16] ┇ INFO    ┇                     gner ┇  - [01/07] (train) crossner_ai         :   7%|█▍                  |  14/190 [0:00:29<0:06:13, 0.47Hz]
[03.10 03:34:21] ┇ INFO    ┇                     gner ┇  - [01/07] (train) crossner_ai         :   9%|█▊                  |  17/190 [0:00:35<0:05:58, 0.48Hz]
[03.10 03:34:28] ┇ INFO    ┇                     gner ┇  - [01/07] (train) crossner_ai         :   9%|█▉                  |  18/190 [0:00:42<0:06:45, 0.42Hz]
[03.10 03:34:39] ┇ INFO    ┇                     gner ┇  - [01/07] (train) crossner_ai         :  12%|██▎                 |  22/190 [0:00:52<0:06:44, 0.42Hz]
[03.10 03:34:49] ┇ INFO    ┇                     gner ┇  - [01/07] (train) crossner_ai         :  14%|██▋                 |  26/190 [0:01:02<0:06:33, 0.42Hz]
[03.10 03:34:54] ┇ INFO    ┇                     gner ┇  - [01/07] (train) crossner_ai         :  16%|███▏                |  30/190 [0:01:07<0:06:00, 0.44Hz]
[03.10 03:34:59] ┇ INFO    ┇                     gner ┇  - [01/07] (train) crossner_ai         :  17%|███▍                |  33/190 [0:01:12<0:05:46, 0.45Hz]
[03.10 03:35:05] ┇ INFO    ┇                     gner ┇  - [01/07] (train) crossner_ai         :  19%|███▉                |  37/190 [0:01:18<0:05:25, 0.47Hz]
[03.10 03:35:11] ┇ INFO    ┇                     gner ┇  - [01/07] (train) crossner_ai         :  23%|████▌               |  43/190 [0:01:24<0:04:50, 0.51Hz]
[03.10 03:35:17] ┇ INFO    ┇                     gner ┇  - [01/07] (train) crossner_ai         :  25%|█████               |  48/190 [0:01:30<0:04:28, 0.53Hz]
[03.10 03:35:22] ┇ INFO    ┇                     gner ┇  - [01/07] (train) crossner_ai         :  26%|█████▎              |  50/190 [0:01:36<0:04:29, 0.52Hz]
[03.10 03:35:31] ┇ INFO    ┇                     gner ┇  - [01/07] (train) crossner_ai         :  28%|█████▌              |  53/190 [0:01:45<0:04:32, 0.50Hz]
[03.10 03:35:37] ┇ INFO    ┇                     gner ┇  - [01/07] (train) crossner_ai         :  30%|██████              |  57/190 [0:01:50<0:04:18, 0.52Hz]
[03.10 03:35:42] ┇ INFO    ┇                     gner ┇  - [01/07] (train) crossner_ai         :  31%|██████▏             |  59/190 [0:01:56<0:04:18, 0.51Hz]
[03.10 03:35:51] ┇ INFO    ┇                     gner ┇  - [01/07] (train) crossner_ai         :  32%|██████▎             |  60/190 [0:02:05<0:04:31, 0.48Hz]
[03.10 03:36:03] ┇ INFO    ┇                     gner ┇  - [01/07] (train) crossner_ai         :  34%|██████▋             |  64/190 [0:02:17<0:04:33, 0.46Hz]
[03.10 03:36:10] ┇ INFO    ┇                     gner ┇  - [01/07] (train) crossner_ai         :  35%|███████             |  67/190 [0:02:23<0:04:30, 0.45Hz]
[03.10 03:36:18] ┇ INFO    ┇                     gner ┇  - [01/07] (train) crossner_ai         :  36%|███████▎            |  69/190 [0:02:32<0:04:23, 0.46Hz]
[03.10 03:36:25] ┇ INFO    ┇                     gner ┇  - [01/07] (train) crossner_ai         :  37%|███████▎            |  70/190 [0:02:38<0:04:30, 0.44Hz]
[03.10 03:36:32] ┇ INFO    ┇                     gner ┇  - [01/07] (train) crossner_ai         :  38%|███████▋            |  73/190 [0:02:45<0:04:27, 0.44Hz]
[03.10 03:36:37] ┇ INFO    ┇                     gner ┇  - [01/07] (train) crossner_ai         :  41%|████████            |  77/190 [0:02:50<0:04:13, 0.45Hz]
[03.10 03:36:43] ┇ INFO    ┇                     gner ┇  - [01/07] (train) crossner_ai         :  43%|████████▌           |  81/190 [0:02:57<0:03:53, 0.47Hz]
[03.10 03:36:48] ┇ INFO    ┇                     gner ┇  - [01/07] (train) crossner_ai         :  44%|████████▋           |  83/190 [0:03:02<0:03:54, 0.46Hz]
[03.10 03:36:54] ┇ INFO    ┇                     gner ┇  - [01/07] (train) crossner_ai         :  44%|████████▊           |  84/190 [0:03:08<0:03:57, 0.45Hz]
[03.10 03:37:00] ┇ INFO    ┇                     gner ┇  - [01/07] (train) crossner_ai         :  45%|█████████           |  86/190 [0:03:13<0:03:49, 0.45Hz]
[03.10 03:37:06] ┇ INFO    ┇                     gner ┇  - [01/07] (train) crossner_ai         :  48%|█████████▌          |  91/190 [0:03:19<0:03:30, 0.47Hz]
[03.10 03:37:12] ┇ INFO    ┇                     gner ┇  - [01/07] (train) crossner_ai         :  49%|█████████▉          |  94/190 [0:03:26<0:03:25, 0.47Hz]
[03.10 03:37:19] ┇ INFO    ┇                     gner ┇  - [01/07] (train) crossner_ai         :  52%|██████████▎         |  98/190 [0:03:33<0:03:19, 0.46Hz]
[03.10 03:37:25] ┇ INFO    ┇                     gner ┇  - [01/07] (train) crossner_ai         :  54%|██████████▋         | 102/190 [0:03:38<0:03:12, 0.46Hz]
[03.10 03:37:31] ┇ INFO    ┇                     gner ┇  - [01/07] (train) crossner_ai         :  55%|██████████▉         | 104/190 [0:03:44<0:03:14, 0.44Hz]
[03.10 03:37:38] ┇ INFO    ┇                     gner ┇  - [01/07] (train) crossner_ai         :  56%|███████████▎        | 107/190 [0:03:52<0:03:11, 0.43Hz]
[03.10 03:37:44] ┇ INFO    ┇                     gner ┇  - [01/07] (train) crossner_ai         :  61%|████████████        | 115/190 [0:03:57<0:02:44, 0.45Hz]
[03.10 03:37:50] ┇ INFO    ┇                     gner ┇  - [01/07] (train) crossner_ai         :  63%|████████████▌       | 119/190 [0:04:03<0:02:30, 0.47Hz]
[03.10 03:37:55] ┇ INFO    ┇                     gner ┇  - [01/07] (train) crossner_ai         :  66%|█████████████▏      | 125/190 [0:04:08<0:02:04, 0.52Hz]
[03.10 03:38:01] ┇ INFO    ┇                     gner ┇  - [01/07] (train) crossner_ai         :  68%|█████████████▋      | 130/190 [0:04:14<0:01:45, 0.57Hz]
[03.10 03:38:06] ┇ INFO    ┇                     gner ┇  - [01/07] (train) crossner_ai         :  73%|██████████████▌     | 138/190 [0:04:20<0:01:15, 0.69Hz]
[03.10 03:38:15] ┇ INFO    ┇                     gner ┇  - [01/07] (train) crossner_ai         :  74%|██████████████▋     | 140/190 [0:04:28<0:01:17, 0.64Hz]
[03.10 03:38:22] ┇ INFO    ┇                     gner ┇  - [01/07] (train) crossner_ai         :  75%|███████████████     | 143/190 [0:04:36<0:01:16, 0.62Hz]
[03.10 03:38:36] ┇ INFO    ┇                     gner ┇  - [01/07] (train) crossner_ai         :  78%|███████████████▌    | 148/190 [0:04:50<0:01:05, 0.64Hz]
[03.10 03:38:46] ┇ INFO    ┇                     gner ┇  - [01/07] (train) crossner_ai         :  79%|███████████████▊    | 150/190 [0:04:59<0:01:07, 0.60Hz]
[03.10 03:38:51] ┇ INFO    ┇                     gner ┇  - [01/07] (train) crossner_ai         :  83%|████████████████▋   | 158/190 [0:05:05<0:00:49, 0.64Hz]
[03.10 03:38:56] ┇ INFO    ┇                     gner ┇  - [01/07] (train) crossner_ai         :  86%|█████████████████▎  | 164/190 [0:05:10<0:00:38, 0.68Hz]
[03.10 03:39:04] ┇ INFO    ┇                     gner ┇  - [01/07] (train) crossner_ai         :  90%|██████████████████  | 171/190 [0:05:18<0:00:25, 0.74Hz]
[03.10 03:39:09] ┇ INFO    ┇                     gner ┇  - [01/07] (train) crossner_ai         :  92%|██████████████████▍ | 175/190 [0:05:23<0:00:20, 0.72Hz]
[03.10 03:39:16] ┇ INFO    ┇                     gner ┇  - [01/07] (train) crossner_ai         :  94%|██████████████████▋ | 178/190 [0:05:29<0:00:17, 0.68Hz]
[03.10 03:39:21] ┇ INFO    ┇                     gner ┇  - [01/07] (train) crossner_ai         :  97%|███████████████████▎| 184/190 [0:05:34<0:00:08, 0.70Hz]
[03.10 03:39:26] ┇ INFO    ┇                     gner ┇  - [01/07] (train) crossner_ai         :  97%|███████████████████▍| 185/190 [0:05:40<0:00:07, 0.67Hz]
[03.10 03:39:33] ┇ INFO    ┇                     gner ┇  - [01/07] (train) crossner_ai         : 100%|████████████████████| 190/190 [0:05:46<0:00:00, 0.66Hz]
[03.10 03:39:34] ┇ INFO    ┇                     gner ┇  - [02/07] (train) crossner_literature :   1%|                    |   1/190 [0:00:01<0:03:38, 0.87Hz]
[03.10 03:39:39] ┇ INFO    ┇                     gner ┇  - [02/07] (train) crossner_literature :   2%|▍                   |   4/190 [0:00:06<0:04:56, 0.63Hz]
[03.10 03:39:45] ┇ INFO    ┇                     gner ┇  - [02/07] (train) crossner_literature :   3%|▋                   |   6/190 [0:00:11<0:06:03, 0.51Hz]
[03.10 03:39:53] ┇ INFO    ┇                     gner ┇  - [02/07] (train) crossner_literature :   4%|▊                   |   8/190 [0:00:20<0:07:44, 0.39Hz]
[03.10 03:40:00] ┇ INFO    ┇                     gner ┇  - [02/07] (train) crossner_literature :   6%|█▏                  |  11/190 [0:00:27<0:07:21, 0.41Hz]
[03.10 03:40:07] ┇ INFO    ┇                     gner ┇  - [02/07] (train) crossner_literature :   6%|█▎                  |  12/190 [0:00:34<0:08:25, 0.35Hz]
[03.10 03:40:12] ┇ INFO    ┇                     gner ┇  - [02/07] (train) crossner_literature :   8%|█▌                  |  15/190 [0:00:39<0:07:41, 0.38Hz]
[03.10 03:40:19] ┇ INFO    ┇                     gner ┇  - [02/07] (train) crossner_literature :   9%|█▉                  |  18/190 [0:00:46<0:07:19, 0.39Hz]
[03.10 03:40:26] ┇ INFO    ┇                     gner ┇  - [02/07] (train) crossner_literature :  11%|██▏                 |  21/190 [0:00:52<0:07:04, 0.40Hz]
[03.10 03:40:35] ┇ INFO    ┇                     gner ┇  - [02/07] (train) crossner_literature :  13%|██▋                 |  25/190 [0:01:02<0:06:50, 0.40Hz]
[03.10 03:40:51] ┇ INFO    ┇                     gner ┇  - [02/07] (train) crossner_literature :  15%|██▉                 |  28/190 [0:01:18<0:07:31, 0.36Hz]
[03.10 03:40:58] ┇ INFO    ┇                     gner ┇  - [02/07] (train) crossner_literature :  18%|███▋                |  35/190 [0:01:25<0:06:17, 0.41Hz]
[03.10 03:41:05] ┇ INFO    ┇                     gner ┇  - [02/07] (train) crossner_literature :  22%|████▎               |  41/190 [0:01:32<0:05:37, 0.44Hz]
[03.10 03:41:11] ┇ INFO    ┇                     gner ┇  - [02/07] (train) crossner_literature :  25%|████▉               |  47/190 [0:01:37<0:04:57, 0.48Hz]
[03.10 03:41:18] ┇ INFO    ┇                     gner ┇  - [02/07] (train) crossner_literature :  26%|█████▎              |  50/190 [0:01:45<0:04:55, 0.47Hz]
[03.10 03:41:27] ┇ INFO    ┇                     gner ┇  - [02/07] (train) crossner_literature :  29%|█████▊              |  55/190 [0:01:54<0:04:41, 0.48Hz]
[03.10 03:41:33] ┇ INFO    ┇                     gner ┇  - [02/07] (train) crossner_literature :  31%|██████              |  58/190 [0:01:59<0:04:32, 0.48Hz]
[03.10 03:41:38] ┇ INFO    ┇                     gner ┇  - [02/07] (train) crossner_literature :  33%|██████▋             |  63/190 [0:02:05<0:04:12, 0.50Hz]
[03.10 03:41:43] ┇ INFO    ┇                     gner ┇  - [02/07] (train) crossner_literature :  34%|██████▊             |  65/190 [0:02:10<0:04:10, 0.50Hz]
[03.10 03:41:48] ┇ INFO    ┇                     gner ┇  - [02/07] (train) crossner_literature :  35%|███████             |  67/190 [0:02:15<0:04:12, 0.49Hz]
[03.10 03:41:55] ┇ INFO    ┇                     gner ┇  - [02/07] (train) crossner_literature :  36%|███████▎            |  69/190 [0:02:22<0:04:10, 0.48Hz]
[03.10 03:42:03] ┇ INFO    ┇                     gner ┇  - [02/07] (train) crossner_literature :  39%|███████▊            |  74/190 [0:02:29<0:03:46, 0.51Hz]
[03.10 03:42:08] ┇ INFO    ┇                     gner ┇  - [02/07] (train) crossner_literature :  42%|████████▎           |  79/190 [0:02:35<0:03:22, 0.55Hz]
[03.10 03:42:15] ┇ INFO    ┇                     gner ┇  - [02/07] (train) crossner_literature :  43%|████████▌           |  81/190 [0:02:42<0:03:21, 0.54Hz]
[03.10 03:42:25] ┇ INFO    ┇                     gner ┇  - [02/07] (train) crossner_literature :  45%|█████████           |  86/190 [0:02:52<0:03:15, 0.53Hz]
[03.10 03:42:31] ┇ INFO    ┇                     gner ┇  - [02/07] (train) crossner_literature :  47%|█████████▎          |  89/190 [0:02:57<0:03:05, 0.55Hz]
[03.10 03:42:37] ┇ INFO    ┇                     gner ┇  - [02/07] (train) crossner_literature :  48%|█████████▋          |  92/190 [0:03:04<0:02:44, 0.60Hz]
[03.10 03:42:42] ┇ INFO    ┇                     gner ┇  - [02/07] (train) crossner_literature :  52%|██████████▎         |  98/190 [0:03:09<0:02:32, 0.60Hz]
[03.10 03:42:48] ┇ INFO    ┇                     gner ┇  - [02/07] (train) crossner_literature :  54%|██████████▋         | 102/190 [0:03:15<0:02:28, 0.59Hz]
[03.10 03:42:53] ┇ INFO    ┇                     gner ┇  - [02/07] (train) crossner_literature :  55%|███████████         | 105/190 [0:03:20<0:02:24, 0.59Hz]
[03.10 03:42:58] ┇ INFO    ┇                     gner ┇  - [02/07] (train) crossner_literature :  57%|███████████▎        | 108/190 [0:03:25<0:02:22, 0.58Hz]
[03.10 03:43:04] ┇ INFO    ┇                     gner ┇  - [02/07] (train) crossner_literature :  59%|███████████▊        | 112/190 [0:03:30<0:02:17, 0.57Hz]
[03.10 03:43:12] ┇ INFO    ┇                     gner ┇  - [02/07] (train) crossner_literature :  61%|████████████        | 115/190 [0:03:38<0:02:12, 0.56Hz]
[03.10 03:43:19] ┇ INFO    ┇                     gner ┇  - [02/07] (train) crossner_literature :  62%|████████████▎       | 117/190 [0:03:46<0:02:15, 0.54Hz]
[03.10 03:43:25] ┇ INFO    ┇                     gner ┇  - [02/07] (train) crossner_literature :  64%|████████████▋       | 121/190 [0:03:52<0:02:03, 0.56Hz]
[03.10 03:43:31] ┇ INFO    ┇                     gner ┇  - [02/07] (train) crossner_literature :  65%|████████████▉       | 123/190 [0:03:58<0:02:05, 0.54Hz]
[03.10 03:43:37] ┇ INFO    ┇                     gner ┇  - [02/07] (train) crossner_literature :  65%|█████████████       | 124/190 [0:04:03<0:02:07, 0.52Hz]
[03.10 03:43:45] ┇ INFO    ┇                     gner ┇  - [02/07] (train) crossner_literature :  66%|█████████████▏      | 125/190 [0:04:12<0:02:11, 0.49Hz]
[03.10 03:44:00] ┇ INFO    ┇                     gner ┇  - [02/07] (train) crossner_literature :  68%|█████████████▋      | 130/190 [0:04:27<0:02:05, 0.48Hz]
[03.10 03:44:07] ┇ INFO    ┇                     gner ┇  - [02/07] (train) crossner_literature :  69%|█████████████▊      | 131/190 [0:04:33<0:02:05, 0.47Hz]
[03.10 03:44:13] ┇ INFO    ┇                     gner ┇  - [02/07] (train) crossner_literature :  71%|██████████████      | 134/190 [0:04:40<0:02:00, 0.46Hz]
[03.10 03:44:19] ┇ INFO    ┇                     gner ┇  - [02/07] (train) crossner_literature :  73%|██████████████▌     | 138/190 [0:04:46<0:01:52, 0.46Hz]
[03.10 03:44:26] ┇ INFO    ┇                     gner ┇  - [02/07] (train) crossner_literature :  74%|██████████████▊     | 141/190 [0:04:53<0:01:48, 0.45Hz]
[03.10 03:44:32] ┇ INFO    ┇                     gner ┇  - [02/07] (train) crossner_literature :  75%|███████████████     | 143/190 [0:04:59<0:01:44, 0.45Hz]
[03.10 03:44:40] ┇ INFO    ┇                     gner ┇  - [02/07] (train) crossner_literature :  77%|███████████████▎    | 146/190 [0:05:07<0:01:40, 0.44Hz]
[03.10 03:44:46] ┇ INFO    ┇                     gner ┇  - [02/07] (train) crossner_literature :  78%|███████████████▋    | 149/190 [0:05:13<0:01:32, 0.45Hz]
[03.10 03:44:56] ┇ INFO    ┇                     gner ┇  - [02/07] (train) crossner_literature :  79%|███████████████▉    | 151/190 [0:05:23<0:01:30, 0.43Hz]
[03.10 03:45:03] ┇ INFO    ┇                     gner ┇  - [02/07] (train) crossner_literature :  81%|████████████████    | 153/190 [0:05:30<0:01:28, 0.42Hz]
[03.10 03:45:09] ┇ INFO    ┇                     gner ┇  - [02/07] (train) crossner_literature :  83%|████████████████▋   | 158/190 [0:05:35<0:01:15, 0.42Hz]
[03.10 03:45:15] ┇ INFO    ┇                     gner ┇  - [02/07] (train) crossner_literature :  85%|█████████████████   | 162/190 [0:05:41<0:01:07, 0.42Hz]
[03.10 03:45:21] ┇ INFO    ┇                     gner ┇  - [02/07] (train) crossner_literature :  88%|█████████████████▌  | 167/190 [0:05:47<0:00:54, 0.42Hz]
[03.10 03:45:26] ┇ INFO    ┇                     gner ┇  - [02/07] (train) crossner_literature :  91%|██████████████████▏ | 173/190 [0:05:53<0:00:39, 0.43Hz]
[03.10 03:45:33] ┇ INFO    ┇                     gner ┇  - [02/07] (train) crossner_literature :  93%|██████████████████▌ | 176/190 [0:05:59<0:00:32, 0.43Hz]
[03.10 03:45:38] ┇ INFO    ┇                     gner ┇  - [02/07] (train) crossner_literature :  94%|██████████████████▊ | 179/190 [0:06:05<0:00:24, 0.44Hz]
[03.10 03:45:45] ┇ INFO    ┇                     gner ┇  - [02/07] (train) crossner_literature :  96%|███████████████████▎| 183/190 [0:06:12<0:00:15, 0.45Hz]
[03.10 03:45:51] ┇ INFO    ┇                     gner ┇  - [02/07] (train) crossner_literature :  97%|███████████████████▍| 185/190 [0:06:18<0:00:11, 0.44Hz]
[03.10 03:45:57] ┇ INFO    ┇                     gner ┇  - [02/07] (train) crossner_literature :  98%|███████████████████▌| 186/190 [0:06:23<0:00:09, 0.43Hz]
[03.10 03:46:02] ┇ INFO    ┇                     gner ┇  - [02/07] (train) crossner_literature :  99%|███████████████████▊| 188/190 [0:06:29<0:00:04, 0.46Hz]
[03.10 03:46:06] ┇ INFO    ┇                     gner ┇  - [02/07] (train) crossner_literature : 100%|████████████████████| 190/190 [0:06:33<0:00:00, 0.46Hz]
[03.10 03:46:08] ┇ INFO    ┇                     gner ┇  - [03/07] (train) crossner_music      :   1%|                    |   1/190 [0:00:02<0:07:49, 0.40Hz]
[03.10 03:46:14] ┇ INFO    ┇                     gner ┇  - [03/07] (train) crossner_music      :   1%|▏                   |   2/190 [0:00:08<0:12:34, 0.25Hz]
[03.10 03:46:22] ┇ INFO    ┇                     gner ┇  - [03/07] (train) crossner_music      :   2%|▍                   |   4/190 [0:00:16<0:12:26, 0.25Hz]
[03.10 03:46:29] ┇ INFO    ┇                     gner ┇  - [03/07] (train) crossner_music      :   3%|▋                   |   6/190 [0:00:22<0:11:37, 0.26Hz]
[03.10 03:46:36] ┇ INFO    ┇                     gner ┇  - [03/07] (train) crossner_music      :   4%|▊                   |   8/190 [0:00:30<0:11:26, 0.26Hz]
[03.10 03:46:44] ┇ INFO    ┇                     gner ┇  - [03/07] (train) crossner_music      :   5%|█                   |  10/190 [0:00:38<0:11:24, 0.26Hz]
[03.10 03:46:51] ┇ INFO    ┇                     gner ┇  - [03/07] (train) crossner_music      :   6%|█▎                  |  12/190 [0:00:44<0:11:06, 0.27Hz]
[03.10 03:46:57] ┇ INFO    ┇                     gner ┇  - [03/07] (train) crossner_music      :   7%|█▍                  |  14/190 [0:00:50<0:10:37, 0.28Hz]
[03.10 03:47:05] ┇ INFO    ┇                     gner ┇  - [03/07] (train) crossner_music      :   8%|█▋                  |  16/190 [0:00:58<0:10:38, 0.27Hz]
[03.10 03:47:15] ┇ INFO    ┇                     gner ┇  - [03/07] (train) crossner_music      :   9%|█▉                  |  18/190 [0:01:09<0:11:00, 0.26Hz]
[03.10 03:47:24] ┇ INFO    ┇                     gner ┇  - [03/07] (train) crossner_music      :  10%|██                  |  19/190 [0:01:17<0:11:39, 0.24Hz]
[03.10 03:47:30] ┇ INFO    ┇                     gner ┇  - [03/07] (train) crossner_music      :  11%|██▏                 |  21/190 [0:01:24<0:11:18, 0.25Hz]
[03.10 03:47:41] ┇ INFO    ┇                     gner ┇  - [03/07] (train) crossner_music      :  12%|██▍                 |  23/190 [0:01:35<0:11:33, 0.24Hz]
[03.10 03:47:47] ┇ INFO    ┇                     gner ┇  - [03/07] (train) crossner_music      :  13%|██▋                 |  25/190 [0:01:40<0:11:06, 0.25Hz]
[03.10 03:47:55] ┇ INFO    ┇                     gner ┇  - [03/07] (train) crossner_music      :  15%|██▉                 |  28/190 [0:01:48<0:10:29, 0.26Hz]
[03.10 03:48:04] ┇ INFO    ┇                     gner ┇  - [03/07] (train) crossner_music      :  16%|███▎                |  31/190 [0:01:58<0:10:06, 0.26Hz]
[03.10 03:48:12] ┇ INFO    ┇                     gner ┇  - [03/07] (train) crossner_music      :  18%|███▋                |  35/190 [0:02:06<0:09:20, 0.28Hz]
[03.10 03:48:24] ┇ INFO    ┇                     gner ┇  - [03/07] (train) crossner_music      :  19%|███▉                |  37/190 [0:02:17<0:09:29, 0.27Hz]
[03.10 03:48:30] ┇ INFO    ┇                     gner ┇  - [03/07] (train) crossner_music      :  20%|████                |  38/190 [0:02:24<0:09:38, 0.26Hz]
[03.10 03:48:36] ┇ INFO    ┇                     gner ┇  - [03/07] (train) crossner_music      :  21%|████                |  39/190 [0:02:30<0:09:42, 0.26Hz]
[03.10 03:48:43] ┇ INFO    ┇                     gner ┇  - [03/07] (train) crossner_music      :  22%|████▍               |  42/190 [0:02:37<0:09:15, 0.27Hz]
[03.10 03:48:51] ┇ INFO    ┇                     gner ┇  - [03/07] (train) crossner_music      :  24%|████▊               |  46/190 [0:02:45<0:08:37, 0.28Hz]
[03.10 03:49:02] ┇ INFO    ┇                     gner ┇  - [03/07] (train) crossner_music      :  25%|█████               |  48/190 [0:02:56<0:08:41, 0.27Hz]
[03.10 03:49:08] ┇ INFO    ┇                     gner ┇  - [03/07] (train) crossner_music      :  27%|█████▎              |  51/190 [0:03:01<0:08:15, 0.28Hz]
[03.10 03:49:13] ┇ INFO    ┇                     gner ┇  - [03/07] (train) crossner_music      :  29%|█████▊              |  55/190 [0:03:07<0:07:39, 0.29Hz]
[03.10 03:49:21] ┇ INFO    ┇                     gner ┇  - [03/07] (train) crossner_music      :  30%|██████              |  57/190 [0:03:15<0:07:35, 0.29Hz]
[03.10 03:49:27] ┇ INFO    ┇                     gner ┇  - [03/07] (train) crossner_music      :  31%|██████              |  58/190 [0:03:20<0:07:36, 0.29Hz]
[03.10 03:49:36] ┇ INFO    ┇                     gner ┇  - [03/07] (train) crossner_music      :  32%|██████▎             |  60/190 [0:03:30<0:07:35, 0.29Hz]
[03.10 03:49:42] ┇ INFO    ┇                     gner ┇  - [03/07] (train) crossner_music      :  33%|██████▌             |  62/190 [0:03:36<0:07:26, 0.29Hz]
[03.10 03:49:53] ┇ INFO    ┇                     gner ┇  - [03/07] (train) crossner_music      :  34%|██████▊             |  65/190 [0:03:47<0:07:15, 0.29Hz]
[03.10 03:49:59] ┇ INFO    ┇                     gner ┇  - [03/07] (train) crossner_music      :  35%|███████             |  67/190 [0:03:52<0:07:03, 0.29Hz]
[03.10 03:50:04] ┇ INFO    ┇                     gner ┇  - [03/07] (train) crossner_music      :  36%|███████▎            |  69/190 [0:03:58<0:06:54, 0.29Hz]
[03.10 03:50:09] ┇ INFO    ┇                     gner ┇  - [03/07] (train) crossner_music      :  37%|███████▎            |  70/190 [0:04:03<0:06:55, 0.29Hz]
[03.10 03:50:16] ┇ INFO    ┇                     gner ┇  - [03/07] (train) crossner_music      :  38%|███████▌            |  72/190 [0:04:10<0:06:45, 0.29Hz]
[03.10 03:50:22] ┇ INFO    ┇                     gner ┇  - [03/07] (train) crossner_music      :  40%|████████            |  76/190 [0:04:16<0:06:15, 0.30Hz]
[03.10 03:50:29] ┇ INFO    ┇                     gner ┇  - [03/07] (train) crossner_music      :  41%|████████▏           |  78/190 [0:04:23<0:06:10, 0.30Hz]
[03.10 03:50:39] ┇ INFO    ┇                     gner ┇  - [03/07] (train) crossner_music      :  42%|████████▍           |  80/190 [0:04:32<0:06:07, 0.30Hz]
[03.10 03:50:44] ┇ INFO    ┇                     gner ┇  - [03/07] (train) crossner_music      :  43%|████████▋           |  82/190 [0:04:38<0:05:43, 0.31Hz]
[03.10 03:50:50] ┇ INFO    ┇                     gner ┇  - [03/07] (train) crossner_music      :  44%|████████▊           |  84/190 [0:04:44<0:05:36, 0.32Hz]
[03.10 03:50:56] ┇ INFO    ┇                     gner ┇  - [03/07] (train) crossner_music      :  45%|█████████           |  86/190 [0:04:50<0:05:21, 0.32Hz]
[03.10 03:51:03] ┇ INFO    ┇                     gner ┇  - [03/07] (train) crossner_music      :  46%|█████████▎          |  88/190 [0:04:57<0:05:18, 0.32Hz]
[03.10 03:51:14] ┇ INFO    ┇                     gner ┇  - [03/07] (train) crossner_music      :  48%|█████████▌          |  91/190 [0:05:07<0:05:12, 0.32Hz]
[03.10 03:51:22] ┇ INFO    ┇                     gner ┇  - [03/07] (train) crossner_music      :  49%|█████████▉          |  94/190 [0:05:16<0:05:01, 0.32Hz]
[03.10 03:51:36] ┇ INFO    ┇                     gner ┇  - [03/07] (train) crossner_music      :  51%|██████████          |  96/190 [0:05:30<0:05:12, 0.30Hz]
[03.10 03:51:42] ┇ INFO    ┇                     gner ┇  - [03/07] (train) crossner_music      :  52%|██████████▎         |  98/190 [0:05:35<0:05:05, 0.30Hz]
[03.10 03:51:49] ┇ INFO    ┇                     gner ┇  - [03/07] (train) crossner_music      :  54%|██████████▋         | 102/190 [0:05:42<0:04:28, 0.33Hz]
[03.10 03:51:54] ┇ INFO    ┇                     gner ┇  - [03/07] (train) crossner_music      :  54%|██████████▊         | 103/190 [0:05:48<0:04:30, 0.32Hz]
[03.10 03:52:00] ┇ INFO    ┇                     gner ┇  - [03/07] (train) crossner_music      :  55%|██████████▉         | 104/190 [0:05:54<0:04:35, 0.31Hz]
[03.10 03:52:07] ┇ INFO    ┇                     gner ┇  - [03/07] (train) crossner_music      :  57%|███████████▍        | 109/190 [0:06:01<0:04:12, 0.32Hz]
[03.10 03:52:16] ┇ INFO    ┇                     gner ┇  - [03/07] (train) crossner_music      :  59%|███████████▉        | 113/190 [0:06:10<0:03:52, 0.33Hz]
[03.10 03:52:22] ┇ INFO    ┇                     gner ┇  - [03/07] (train) crossner_music      :  61%|████████████▏       | 116/190 [0:06:15<0:03:43, 0.33Hz]
[03.10 03:52:28] ┇ INFO    ┇                     gner ┇  - [03/07] (train) crossner_music      :  62%|████████████▍       | 118/190 [0:06:21<0:03:42, 0.32Hz]
[03.10 03:52:33] ┇ INFO    ┇                     gner ┇  - [03/07] (train) crossner_music      :  63%|████████████▋       | 120/190 [0:06:26<0:03:33, 0.33Hz]
[03.10 03:52:39] ┇ INFO    ┇                     gner ┇  - [03/07] (train) crossner_music      :  65%|████████████▉       | 123/190 [0:06:32<0:03:14, 0.35Hz]
[03.10 03:52:44] ┇ INFO    ┇                     gner ┇  - [03/07] (train) crossner_music      :  66%|█████████████▎      | 126/190 [0:06:37<0:03:01, 0.35Hz]
[03.10 03:52:53] ┇ INFO    ┇                     gner ┇  - [03/07] (train) crossner_music      :  68%|█████████████▌      | 129/190 [0:06:47<0:02:50, 0.36Hz]
[03.10 03:52:58] ┇ INFO    ┇                     gner ┇  - [03/07] (train) crossner_music      :  68%|█████████████▋      | 130/190 [0:06:52<0:02:50, 0.35Hz]
[03.10 03:53:06] ┇ INFO    ┇                     gner ┇  - [03/07] (train) crossner_music      :  69%|█████████████▉      | 132/190 [0:07:00<0:02:47, 0.35Hz]
[03.10 03:53:11] ┇ INFO    ┇                     gner ┇  - [03/07] (train) crossner_music      :  71%|██████████████      | 134/190 [0:07:05<0:02:40, 0.35Hz]
[03.10 03:53:17] ┇ INFO    ┇                     gner ┇  - [03/07] (train) crossner_music      :  72%|██████████████▎     | 136/190 [0:07:10<0:02:33, 0.35Hz]
[03.10 03:53:23] ┇ INFO    ┇                     gner ┇  - [03/07] (train) crossner_music      :  73%|██████████████▌     | 138/190 [0:07:17<0:02:30, 0.34Hz]
[03.10 03:53:29] ┇ INFO    ┇                     gner ┇  - [03/07] (train) crossner_music      :  73%|██████████████▋     | 139/190 [0:07:22<0:02:30, 0.34Hz]
[03.10 03:53:38] ┇ INFO    ┇                     gner ┇  - [03/07] (train) crossner_music      :  74%|██████████████▋     | 140/190 [0:07:32<0:02:33, 0.33Hz]
[03.10 03:53:46] ┇ INFO    ┇                     gner ┇  - [03/07] (train) crossner_music      :  75%|██████████████▉     | 142/190 [0:07:40<0:02:28, 0.32Hz]
[03.10 03:53:52] ┇ INFO    ┇                     gner ┇  - [03/07] (train) crossner_music      :  76%|███████████████▏    | 144/190 [0:07:46<0:02:18, 0.33Hz]
[03.10 03:54:00] ┇ INFO    ┇                     gner ┇  - [03/07] (train) crossner_music      :  78%|███████████████▌    | 148/190 [0:07:54<0:02:04, 0.34Hz]
[03.10 03:54:08] ┇ INFO    ┇                     gner ┇  - [03/07] (train) crossner_music      :  79%|███████████████▊    | 150/190 [0:08:02<0:01:59, 0.33Hz]
[03.10 03:54:14] ┇ INFO    ┇                     gner ┇  - [03/07] (train) crossner_music      :  81%|████████████████    | 153/190 [0:08:08<0:01:50, 0.33Hz]
[03.10 03:54:21] ┇ INFO    ┇                     gner ┇  - [03/07] (train) crossner_music      :  83%|████████████████▌   | 157/190 [0:08:14<0:01:33, 0.35Hz]
[03.10 03:54:26] ┇ INFO    ┇                     gner ┇  - [03/07] (train) crossner_music      :  83%|████████████████▋   | 158/190 [0:08:19<0:01:31, 0.35Hz]
[03.10 03:54:32] ┇ INFO    ┇                     gner ┇  - [03/07] (train) crossner_music      :  85%|████████████████▉   | 161/190 [0:08:25<0:01:18, 0.37Hz]
[03.10 03:54:38] ┇ INFO    ┇                     gner ┇  - [03/07] (train) crossner_music      :  86%|█████████████████▎  | 164/190 [0:08:31<0:01:10, 0.37Hz]
[03.10 03:54:44] ┇ INFO    ┇                     gner ┇  - [03/07] (train) crossner_music      :  87%|█████████████████▍  | 166/190 [0:08:38<0:01:04, 0.37Hz]
[03.10 03:54:54] ┇ INFO    ┇                     gner ┇  - [03/07] (train) crossner_music      :  89%|█████████████████▊  | 169/190 [0:08:48<0:00:57, 0.37Hz]
[03.10 03:55:00] ┇ INFO    ┇                     gner ┇  - [03/07] (train) crossner_music      :  89%|█████████████████▉  | 170/190 [0:08:53<0:00:55, 0.36Hz]
[03.10 03:55:06] ┇ INFO    ┇                     gner ┇  - [03/07] (train) crossner_music      :  91%|██████████████████  | 172/190 [0:08:59<0:00:50, 0.35Hz]
[03.10 03:55:13] ┇ INFO    ┇                     gner ┇  - [03/07] (train) crossner_music      :  93%|██████████████████▋ | 177/190 [0:09:07<0:00:36, 0.36Hz]
[03.10 03:55:21] ┇ INFO    ┇                     gner ┇  - [03/07] (train) crossner_music      :  94%|██████████████████▊ | 179/190 [0:09:15<0:00:31, 0.35Hz]
[03.10 03:55:26] ┇ INFO    ┇                     gner ┇  - [03/07] (train) crossner_music      :  96%|███████████████████▏| 182/190 [0:09:20<0:00:22, 0.36Hz]
[03.10 03:55:32] ┇ INFO    ┇                     gner ┇  - [03/07] (train) crossner_music      :  97%|███████████████████▍| 185/190 [0:09:25<0:00:13, 0.36Hz]
[03.10 03:55:37] ┇ INFO    ┇                     gner ┇  - [03/07] (train) crossner_music      : 100%|████████████████████| 190/190 [0:09:31<0:00:00, 0.37Hz]
[03.10 03:55:39] ┇ INFO    ┇                     gner ┇  - [04/07] (train) crossner_politics   :   1%|                    |   1/190 [0:00:01<0:03:52, 0.81Hz]
[03.10 03:55:47] ┇ INFO    ┇                     gner ┇  - [04/07] (train) crossner_politics   :   1%|▏                   |   2/190 [0:00:09<0:14:36, 0.21Hz]
[03.10 03:55:52] ┇ INFO    ┇                     gner ┇  - [04/07] (train) crossner_politics   :   2%|▎                   |   3/190 [0:00:14<0:15:08, 0.21Hz]
[03.10 03:56:13] ┇ INFO    ┇                     gner ┇  - [04/07] (train) crossner_politics   :   2%|▍                   |   4/190 [0:00:35<0:27:43, 0.11Hz]
[03.10 03:56:22] ┇ INFO    ┇                     gner ┇  - [04/07] (train) crossner_politics   :   3%|▋                   |   6/190 [0:00:44<0:22:59, 0.13Hz]
[03.10 03:56:29] ┇ INFO    ┇                     gner ┇  - [04/07] (train) crossner_politics   :   4%|▋                   |   7/190 [0:00:52<0:22:41, 0.13Hz]
[03.10 03:56:37] ┇ INFO    ┇                     gner ┇  - [04/07] (train) crossner_politics   :   5%|▉                   |   9/190 [0:00:59<0:20:04, 0.15Hz]
[03.10 03:56:46] ┇ INFO    ┇                     gner ┇  - [04/07] (train) crossner_politics   :   6%|█▎                  |  12/190 [0:01:08<0:17:01, 0.17Hz]
[03.10 03:56:52] ┇ INFO    ┇                     gner ┇  - [04/07] (train) crossner_politics   :   7%|█▎                  |  13/190 [0:01:14<0:16:52, 0.17Hz]
[03.10 03:57:00] ┇ INFO    ┇                     gner ┇  - [04/07] (train) crossner_politics   :   8%|█▌                  |  15/190 [0:01:22<0:15:57, 0.18Hz]
[03.10 03:57:07] ┇ INFO    ┇                     gner ┇  - [04/07] (train) crossner_politics   :   9%|█▉                  |  18/190 [0:01:29<0:14:12, 0.20Hz]
[03.10 03:57:20] ┇ INFO    ┇                     gner ┇  - [04/07] (train) crossner_politics   :  11%|██                  |  20/190 [0:01:42<0:14:28, 0.20Hz]
[03.10 03:57:26] ┇ INFO    ┇                     gner ┇  - [04/07] (train) crossner_politics   :  11%|██▏                 |  21/190 [0:01:49<0:14:37, 0.19Hz]
[03.10 03:57:34] ┇ INFO    ┇                     gner ┇  - [04/07] (train) crossner_politics   :  12%|██▎                 |  22/190 [0:01:56<0:14:51, 0.19Hz]
[03.10 03:57:41] ┇ INFO    ┇                     gner ┇  - [04/07] (train) crossner_politics   :  13%|██▌                 |  24/190 [0:02:03<0:14:13, 0.19Hz]
[03.10 03:57:47] ┇ INFO    ┇                     gner ┇  - [04/07] (train) crossner_politics   :  14%|██▋                 |  26/190 [0:02:09<0:13:37, 0.20Hz]
[03.10 03:57:55] ┇ INFO    ┇                     gner ┇  - [04/07] (train) crossner_politics   :  15%|██▉                 |  28/190 [0:02:17<0:13:16, 0.20Hz]
[03.10 03:58:05] ┇ INFO    ┇                     gner ┇  - [04/07] (train) crossner_politics   :  16%|███▏                |  30/190 [0:02:27<0:13:05, 0.20Hz]
[03.10 03:58:20] ┇ INFO    ┇                     gner ┇  - [04/07] (train) crossner_politics   :  17%|███▎                |  32/190 [0:02:42<0:13:23, 0.20Hz]
[03.10 03:58:26] ┇ INFO    ┇                     gner ┇  - [04/07] (train) crossner_politics   :  18%|███▌                |  34/190 [0:02:48<0:12:51, 0.20Hz]
[03.10 03:58:34] ┇ INFO    ┇                     gner ┇  - [04/07] (train) crossner_politics   :  18%|███▋                |  35/190 [0:02:56<0:13:03, 0.20Hz]
[03.10 03:58:41] ┇ INFO    ┇                     gner ┇  - [04/07] (train) crossner_politics   :  19%|███▉                |  37/190 [0:03:03<0:12:39, 0.20Hz]
[03.10 03:58:49] ┇ INFO    ┇                     gner ┇  - [04/07] (train) crossner_politics   :  20%|████                |  38/190 [0:03:11<0:12:46, 0.20Hz]
[03.10 03:58:56] ┇ INFO    ┇                     gner ┇  - [04/07] (train) crossner_politics   :  21%|████                |  39/190 [0:03:18<0:12:47, 0.20Hz]
[03.10 03:59:02] ┇ INFO    ┇                     gner ┇  - [04/07] (train) crossner_politics   :  21%|████▏               |  40/190 [0:03:24<0:12:48, 0.20Hz]
[03.10 03:59:11] ┇ INFO    ┇                     gner ┇  - [04/07] (train) crossner_politics   :  22%|████▍               |  42/190 [0:03:33<0:12:33, 0.20Hz]
[03.10 03:59:17] ┇ INFO    ┇                     gner ┇  - [04/07] (train) crossner_politics   :  23%|████▋               |  44/190 [0:03:39<0:12:08, 0.20Hz]
[03.10 03:59:25] ┇ INFO    ┇                     gner ┇  - [04/07] (train) crossner_politics   :  24%|████▋               |  45/190 [0:03:47<0:12:12, 0.20Hz]
[03.10 03:59:30] ┇ INFO    ┇                     gner ┇  - [04/07] (train) crossner_politics   :  24%|████▊               |  46/190 [0:03:52<0:12:07, 0.20Hz]
[03.10 03:59:40] ┇ INFO    ┇                     gner ┇  - [04/07] (train) crossner_politics   :  25%|████▉               |  47/190 [0:04:02<0:12:18, 0.19Hz]
[03.10 03:59:46] ┇ INFO    ┇                     gner ┇  - [04/07] (train) crossner_politics   :  26%|█████▏              |  49/190 [0:04:08<0:11:56, 0.20Hz]
[03.10 03:59:55] ┇ INFO    ┇                     gner ┇  - [04/07] (train) crossner_politics   :  27%|█████▎              |  51/190 [0:04:17<0:11:40, 0.20Hz]
[03.10 04:00:02] ┇ INFO    ┇                     gner ┇  - [04/07] (train) crossner_politics   :  28%|█████▌              |  53/190 [0:04:24<0:11:24, 0.20Hz]
[03.10 04:00:10] ┇ INFO    ┇                     gner ┇  - [04/07] (train) crossner_politics   :  29%|█████▊              |  55/190 [0:04:33<0:11:10, 0.20Hz]
[03.10 04:00:22] ┇ INFO    ┇                     gner ┇  - [04/07] (train) crossner_politics   :  30%|██████              |  57/190 [0:04:44<0:11:04, 0.20Hz]
[03.10 04:00:29] ┇ INFO    ┇                     gner ┇  - [04/07] (train) crossner_politics   :  31%|██████▏             |  59/190 [0:04:51<0:10:46, 0.20Hz]
[03.10 04:00:40] ┇ INFO    ┇                     gner ┇  - [04/07] (train) crossner_politics   :  32%|██████▍             |  61/190 [0:05:02<0:10:39, 0.20Hz]
[03.10 04:00:54] ┇ INFO    ┇                     gner ┇  - [04/07] (train) crossner_politics   :  33%|██████▌             |  62/190 [0:05:16<0:10:52, 0.20Hz]
[03.10 04:01:04] ┇ INFO    ┇                     gner ┇  - [04/07] (train) crossner_politics   :  33%|██████▋             |  63/190 [0:05:26<0:10:58, 0.19Hz]
[03.10 04:01:13] ┇ INFO    ┇                     gner ┇  - [04/07] (train) crossner_politics   :  34%|██████▊             |  65/190 [0:05:35<0:10:47, 0.19Hz]
[03.10 04:01:21] ┇ INFO    ┇                     gner ┇  - [04/07] (train) crossner_politics   :  35%|██████▉             |  66/190 [0:05:43<0:10:47, 0.19Hz]
[03.10 04:01:26] ┇ INFO    ┇                     gner ┇  - [04/07] (train) crossner_politics   :  35%|███████             |  67/190 [0:05:48<0:10:10, 0.20Hz]
[03.10 04:01:41] ┇ INFO    ┇                     gner ┇  - [04/07] (train) crossner_politics   :  36%|███████▏            |  68/190 [0:06:03<0:10:32, 0.19Hz]
[03.10 04:02:02] ┇ INFO    ┇                     gner ┇  - [04/07] (train) crossner_politics   :  36%|███████▎            |  69/190 [0:06:24<0:10:52, 0.19Hz]
[03.10 04:02:09] ┇ INFO    ┇                     gner ┇  - [04/07] (train) crossner_politics   :  37%|███████▍            |  71/190 [0:06:31<0:10:32, 0.19Hz]
[03.10 04:02:17] ┇ INFO    ┇                     gner ┇  - [04/07] (train) crossner_politics   :  38%|███████▋            |  73/190 [0:06:39<0:10:25, 0.19Hz]
[03.10 04:02:30] ┇ INFO    ┇                     gner ┇  - [04/07] (train) crossner_politics   :  39%|███████▊            |  74/190 [0:06:52<0:10:40, 0.18Hz]
[03.10 04:02:42] ┇ INFO    ┇                     gner ┇  - [04/07] (train) crossner_politics   :  40%|████████            |  76/190 [0:07:04<0:10:33, 0.18Hz]
[03.10 04:02:52] ┇ INFO    ┇                     gner ┇  - [04/07] (train) crossner_politics   :  41%|████████▏           |  78/190 [0:07:14<0:10:26, 0.18Hz]
[03.10 04:02:58] ┇ INFO    ┇                     gner ┇  - [04/07] (train) crossner_politics   :  42%|████████▎           |  79/190 [0:07:20<0:10:28, 0.18Hz]
[03.10 04:03:10] ┇ INFO    ┇                     gner ┇  - [04/07] (train) crossner_politics   :  42%|████████▍           |  80/190 [0:07:32<0:10:42, 0.17Hz]
[03.10 04:03:18] ┇ INFO    ┇                     gner ┇  - [04/07] (train) crossner_politics   :  44%|████████▋           |  83/190 [0:07:40<0:10:08, 0.18Hz]
[03.10 04:03:28] ┇ INFO    ┇                     gner ┇  - [04/07] (train) crossner_politics   :  45%|█████████           |  86/190 [0:07:50<0:09:37, 0.18Hz]
[03.10 04:03:36] ┇ INFO    ┇                     gner ┇  - [04/07] (train) crossner_politics   :  46%|█████████▏          |  87/190 [0:07:58<0:09:40, 0.18Hz]
[03.10 04:03:50] ┇ INFO    ┇                     gner ┇  - [04/07] (train) crossner_politics   :  46%|█████████▎          |  88/190 [0:08:12<0:09:52, 0.17Hz]
[03.10 04:04:01] ┇ INFO    ┇                     gner ┇  - [04/07] (train) crossner_politics   :  47%|█████████▍          |  90/190 [0:08:23<0:09:48, 0.17Hz]
[03.10 04:04:09] ┇ INFO    ┇                     gner ┇  - [04/07] (train) crossner_politics   :  48%|█████████▋          |  92/190 [0:08:31<0:09:35, 0.17Hz]
[03.10 04:04:15] ┇ INFO    ┇                     gner ┇  - [04/07] (train) crossner_politics   :  49%|█████████▊          |  93/190 [0:08:37<0:09:30, 0.17Hz]
[03.10 04:04:22] ┇ INFO    ┇                     gner ┇  - [04/07] (train) crossner_politics   :  49%|█████████▉          |  94/190 [0:08:44<0:09:27, 0.17Hz]
[03.10 04:04:30] ┇ INFO    ┇                     gner ┇  - [04/07] (train) crossner_politics   :  50%|██████████          |  95/190 [0:08:52<0:09:18, 0.17Hz]
[03.10 04:04:36] ┇ INFO    ┇                     gner ┇  - [04/07] (train) crossner_politics   :  51%|██████████▏         |  97/190 [0:08:58<0:09:07, 0.17Hz]
[03.10 04:04:43] ┇ INFO    ┇                     gner ┇  - [04/07] (train) crossner_politics   :  52%|██████████▎         |  98/190 [0:09:05<0:08:58, 0.17Hz]
[03.10 04:05:00] ┇ INFO    ┇                     gner ┇  - [04/07] (train) crossner_politics   :  52%|██████████▍         |  99/190 [0:09:22<0:09:11, 0.17Hz]
[03.10 04:05:11] ┇ INFO    ┇                     gner ┇  - [04/07] (train) crossner_politics   :  53%|██████████▌         | 100/190 [0:09:33<0:09:16, 0.16Hz]
[03.10 04:05:29] ┇ INFO    ┇                     gner ┇  - [04/07] (train) crossner_politics   :  53%|██████████▋         | 101/190 [0:09:51<0:09:24, 0.16Hz]
[03.10 04:05:38] ┇ INFO    ┇                     gner ┇  - [04/07] (train) crossner_politics   :  54%|██████████▊         | 103/190 [0:10:00<0:09:06, 0.16Hz]
[03.10 04:05:44] ┇ INFO    ┇                     gner ┇  - [04/07] (train) crossner_politics   :  55%|██████████▉         | 104/190 [0:10:07<0:09:06, 0.16Hz]
[03.10 04:05:51] ┇ INFO    ┇                     gner ┇  - [04/07] (train) crossner_politics   :  56%|███████████▏        | 106/190 [0:10:13<0:08:50, 0.16Hz]
[03.10 04:06:02] ┇ INFO    ┇                     gner ┇  - [04/07] (train) crossner_politics   :  57%|███████████▎        | 108/190 [0:10:25<0:08:37, 0.16Hz]
[03.10 04:06:19] ┇ INFO    ┇                     gner ┇  - [04/07] (train) crossner_politics   :  58%|███████████▌        | 110/190 [0:10:42<0:08:27, 0.16Hz]
[03.10 04:06:31] ┇ INFO    ┇                     gner ┇  - [04/07] (train) crossner_politics   :  58%|███████████▋        | 111/190 [0:10:53<0:08:30, 0.15Hz]
[03.10 04:06:38] ┇ INFO    ┇                     gner ┇  - [04/07] (train) crossner_politics   :  60%|████████████        | 114/190 [0:11:00<0:08:06, 0.16Hz]
[03.10 04:06:47] ┇ INFO    ┇                     gner ┇  - [04/07] (train) crossner_politics   :  61%|████████████▏       | 116/190 [0:11:09<0:07:56, 0.16Hz]
[03.10 04:06:53] ┇ INFO    ┇                     gner ┇  - [04/07] (train) crossner_politics   :  62%|████████████▎       | 117/190 [0:11:15<0:07:50, 0.16Hz]
[03.10 04:07:00] ┇ INFO    ┇                     gner ┇  - [04/07] (train) crossner_politics   :  63%|████████████▌       | 119/190 [0:11:22<0:07:38, 0.15Hz]
[03.10 04:07:08] ┇ INFO    ┇                     gner ┇  - [04/07] (train) crossner_politics   :  63%|████████████▋       | 120/190 [0:11:30<0:07:30, 0.16Hz]
[03.10 04:07:17] ┇ INFO    ┇                     gner ┇  - [04/07] (train) crossner_politics   :  64%|████████████▊       | 122/190 [0:11:39<0:07:20, 0.15Hz]
[03.10 04:07:23] ┇ INFO    ┇                     gner ┇  - [04/07] (train) crossner_politics   :  65%|█████████████       | 124/190 [0:11:45<0:07:02, 0.16Hz]
[03.10 04:07:37] ┇ INFO    ┇                     gner ┇  - [04/07] (train) crossner_politics   :  66%|█████████████▏      | 125/190 [0:11:59<0:06:55, 0.16Hz]
[03.10 04:07:44] ┇ INFO    ┇                     gner ┇  - [04/07] (train) crossner_politics   :  66%|█████████████▎      | 126/190 [0:12:06<0:06:46, 0.16Hz]
[03.10 04:07:59] ┇ INFO    ┇                     gner ┇  - [04/07] (train) crossner_politics   :  67%|█████████████▎      | 127/190 [0:12:21<0:06:49, 0.15Hz]
[03.10 04:08:07] ┇ INFO    ┇                     gner ┇  - [04/07] (train) crossner_politics   :  68%|█████████████▌      | 129/190 [0:12:29<0:06:33, 0.16Hz]
[03.10 04:08:15] ┇ INFO    ┇                     gner ┇  - [04/07] (train) crossner_politics   :  68%|█████████████▋      | 130/190 [0:12:37<0:06:29, 0.15Hz]
[03.10 04:08:21] ┇ INFO    ┇                     gner ┇  - [04/07] (train) crossner_politics   :  69%|█████████████▉      | 132/190 [0:12:43<0:05:48, 0.17Hz]
[03.10 04:08:31] ┇ INFO    ┇                     gner ┇  - [04/07] (train) crossner_politics   :  71%|██████████████      | 134/190 [0:12:53<0:05:39, 0.17Hz]
[03.10 04:08:39] ┇ INFO    ┇                     gner ┇  - [04/07] (train) crossner_politics   :  72%|██████████████▎     | 136/190 [0:13:01<0:05:27, 0.17Hz]
[03.10 04:08:45] ┇ INFO    ┇                     gner ┇  - [04/07] (train) crossner_politics   :  72%|██████████████▍     | 137/190 [0:13:07<0:05:15, 0.17Hz]
[03.10 04:08:54] ┇ INFO    ┇                     gner ┇  - [04/07] (train) crossner_politics   :  73%|██████████████▌     | 138/190 [0:13:16<0:05:14, 0.17Hz]
[03.10 04:09:04] ┇ INFO    ┇                     gner ┇  - [04/07] (train) crossner_politics   :  74%|██████████████▋     | 140/190 [0:13:26<0:05:00, 0.17Hz]
[03.10 04:09:13] ┇ INFO    ┇                     gner ┇  - [04/07] (train) crossner_politics   :  74%|██████████████▊     | 141/190 [0:13:35<0:04:56, 0.17Hz]
[03.10 04:09:21] ┇ INFO    ┇                     gner ┇  - [04/07] (train) crossner_politics   :  75%|███████████████     | 143/190 [0:13:43<0:04:36, 0.17Hz]
[03.10 04:09:38] ┇ INFO    ┇                     gner ┇  - [04/07] (train) crossner_politics   :  76%|███████████████▎    | 145/190 [0:14:01<0:04:34, 0.16Hz]
[03.10 04:09:45] ┇ INFO    ┇                     gner ┇  - [04/07] (train) crossner_politics   :  77%|███████████████▎    | 146/190 [0:14:07<0:04:30, 0.16Hz]
[03.10 04:09:57] ┇ INFO    ┇                     gner ┇  - [04/07] (train) crossner_politics   :  78%|███████████████▌    | 148/190 [0:14:19<0:04:23, 0.16Hz]
[03.10 04:10:03] ┇ INFO    ┇                     gner ┇  - [04/07] (train) crossner_politics   :  78%|███████████████▋    | 149/190 [0:14:25<0:04:16, 0.16Hz]
[03.10 04:10:11] ┇ INFO    ┇                     gner ┇  - [04/07] (train) crossner_politics   :  79%|███████████████▊    | 150/190 [0:14:33<0:04:10, 0.16Hz]
[03.10 04:10:18] ┇ INFO    ┇                     gner ┇  - [04/07] (train) crossner_politics   :  80%|████████████████    | 152/190 [0:14:40<0:03:50, 0.16Hz]
[03.10 04:10:25] ┇ INFO    ┇                     gner ┇  - [04/07] (train) crossner_politics   :  81%|████████████████▏   | 154/190 [0:14:47<0:03:38, 0.16Hz]
[03.10 04:10:31] ┇ INFO    ┇                     gner ┇  - [04/07] (train) crossner_politics   :  82%|████████████████▎   | 155/190 [0:14:53<0:03:32, 0.16Hz]
[03.10 04:10:41] ┇ INFO    ┇                     gner ┇  - [04/07] (train) crossner_politics   :  82%|████████████████▍   | 156/190 [0:15:03<0:03:28, 0.16Hz]
[03.10 04:10:48] ┇ INFO    ┇                     gner ┇  - [04/07] (train) crossner_politics   :  83%|████████████████▋   | 158/190 [0:15:10<0:03:11, 0.17Hz]
[03.10 04:10:55] ┇ INFO    ┇                     gner ┇  - [04/07] (train) crossner_politics   :  84%|████████████████▊   | 160/190 [0:15:18<0:03:00, 0.17Hz]
[03.10 04:11:02] ┇ INFO    ┇                     gner ┇  - [04/07] (train) crossner_politics   :  85%|█████████████████   | 162/190 [0:15:24<0:02:40, 0.17Hz]
[03.10 04:11:12] ┇ INFO    ┇                     gner ┇  - [04/07] (train) crossner_politics   :  86%|█████████████████▎  | 164/190 [0:15:34<0:02:21, 0.18Hz]
[03.10 04:11:29] ┇ INFO    ┇                     gner ┇  - [04/07] (train) crossner_politics   :  87%|█████████████████▎  | 165/190 [0:15:51<0:02:22, 0.18Hz]
[03.10 04:11:38] ┇ INFO    ┇                     gner ┇  - [04/07] (train) crossner_politics   :  87%|█████████████████▍  | 166/190 [0:16:00<0:02:17, 0.18Hz]
[03.10 04:11:43] ┇ INFO    ┇                     gner ┇  - [04/07] (train) crossner_politics   :  88%|█████████████████▋  | 168/190 [0:16:05<0:02:04, 0.18Hz]
[03.10 04:11:56] ┇ INFO    ┇                     gner ┇  - [04/07] (train) crossner_politics   :  89%|█████████████████▉  | 170/190 [0:16:18<0:01:54, 0.17Hz]
[03.10 04:12:02] ┇ INFO    ┇                     gner ┇  - [04/07] (train) crossner_politics   :  90%|██████████████████  | 171/190 [0:16:25<0:01:48, 0.18Hz]
[03.10 04:12:13] ┇ INFO    ┇                     gner ┇  - [04/07] (train) crossner_politics   :  91%|██████████████████▏ | 173/190 [0:16:35<0:01:35, 0.18Hz]
[03.10 04:12:19] ┇ INFO    ┇                     gner ┇  - [04/07] (train) crossner_politics   :  92%|██████████████████▎ | 174/190 [0:16:41<0:01:28, 0.18Hz]
[03.10 04:12:27] ┇ INFO    ┇                     gner ┇  - [04/07] (train) crossner_politics   :  93%|██████████████████▌ | 176/190 [0:16:49<0:01:18, 0.18Hz]
[03.10 04:12:33] ┇ INFO    ┇                     gner ┇  - [04/07] (train) crossner_politics   :  93%|██████████████████▋ | 177/190 [0:16:55<0:01:13, 0.18Hz]
[03.10 04:12:39] ┇ INFO    ┇                     gner ┇  - [04/07] (train) crossner_politics   :  94%|██████████████████▋ | 178/190 [0:17:01<0:01:07, 0.18Hz]
[03.10 04:12:46] ┇ INFO    ┇                     gner ┇  - [04/07] (train) crossner_politics   :  95%|██████████████████▉ | 180/190 [0:17:08<0:00:55, 0.18Hz]
[03.10 04:12:52] ┇ INFO    ┇                     gner ┇  - [04/07] (train) crossner_politics   :  95%|███████████████████ | 181/190 [0:17:14<0:00:50, 0.18Hz]
[03.10 04:13:00] ┇ INFO    ┇                     gner ┇  - [04/07] (train) crossner_politics   :  96%|███████████████████▎| 183/190 [0:17:22<0:00:39, 0.18Hz]
[03.10 04:13:09] ┇ INFO    ┇                     gner ┇  - [04/07] (train) crossner_politics   :  97%|███████████████████▍| 185/190 [0:17:31<0:00:27, 0.18Hz]
[03.10 04:13:30] ┇ INFO    ┇                     gner ┇  - [04/07] (train) crossner_politics   :  98%|███████████████████▌| 186/190 [0:17:52<0:00:23, 0.17Hz]
[03.10 04:13:37] ┇ INFO    ┇                     gner ┇  - [04/07] (train) crossner_politics   :  98%|███████████████████▋| 187/190 [0:17:59<0:00:17, 0.17Hz]
[03.10 04:13:46] ┇ INFO    ┇                     gner ┇  - [04/07] (train) crossner_politics   :  99%|███████████████████▊| 188/190 [0:18:08<0:00:11, 0.17Hz]
[03.10 04:13:53] ┇ INFO    ┇                     gner ┇  - [04/07] (train) crossner_politics   :  99%|███████████████████▉| 189/190 [0:18:15<0:00:05, 0.17Hz]
[03.10 04:14:01] ┇ INFO    ┇                     gner ┇  - [04/07] (train) crossner_politics   : 100%|████████████████████| 190/190 [0:18:23<0:00:00, 0.17Hz]
[03.10 04:14:03] ┇ INFO    ┇                     gner ┇  - [05/07] (train) crossner_science    :   1%|                    |   1/190 [0:00:02<0:06:24, 0.49Hz]
[03.10 04:14:11] ┇ INFO    ┇                     gner ┇  - [05/07] (train) crossner_science    :   1%|▏                   |   2/190 [0:00:10<0:15:48, 0.20Hz]
[03.10 04:14:18] ┇ INFO    ┇                     gner ┇  - [05/07] (train) crossner_science    :   2%|▍                   |   4/190 [0:00:17<0:13:13, 0.23Hz]
[03.10 04:14:24] ┇ INFO    ┇                     gner ┇  - [05/07] (train) crossner_science    :   5%|▉                   |   9/190 [0:00:23<0:07:47, 0.39Hz]
[03.10 04:14:33] ┇ INFO    ┇                     gner ┇  - [05/07] (train) crossner_science    :   6%|█▎                  |  12/190 [0:00:31<0:07:54, 0.38Hz]
[03.10 04:14:43] ┇ INFO    ┇                     gner ┇  - [05/07] (train) crossner_science    :   9%|█▊                  |  17/190 [0:00:42<0:07:07, 0.40Hz]
[03.10 04:14:50] ┇ INFO    ┇                     gner ┇  - [05/07] (train) crossner_science    :  11%|██▏                 |  21/190 [0:00:49<0:06:38, 0.42Hz]
[03.10 04:14:58] ┇ INFO    ┇                     gner ┇  - [05/07] (train) crossner_science    :  13%|██▌                 |  24/190 [0:00:57<0:06:35, 0.42Hz]
[03.10 04:15:05] ┇ INFO    ┇                     gner ┇  - [05/07] (train) crossner_science    :  14%|██▋                 |  26/190 [0:01:03<0:06:42, 0.41Hz]
[03.10 04:15:10] ┇ INFO    ┇                     gner ┇  - [05/07] (train) crossner_science    :  15%|███                 |  29/190 [0:01:09<0:06:24, 0.42Hz]
[03.10 04:15:15] ┇ INFO    ┇                     gner ┇  - [05/07] (train) crossner_science    :  18%|███▌                |  34/190 [0:01:14<0:05:41, 0.46Hz]
[03.10 04:15:25] ┇ INFO    ┇                     gner ┇  - [05/07] (train) crossner_science    :  19%|███▊                |  36/190 [0:01:23<0:05:59, 0.43Hz]
[03.10 04:15:34] ┇ INFO    ┇                     gner ┇  - [05/07] (train) crossner_science    :  20%|████                |  38/190 [0:01:33<0:06:12, 0.41Hz]
[03.10 04:15:40] ┇ INFO    ┇                     gner ┇  - [05/07] (train) crossner_science    :  21%|████▏               |  40/190 [0:01:38<0:06:10, 0.41Hz]
[03.10 04:15:46] ┇ INFO    ┇                     gner ┇  - [05/07] (train) crossner_science    :  24%|████▋               |  45/190 [0:01:44<0:05:37, 0.43Hz]
[03.10 04:15:53] ┇ INFO    ┇                     gner ┇  - [05/07] (train) crossner_science    :  25%|█████               |  48/190 [0:01:51<0:05:30, 0.43Hz]
[03.10 04:15:58] ┇ INFO    ┇                     gner ┇  - [05/07] (train) crossner_science    :  27%|█████▍              |  52/190 [0:01:57<0:05:11, 0.44Hz]
[03.10 04:16:10] ┇ INFO    ┇                     gner ┇  - [05/07] (train) crossner_science    :  28%|█████▋              |  54/190 [0:02:08<0:05:23, 0.42Hz]
[03.10 04:16:15] ┇ INFO    ┇                     gner ┇  - [05/07] (train) crossner_science    :  30%|██████              |  57/190 [0:02:14<0:05:13, 0.42Hz]
[03.10 04:16:33] ┇ INFO    ┇                     gner ┇  - [05/07] (train) crossner_science    :  32%|██████▎             |  60/190 [0:02:32<0:05:29, 0.39Hz]
[03.10 04:16:39] ┇ INFO    ┇                     gner ┇  - [05/07] (train) crossner_science    :  33%|██████▋             |  63/190 [0:02:37<0:05:17, 0.40Hz]
[03.10 04:16:45] ┇ INFO    ┇                     gner ┇  - [05/07] (train) crossner_science    :  35%|██████▉             |  66/190 [0:02:43<0:04:53, 0.42Hz]
[03.10 04:17:08] ┇ INFO    ┇                     gner ┇  - [05/07] (train) crossner_science    :  36%|███████▎            |  69/190 [0:03:07<0:05:20, 0.38Hz]
[03.10 04:17:17] ┇ INFO    ┇                     gner ┇  - [05/07] (train) crossner_science    :  38%|███████▌            |  72/190 [0:03:16<0:05:23, 0.36Hz]
[03.10 04:17:29] ┇ INFO    ┇                     gner ┇  - [05/07] (train) crossner_science    :  38%|███████▋            |  73/190 [0:03:28<0:05:39, 0.35Hz]
[03.10 04:17:48] ┇ INFO    ┇                     gner ┇  - [05/07] (train) crossner_science    :  39%|███████▊            |  74/190 [0:03:47<0:06:07, 0.32Hz]
[03.10 04:18:01] ┇ INFO    ┇                     gner ┇  - [05/07] (train) crossner_science    :  40%|████████            |  76/190 [0:03:59<0:06:14, 0.30Hz]
[03.10 04:18:08] ┇ INFO    ┇                     gner ┇  - [05/07] (train) crossner_science    :  42%|████████▎           |  79/190 [0:04:07<0:06:11, 0.30Hz]
[03.10 04:18:21] ┇ INFO    ┇                     gner ┇  - [05/07] (train) crossner_science    :  44%|████████▋           |  83/190 [0:04:19<0:06:05, 0.29Hz]
[03.10 04:18:28] ┇ INFO    ┇                     gner ┇  - [05/07] (train) crossner_science    :  45%|████████▉           |  85/190 [0:04:27<0:06:01, 0.29Hz]
[03.10 04:18:34] ┇ INFO    ┇                     gner ┇  - [05/07] (train) crossner_science    :  46%|█████████▎          |  88/190 [0:04:33<0:05:49, 0.29Hz]
[03.10 04:18:40] ┇ INFO    ┇                     gner ┇  - [05/07] (train) crossner_science    :  47%|█████████▎          |  89/190 [0:04:38<0:05:44, 0.29Hz]
[03.10 04:18:46] ┇ INFO    ┇                     gner ┇  - [05/07] (train) crossner_science    :  49%|█████████▊          |  93/190 [0:04:45<0:05:29, 0.29Hz]
[03.10 04:18:52] ┇ INFO    ┇                     gner ┇  - [05/07] (train) crossner_science    :  51%|██████████          |  96/190 [0:04:51<0:05:25, 0.29Hz]
[03.10 04:18:58] ┇ INFO    ┇                     gner ┇  - [05/07] (train) crossner_science    :  53%|██████████▌         | 100/190 [0:04:57<0:05:04, 0.30Hz]
[03.10 04:19:04] ┇ INFO    ┇                     gner ┇  - [05/07] (train) crossner_science    :  54%|██████████▊         | 103/190 [0:05:03<0:04:42, 0.31Hz]
[03.10 04:19:13] ┇ INFO    ┇                     gner ┇  - [05/07] (train) crossner_science    :  56%|███████████▎        | 107/190 [0:05:12<0:04:35, 0.30Hz]
[03.10 04:19:19] ┇ INFO    ┇                     gner ┇  - [05/07] (train) crossner_science    :  58%|███████████▌        | 110/190 [0:05:18<0:04:24, 0.30Hz]
[03.10 04:19:27] ┇ INFO    ┇                     gner ┇  - [05/07] (train) crossner_science    :  59%|███████████▉        | 113/190 [0:05:25<0:04:17, 0.30Hz]
[03.10 04:19:32] ┇ INFO    ┇                     gner ┇  - [05/07] (train) crossner_science    :  61%|████████████        | 115/190 [0:05:31<0:04:14, 0.29Hz]
[03.10 04:19:46] ┇ INFO    ┇                     gner ┇  - [05/07] (train) crossner_science    :  61%|████████████▏       | 116/190 [0:05:44<0:04:24, 0.28Hz]
[03.10 04:19:57] ┇ INFO    ┇                     gner ┇  - [05/07] (train) crossner_science    :  63%|████████████▋       | 120/190 [0:05:56<0:04:06, 0.28Hz]
[03.10 04:20:09] ┇ INFO    ┇                     gner ┇  - [05/07] (train) crossner_science    :  64%|████████████▊       | 122/190 [0:06:07<0:04:07, 0.27Hz]
[03.10 04:20:18] ┇ INFO    ┇                     gner ┇  - [05/07] (train) crossner_science    :  66%|█████████████▎      | 126/190 [0:06:16<0:03:42, 0.29Hz]
[03.10 04:20:24] ┇ INFO    ┇                     gner ┇  - [05/07] (train) crossner_science    :  68%|█████████████▌      | 129/190 [0:06:23<0:03:32, 0.29Hz]
[03.10 04:20:32] ┇ INFO    ┇                     gner ┇  - [05/07] (train) crossner_science    :  70%|██████████████      | 133/190 [0:06:30<0:03:00, 0.32Hz]
[03.10 04:20:41] ┇ INFO    ┇                     gner ┇  - [05/07] (train) crossner_science    :  72%|██████████████▍     | 137/190 [0:06:39<0:02:25, 0.37Hz]
[03.10 04:20:51] ┇ INFO    ┇                     gner ┇  - [05/07] (train) crossner_science    :  74%|██████████████▋     | 140/190 [0:06:50<0:02:14, 0.37Hz]
[03.10 04:20:59] ┇ INFO    ┇                     gner ┇  - [05/07] (train) crossner_science    :  74%|██████████████▊     | 141/190 [0:06:57<0:02:15, 0.36Hz]
[03.10 04:21:07] ┇ INFO    ┇                     gner ┇  - [05/07] (train) crossner_science    :  76%|███████████████▏    | 144/190 [0:07:06<0:02:07, 0.36Hz]
[03.10 04:21:12] ┇ INFO    ┇                     gner ┇  - [05/07] (train) crossner_science    :  77%|███████████████▎    | 146/190 [0:07:11<0:01:59, 0.37Hz]
[03.10 04:21:18] ┇ INFO    ┇                     gner ┇  - [05/07] (train) crossner_science    :  78%|███████████████▋    | 149/190 [0:07:16<0:01:48, 0.38Hz]
[03.10 04:21:24] ┇ INFO    ┇                     gner ┇  - [05/07] (train) crossner_science    :  79%|███████████████▉    | 151/190 [0:07:22<0:01:44, 0.37Hz]
[03.10 04:21:30] ┇ INFO    ┇                     gner ┇  - [05/07] (train) crossner_science    :  81%|████████████████    | 153/190 [0:07:29<0:01:39, 0.37Hz]
[03.10 04:21:43] ┇ INFO    ┇                     gner ┇  - [05/07] (train) crossner_science    :  83%|████████████████▋   | 158/190 [0:07:42<0:01:27, 0.37Hz]
[03.10 04:21:51] ┇ INFO    ┇                     gner ┇  - [05/07] (train) crossner_science    :  86%|█████████████████▎  | 164/190 [0:07:50<0:01:10, 0.37Hz]
[03.10 04:22:05] ┇ INFO    ┇                     gner ┇  - [05/07] (train) crossner_science    :  88%|█████████████████▌  | 167/190 [0:08:03<0:01:05, 0.35Hz]
[03.10 04:22:11] ┇ INFO    ┇                     gner ┇  - [05/07] (train) crossner_science    :  89%|█████████████████▊  | 169/190 [0:08:10<0:01:00, 0.34Hz]
[03.10 04:22:16] ┇ INFO    ┇                     gner ┇  - [05/07] (train) crossner_science    :  91%|██████████████████  | 172/190 [0:08:15<0:00:51, 0.35Hz]
[03.10 04:22:23] ┇ INFO    ┇                     gner ┇  - [05/07] (train) crossner_science    :  92%|██████████████████▍ | 175/190 [0:08:22<0:00:42, 0.35Hz]
[03.10 04:22:30] ┇ INFO    ┇                     gner ┇  - [05/07] (train) crossner_science    :  93%|██████████████████▌ | 176/190 [0:08:28<0:00:40, 0.34Hz]
[03.10 04:22:36] ┇ INFO    ┇                     gner ┇  - [05/07] (train) crossner_science    :  95%|██████████████████▉ | 180/190 [0:08:35<0:00:26, 0.37Hz]
[03.10 04:22:42] ┇ INFO    ┇                     gner ┇  - [05/07] (train) crossner_science    :  95%|███████████████████ | 181/190 [0:08:41<0:00:24, 0.37Hz]
[03.10 04:22:51] ┇ INFO    ┇                     gner ┇  - [05/07] (train) crossner_science    :  97%|███████████████████▍| 185/190 [0:08:50<0:00:12, 0.39Hz]
[03.10 04:22:59] ┇ INFO    ┇                     gner ┇  - [05/07] (train) crossner_science    :  99%|███████████████████▊| 188/190 [0:08:57<0:00:05, 0.38Hz]
[03.10 04:23:03] ┇ INFO    ┇                     gner ┇  - [05/07] (train) crossner_science    : 100%|████████████████████| 190/190 [0:09:02<0:00:00, 0.38Hz]
[03.10 04:23:03] ┇ INFO    ┇                     gner ┇  - [06/07] (train) mit-movie           :   1%|                    |   1/190 [0:00:00<0:00:21, 8.84Hz]
[03.10 04:23:08] ┇ INFO    ┇                     gner ┇  - [06/07] (train) mit-movie           :  26%|█████▏              |  49/190 [0:00:05<0:00:14, 9.47Hz]
[03.10 04:23:13] ┇ INFO    ┇                     gner ┇  - [06/07] (train) mit-movie           :  53%|██████████▌         | 100/190 [0:00:10<0:00:09, 9.58Hz]
[03.10 04:23:18] ┇ INFO    ┇                     gner ┇  - [06/07] (train) mit-movie           :  79%|███████████████▉    | 151/190 [0:00:15<0:00:03, 10.16Hz]
[03.10 04:23:22] ┇ INFO    ┇                     gner ┇  - [06/07] (train) mit-movie           : 100%|████████████████████| 190/190 [0:00:18<0:00:00, 10.86Hz]
[03.10 04:23:22] ┇ INFO    ┇                     gner ┇  - [07/07] (train) mit-restaurant      :   1%|                    |   1/190 [0:00:00<0:00:15, 12.55Hz]
[03.10 04:23:27] ┇ INFO    ┇                     gner ┇  - [07/07] (train) mit-restaurant      :  21%|████                |  39/190 [0:00:05<0:00:19, 7.64Hz]
[03.10 04:23:32] ┇ INFO    ┇                     gner ┇  - [07/07] (train) mit-restaurant      :  37%|███████▍            |  71/190 [0:00:10<0:00:18, 6.59Hz]
[03.10 04:23:37] ┇ INFO    ┇                     gner ┇  - [07/07] (train) mit-restaurant      :  58%|███████████▋        | 111/190 [0:00:15<0:00:11, 7.15Hz]
[03.10 04:23:42] ┇ INFO    ┇                     gner ┇  - [07/07] (train) mit-restaurant      :  75%|███████████████     | 143/190 [0:00:20<0:00:06, 7.42Hz]
[03.10 04:23:47] ┇ INFO    ┇                     gner ┇  - [07/07] (train) mit-restaurant      :  92%|██████████████████▍ | 175/190 [0:00:25<0:00:02, 6.49Hz]
[03.10 04:23:50] ┇ INFO    ┇                     gner ┇  - [07/07] (train) mit-restaurant      : 100%|████████████████████| 190/190 [0:00:28<0:00:00, 5.92Hz]
[03.10 04:23:51] ┇ INFO    ┇                     gner ┇  - [01/07] (val  ) crossner_ai         :  10%|██                  |  1/10 [0:00:00<0:00:05, 1.51Hz]
[03.10 04:23:56] ┇ INFO    ┇                     gner ┇  - [01/07] (val  ) crossner_ai         :  70%|██████████████      |  7/10 [0:00:05<0:00:02, 1.17Hz]
[03.10 04:24:01] ┇ INFO    ┇                     gner ┇  - [01/07] (val  ) crossner_ai         : 100%|████████████████████| 10/10 [0:00:10<0:00:00, 0.92Hz]
[03.10 04:24:02] ┇ INFO    ┇                     gner ┇  - [02/07] (val  ) crossner_literature :  10%|██                  |  1/10 [0:00:00<0:00:05, 1.67Hz]
[03.10 04:24:07] ┇ INFO    ┇                     gner ┇  - [02/07] (val  ) crossner_literature :  30%|██████              |  3/10 [0:00:05<0:00:13, 0.53Hz]
[03.10 04:24:13] ┇ INFO    ┇                     gner ┇  - [02/07] (val  ) crossner_literature :  60%|████████████        |  6/10 [0:00:11<0:00:07, 0.52Hz]
[03.10 04:24:16] ┇ INFO    ┇                     gner ┇  - [02/07] (val  ) crossner_literature : 100%|████████████████████| 10/10 [0:00:14<0:00:00, 0.70Hz]
[03.10 04:24:22] ┇ INFO    ┇                     gner ┇  - [03/07] (val  ) crossner_music      :  10%|██                  |  1/10 [0:00:06<0:01:01, 0.15Hz]
[03.10 04:24:29] ┇ INFO    ┇                     gner ┇  - [03/07] (val  ) crossner_music      :  40%|████████            |  4/10 [0:00:13<0:00:19, 0.30Hz]
[03.10 04:24:34] ┇ INFO    ┇                     gner ┇  - [03/07] (val  ) crossner_music      :  60%|████████████        |  6/10 [0:00:18<0:00:12, 0.32Hz]
[03.10 04:24:41] ┇ INFO    ┇                     gner ┇  - [03/07] (val  ) crossner_music      :  70%|██████████████      |  7/10 [0:00:25<0:00:10, 0.28Hz]
[03.10 04:24:48] ┇ INFO    ┇                     gner ┇  - [03/07] (val  ) crossner_music      :  80%|████████████████    |  8/10 [0:00:32<0:00:08, 0.24Hz]
[03.10 04:24:51] ┇ INFO    ┇                     gner ┇  - [03/07] (val  ) crossner_music      : 100%|████████████████████| 10/10 [0:00:35<0:00:00, 0.28Hz]
[03.10 04:24:55] ┇ INFO    ┇                     gner ┇  - [04/07] (val  ) crossner_politics   :  10%|██                  |  1/10 [0:00:04<0:00:42, 0.21Hz]
[03.10 04:25:13] ┇ INFO    ┇                     gner ┇  - [04/07] (val  ) crossner_politics   :  30%|██████              |  3/10 [0:00:22<0:00:52, 0.13Hz]
[03.10 04:25:24] ┇ INFO    ┇                     gner ┇  - [04/07] (val  ) crossner_politics   :  50%|██████████          |  5/10 [0:00:33<0:00:33, 0.15Hz]
[03.10 04:25:29] ┇ INFO    ┇                     gner ┇  - [04/07] (val  ) crossner_politics   :  70%|██████████████      |  7/10 [0:00:38<0:00:16, 0.18Hz]
[03.10 04:25:39] ┇ INFO    ┇                     gner ┇  - [04/07] (val  ) crossner_politics   : 100%|████████████████████| 10/10 [0:00:48<0:00:00, 0.21Hz]
[03.10 04:25:39] ┇ INFO    ┇                     gner ┇  - [05/07] (val  ) crossner_science    :  10%|██                  |  1/10 [0:00:00<0:00:02, 3.54Hz]
[03.10 04:25:45] ┇ INFO    ┇                     gner ┇  - [05/07] (val  ) crossner_science    :  30%|██████              |  3/10 [0:00:05<0:00:13, 0.50Hz]
[03.10 04:25:51] ┇ INFO    ┇                     gner ┇  - [05/07] (val  ) crossner_science    :  60%|████████████        |  6/10 [0:00:12<0:00:08, 0.48Hz]
[03.10 04:25:56] ┇ INFO    ┇                     gner ┇  - [05/07] (val  ) crossner_science    : 100%|████████████████████| 10/10 [0:00:16<0:00:00, 0.60Hz]
[03.10 04:25:56] ┇ INFO    ┇                     gner ┇  - [06/07] (val  ) mit-movie           :  10%|██                  |  1/10 [0:00:00<0:00:01, 7.33Hz]
[03.10 04:25:57] ┇ INFO    ┇                     gner ┇  - [06/07] (val  ) mit-movie           : 100%|████████████████████| 10/10 [0:00:01<0:00:00, 9.03Hz]
[03.10 04:25:57] ┇ INFO    ┇                     gner ┇  - [07/07] (val  ) mit-restaurant      :  10%|██                  |  1/10 [0:00:00<0:00:00, 13.23Hz]
[03.10 04:25:58] ┇ INFO    ┇                     gner ┇  - [07/07] (val  ) mit-restaurant      : 100%|████████████████████| 10/10 [0:00:01<0:00:00, 7.38Hz]
[03.10 04:25:58] ┇ INFO    ┇                     gner ┇ QE data[train] saved to data/GNER-QE/ZSE-validation-pred-by_beam-num=20-train.json
[03.10 04:25:58] ┇ INFO    ┇                     gner ┇ QE data[val] saved to data/GNER-QE/ZSE-validation-pred-by_beam-num=20-val.json
[03.10 04:25:58] ┇ INFO    ┇           chrisbase.data ┇ =========================================================================================================================================
[03.10 04:25:58] ┇ INFO    ┇           chrisbase.data ┇ [EXIT] python /raid/chrisjihee/proj/GNER/generate.py convert_to_qe_data --num_candidates 20 ($=00:52:13.331)
[03.10 04:25:58] ┇ INFO    ┇           chrisbase.data ┇ =========================================================================================================================================
