[03.01 00:55:19] ┇ INFO    ┇           chrisbase.data ┇ =========================================================================================================================================
[03.01 00:55:19] ┇ INFO    ┇           chrisbase.data ┇ [INIT] python /raid/chrisjihee/proj/GNER/predict.py evaluate
[03.01 00:55:19] ┇ INFO    ┇           chrisbase.data ┇ =========================================================================================================================================
[03.01 00:55:21] ┇ INFO    ┇                     gner ┇ Evaluating predictions from output/ZSE-predict/ZSE-validation-pred-by_beam-num=100.jsonl for 7 dataset (1400 samples)
[03.01 00:55:21] ┇ INFO    ┇                     gner ┇  - [01/07] mit-movie           :   0%|                    |   1/200 [0:00:00<0:00:23, 8.53Hz]
[03.01 00:55:26] ┇ INFO    ┇                     gner ┇  - [01/07] mit-movie           :  45%|█████████           |  90/200 [0:00:05<0:00:06, 18.29Hz]
[03.01 00:55:31] ┇ INFO    ┇                     gner ┇  - [01/07] mit-movie           :  95%|███████████████████ | 190/200 [0:00:10<0:00:00, 20.08Hz]
[03.01 00:55:32] ┇ INFO    ┇                     gner ┇  - [01/07] mit-movie           : 100%|████████████████████| 200/200 [0:00:10<0:00:00, 20.24Hz]
[03.01 00:55:32] ┇ INFO    ┇                     gner ┇  - [02/07] mit-restaurant      :   0%|                    |   1/200 [0:00:00<0:00:09, 20.43Hz]
[03.01 00:55:37] ┇ INFO    ┇                     gner ┇  - [02/07] mit-restaurant      :  42%|████████▍           |  84/200 [0:00:05<0:00:07, 15.82Hz]
[03.01 00:55:42] ┇ INFO    ┇                     gner ┇  - [02/07] mit-restaurant      :  85%|█████████████████   | 170/200 [0:00:10<0:00:01, 16.83Hz]
[03.01 00:55:44] ┇ INFO    ┇                     gner ┇  - [02/07] mit-restaurant      : 100%|████████████████████| 200/200 [0:00:12<0:00:00, 14.65Hz]
[03.01 00:55:44] ┇ INFO    ┇                     gner ┇  - [03/07] crossner_ai         :   0%|                    |   1/200 [0:00:00<0:00:15, 13.14Hz]
[03.01 00:55:49] ┇ INFO    ┇                     gner ┇  - [03/07] crossner_ai         :  14%|██▋                 |  27/200 [0:00:05<0:00:32, 5.29Hz]
[03.01 00:55:54] ┇ INFO    ┇                     gner ┇  - [03/07] crossner_ai         :  28%|█████▋              |  57/200 [0:00:10<0:00:25, 5.58Hz]
[03.01 00:55:59] ┇ INFO    ┇                     gner ┇  - [03/07] crossner_ai         :  42%|████████▌           |  85/200 [0:00:15<0:00:20, 5.66Hz]
[03.01 00:56:04] ┇ INFO    ┇                     gner ┇  - [03/07] crossner_ai         :  55%|███████████         | 110/200 [0:00:20<0:00:16, 5.36Hz]
[03.01 00:56:09] ┇ INFO    ┇                     gner ┇  - [03/07] crossner_ai         :  74%|██████████████▋     | 147/200 [0:00:25<0:00:08, 6.17Hz]
[03.01 00:56:14] ┇ INFO    ┇                     gner ┇  - [03/07] crossner_ai         :  90%|█████████████████▉  | 179/200 [0:00:30<0:00:03, 6.91Hz]
[03.01 00:56:18] ┇ INFO    ┇                     gner ┇  - [03/07] crossner_ai         : 100%|████████████████████| 200/200 [0:00:34<0:00:00, 6.30Hz]
[03.01 00:56:18] ┇ INFO    ┇                     gner ┇  - [04/07] crossner_literature :   0%|                    |   1/200 [0:00:00<0:00:32, 6.11Hz]
[03.01 00:56:23] ┇ INFO    ┇                     gner ┇  - [04/07] crossner_literature :  12%|██▍                 |  24/200 [0:00:05<0:00:39, 4.45Hz]
[03.01 00:56:29] ┇ INFO    ┇                     gner ┇  - [04/07] crossner_literature :  24%|████▉               |  49/200 [0:00:10<0:00:32, 4.65Hz]
[03.01 00:56:34] ┇ INFO    ┇                     gner ┇  - [04/07] crossner_literature :  38%|███████▋            |  77/200 [0:00:15<0:00:24, 5.12Hz]
[03.01 00:56:39] ┇ INFO    ┇                     gner ┇  - [04/07] crossner_literature :  52%|██████████▍         | 104/200 [0:00:20<0:00:17, 5.54Hz]
[03.01 00:56:44] ┇ INFO    ┇                     gner ┇  - [04/07] crossner_literature :  66%|█████████████▏      | 132/200 [0:00:25<0:00:12, 5.41Hz]
[03.01 00:56:49] ┇ INFO    ┇                     gner ┇  - [04/07] crossner_literature :  78%|███████████████▌    | 155/200 [0:00:30<0:00:08, 5.10Hz]
[03.01 00:56:54] ┇ INFO    ┇                     gner ┇  - [04/07] crossner_literature :  92%|██████████████████▍ | 184/200 [0:00:35<0:00:03, 5.07Hz]
[03.01 00:56:58] ┇ INFO    ┇                     gner ┇  - [04/07] crossner_literature : 100%|████████████████████| 200/200 [0:00:39<0:00:00, 4.94Hz]
[03.01 00:56:58] ┇ INFO    ┇                     gner ┇  - [05/07] crossner_music      :   0%|                    |   1/200 [0:00:00<0:00:47, 4.21Hz]
[03.01 00:57:03] ┇ INFO    ┇                     gner ┇  - [05/07] crossner_music      :  10%|██                  |  21/200 [0:00:05<0:00:46, 3.83Hz]
[03.01 00:57:08] ┇ INFO    ┇                     gner ┇  - [05/07] crossner_music      :  19%|███▊                |  38/200 [0:00:10<0:00:45, 3.53Hz]
[03.01 00:57:14] ┇ INFO    ┇                     gner ┇  - [05/07] crossner_music      :  31%|██████▏             |  62/200 [0:00:16<0:00:35, 3.87Hz]
[03.01 00:57:19] ┇ INFO    ┇                     gner ┇  - [05/07] crossner_music      :  42%|████████▌           |  85/200 [0:00:21<0:00:28, 4.05Hz]
[03.01 00:57:24] ┇ INFO    ┇                     gner ┇  - [05/07] crossner_music      :  55%|██████████▉         | 109/200 [0:00:26<0:00:20, 4.54Hz]
[03.01 00:57:29] ┇ INFO    ┇                     gner ┇  - [05/07] crossner_music      :  66%|█████████████▏      | 132/200 [0:00:31<0:00:15, 4.48Hz]
[03.01 00:57:34] ┇ INFO    ┇                     gner ┇  - [05/07] crossner_music      :  76%|███████████████▎    | 153/200 [0:00:36<0:00:10, 4.39Hz]
[03.01 00:57:39] ┇ INFO    ┇                     gner ┇  - [05/07] crossner_music      :  89%|█████████████████▊  | 178/200 [0:00:41<0:00:04, 4.48Hz]
[03.01 00:57:44] ┇ INFO    ┇                     gner ┇  - [05/07] crossner_music      : 100%|████████████████████| 200/200 [0:00:46<0:00:00, 4.64Hz]
[03.01 00:57:44] ┇ INFO    ┇                     gner ┇  - [06/07] crossner_politics   :   0%|                    |   1/200 [0:00:00<0:00:24, 8.12Hz]
[03.01 00:57:49] ┇ INFO    ┇                     gner ┇  - [06/07] crossner_politics   :  12%|██▍                 |  24/200 [0:00:05<0:00:38, 4.51Hz]
[03.01 00:57:54] ┇ INFO    ┇                     gner ┇  - [06/07] crossner_politics   :  23%|████▌               |  46/200 [0:00:10<0:00:34, 4.45Hz]
[03.01 00:57:59] ┇ INFO    ┇                     gner ┇  - [06/07] crossner_politics   :  34%|██████▊             |  68/200 [0:00:15<0:00:29, 4.40Hz]
[03.01 00:58:04] ┇ INFO    ┇                     gner ┇  - [06/07] crossner_politics   :  45%|█████████           |  90/200 [0:00:20<0:00:25, 4.31Hz]
[03.01 00:58:09] ┇ INFO    ┇                     gner ┇  - [06/07] crossner_politics   :  56%|███████████         | 111/200 [0:00:25<0:00:20, 4.26Hz]
[03.01 00:58:14] ┇ INFO    ┇                     gner ┇  - [06/07] crossner_politics   :  66%|█████████████▎      | 133/200 [0:00:30<0:00:15, 4.29Hz]
[03.01 00:58:20] ┇ INFO    ┇                     gner ┇  - [06/07] crossner_politics   :  74%|██████████████▉     | 149/200 [0:00:35<0:00:12, 3.95Hz]
[03.01 00:58:25] ┇ INFO    ┇                     gner ┇  - [06/07] crossner_politics   :  85%|█████████████████   | 170/200 [0:00:41<0:00:07, 3.83Hz]
[03.01 00:58:30] ┇ INFO    ┇                     gner ┇  - [06/07] crossner_politics   :  96%|███████████████████ | 191/200 [0:00:46<0:00:02, 3.77Hz]
[03.01 00:58:32] ┇ INFO    ┇                     gner ┇  - [06/07] crossner_politics   : 100%|████████████████████| 200/200 [0:00:48<0:00:00, 3.76Hz]
[03.01 00:58:33] ┇ INFO    ┇                     gner ┇  - [07/07] crossner_science    :   0%|                    |   1/200 [0:00:00<0:00:31, 6.29Hz]
[03.01 00:58:38] ┇ INFO    ┇                     gner ┇  - [07/07] crossner_science    :  14%|██▉                 |  29/200 [0:00:05<0:00:30, 5.52Hz]
[03.01 00:58:43] ┇ INFO    ┇                     gner ┇  - [07/07] crossner_science    :  28%|█████▋              |  57/200 [0:00:10<0:00:26, 5.49Hz]
[03.01 00:58:48] ┇ INFO    ┇                     gner ┇  - [07/07] crossner_science    :  40%|████████            |  81/200 [0:00:15<0:00:23, 5.12Hz]
[03.01 00:58:53] ┇ INFO    ┇                     gner ┇  - [07/07] crossner_science    :  55%|███████████         | 110/200 [0:00:20<0:00:17, 5.11Hz]
[03.01 00:58:58] ┇ INFO    ┇                     gner ┇  - [07/07] crossner_science    :  66%|█████████████▏      | 132/200 [0:00:25<0:00:14, 4.81Hz]
[03.01 00:59:03] ┇ INFO    ┇                     gner ┇  - [07/07] crossner_science    :  80%|███████████████▉    | 159/200 [0:00:30<0:00:08, 5.06Hz]
[03.01 00:59:08] ┇ INFO    ┇                     gner ┇  - [07/07] crossner_science    :  93%|██████████████████▌ | 186/200 [0:00:36<0:00:02, 5.10Hz]
[03.01 00:59:11] ┇ INFO    ┇                     gner ┇  - [07/07] crossner_science    : 100%|████████████████████| 200/200 [0:00:38<0:00:00, 5.22Hz]
[03.01 00:59:11] ┇ INFO    ┇                     gner ┇ [mit-movie           ] 0.5385 | 0.6139 | 0.6699 | 0.7164 | 0.7395 | 0.7564 | 0.7640 | 0.7729 | 0.7788 | 0.7897 | 0.8019 | 0.8051 | 0.8128 | 0.8128 | 0.8192 | 0.8243 | 0.8262 | 0.8280 | 0.8280 | 0.8331 | 0.8381 | 0.8394 | 0.8394 | 0.8408 | 0.8408 | 0.8421 | 0.8421 | 0.8421 | 0.8413 | 0.8413 | 0.8413 | 0.8449 | 0.8449 | 0.8449 | 0.8449 | 0.8449 | 0.8449 | 0.8449 | 0.8454 | 0.8454 | 0.8454 | 0.8468 | 0.8468 | 0.8486 | 0.8499 | 0.8499 | 0.8499 | 0.8499 | 0.8499 | 0.8535 | 0.8535 | 0.8553 | 0.8571 | 0.8571 | 0.8571 | 0.8589 | 0.8589 | 0.8607 | 0.8607 | 0.8607 | 0.8638 | 0.8638 | 0.8638 | 0.8652 | 0.8674 | 0.8674 | 0.8687 | 0.8723 | 0.8723 | 0.8723 | 0.8723 | 0.8736 | 0.8740 | 0.8740 | 0.8740 | 0.8740 | 0.8758 | 0.8758 | 0.8758 | 0.8758 | 0.8762 | 0.8779 | 0.8779 | 0.8779 | 0.8779 | 0.8779 | 0.8779 | 0.8793 | 0.8793 | 0.8793 | 0.8793 | 0.8806 | 0.8806 | 0.8806 | 0.8806 | 0.8806 | 0.8820 | 0.8820 | 0.8820 | 0.8820
[03.01 00:59:11] ┇ INFO    ┇                     gner ┇ [mit-restaurant      ] 0.3766 | 0.4423 | 0.4741 | 0.5035 | 0.5317 | 0.5450 | 0.5691 | 0.5828 | 0.5932 | 0.6127 | 0.6235 | 0.6361 | 0.6478 | 0.6568 | 0.6658 | 0.6747 | 0.6853 | 0.6862 | 0.6888 | 0.6932 | 0.6951 | 0.6995 | 0.7037 | 0.7081 | 0.7116 | 0.7122 | 0.7182 | 0.7192 | 0.7244 | 0.7270 | 0.7323 | 0.7339 | 0.7366 | 0.7366 | 0.7408 | 0.7441 | 0.7441 | 0.7458 | 0.7474 | 0.7506 | 0.7532 | 0.7532 | 0.7558 | 0.7571 | 0.7587 | 0.7603 | 0.7603 | 0.7619 | 0.7645 | 0.7645 | 0.7661 | 0.7692 | 0.7734 | 0.7744 | 0.7779 | 0.7789 | 0.7789 | 0.7836 | 0.7846 | 0.7862 | 0.7862 | 0.7862 | 0.7872 | 0.7892 | 0.7908 | 0.7908 | 0.7908 | 0.7908 | 0.7908 | 0.7918 | 0.7933 | 0.7933 | 0.7933 | 0.7933 | 0.7959 | 0.7959 | 0.7974 | 0.7985 | 0.7995 | 0.7995 | 0.7995 | 0.7995 | 0.7995 | 0.7995 | 0.8036 | 0.8036 | 0.8036 | 0.8051 | 0.8051 | 0.8051 | 0.8051 | 0.8067 | 0.8067 | 0.8128 | 0.8128 | 0.8128 | 0.8128 | 0.8139 | 0.8139 | 0.8149
[03.01 00:59:11] ┇ INFO    ┇                     gner ┇ [crossner_ai         ] 0.5646 | 0.6210 | 0.6485 | 0.6791 | 0.6947 | 0.7090 | 0.7241 | 0.7329 | 0.7427 | 0.7497 | 0.7549 | 0.7621 | 0.7679 | 0.7700 | 0.7733 | 0.7781 | 0.7845 | 0.7896 | 0.7930 | 0.7940 | 0.7974 | 0.8005 | 0.8013 | 0.8031 | 0.8037 | 0.8057 | 0.8076 | 0.8107 | 0.8107 | 0.8128 | 0.8133 | 0.8141 | 0.8186 | 0.8199 | 0.8204 | 0.8218 | 0.8236 | 0.8249 | 0.8262 | 0.8270 | 0.8272 | 0.8272 | 0.8272 | 0.8278 | 0.8301 | 0.8316 | 0.8321 | 0.8327 | 0.8329 | 0.8339 | 0.8349 | 0.8367 | 0.8372 | 0.8372 | 0.8383 | 0.8391 | 0.8402 | 0.8413 | 0.8418 | 0.8429 | 0.8435 | 0.8435 | 0.8448 | 0.8455 | 0.8463 | 0.8482 | 0.8484 | 0.8484 | 0.8493 | 0.8510 | 0.8510 | 0.8510 | 0.8515 | 0.8515 | 0.8515 | 0.8521 | 0.8523 | 0.8523 | 0.8570 | 0.8583 | 0.8588 | 0.8588 | 0.8594 | 0.8609 | 0.8614 | 0.8614 | 0.8627 | 0.8627 | 0.8627 | 0.8633 | 0.8633 | 0.8633 | 0.8633 | 0.8681 | 0.8687 | 0.8693 | 0.8693 | 0.8693 | 0.8710 | 0.8706
[03.01 00:59:11] ┇ INFO    ┇                     gner ┇ [crossner_literature ] 0.5912 | 0.6516 | 0.6869 | 0.7155 | 0.7343 | 0.7469 | 0.7644 | 0.7788 | 0.7847 | 0.7874 | 0.7929 | 0.7985 | 0.8007 | 0.8058 | 0.8108 | 0.8139 | 0.8195 | 0.8217 | 0.8237 | 0.8250 | 0.8250 | 0.8270 | 0.8298 | 0.8298 | 0.8302 | 0.8362 | 0.8377 | 0.8401 | 0.8420 | 0.8449 | 0.8455 | 0.8479 | 0.8505 | 0.8518 | 0.8526 | 0.8543 | 0.8543 | 0.8548 | 0.8548 | 0.8565 | 0.8575 | 0.8584 | 0.8589 | 0.8617 | 0.8633 | 0.8634 | 0.8701 | 0.8722 | 0.8722 | 0.8729 | 0.8736 | 0.8750 | 0.8772 | 0.8784 | 0.8789 | 0.8789 | 0.8794 | 0.8795 | 0.8801 | 0.8818 | 0.8823 | 0.8835 | 0.8838 | 0.8838 | 0.8843 | 0.8849 | 0.8849 | 0.8854 | 0.8854 | 0.8854 | 0.8860 | 0.8871 | 0.8876 | 0.8882 | 0.8888 | 0.8888 | 0.8893 | 0.8893 | 0.8893 | 0.8899 | 0.8905 | 0.8905 | 0.8911 | 0.8911 | 0.8916 | 0.8916 | 0.8920 | 0.8922 | 0.8926 | 0.8932 | 0.8932 | 0.8937 | 0.8937 | 0.8943 | 0.8948 | 0.8953 | 0.8953 | 0.8965 | 0.8965 | 0.8975
[03.01 00:59:11] ┇ INFO    ┇                     gner ┇ [crossner_music      ] 0.7641 | 0.8154 | 0.8500 | 0.8627 | 0.8725 | 0.8796 | 0.8837 | 0.8907 | 0.8931 | 0.8954 | 0.8969 | 0.8980 | 0.9020 | 0.9035 | 0.9068 | 0.9084 | 0.9100 | 0.9122 | 0.9151 | 0.9162 | 0.9169 | 0.9179 | 0.9187 | 0.9212 | 0.9219 | 0.9227 | 0.9234 | 0.9234 | 0.9246 | 0.9249 | 0.9249 | 0.9264 | 0.9268 | 0.9276 | 0.9279 | 0.9283 | 0.9294 | 0.9308 | 0.9308 | 0.9319 | 0.9324 | 0.9327 | 0.9331 | 0.9331 | 0.9334 | 0.9338 | 0.9338 | 0.9338 | 0.9341 | 0.9345 | 0.9366 | 0.9374 | 0.9378 | 0.9382 | 0.9385 | 0.9385 | 0.9393 | 0.9393 | 0.9396 | 0.9400 | 0.9407 | 0.9410 | 0.9410 | 0.9410 | 0.9414 | 0.9414 | 0.9424 | 0.9424 | 0.9431 | 0.9431 | 0.9431 | 0.9431 | 0.9431 | 0.9431 | 0.9435 | 0.9435 | 0.9435 | 0.9435 | 0.9435 | 0.9435 | 0.9435 | 0.9435 | 0.9435 | 0.9435 | 0.9442 | 0.9446 | 0.9446 | 0.9446 | 0.9446 | 0.9446 | 0.9446 | 0.9449 | 0.9449 | 0.9449 | 0.9449 | 0.9449 | 0.9449 | 0.9449 | 0.9449 | 0.9453
[03.01 00:59:11] ┇ INFO    ┇                     gner ┇ [crossner_politics   ] 0.6421 | 0.7081 | 0.7499 | 0.7728 | 0.7879 | 0.8008 | 0.8081 | 0.8150 | 0.8212 | 0.8283 | 0.8304 | 0.8372 | 0.8444 | 0.8473 | 0.8510 | 0.8543 | 0.8566 | 0.8593 | 0.8657 | 0.8657 | 0.8680 | 0.8706 | 0.8734 | 0.8748 | 0.8749 | 0.8765 | 0.8816 | 0.8821 | 0.8825 | 0.8838 | 0.8850 | 0.8857 | 0.8886 | 0.8890 | 0.8890 | 0.8920 | 0.8928 | 0.8933 | 0.8941 | 0.8944 | 0.8960 | 0.8969 | 0.8977 | 0.8980 | 0.9004 | 0.9008 | 0.9020 | 0.9028 | 0.9031 | 0.9031 | 0.9052 | 0.9056 | 0.9056 | 0.9062 | 0.9062 | 0.9095 | 0.9103 | 0.9107 | 0.9107 | 0.9107 | 0.9111 | 0.9111 | 0.9115 | 0.9115 | 0.9123 | 0.9123 | 0.9126 | 0.9126 | 0.9130 | 0.9130 | 0.9134 | 0.9139 | 0.9142 | 0.9142 | 0.9142 | 0.9150 | 0.9156 | 0.9156 | 0.9156 | 0.9159 | 0.9159 | 0.9163 | 0.9178 | 0.9178 | 0.9182 | 0.9194 | 0.9194 | 0.9200 | 0.9203 | 0.9207 | 0.9208 | 0.9208 | 0.9211 | 0.9211 | 0.9211 | 0.9215 | 0.9215 | 0.9215 | 0.9219 | 0.9219
[03.01 00:59:11] ┇ INFO    ┇                     gner ┇ [crossner_science    ] 0.6840 | 0.7465 | 0.7738 | 0.7891 | 0.8065 | 0.8145 | 0.8255 | 0.8309 | 0.8343 | 0.8412 | 0.8446 | 0.8473 | 0.8511 | 0.8535 | 0.8550 | 0.8600 | 0.8611 | 0.8634 | 0.8640 | 0.8649 | 0.8661 | 0.8691 | 0.8697 | 0.8723 | 0.8747 | 0.8747 | 0.8752 | 0.8758 | 0.8854 | 0.8871 | 0.8872 | 0.8877 | 0.8882 | 0.8894 | 0.8910 | 0.8921 | 0.8926 | 0.8926 | 0.8922 | 0.8930 | 0.8941 | 0.8951 | 0.8953 | 0.8958 | 0.8968 | 0.8970 | 0.8980 | 0.8986 | 0.8986 | 0.8995 | 0.8995 | 0.9004 | 0.9004 | 0.9014 | 0.9020 | 0.9025 | 0.9025 | 0.9031 | 0.9031 | 0.9035 | 0.9040 | 0.9040 | 0.9055 | 0.9060 | 0.9065 | 0.9074 | 0.9074 | 0.9083 | 0.9083 | 0.9089 | 0.9089 | 0.9095 | 0.9100 | 0.9106 | 0.9106 | 0.9115 | 0.9115 | 0.9125 | 0.9160 | 0.9160 | 0.9165 | 0.9165 | 0.9171 | 0.9171 | 0.9171 | 0.9171 | 0.9171 | 0.9176 | 0.9176 | 0.9176 | 0.9176 | 0.9176 | 0.9176 | 0.9181 | 0.9181 | 0.9186 | 0.9192 | 0.9192 | 0.9192 | 0.9197
[03.01 00:59:11] ┇ INFO    ┇                     gner ┇ [average             ] 0.6373 | 0.6977 | 0.7326 | 0.7555 | 0.7713 | 0.7825 | 0.7932 | 0.8017 | 0.8073 | 0.8135 | 0.8177 | 0.8226 | 0.8278 | 0.8308 | 0.8347 | 0.8385 | 0.8420 | 0.8446 | 0.8476 | 0.8489 | 0.8506 | 0.8528 | 0.8545 | 0.8563 | 0.8573 | 0.8591 | 0.8612 | 0.8622 | 0.8647 | 0.8662 | 0.8670 | 0.8683 | 0.8703 | 0.8711 | 0.8719 | 0.8734 | 0.8741 | 0.8749 | 0.8753 | 0.8763 | 0.8772 | 0.8779 | 0.8784 | 0.8792 | 0.8806 | 0.8811 | 0.8826 | 0.8834 | 0.8837 | 0.8843 | 0.8856 | 0.8867 | 0.8876 | 0.8882 | 0.8889 | 0.8899 | 0.8905 | 0.8912 | 0.8915 | 0.8922 | 0.8928 | 0.8931 | 0.8936 | 0.8940 | 0.8947 | 0.8952 | 0.8956 | 0.8960 | 0.8963 | 0.8967 | 0.8970 | 0.8974 | 0.8978 | 0.8980 | 0.8983 | 0.8987 | 0.8991 | 0.8993 | 0.9005 | 0.9009 | 0.9011 | 0.9013 | 0.9019 | 0.9021 | 0.9027 | 0.9031 | 0.9033 | 0.9037 | 0.9038 | 0.9041 | 0.9041 | 0.9044 | 0.9045 | 0.9057 | 0.9059 | 0.9062 | 0.9063 | 0.9066 | 0.9069 | 0.9072
[03.01 00:59:11] ┇ INFO    ┇           chrisbase.data ┇ =========================================================================================================================================
[03.01 00:59:11] ┇ INFO    ┇           chrisbase.data ┇ [EXIT] python /raid/chrisjihee/proj/GNER/predict.py evaluate ($=00:03:51.325)
[03.01 00:59:11] ┇ INFO    ┇           chrisbase.data ┇ =========================================================================================================================================
