[02.28 23:17:16] ┇ INFO    ┇           chrisbase.data ┇ =========================================================================================================================================
[02.28 23:17:16] ┇ INFO    ┇           chrisbase.data ┇ [INIT] python /raid/chrisjihee/proj/GNER/predict.py evaluate
[02.28 23:17:16] ┇ INFO    ┇           chrisbase.data ┇ =========================================================================================================================================
[02.28 23:17:18] ┇ INFO    ┇                     gner ┇ Evaluating predictions from output/ZSE-predict/ZSE-validation-pred-by_beam-num=100.jsonl for 1400 samples
[02.28 23:17:18] ┇ INFO    ┇                     gner ┇ Evaluating:   0%|                    |    1/1400 [0:00:00<0:02:34, 9.07Hz]
[02.28 23:17:20] ┇ INFO    ┇                     gner ┇ Evaluating:   2%|▍                   |   34/1400 [0:00:02<0:01:26, 15.80Hz]
[02.28 23:17:22] ┇ INFO    ┇                     gner ┇ Evaluating:   5%|▉                   |   68/1400 [0:00:04<0:01:20, 16.56Hz]
[02.28 23:17:24] ┇ INFO    ┇                     gner ┇ Evaluating:   8%|█▌                  |  105/1400 [0:00:06<0:01:14, 17.42Hz]
[02.28 23:17:26] ┇ INFO    ┇                     gner ┇ Evaluating:  10%|██                  |  140/1400 [0:00:08<0:01:11, 17.72Hz]
[02.28 23:17:28] ┇ INFO    ┇                     gner ┇ Evaluating:  13%|██▌                 |  176/1400 [0:00:10<0:01:11, 17.04Hz]
[02.28 23:17:30] ┇ INFO    ┇                     gner ┇ Evaluating:  15%|███                 |  212/1400 [0:00:12<0:01:06, 17.84Hz]
[02.28 23:17:32] ┇ INFO    ┇                     gner ┇ Evaluating:  18%|███▌                |  245/1400 [0:00:14<0:01:09, 16.58Hz]
[02.28 23:17:34] ┇ INFO    ┇                     gner ┇ Evaluating:  20%|███▉                |  274/1400 [0:00:16<0:01:14, 15.04Hz]
[02.28 23:17:36] ┇ INFO    ┇                     gner ┇ Evaluating:  22%|████▎               |  304/1400 [0:00:18<0:01:15, 14.50Hz]
[02.28 23:17:38] ┇ INFO    ┇                     gner ┇ Evaluating:  24%|████▊               |  339/1400 [0:00:20<0:01:05, 16.17Hz]
[02.28 23:17:40] ┇ INFO    ┇                     gner ┇ Evaluating:  26%|█████▎              |  368/1400 [0:00:22<0:01:05, 15.74Hz]
[02.28 23:17:42] ┇ INFO    ┇                     gner ┇ Evaluating:  28%|█████▋              |  395/1400 [0:00:24<0:01:12, 13.83Hz]
[02.28 23:17:44] ┇ INFO    ┇                     gner ┇ Evaluating:  29%|█████▊              |  408/1400 [0:00:26<0:01:29, 11.10Hz]
[02.28 23:17:46] ┇ INFO    ┇                     gner ┇ Evaluating:  30%|██████              |  420/1400 [0:00:28<0:01:51, 8.80Hz]
[02.28 23:17:48] ┇ INFO    ┇                     gner ┇ Evaluating:  31%|██████▏             |  430/1400 [0:00:30<0:02:10, 7.43Hz]
[02.28 23:17:50] ┇ INFO    ┇                     gner ┇ Evaluating:  32%|██████▎             |  442/1400 [0:00:32<0:02:26, 6.55Hz]
[02.28 23:17:52] ┇ INFO    ┇                     gner ┇ Evaluating:  32%|██████▌             |  455/1400 [0:00:34<0:02:38, 5.96Hz]
[02.28 23:17:55] ┇ INFO    ┇                     gner ┇ Evaluating:  33%|██████▋             |  466/1400 [0:00:36<0:02:53, 5.38Hz]
[02.28 23:17:57] ┇ INFO    ┇                     gner ┇ Evaluating:  34%|██████▊             |  476/1400 [0:00:39<0:02:52, 5.37Hz]
[02.28 23:17:59] ┇ INFO    ┇                     gner ┇ Evaluating:  34%|██████▊             |  479/1400 [0:00:41<0:03:21, 4.57Hz]
[02.28 23:18:01] ┇ INFO    ┇                     gner ┇ Evaluating:  35%|███████             |  491/1400 [0:00:43<0:03:14, 4.67Hz]
[02.28 23:18:04] ┇ INFO    ┇                     gner ┇ Evaluating:  36%|███████▏            |  505/1400 [0:00:46<0:03:07, 4.78Hz]
[02.28 23:18:06] ┇ INFO    ┇                     gner ┇ Evaluating:  37%|███████▎            |  516/1400 [0:00:48<0:03:09, 4.67Hz]
[02.28 23:18:08] ┇ INFO    ┇                     gner ┇ Evaluating:  38%|███████▌            |  532/1400 [0:00:50<0:02:54, 4.99Hz]
[02.28 23:18:10] ┇ INFO    ┇                     gner ┇ Evaluating:  39%|███████▊            |  547/1400 [0:00:52<0:02:12, 6.42Hz]
[02.28 23:18:12] ┇ INFO    ┇                     gner ┇ Evaluating:  40%|███████▉            |  558/1400 [0:00:54<0:02:14, 6.27Hz]
[02.28 23:18:14] ┇ INFO    ┇                     gner ┇ Evaluating:  41%|████████▏           |  572/1400 [0:00:56<0:02:09, 6.41Hz]
[02.28 23:18:16] ┇ INFO    ┇                     gner ┇ Evaluating:  42%|████████▎           |  586/1400 [0:00:58<0:02:05, 6.48Hz]
[02.28 23:18:18] ┇ INFO    ┇                     gner ┇ Evaluating:  43%|████████▌           |  598/1400 [0:01:00<0:02:08, 6.24Hz]
[02.28 23:18:20] ┇ INFO    ┇                     gner ┇ Evaluating:  44%|████████▋           |  609/1400 [0:01:02<0:02:15, 5.85Hz]
[02.28 23:18:22] ┇ INFO    ┇                     gner ┇ Evaluating:  44%|████████▊           |  618/1400 [0:01:04<0:02:18, 5.65Hz]
[02.28 23:18:24] ┇ INFO    ┇                     gner ┇ Evaluating:  45%|████████▉           |  628/1400 [0:01:06<0:02:19, 5.54Hz]
[02.28 23:18:26] ┇ INFO    ┇                     gner ┇ Evaluating:  46%|█████████▏          |  641/1400 [0:01:08<0:02:20, 5.39Hz]
[02.28 23:18:29] ┇ INFO    ┇                     gner ┇ Evaluating:  47%|█████████▎          |  653/1400 [0:01:11<0:02:19, 5.36Hz]
[02.28 23:18:31] ┇ INFO    ┇                     gner ┇ Evaluating:  48%|█████████▌          |  666/1400 [0:01:13<0:02:15, 5.40Hz]
[02.28 23:18:33] ┇ INFO    ┇                     gner ┇ Evaluating:  48%|█████████▋          |  676/1400 [0:01:15<0:02:12, 5.46Hz]
[02.28 23:18:35] ┇ INFO    ┇                     gner ┇ Evaluating:  49%|█████████▊          |  687/1400 [0:01:17<0:02:09, 5.49Hz]
[02.28 23:18:37] ┇ INFO    ┇                     gner ┇ Evaluating:  50%|█████████▉          |  698/1400 [0:01:19<0:02:08, 5.45Hz]
[02.28 23:18:39] ┇ INFO    ┇                     gner ┇ Evaluating:  51%|██████████▏         |  710/1400 [0:01:21<0:02:08, 5.38Hz]
[02.28 23:18:41] ┇ INFO    ┇                     gner ┇ Evaluating:  52%|██████████▎         |  723/1400 [0:01:23<0:02:01, 5.55Hz]
[02.28 23:18:43] ┇ INFO    ┇                     gner ┇ Evaluating:  52%|██████████▍         |  732/1400 [0:01:25<0:02:05, 5.31Hz]
[02.28 23:18:45] ┇ INFO    ┇                     gner ┇ Evaluating:  53%|██████████▌         |  741/1400 [0:01:27<0:02:07, 5.19Hz]
[02.28 23:18:47] ┇ INFO    ┇                     gner ┇ Evaluating:  54%|██████████▋         |  751/1400 [0:01:29<0:02:06, 5.15Hz]
[02.28 23:18:50] ┇ INFO    ┇                     gner ┇ Evaluating:  54%|██████████▊         |  761/1400 [0:01:32<0:02:07, 5.00Hz]
[02.28 23:18:52] ┇ INFO    ┇                     gner ┇ Evaluating:  55%|███████████         |  773/1400 [0:01:34<0:02:05, 4.99Hz]
[02.28 23:18:54] ┇ INFO    ┇                     gner ┇ Evaluating:  56%|███████████▏        |  786/1400 [0:01:36<0:02:03, 4.96Hz]
[02.28 23:18:56] ┇ INFO    ┇                     gner ┇ Evaluating:  57%|███████████▎        |  796/1400 [0:01:38<0:01:58, 5.11Hz]
[02.28 23:18:58] ┇ INFO    ┇                     gner ┇ Evaluating:  57%|███████████▌        |  805/1400 [0:01:40<0:01:58, 5.04Hz]
[02.28 23:19:00] ┇ INFO    ┇                     gner ┇ Evaluating:  58%|███████████▋        |  814/1400 [0:01:42<0:01:59, 4.91Hz]
[02.28 23:19:03] ┇ INFO    ┇                     gner ┇ Evaluating:  59%|███████████▋        |  822/1400 [0:01:44<0:02:02, 4.70Hz]
[02.28 23:19:05] ┇ INFO    ┇                     gner ┇ Evaluating:  59%|███████████▉        |  832/1400 [0:01:47<0:02:02, 4.63Hz]
[02.28 23:19:07] ┇ INFO    ┇                     gner ┇ Evaluating:  60%|████████████        |  841/1400 [0:01:49<0:02:06, 4.43Hz]
[02.28 23:19:09] ┇ INFO    ┇                     gner ┇ Evaluating:  61%|████████████▏       |  851/1400 [0:01:51<0:02:07, 4.30Hz]
[02.28 23:19:11] ┇ INFO    ┇                     gner ┇ Evaluating:  62%|████████████▎       |  861/1400 [0:01:53<0:02:05, 4.31Hz]
[02.28 23:19:13] ┇ INFO    ┇                     gner ┇ Evaluating:  62%|████████████▍       |  870/1400 [0:01:55<0:02:01, 4.35Hz]
[02.28 23:19:15] ┇ INFO    ┇                     gner ┇ Evaluating:  63%|████████████▌       |  881/1400 [0:01:57<0:01:55, 4.50Hz]
[02.28 23:19:17] ┇ INFO    ┇                     gner ┇ Evaluating:  64%|████████████▋       |  890/1400 [0:01:59<0:01:51, 4.56Hz]
[02.28 23:19:20] ┇ INFO    ┇                     gner ┇ Evaluating:  64%|████████████▊       |  898/1400 [0:02:01<0:01:52, 4.47Hz]
[02.28 23:19:22] ┇ INFO    ┇                     gner ┇ Evaluating:  65%|████████████▉       |  908/1400 [0:02:04<0:01:49, 4.51Hz]
[02.28 23:19:24] ┇ INFO    ┇                     gner ┇ Evaluating:  66%|█████████████       |  918/1400 [0:02:06<0:01:47, 4.48Hz]
[02.28 23:19:26] ┇ INFO    ┇                     gner ┇ Evaluating:  66%|█████████████▏      |  927/1400 [0:02:08<0:01:45, 4.49Hz]
[02.28 23:19:28] ┇ INFO    ┇                     gner ┇ Evaluating:  67%|█████████████▍      |  938/1400 [0:02:10<0:01:41, 4.55Hz]
[02.28 23:19:30] ┇ INFO    ┇                     gner ┇ Evaluating:  68%|█████████████▌      |  947/1400 [0:02:12<0:01:42, 4.41Hz]
[02.28 23:19:32] ┇ INFO    ┇                     gner ┇ Evaluating:  68%|█████████████▋      |  956/1400 [0:02:14<0:01:37, 4.54Hz]
[02.28 23:19:34] ┇ INFO    ┇                     gner ┇ Evaluating:  69%|█████████████▊      |  966/1400 [0:02:16<0:01:33, 4.65Hz]
[02.28 23:19:36] ┇ INFO    ┇                     gner ┇ Evaluating:  70%|█████████████▉      |  976/1400 [0:02:18<0:01:31, 4.63Hz]
[02.28 23:19:38] ┇ INFO    ┇                     gner ┇ Evaluating:  70%|██████████████      |  986/1400 [0:02:20<0:01:27, 4.71Hz]
[02.28 23:19:41] ┇ INFO    ┇                     gner ┇ Evaluating:  71%|██████████████▎     |  998/1400 [0:02:22<0:01:23, 4.80Hz]
[02.28 23:19:43] ┇ INFO    ┇                     gner ┇ Evaluating:  72%|██████████████▍     | 1007/1400 [0:02:25<0:01:21, 4.81Hz]
[02.28 23:19:45] ┇ INFO    ┇                     gner ┇ Evaluating:  73%|██████████████▌     | 1016/1400 [0:02:27<0:01:19, 4.81Hz]
[02.28 23:19:47] ┇ INFO    ┇                     gner ┇ Evaluating:  73%|██████████████▋     | 1025/1400 [0:02:29<0:01:19, 4.74Hz]
[02.28 23:19:49] ┇ INFO    ┇                     gner ┇ Evaluating:  74%|██████████████▊     | 1035/1400 [0:02:31<0:01:20, 4.55Hz]
[02.28 23:19:51] ┇ INFO    ┇                     gner ┇ Evaluating:  74%|██████████████▉     | 1043/1400 [0:02:33<0:01:19, 4.47Hz]
[02.28 23:19:53] ┇ INFO    ┇                     gner ┇ Evaluating:  75%|███████████████     | 1052/1400 [0:02:35<0:01:19, 4.39Hz]
[02.28 23:19:56] ┇ INFO    ┇                     gner ┇ Evaluating:  76%|███████████████▏    | 1061/1400 [0:02:38<0:01:22, 4.10Hz]
[02.28 23:19:58] ┇ INFO    ┇                     gner ┇ Evaluating:  76%|███████████████▎    | 1069/1400 [0:02:40<0:01:22, 4.03Hz]
[02.28 23:20:00] ┇ INFO    ┇                     gner ┇ Evaluating:  77%|███████████████▍    | 1078/1400 [0:02:42<0:01:19, 4.05Hz]
[02.28 23:20:02] ┇ INFO    ┇                     gner ┇ Evaluating:  78%|███████████████▌    | 1086/1400 [0:02:44<0:01:18, 3.99Hz]
[02.28 23:20:04] ┇ INFO    ┇                     gner ┇ Evaluating:  78%|███████████████▋    | 1096/1400 [0:02:46<0:01:15, 4.01Hz]
[02.28 23:20:06] ┇ INFO    ┇                     gner ┇ Evaluating:  79%|███████████████▊    | 1105/1400 [0:02:48<0:01:13, 4.04Hz]
[02.28 23:20:08] ┇ INFO    ┇                     gner ┇ Evaluating:  80%|███████████████▉    | 1113/1400 [0:02:50<0:01:09, 4.11Hz]
[02.28 23:20:11] ┇ INFO    ┇                     gner ┇ Evaluating:  80%|████████████████    | 1122/1400 [0:02:52<0:01:08, 4.08Hz]
[02.28 23:20:13] ┇ INFO    ┇                     gner ┇ Evaluating:  81%|████████████████▏   | 1131/1400 [0:02:55<0:01:03, 4.20Hz]
[02.28 23:20:15] ┇ INFO    ┇                     gner ┇ Evaluating:  81%|████████████████▎   | 1139/1400 [0:02:57<0:01:02, 4.18Hz]
[02.28 23:20:17] ┇ INFO    ┇                     gner ┇ Evaluating:  82%|████████████████▍   | 1148/1400 [0:02:59<0:00:59, 4.25Hz]
[02.28 23:20:19] ┇ INFO    ┇                     gner ┇ Evaluating:  83%|████████████████▌   | 1156/1400 [0:03:01<0:00:59, 4.08Hz]
[02.28 23:20:21] ┇ INFO    ┇                     gner ┇ Evaluating:  83%|████████████████▋   | 1165/1400 [0:03:03<0:00:57, 4.09Hz]
[02.28 23:20:23] ┇ INFO    ┇                     gner ┇ Evaluating:  84%|████████████████▊   | 1174/1400 [0:03:05<0:00:54, 4.12Hz]
[02.28 23:20:25] ┇ INFO    ┇                     gner ┇ Evaluating:  84%|████████████████▉   | 1183/1400 [0:03:07<0:00:52, 4.14Hz]
[02.28 23:20:27] ┇ INFO    ┇                     gner ┇ Evaluating:  85%|█████████████████   | 1191/1400 [0:03:09<0:00:51, 4.06Hz]
[02.28 23:20:30] ┇ INFO    ┇                     gner ┇ Evaluating:  86%|█████████████████▏  | 1199/1400 [0:03:12<0:00:49, 4.07Hz]
[02.28 23:20:32] ┇ INFO    ┇                     gner ┇ Evaluating:  86%|█████████████████▏  | 1207/1400 [0:03:14<0:00:48, 3.98Hz]
[02.28 23:20:34] ┇ INFO    ┇                     gner ┇ Evaluating:  87%|█████████████████▍  | 1218/1400 [0:03:16<0:00:43, 4.20Hz]
[02.28 23:20:36] ┇ INFO    ┇                     gner ┇ Evaluating:  88%|█████████████████▌  | 1230/1400 [0:03:18<0:00:38, 4.37Hz]
[02.28 23:20:38] ┇ INFO    ┇                     gner ┇ Evaluating:  89%|█████████████████▋  | 1242/1400 [0:03:20<0:00:35, 4.51Hz]
[02.28 23:20:40] ┇ INFO    ┇                     gner ┇ Evaluating:  90%|█████████████████▉  | 1253/1400 [0:03:22<0:00:30, 4.81Hz]
[02.28 23:20:42] ┇ INFO    ┇                     gner ┇ Evaluating:  90%|██████████████████  | 1263/1400 [0:03:24<0:00:27, 4.99Hz]
[02.28 23:20:45] ┇ INFO    ┇                     gner ┇ Evaluating:  91%|██████████████████▏ | 1274/1400 [0:03:26<0:00:24, 5.25Hz]
[02.28 23:20:47] ┇ INFO    ┇                     gner ┇ Evaluating:  92%|██████████████████▎ | 1283/1400 [0:03:29<0:00:23, 5.05Hz]
[02.28 23:20:49] ┇ INFO    ┇                     gner ┇ Evaluating:  92%|██████████████████▍ | 1292/1400 [0:03:31<0:00:22, 4.86Hz]
[02.28 23:20:51] ┇ INFO    ┇                     gner ┇ Evaluating:  93%|██████████████████▌ | 1303/1400 [0:03:33<0:00:20, 4.83Hz]
[02.28 23:20:53] ┇ INFO    ┇                     gner ┇ Evaluating:  94%|██████████████████▊ | 1315/1400 [0:03:35<0:00:16, 5.01Hz]
[02.28 23:20:55] ┇ INFO    ┇                     gner ┇ Evaluating:  95%|██████████████████▉ | 1326/1400 [0:03:37<0:00:14, 5.00Hz]
[02.28 23:20:57] ┇ INFO    ┇                     gner ┇ Evaluating:  95%|███████████████████ | 1336/1400 [0:03:39<0:00:13, 4.89Hz]
[02.28 23:20:59] ┇ INFO    ┇                     gner ┇ Evaluating:  96%|███████████████████▏| 1347/1400 [0:03:41<0:00:10, 5.07Hz]
[02.28 23:21:01] ┇ INFO    ┇                     gner ┇ Evaluating:  97%|███████████████████▍| 1357/1400 [0:03:43<0:00:08, 5.09Hz]
[02.28 23:21:04] ┇ INFO    ┇                     gner ┇ Evaluating:  98%|███████████████████▌| 1368/1400 [0:03:46<0:00:06, 5.12Hz]
[02.28 23:21:06] ┇ INFO    ┇                     gner ┇ Evaluating:  98%|███████████████████▋| 1379/1400 [0:03:48<0:00:04, 4.93Hz]
[02.28 23:21:08] ┇ INFO    ┇                     gner ┇ Evaluating:  99%|███████████████████▊| 1391/1400 [0:03:50<0:00:01, 5.04Hz]
[02.28 23:21:09] ┇ INFO    ┇                     gner ┇ Evaluating: 100%|████████████████████| 1400/1400 [0:03:51<0:00:00, 5.16Hz]
[02.28 23:21:09] ┇ INFO    ┇                     gner ┇ = Candidate 1: F1=0.6373, Prec=0.6368, Rec=0.6379, #correct=3846, #pos_gold=6029, #pos_pred=6040
[02.28 23:21:09] ┇ INFO    ┇                     gner ┇ = Candidate 2: F1=0.6977, Prec=0.7030, Rec=0.6925, #correct=4175, #pos_gold=6029, #pos_pred=5939
[02.28 23:21:09] ┇ INFO    ┇                     gner ┇ = Candidate 3: F1=0.7326, Prec=0.7430, Rec=0.7225, #correct=4356, #pos_gold=6029, #pos_pred=5863
[02.28 23:21:09] ┇ INFO    ┇                     gner ┇ = Candidate 4: F1=0.7555, Prec=0.7667, Rec=0.7446, #correct=4489, #pos_gold=6029, #pos_pred=5855
[02.28 23:21:09] ┇ INFO    ┇                     gner ┇ = Candidate 5: F1=0.7713, Prec=0.7834, Rec=0.7595, #correct=4579, #pos_gold=6029, #pos_pred=5845
[02.28 23:21:09] ┇ INFO    ┇                     gner ┇ = Candidate 6: F1=0.7825, Prec=0.7967, Rec=0.7688, #correct=4635, #pos_gold=6029, #pos_pred=5818
[02.28 23:21:09] ┇ INFO    ┇                     gner ┇ = Candidate 7: F1=0.7932, Prec=0.8086, Rec=0.7784, #correct=4693, #pos_gold=6029, #pos_pred=5804
[02.28 23:21:09] ┇ INFO    ┇                     gner ┇ = Candidate 8: F1=0.8017, Prec=0.8181, Rec=0.7860, #correct=4739, #pos_gold=6029, #pos_pred=5793
[02.28 23:21:09] ┇ INFO    ┇                     gner ┇ = Candidate 9: F1=0.8073, Prec=0.8230, Rec=0.7922, #correct=4776, #pos_gold=6029, #pos_pred=5803
[02.28 23:21:09] ┇ INFO    ┇                     gner ┇ = Candidate 10: F1=0.8135, Prec=0.8307, Rec=0.7970, #correct=4805, #pos_gold=6029, #pos_pred=5784
[02.28 23:21:09] ┇ INFO    ┇                     gner ┇ = Candidate 11: F1=0.8177, Prec=0.8348, Rec=0.8013, #correct=4831, #pos_gold=6029, #pos_pred=5787
[02.28 23:21:09] ┇ INFO    ┇                     gner ┇ = Candidate 12: F1=0.8226, Prec=0.8399, Rec=0.8059, #correct=4859, #pos_gold=6029, #pos_pred=5785
[02.28 23:21:09] ┇ INFO    ┇                     gner ┇ = Candidate 13: F1=0.8278, Prec=0.8457, Rec=0.8107, #correct=4888, #pos_gold=6029, #pos_pred=5780
[02.28 23:21:09] ┇ INFO    ┇                     gner ┇ = Candidate 14: F1=0.8308, Prec=0.8488, Rec=0.8136, #correct=4905, #pos_gold=6029, #pos_pred=5779
[02.28 23:21:09] ┇ INFO    ┇                     gner ┇ = Candidate 15: F1=0.8347, Prec=0.8530, Rec=0.8172, #correct=4927, #pos_gold=6029, #pos_pred=5776
[02.28 23:21:09] ┇ INFO    ┇                     gner ┇ = Candidate 16: F1=0.8385, Prec=0.8565, Rec=0.8214, #correct=4952, #pos_gold=6029, #pos_pred=5782
[02.28 23:21:09] ┇ INFO    ┇                     gner ┇ = Candidate 17: F1=0.8420, Prec=0.8591, Rec=0.8255, #correct=4977, #pos_gold=6029, #pos_pred=5793
[02.28 23:21:09] ┇ INFO    ┇                     gner ┇ = Candidate 18: F1=0.8446, Prec=0.8618, Rec=0.8282, #correct=4993, #pos_gold=6029, #pos_pred=5794
[02.28 23:21:09] ┇ INFO    ┇                     gner ┇ = Candidate 19: F1=0.8476, Prec=0.8648, Rec=0.8310, #correct=5010, #pos_gold=6029, #pos_pred=5793
[02.28 23:21:09] ┇ INFO    ┇                     gner ┇ = Candidate 20: F1=0.8489, Prec=0.8665, Rec=0.8320, #correct=5016, #pos_gold=6029, #pos_pred=5789
[02.28 23:21:09] ┇ INFO    ┇                     gner ┇ = Candidate 21: F1=0.8506, Prec=0.8693, Rec=0.8326, #correct=5020, #pos_gold=6029, #pos_pred=5775
[02.28 23:21:09] ┇ INFO    ┇                     gner ┇ = Candidate 22: F1=0.8528, Prec=0.8722, Rec=0.8343, #correct=5030, #pos_gold=6029, #pos_pred=5767
[02.28 23:21:09] ┇ INFO    ┇                     gner ┇ = Candidate 23: F1=0.8545, Prec=0.8738, Rec=0.8360, #correct=5040, #pos_gold=6029, #pos_pred=5768
[02.28 23:21:09] ┇ INFO    ┇                     gner ┇ = Candidate 24: F1=0.8563, Prec=0.8757, Rec=0.8378, #correct=5051, #pos_gold=6029, #pos_pred=5768
[02.28 23:21:09] ┇ INFO    ┇                     gner ┇ = Candidate 25: F1=0.8573, Prec=0.8770, Rec=0.8384, #correct=5055, #pos_gold=6029, #pos_pred=5764
[02.28 23:21:09] ┇ INFO    ┇                     gner ┇ = Candidate 26: F1=0.8591, Prec=0.8783, Rec=0.8406, #correct=5068, #pos_gold=6029, #pos_pred=5770
[02.28 23:21:09] ┇ INFO    ┇                     gner ┇ = Candidate 27: F1=0.8612, Prec=0.8810, Rec=0.8423, #correct=5078, #pos_gold=6029, #pos_pred=5764
[02.28 23:21:09] ┇ INFO    ┇                     gner ┇ = Candidate 28: F1=0.8622, Prec=0.8819, Rec=0.8434, #correct=5085, #pos_gold=6029, #pos_pred=5766
[02.28 23:21:09] ┇ INFO    ┇                     gner ┇ = Candidate 29: F1=0.8647, Prec=0.8837, Rec=0.8466, #correct=5104, #pos_gold=6029, #pos_pred=5776
[02.28 23:21:09] ┇ INFO    ┇                     gner ┇ = Candidate 30: F1=0.8662, Prec=0.8849, Rec=0.8482, #correct=5114, #pos_gold=6029, #pos_pred=5779
[02.28 23:21:09] ┇ INFO    ┇                     gner ┇ = Candidate 31: F1=0.8670, Prec=0.8855, Rec=0.8492, #correct=5120, #pos_gold=6029, #pos_pred=5782
[02.28 23:21:09] ┇ INFO    ┇                     gner ┇ = Candidate 32: F1=0.8683, Prec=0.8870, Rec=0.8504, #correct=5127, #pos_gold=6029, #pos_pred=5780
[02.28 23:21:09] ┇ INFO    ┇                     gner ┇ = Candidate 33: F1=0.8703, Prec=0.8891, Rec=0.8522, #correct=5138, #pos_gold=6029, #pos_pred=5779
[02.28 23:21:09] ┇ INFO    ┇                     gner ┇ = Candidate 34: F1=0.8711, Prec=0.8895, Rec=0.8534, #correct=5145, #pos_gold=6029, #pos_pred=5784
[02.28 23:21:09] ┇ INFO    ┇                     gner ┇ = Candidate 35: F1=0.8719, Prec=0.8901, Rec=0.8544, #correct=5151, #pos_gold=6029, #pos_pred=5787
[02.28 23:21:09] ┇ INFO    ┇                     gner ┇ = Candidate 36: F1=0.8734, Prec=0.8911, Rec=0.8564, #correct=5163, #pos_gold=6029, #pos_pred=5794
[02.28 23:21:09] ┇ INFO    ┇                     gner ┇ = Candidate 37: F1=0.8741, Prec=0.8921, Rec=0.8569, #correct=5166, #pos_gold=6029, #pos_pred=5791
[02.28 23:21:09] ┇ INFO    ┇                     gner ┇ = Candidate 38: F1=0.8749, Prec=0.8929, Rec=0.8575, #correct=5170, #pos_gold=6029, #pos_pred=5790
[02.28 23:21:09] ┇ INFO    ┇                     gner ┇ = Candidate 39: F1=0.8753, Prec=0.8929, Rec=0.8584, #correct=5175, #pos_gold=6029, #pos_pred=5796
[02.28 23:21:09] ┇ INFO    ┇                     gner ┇ = Candidate 40: F1=0.8763, Prec=0.8940, Rec=0.8592, #correct=5180, #pos_gold=6029, #pos_pred=5794
[02.28 23:21:09] ┇ INFO    ┇                     gner ┇ = Candidate 41: F1=0.8772, Prec=0.8948, Rec=0.8603, #correct=5187, #pos_gold=6029, #pos_pred=5797
[02.28 23:21:09] ┇ INFO    ┇                     gner ┇ = Candidate 42: F1=0.8779, Prec=0.8956, Rec=0.8608, #correct=5190, #pos_gold=6029, #pos_pred=5795
[02.28 23:21:09] ┇ INFO    ┇                     gner ┇ = Candidate 43: F1=0.8784, Prec=0.8960, Rec=0.8615, #correct=5194, #pos_gold=6029, #pos_pred=5797
[02.28 23:21:09] ┇ INFO    ┇                     gner ┇ = Candidate 44: F1=0.8792, Prec=0.8966, Rec=0.8625, #correct=5200, #pos_gold=6029, #pos_pred=5800
[02.28 23:21:09] ┇ INFO    ┇                     gner ┇ = Candidate 45: F1=0.8806, Prec=0.8981, Rec=0.8638, #correct=5208, #pos_gold=6029, #pos_pred=5799
[02.28 23:21:09] ┇ INFO    ┇                     gner ┇ = Candidate 46: F1=0.8811, Prec=0.8980, Rec=0.8648, #correct=5214, #pos_gold=6029, #pos_pred=5806
[02.28 23:21:09] ┇ INFO    ┇                     gner ┇ = Candidate 47: F1=0.8826, Prec=0.8996, Rec=0.8663, #correct=5223, #pos_gold=6029, #pos_pred=5806
[02.28 23:21:09] ┇ INFO    ┇                     gner ┇ = Candidate 48: F1=0.8834, Prec=0.9004, Rec=0.8670, #correct=5227, #pos_gold=6029, #pos_pred=5805
[02.28 23:21:09] ┇ INFO    ┇                     gner ┇ = Candidate 49: F1=0.8837, Prec=0.9008, Rec=0.8673, #correct=5229, #pos_gold=6029, #pos_pred=5805
[02.28 23:21:09] ┇ INFO    ┇                     gner ┇ = Candidate 50: F1=0.8843, Prec=0.9012, Rec=0.8681, #correct=5234, #pos_gold=6029, #pos_pred=5808
[02.28 23:21:09] ┇ INFO    ┇                     gner ┇ = Candidate 51: F1=0.8856, Prec=0.9021, Rec=0.8696, #correct=5243, #pos_gold=6029, #pos_pred=5812
[02.28 23:21:09] ┇ INFO    ┇                     gner ┇ = Candidate 52: F1=0.8867, Prec=0.9034, Rec=0.8706, #correct=5249, #pos_gold=6029, #pos_pred=5810
[02.28 23:21:09] ┇ INFO    ┇                     gner ┇ = Candidate 53: F1=0.8876, Prec=0.9042, Rec=0.8716, #correct=5255, #pos_gold=6029, #pos_pred=5812
[02.28 23:21:09] ┇ INFO    ┇                     gner ┇ = Candidate 54: F1=0.8882, Prec=0.9051, Rec=0.8720, #correct=5257, #pos_gold=6029, #pos_pred=5808
[02.28 23:21:09] ┇ INFO    ┇                     gner ┇ = Candidate 55: F1=0.8889, Prec=0.9061, Rec=0.8723, #correct=5259, #pos_gold=6029, #pos_pred=5804
[02.28 23:21:09] ┇ INFO    ┇                     gner ┇ = Candidate 56: F1=0.8899, Prec=0.9071, Rec=0.8733, #correct=5265, #pos_gold=6029, #pos_pred=5804
[02.28 23:21:09] ┇ INFO    ┇                     gner ┇ = Candidate 57: F1=0.8905, Prec=0.9078, Rec=0.8738, #correct=5268, #pos_gold=6029, #pos_pred=5803
[02.28 23:21:09] ┇ INFO    ┇                     gner ┇ = Candidate 58: F1=0.8912, Prec=0.9082, Rec=0.8748, #correct=5274, #pos_gold=6029, #pos_pred=5807
[02.28 23:21:09] ┇ INFO    ┇                     gner ┇ = Candidate 59: F1=0.8915, Prec=0.9087, Rec=0.8749, #correct=5275, #pos_gold=6029, #pos_pred=5805
[02.28 23:21:09] ┇ INFO    ┇                     gner ┇ = Candidate 60: F1=0.8922, Prec=0.9095, Rec=0.8754, #correct=5278, #pos_gold=6029, #pos_pred=5803
[02.28 23:21:09] ┇ INFO    ┇                     gner ┇ = Candidate 61: F1=0.8928, Prec=0.9105, Rec=0.8758, #correct=5280, #pos_gold=6029, #pos_pred=5799
[02.28 23:21:09] ┇ INFO    ┇                     gner ┇ = Candidate 62: F1=0.8931, Prec=0.9107, Rec=0.8761, #correct=5282, #pos_gold=6029, #pos_pred=5800
[02.28 23:21:09] ┇ INFO    ┇                     gner ┇ = Candidate 63: F1=0.8936, Prec=0.9114, Rec=0.8766, #correct=5285, #pos_gold=6029, #pos_pred=5799
[02.28 23:21:09] ┇ INFO    ┇                     gner ┇ = Candidate 64: F1=0.8940, Prec=0.9120, Rec=0.8768, #correct=5286, #pos_gold=6029, #pos_pred=5796
[02.28 23:21:09] ┇ INFO    ┇                     gner ┇ = Candidate 65: F1=0.8947, Prec=0.9127, Rec=0.8774, #correct=5290, #pos_gold=6029, #pos_pred=5796
[02.28 23:21:09] ┇ INFO    ┇                     gner ┇ = Candidate 66: F1=0.8952, Prec=0.9134, Rec=0.8778, #correct=5292, #pos_gold=6029, #pos_pred=5794
[02.28 23:21:09] ┇ INFO    ┇                     gner ┇ = Candidate 67: F1=0.8956, Prec=0.9140, Rec=0.8779, #correct=5293, #pos_gold=6029, #pos_pred=5791
[02.28 23:21:09] ┇ INFO    ┇                     gner ┇ = Candidate 68: F1=0.8960, Prec=0.9145, Rec=0.8783, #correct=5295, #pos_gold=6029, #pos_pred=5790
[02.28 23:21:09] ┇ INFO    ┇                     gner ┇ = Candidate 69: F1=0.8963, Prec=0.9150, Rec=0.8784, #correct=5296, #pos_gold=6029, #pos_pred=5788
[02.28 23:21:09] ┇ INFO    ┇                     gner ┇ = Candidate 70: F1=0.8967, Prec=0.9156, Rec=0.8786, #correct=5297, #pos_gold=6029, #pos_pred=5785
[02.28 23:21:09] ┇ INFO    ┇                     gner ┇ = Candidate 71: F1=0.8970, Prec=0.9157, Rec=0.8791, #correct=5300, #pos_gold=6029, #pos_pred=5788
[02.28 23:21:09] ┇ INFO    ┇                     gner ┇ = Candidate 72: F1=0.8974, Prec=0.9160, Rec=0.8796, #correct=5303, #pos_gold=6029, #pos_pred=5789
[02.28 23:21:09] ┇ INFO    ┇                     gner ┇ = Candidate 73: F1=0.8978, Prec=0.9165, Rec=0.8797, #correct=5304, #pos_gold=6029, #pos_pred=5787
[02.28 23:21:09] ┇ INFO    ┇                     gner ┇ = Candidate 74: F1=0.8980, Prec=0.9166, Rec=0.8801, #correct=5306, #pos_gold=6029, #pos_pred=5789
[02.28 23:21:09] ┇ INFO    ┇                     gner ┇ = Candidate 75: F1=0.8983, Prec=0.9168, Rec=0.8806, #correct=5309, #pos_gold=6029, #pos_pred=5791
[02.28 23:21:09] ┇ INFO    ┇                     gner ┇ = Candidate 76: F1=0.8987, Prec=0.9174, Rec=0.8807, #correct=5310, #pos_gold=6029, #pos_pred=5788
[02.28 23:21:09] ┇ INFO    ┇                     gner ┇ = Candidate 77: F1=0.8991, Prec=0.9173, Rec=0.8816, #correct=5315, #pos_gold=6029, #pos_pred=5794
[02.28 23:21:09] ┇ INFO    ┇                     gner ┇ = Candidate 78: F1=0.8993, Prec=0.9178, Rec=0.8816, #correct=5315, #pos_gold=6029, #pos_pred=5791
[02.28 23:21:09] ┇ INFO    ┇                     gner ┇ = Candidate 79: F1=0.9005, Prec=0.9196, Rec=0.8822, #correct=5319, #pos_gold=6029, #pos_pred=5784
[02.28 23:21:09] ┇ INFO    ┇                     gner ┇ = Candidate 80: F1=0.9009, Prec=0.9200, Rec=0.8826, #correct=5321, #pos_gold=6029, #pos_pred=5784
[02.28 23:21:09] ┇ INFO    ┇                     gner ┇ = Candidate 81: F1=0.9011, Prec=0.9201, Rec=0.8829, #correct=5323, #pos_gold=6029, #pos_pred=5785
[02.28 23:21:09] ┇ INFO    ┇                     gner ┇ = Candidate 82: F1=0.9013, Prec=0.9203, Rec=0.8831, #correct=5324, #pos_gold=6029, #pos_pred=5785
[02.28 23:21:09] ┇ INFO    ┇                     gner ┇ = Candidate 83: F1=0.9019, Prec=0.9210, Rec=0.8836, #correct=5327, #pos_gold=6029, #pos_pred=5784
[02.28 23:21:09] ┇ INFO    ┇                     gner ┇ = Candidate 84: F1=0.9021, Prec=0.9210, Rec=0.8839, #correct=5329, #pos_gold=6029, #pos_pred=5786
[02.28 23:21:09] ┇ INFO    ┇                     gner ┇ = Candidate 85: F1=0.9027, Prec=0.9219, Rec=0.8844, #correct=5332, #pos_gold=6029, #pos_pred=5784
[02.28 23:21:09] ┇ INFO    ┇                     gner ┇ = Candidate 86: F1=0.9031, Prec=0.9223, Rec=0.8846, #correct=5333, #pos_gold=6029, #pos_pred=5782
[02.28 23:21:09] ┇ INFO    ┇                     gner ┇ = Candidate 87: F1=0.9033, Prec=0.9227, Rec=0.8847, #correct=5334, #pos_gold=6029, #pos_pred=5781
[02.28 23:21:09] ┇ INFO    ┇                     gner ┇ = Candidate 88: F1=0.9037, Prec=0.9226, Rec=0.8856, #correct=5339, #pos_gold=6029, #pos_pred=5787
[02.28 23:21:09] ┇ INFO    ┇                     gner ┇ = Candidate 89: F1=0.9038, Prec=0.9229, Rec=0.8856, #correct=5339, #pos_gold=6029, #pos_pred=5785
[02.28 23:21:09] ┇ INFO    ┇                     gner ┇ = Candidate 90: F1=0.9041, Prec=0.9232, Rec=0.8857, #correct=5340, #pos_gold=6029, #pos_pred=5784
[02.28 23:21:09] ┇ INFO    ┇                     gner ┇ = Candidate 91: F1=0.9041, Prec=0.9231, Rec=0.8859, #correct=5341, #pos_gold=6029, #pos_pred=5786
[02.28 23:21:09] ┇ INFO    ┇                     gner ┇ = Candidate 92: F1=0.9044, Prec=0.9236, Rec=0.8861, #correct=5342, #pos_gold=6029, #pos_pred=5784
[02.28 23:21:09] ┇ INFO    ┇                     gner ┇ = Candidate 93: F1=0.9045, Prec=0.9237, Rec=0.8861, #correct=5342, #pos_gold=6029, #pos_pred=5783
[02.28 23:21:09] ┇ INFO    ┇                     gner ┇ = Candidate 94: F1=0.9057, Prec=0.9248, Rec=0.8874, #correct=5350, #pos_gold=6029, #pos_pred=5785
[02.28 23:21:09] ┇ INFO    ┇                     gner ┇ = Candidate 95: F1=0.9059, Prec=0.9251, Rec=0.8874, #correct=5350, #pos_gold=6029, #pos_pred=5783
[02.28 23:21:09] ┇ INFO    ┇                     gner ┇ = Candidate 96: F1=0.9062, Prec=0.9258, Rec=0.8874, #correct=5350, #pos_gold=6029, #pos_pred=5779
[02.28 23:21:09] ┇ INFO    ┇                     gner ┇ = Candidate 97: F1=0.9063, Prec=0.9259, Rec=0.8875, #correct=5351, #pos_gold=6029, #pos_pred=5779
[02.28 23:21:09] ┇ INFO    ┇                     gner ┇ = Candidate 98: F1=0.9066, Prec=0.9261, Rec=0.8879, #correct=5353, #pos_gold=6029, #pos_pred=5780
[02.28 23:21:09] ┇ INFO    ┇                     gner ┇ = Candidate 99: F1=0.9069, Prec=0.9268, Rec=0.8879, #correct=5353, #pos_gold=6029, #pos_pred=5776
[02.28 23:21:09] ┇ INFO    ┇                     gner ┇ = Candidate 100: F1=0.9072, Prec=0.9273, Rec=0.8880, #correct=5354, #pos_gold=6029, #pos_pred=5774
[02.28 23:21:10] ┇ INFO    ┇           chrisbase.data ┇ =========================================================================================================================================
[02.28 23:21:10] ┇ INFO    ┇           chrisbase.data ┇ [EXIT] python /raid/chrisjihee/proj/GNER/predict.py evaluate ($=00:03:53.210)
[02.28 23:21:10] ┇ INFO    ┇           chrisbase.data ┇ =========================================================================================================================================
